 AVERAGE PREDICTED LIQUID WATER CONTENT FOR EACH NODE (M3/M3)
  DY HR  YR   0.00  0.01  0.02  0.03  0.04  0.05  0.10  0.20  0.30  0.40  0.50  0.60  0.70  0.80  0.90  1.00  1.10  1.20  1.30  1.40  1.50  1.60  1.70  1.80  1.95  2.05  2.15  2.25  2.35  2.45  2.55  2.65  2.75  2.85  2.95
 306  2 2019 0.330 0.330 0.330 0.330 0.330 0.330 0.330 0.330 0.330 0.330 0.330 0.330 0.330 0.330 0.330 0.330 0.330 0.330 0.350 0.330 0.330 0.330 0.330 0.330 0.330 0.330 0.427 0.427 0.427 0.427 0.427 0.427 0.427 0.427 0.427
 306 12 2019 0.322 0.323 0.323 0.324 0.324 0.324 0.326 0.328 0.329 0.329 0.330 0.330 0.330 0.330 0.331 0.331 0.332 0.333 0.333 0.333 0.332 0.331 0.329 0.326 0.320 0.398 0.411 0.417 0.421 0.424 0.426 0.427 0.428 0.429 0.427
 306 24 2019 0.311 0.312 0.312 0.313 0.314 0.314 0.317 0.321 0.324 0.326 0.328 0.329 0.329 0.330 0.330 0.331 0.331 0.331 0.331 0.331 0.330 0.330 0.329 0.328 0.329 0.415 0.416 0.418 0.420 0.422 0.424 0.426 0.427 0.429 0.427
 307 12 2019 0.310 0.311 0.311 0.312 0.312 0.312 0.314 0.317 0.320 0.322 0.324 0.326 0.327 0.328 0.329 0.329 0.330 0.330 0.330 0.330 0.330 0.331 0.331 0.332 0.333 0.418 0.419 0.420 0.422 0.423 0.425 0.426 0.428 0.429 0.427
 307 24 2019 0.305 0.306 0.306 0.307 0.307 0.308 0.310 0.314 0.317 0.320 0.322 0.324 0.325 0.326 0.327 0.328 0.329 0.329 0.330 0.330 0.331 0.332 0.333 0.334 0.336 0.420 0.421 0.422 0.424 0.425 0.426 0.428 0.429 0.430 0.427
 308 12 2019 0.305 0.305 0.306 0.306 0.306 0.307 0.309 0.312 0.315 0.317 0.319 0.321 0.323 0.324 0.326 0.327 0.328 0.328 0.329 0.330 0.331 0.332 0.334 0.335 0.339 0.421 0.423 0.424 0.425 0.427 0.428 0.429 0.430 0.430 0.427
 308 24 2019 0.300 0.300 0.301 0.301 0.302 0.303 0.305 0.309 0.312 0.315 0.318 0.320 0.321 0.323 0.324 0.325 0.327 0.328 0.329 0.330 0.332 0.333 0.335 0.337 0.341 0.423 0.424 0.426 0.427 0.428 0.429 0.430 0.430 0.430 0.427
 309 12 2019 0.301 0.301 0.301 0.302 0.302 0.302 0.304 0.307 0.310 0.313 0.316 0.318 0.320 0.321 0.323 0.324 0.326 0.327 0.329 0.330 0.332 0.334 0.336 0.339 0.343 0.424 0.426 0.427 0.428 0.429 0.430 0.430 0.430 0.430 0.427
 309 24 2019 0.294 0.295 0.295 0.296 0.297 0.297 0.300 0.305 0.309 0.312 0.314 0.316 0.318 0.320 0.322 0.324 0.325 0.327 0.329 0.331 0.333 0.335 0.338 0.340 0.345 0.425 0.427 0.428 0.429 0.430 0.430 0.430 0.430 0.430 0.427
 310 12 2019 0.295 0.296 0.296 0.297 0.297 0.297 0.299 0.303 0.307 0.310 0.312 0.315 0.317 0.319 0.321 0.323 0.325 0.327 0.329 0.331 0.333 0.336 0.339 0.342 0.347 0.426 0.427 0.429 0.430 0.430 0.430 0.430 0.430 0.430 0.427
 310 24 2019 0.286 0.287 0.288 0.289 0.290 0.291 0.295 0.300 0.305 0.308 0.311 0.313 0.316 0.318 0.320 0.322 0.324 0.327 0.329 0.331 0.334 0.337 0.340 0.343 0.348 0.427 0.428 0.429 0.430 0.430 0.430 0.430 0.430 0.430 0.427
 311 12 2019 0.287 0.288 0.288 0.289 0.290 0.290 0.293 0.298 0.302 0.306 0.309 0.312 0.315 0.317 0.319 0.322 0.324 0.327 0.329 0.332 0.335 0.338 0.341 0.344 0.349 0.427 0.428 0.429 0.430 0.430 0.430 0.430 0.430 0.430 0.427
 311 24 2019 0.275 0.277 0.278 0.279 0.281 0.282 0.287 0.295 0.300 0.304 0.308 0.311 0.314 0.316 0.319 0.321 0.324 0.327 0.329 0.332 0.335 0.339 0.342 0.345 0.350 0.428 0.429 0.430 0.430 0.430 0.430 0.430 0.430 0.430 0.427
 312 12 2019 0.283 0.283 0.284 0.284 0.285 0.285 0.288 0.293 0.298 0.302 0.306 0.309 0.312 0.315 0.318 0.321 0.324 0.327 0.330 0.333 0.336 0.339 0.343 0.346 0.351 0.428 0.429 0.430 0.430 0.430 0.430 0.430 0.430 0.430 0.427
 312 24 2019 0.280 0.281 0.282 0.282 0.283 0.283 0.287 0.292 0.297 0.301 0.305 0.308 0.311 0.314 0.317 0.320 0.323 0.326 0.330 0.333 0.336 0.340 0.343 0.347 0.352 0.428 0.429 0.430 0.430 0.430 0.430 0.430 0.430 0.430 0.427
 313 12 2019 0.284 0.284 0.285 0.285 0.285 0.286 0.288 0.292 0.296 0.300 0.304 0.307 0.311 0.314 0.317 0.320 0.323 0.326 0.330 0.333 0.337 0.340 0.344 0.347 0.352 0.428 0.429 0.430 0.430 0.430 0.430 0.430 0.430 0.430 0.427
 313 24 2019 0.281 0.282 0.282 0.283 0.283 0.284 0.286 0.291 0.295 0.299 0.303 0.307 0.310 0.313 0.316 0.320 0.323 0.326 0.330 0.333 0.337 0.340 0.344 0.347 0.352 0.428 0.429 0.430 0.430 0.430 0.430 0.430 0.430 0.430 0.427
 314 12 2019 0.283 0.283 0.284 0.284 0.285 0.285 0.287 0.291 0.295 0.299 0.302 0.306 0.309 0.313 0.316 0.319 0.323 0.326 0.330 0.333 0.337 0.340 0.344 0.348 0.352 0.428 0.429 0.430 0.430 0.430 0.430 0.430 0.430 0.430 0.427
 314 24 2019 0.280 0.280 0.281 0.281 0.282 0.283 0.285 0.290 0.294 0.298 0.302 0.305 0.309 0.312 0.316 0.319 0.323 0.326 0.330 0.333 0.337 0.341 0.344 0.348 0.353 0.429 0.429 0.430 0.430 0.430 0.430 0.430 0.430 0.430 0.427
 315 12 2019 0.282 0.283 0.283 0.283 0.284 0.284 0.286 0.290 0.294 0.298 0.301 0.305 0.309 0.312 0.316 0.319 0.323 0.326 0.330 0.333 0.337 0.341 0.344 0.348 0.353 0.429 0.429 0.430 0.430 0.430 0.430 0.430 0.430 0.430 0.427
 315 24 2019 0.280 0.281 0.281 0.282 0.282 0.283 0.285 0.290 0.294 0.297 0.301 0.305 0.308 0.312 0.315 0.319 0.322 0.326 0.330 0.333 0.337 0.341 0.344 0.348 0.353 0.429 0.429 0.430 0.430 0.430 0.430 0.430 0.430 0.430 0.427
 316 12 2019 0.282 0.282 0.283 0.283 0.284 0.284 0.286 0.289 0.293 0.297 0.301 0.304 0.308 0.312 0.315 0.319 0.322 0.326 0.330 0.333 0.337 0.341 0.344 0.348 0.353 0.429 0.429 0.430 0.430 0.430 0.430 0.430 0.430 0.430 0.427
 316 24 2019 0.280 0.281 0.281 0.282 0.282 0.283 0.285 0.289 0.293 0.297 0.300 0.304 0.308 0.311 0.315 0.319 0.322 0.326 0.330 0.333 0.337 0.341 0.344 0.348 0.353 0.429 0.429 0.430 0.430 0.430 0.430 0.430 0.430 0.430 0.427
 317 12 2019 0.281 0.281 0.282 0.282 0.283 0.283 0.285 0.289 0.293 0.297 0.300 0.304 0.308 0.311 0.315 0.318 0.322 0.326 0.329 0.333 0.337 0.341 0.344 0.348 0.353 0.429 0.429 0.430 0.430 0.430 0.430 0.430 0.430 0.430 0.427
 317 24 2019 0.277 0.278 0.278 0.279 0.279 0.280 0.283 0.288 0.292 0.296 0.300 0.304 0.307 0.311 0.315 0.318 0.322 0.326 0.329 0.333 0.337 0.341 0.344 0.348 0.353 0.429 0.429 0.430 0.430 0.430 0.430 0.430 0.430 0.430 0.427
 318 12 2019 0.279 0.280 0.280 0.280 0.281 0.281 0.283 0.287 0.292 0.296 0.300 0.303 0.307 0.311 0.314 0.318 0.322 0.326 0.329 0.333 0.337 0.341 0.344 0.348 0.353 0.429 0.429 0.430 0.430 0.430 0.430 0.430 0.430 0.430 0.427
 318 24 2019 0.277 0.277 0.278 0.278 0.279 0.280 0.282 0.287 0.291 0.295 0.299 0.303 0.307 0.311 0.314 0.318 0.322 0.325 0.329 0.333 0.337 0.340 0.344 0.348 0.353 0.429 0.429 0.430 0.430 0.430 0.430 0.430 0.430 0.430 0.427
 319 12 2019 0.279 0.279 0.279 0.280 0.280 0.280 0.282 0.287 0.291 0.295 0.299 0.303 0.307 0.310 0.314 0.318 0.322 0.325 0.329 0.333 0.337 0.340 0.344 0.348 0.353 0.428 0.429 0.430 0.430 0.430 0.430 0.430 0.430 0.430 0.427
 319 24 2019 0.277 0.277 0.278 0.278 0.279 0.279 0.282 0.287 0.291 0.295 0.299 0.303 0.306 0.310 0.314 0.318 0.321 0.325 0.329 0.333 0.337 0.340 0.344 0.347 0.352 0.428 0.429 0.430 0.430 0.430 0.430 0.430 0.430 0.430 0.427
 320 12 2019 0.279 0.279 0.280 0.280 0.280 0.281 0.282 0.286 0.290 0.295 0.298 0.302 0.306 0.310 0.314 0.317 0.321 0.325 0.329 0.333 0.336 0.340 0.344 0.347 0.352 0.428 0.429 0.430 0.430 0.430 0.430 0.430 0.430 0.430 0.427
 320 24 2019 0.277 0.278 0.278 0.279 0.279 0.280 0.282 0.286 0.290 0.294 0.298 0.302 0.306 0.310 0.314 0.317 0.321 0.325 0.329 0.332 0.336 0.340 0.344 0.347 0.352 0.428 0.429 0.430 0.430 0.430 0.430 0.430 0.430 0.430 0.427
 321 12 2019 0.276 0.277 0.277 0.278 0.279 0.279 0.282 0.286 0.290 0.294 0.298 0.302 0.306 0.310 0.313 0.317 0.321 0.325 0.329 0.332 0.336 0.340 0.344 0.347 0.352 0.428 0.429 0.430 0.430 0.430 0.430 0.430 0.430 0.430 0.427
 321 24 2019 0.272 0.273 0.273 0.274 0.275 0.276 0.279 0.285 0.290 0.294 0.298 0.302 0.306 0.309 0.313 0.317 0.321 0.325 0.328 0.332 0.336 0.340 0.343 0.347 0.352 0.428 0.429 0.430 0.430 0.430 0.430 0.430 0.430 0.430 0.427
 322 12 2019 0.276 0.276 0.277 0.277 0.277 0.278 0.280 0.284 0.289 0.293 0.297 0.301 0.305 0.309 0.313 0.317 0.321 0.324 0.328 0.332 0.336 0.340 0.343 0.347 0.352 0.428 0.429 0.430 0.430 0.430 0.430 0.430 0.430 0.430 0.427
 322 24 2019 0.278 0.279 0.279 0.279 0.280 0.280 0.281 0.285 0.289 0.293 0.297 0.301 0.305 0.309 0.313 0.317 0.320 0.324 0.328 0.332 0.336 0.340 0.343 0.347 0.352 0.428 0.429 0.430 0.430 0.430 0.430 0.430 0.430 0.430 0.427
 323 12 2019 0.276 0.277 0.277 0.278 0.278 0.279 0.281 0.285 0.289 0.293 0.297 0.301 0.305 0.309 0.313 0.316 0.320 0.324 0.328 0.332 0.336 0.339 0.343 0.347 0.352 0.428 0.429 0.430 0.430 0.430 0.430 0.430 0.430 0.430 0.427
 323 24 2019 0.273 0.273 0.274 0.275 0.275 0.276 0.279 0.284 0.289 0.293 0.297 0.301 0.305 0.309 0.312 0.316 0.320 0.324 0.328 0.332 0.335 0.339 0.343 0.347 0.352 0.428 0.429 0.430 0.430 0.430 0.430 0.430 0.430 0.430 0.427
 324 12 2019 0.276 0.276 0.277 0.277 0.278 0.278 0.280 0.284 0.288 0.293 0.297 0.301 0.305 0.308 0.312 0.316 0.320 0.324 0.328 0.331 0.335 0.339 0.343 0.346 0.351 0.428 0.429 0.430 0.430 0.430 0.430 0.430 0.430 0.430 0.427
 324 24 2019 0.269 0.270 0.271 0.272 0.273 0.274 0.277 0.283 0.288 0.292 0.296 0.300 0.304 0.308 0.312 0.316 0.320 0.324 0.327 0.331 0.335 0.339 0.343 0.346 0.351 0.428 0.429 0.430 0.430 0.430 0.430 0.430 0.430 0.430 0.427
 325 12 2019 0.274 0.275 0.275 0.276 0.276 0.276 0.278 0.283 0.287 0.292 0.296 0.300 0.304 0.308 0.312 0.316 0.320 0.323 0.327 0.331 0.335 0.339 0.342 0.346 0.351 0.428 0.429 0.430 0.430 0.430 0.430 0.430 0.430 0.430 0.427
 325 24 2019 0.272 0.272 0.273 0.274 0.274 0.275 0.278 0.283 0.287 0.292 0.296 0.300 0.304 0.308 0.312 0.316 0.319 0.323 0.327 0.331 0.335 0.339 0.342 0.346 0.351 0.428 0.429 0.430 0.430 0.430 0.430 0.430 0.430 0.430 0.427
 326 12 2019 0.275 0.275 0.276 0.276 0.277 0.277 0.279 0.283 0.287 0.291 0.296 0.300 0.304 0.308 0.311 0.315 0.319 0.323 0.327 0.331 0.335 0.338 0.342 0.346 0.351 0.428 0.429 0.430 0.430 0.430 0.430 0.430 0.430 0.430 0.427
 326 24 2019 0.271 0.272 0.272 0.273 0.274 0.274 0.277 0.283 0.287 0.291 0.295 0.299 0.303 0.307 0.311 0.315 0.319 0.323 0.327 0.331 0.334 0.338 0.342 0.346 0.351 0.428 0.429 0.430 0.430 0.430 0.430 0.430 0.430 0.430 0.427
 327 12 2019 0.274 0.275 0.275 0.275 0.276 0.276 0.278 0.282 0.287 0.291 0.295 0.299 0.303 0.307 0.311 0.315 0.319 0.323 0.327 0.330 0.334 0.338 0.342 0.345 0.351 0.428 0.429 0.430 0.430 0.430 0.430 0.430 0.430 0.430 0.427
 327 24 2019 0.272 0.273 0.273 0.274 0.274 0.275 0.278 0.282 0.287 0.291 0.295 0.299 0.303 0.307 0.311 0.315 0.319 0.323 0.326 0.330 0.334 0.338 0.342 0.345 0.350 0.428 0.429 0.430 0.430 0.430 0.430 0.430 0.430 0.430 0.427
 328 12 2019 0.273 0.274 0.274 0.275 0.275 0.276 0.278 0.282 0.286 0.291 0.295 0.299 0.303 0.307 0.311 0.315 0.319 0.322 0.326 0.330 0.334 0.338 0.341 0.345 0.350 0.428 0.429 0.430 0.430 0.430 0.430 0.430 0.430 0.430 0.427
 328 24 2019 0.267 0.268 0.269 0.270 0.271 0.272 0.275 0.281 0.286 0.291 0.295 0.299 0.303 0.307 0.311 0.314 0.318 0.322 0.326 0.330 0.334 0.338 0.341 0.345 0.350 0.428 0.429 0.430 0.430 0.430 0.430 0.430 0.430 0.430 0.427
 329 12 2019 0.273 0.273 0.273 0.274 0.274 0.274 0.276 0.281 0.286 0.290 0.294 0.298 0.303 0.306 0.310 0.314 0.318 0.322 0.326 0.330 0.334 0.337 0.341 0.345 0.350 0.428 0.429 0.430 0.430 0.430 0.430 0.430 0.430 0.430 0.427
 329 24 2019 0.272 0.273 0.273 0.274 0.274 0.275 0.277 0.281 0.286 0.290 0.294 0.298 0.302 0.306 0.310 0.314 0.318 0.322 0.326 0.330 0.333 0.337 0.341 0.345 0.350 0.427 0.429 0.430 0.430 0.430 0.430 0.430 0.430 0.430 0.427
 330 12 2019 0.274 0.275 0.275 0.275 0.276 0.276 0.278 0.282 0.286 0.290 0.294 0.298 0.302 0.306 0.310 0.314 0.318 0.322 0.326 0.329 0.333 0.337 0.341 0.344 0.350 0.427 0.429 0.430 0.430 0.430 0.430 0.430 0.430 0.430 0.427
 330 24 2019 0.275 0.275 0.275 0.276 0.276 0.276 0.278 0.282 0.286 0.290 0.294 0.298 0.302 0.306 0.310 0.314 0.318 0.321 0.325 0.329 0.333 0.337 0.341 0.344 0.350 0.427 0.429 0.429 0.430 0.430 0.430 0.430 0.430 0.430 0.427
 331 12 2019 0.276 0.277 0.277 0.277 0.277 0.278 0.279 0.282 0.286 0.290 0.294 0.298 0.302 0.306 0.310 0.314 0.317 0.321 0.325 0.329 0.333 0.337 0.340 0.344 0.349 0.427 0.429 0.429 0.430 0.430 0.430 0.430 0.430 0.430 0.427
 331 24 2019 0.274 0.275 0.275 0.276 0.276 0.277 0.279 0.283 0.286 0.290 0.294 0.298 0.302 0.306 0.309 0.313 0.317 0.321 0.325 0.329 0.333 0.336 0.340 0.344 0.349 0.427 0.428 0.429 0.430 0.430 0.430 0.430 0.430 0.430 0.427
 332 12 2019 0.275 0.276 0.276 0.277 0.277 0.277 0.279 0.283 0.286 0.290 0.294 0.298 0.302 0.306 0.309 0.313 0.317 0.321 0.325 0.329 0.333 0.336 0.340 0.344 0.349 0.427 0.428 0.429 0.430 0.430 0.430 0.430 0.430 0.430 0.427
 332 24 2019 0.270 0.271 0.271 0.272 0.273 0.274 0.277 0.282 0.286 0.290 0.294 0.298 0.302 0.305 0.309 0.313 0.317 0.321 0.325 0.328 0.332 0.336 0.340 0.344 0.349 0.427 0.428 0.429 0.430 0.430 0.430 0.430 0.430 0.430 0.427
 333 12 2019 0.274 0.274 0.275 0.275 0.275 0.276 0.277 0.282 0.286 0.290 0.294 0.298 0.302 0.305 0.309 0.313 0.317 0.321 0.324 0.328 0.332 0.336 0.340 0.343 0.349 0.427 0.428 0.429 0.430 0.430 0.430 0.430 0.430 0.430 0.427
 333 24 2019 0.273 0.273 0.274 0.274 0.275 0.275 0.277 0.282 0.286 0.290 0.294 0.298 0.301 0.305 0.309 0.313 0.317 0.321 0.324 0.328 0.332 0.336 0.340 0.343 0.349 0.427 0.428 0.429 0.430 0.430 0.430 0.430 0.430 0.430 0.427
 334 12 2019 0.275 0.275 0.276 0.276 0.276 0.276 0.278 0.282 0.286 0.290 0.294 0.297 0.301 0.305 0.309 0.313 0.317 0.320 0.324 0.328 0.332 0.336 0.339 0.343 0.348 0.427 0.428 0.429 0.430 0.430 0.430 0.430 0.430 0.430 0.427
 334 24 2019 0.274 0.274 0.274 0.275 0.275 0.276 0.278 0.282 0.286 0.290 0.293 0.297 0.301 0.305 0.309 0.313 0.316 0.320 0.324 0.328 0.332 0.336 0.339 0.343 0.348 0.427 0.428 0.429 0.430 0.430 0.430 0.430 0.430 0.430 0.427
 335 12 2019 0.272 0.273 0.273 0.274 0.274 0.275 0.277 0.282 0.286 0.290 0.293 0.297 0.301 0.305 0.309 0.312 0.316 0.320 0.324 0.328 0.332 0.335 0.339 0.343 0.348 0.427 0.428 0.429 0.430 0.430 0.430 0.430 0.430 0.430 0.427
 335 24 2019 0.268 0.268 0.269 0.270 0.271 0.272 0.275 0.281 0.285 0.289 0.293 0.297 0.301 0.305 0.309 0.312 0.316 0.320 0.324 0.328 0.331 0.335 0.339 0.343 0.348 0.427 0.428 0.429 0.430 0.430 0.430 0.430 0.430 0.430 0.427
 336 12 2019 0.272 0.273 0.273 0.273 0.273 0.274 0.276 0.280 0.285 0.289 0.293 0.297 0.301 0.305 0.308 0.312 0.316 0.320 0.324 0.327 0.331 0.335 0.339 0.343 0.348 0.427 0.428 0.429 0.430 0.430 0.430 0.430 0.430 0.430 0.427
 336 24 2019 0.273 0.273 0.274 0.274 0.274 0.275 0.277 0.280 0.285 0.289 0.293 0.297 0.301 0.304 0.308 0.312 0.316 0.320 0.323 0.327 0.331 0.335 0.339 0.342 0.348 0.427 0.428 0.429 0.430 0.430 0.430 0.430 0.430 0.430 0.427
 337 12 2019 0.274 0.274 0.275 0.275 0.275 0.275 0.277 0.281 0.285 0.289 0.293 0.297 0.300 0.304 0.308 0.312 0.316 0.319 0.323 0.327 0.331 0.335 0.339 0.342 0.348 0.427 0.428 0.429 0.430 0.430 0.430 0.430 0.430 0.430 0.427
 337 24 2019 0.272 0.272 0.273 0.273 0.274 0.274 0.277 0.281 0.285 0.289 0.293 0.296 0.300 0.304 0.308 0.312 0.316 0.319 0.323 0.327 0.331 0.335 0.338 0.342 0.347 0.426 0.428 0.429 0.430 0.430 0.430 0.430 0.430 0.430 0.427
 338 12 2019 0.275 0.275 0.275 0.275 0.276 0.276 0.277 0.281 0.285 0.289 0.292 0.296 0.300 0.304 0.308 0.312 0.315 0.319 0.323 0.327 0.331 0.334 0.338 0.342 0.347 0.426 0.428 0.429 0.430 0.430 0.430 0.430 0.430 0.430 0.427
 338 24 2019 0.274 0.274 0.275 0.275 0.276 0.276 0.278 0.281 0.285 0.289 0.292 0.296 0.300 0.304 0.308 0.311 0.315 0.319 0.323 0.327 0.330 0.334 0.338 0.342 0.347 0.426 0.428 0.429 0.430 0.430 0.430 0.430 0.430 0.430 0.427
 339 12 2019 0.275 0.275 0.276 0.276 0.276 0.277 0.278 0.281 0.285 0.289 0.292 0.296 0.300 0.304 0.308 0.311 0.315 0.319 0.323 0.327 0.330 0.334 0.338 0.342 0.347 0.426 0.428 0.429 0.430 0.430 0.430 0.430 0.430 0.430 0.427
 339 24 2019 0.273 0.274 0.274 0.275 0.275 0.275 0.278 0.281 0.285 0.289 0.292 0.296 0.300 0.304 0.307 0.311 0.315 0.319 0.323 0.326 0.330 0.334 0.338 0.341 0.347 0.426 0.428 0.429 0.430 0.430 0.430 0.430 0.430 0.430 0.427
 340 12 2019 0.275 0.275 0.276 0.276 0.276 0.277 0.278 0.281 0.285 0.289 0.292 0.296 0.300 0.304 0.307 0.311 0.315 0.319 0.322 0.326 0.330 0.334 0.338 0.341 0.347 0.426 0.428 0.429 0.430 0.430 0.430 0.430 0.430 0.430 0.427
 340 24 2019 0.275 0.275 0.276 0.276 0.276 0.277 0.278 0.282 0.285 0.289 0.292 0.296 0.300 0.303 0.307 0.311 0.315 0.318 0.322 0.326 0.330 0.334 0.337 0.341 0.347 0.426 0.428 0.429 0.430 0.430 0.430 0.430 0.430 0.430 0.427
 341 12 2019 0.276 0.276 0.276 0.277 0.277 0.277 0.279 0.282 0.285 0.289 0.292 0.296 0.300 0.303 0.307 0.311 0.315 0.318 0.322 0.326 0.330 0.334 0.337 0.341 0.346 0.426 0.428 0.429 0.430 0.430 0.430 0.430 0.430 0.430 0.427
 341 24 2019 0.273 0.273 0.274 0.274 0.275 0.275 0.278 0.282 0.285 0.289 0.292 0.296 0.300 0.303 0.307 0.311 0.314 0.318 0.322 0.326 0.330 0.333 0.337 0.341 0.346 0.426 0.427 0.429 0.430 0.430 0.430 0.430 0.430 0.430 0.427
 342 12 2019 0.275 0.276 0.276 0.276 0.276 0.277 0.278 0.282 0.285 0.289 0.292 0.296 0.300 0.303 0.307 0.311 0.314 0.318 0.322 0.326 0.329 0.333 0.337 0.341 0.346 0.426 0.427 0.429 0.430 0.430 0.430 0.430 0.430 0.430 0.427
 342 24 2019 0.274 0.275 0.275 0.276 0.276 0.276 0.278 0.282 0.285 0.289 0.292 0.296 0.300 0.303 0.307 0.311 0.314 0.318 0.322 0.326 0.329 0.333 0.337 0.341 0.346 0.426 0.427 0.429 0.429 0.430 0.430 0.430 0.430 0.430 0.427
 343 12 2019 0.276 0.277 0.277 0.277 0.277 0.278 0.279 0.282 0.285 0.289 0.292 0.296 0.300 0.303 0.307 0.310 0.314 0.318 0.322 0.325 0.329 0.333 0.337 0.341 0.346 0.426 0.427 0.429 0.429 0.430 0.430 0.430 0.430 0.430 0.427
 343 24 2019 0.276 0.276 0.276 0.277 0.277 0.277 0.279 0.282 0.285 0.289 0.292 0.296 0.299 0.303 0.307 0.310 0.314 0.318 0.322 0.325 0.329 0.333 0.337 0.340 0.346 0.426 0.427 0.429 0.429 0.430 0.430 0.430 0.430 0.430 0.427
 344 12 2019 0.277 0.277 0.277 0.278 0.278 0.278 0.279 0.282 0.286 0.289 0.292 0.296 0.299 0.303 0.307 0.310 0.314 0.318 0.321 0.325 0.329 0.333 0.337 0.340 0.346 0.426 0.427 0.428 0.429 0.430 0.430 0.430 0.430 0.430 0.427
 344 24 2019 0.271 0.272 0.273 0.273 0.274 0.275 0.278 0.282 0.286 0.289 0.292 0.296 0.299 0.303 0.307 0.310 0.314 0.318 0.321 0.325 0.329 0.333 0.336 0.340 0.346 0.426 0.427 0.428 0.429 0.430 0.430 0.430 0.430 0.430 0.427
 345 12 2019 0.275 0.275 0.275 0.275 0.276 0.276 0.278 0.281 0.285 0.289 0.292 0.296 0.299 0.303 0.307 0.310 0.314 0.318 0.321 0.325 0.329 0.333 0.336 0.340 0.346 0.426 0.427 0.428 0.429 0.430 0.430 0.430 0.430 0.430 0.427
 345 24 2019 0.272 0.273 0.273 0.274 0.274 0.275 0.277 0.281 0.285 0.289 0.292 0.296 0.299 0.303 0.306 0.310 0.314 0.317 0.321 0.325 0.329 0.332 0.336 0.340 0.345 0.426 0.427 0.428 0.429 0.430 0.430 0.430 0.430 0.430 0.427
 346 12 2019 0.274 0.275 0.275 0.275 0.276 0.276 0.277 0.281 0.285 0.288 0.292 0.296 0.299 0.303 0.306 0.310 0.314 0.317 0.321 0.325 0.329 0.332 0.336 0.340 0.345 0.426 0.427 0.428 0.429 0.430 0.430 0.430 0.430 0.430 0.427
 346 24 2019 0.268 0.269 0.270 0.271 0.271 0.272 0.276 0.281 0.285 0.288 0.292 0.296 0.299 0.303 0.306 0.310 0.314 0.317 0.321 0.325 0.328 0.332 0.336 0.340 0.345 0.425 0.427 0.428 0.429 0.430 0.430 0.430 0.430 0.430 0.427
 347 12 2019 0.271 0.271 0.272 0.272 0.273 0.273 0.275 0.280 0.284 0.288 0.292 0.295 0.299 0.303 0.306 0.310 0.313 0.317 0.321 0.325 0.328 0.332 0.336 0.340 0.345 0.425 0.427 0.428 0.429 0.430 0.430 0.430 0.430 0.430 0.427
 347 24 2019 0.262 0.263 0.264 0.266 0.267 0.268 0.272 0.279 0.283 0.288 0.291 0.295 0.299 0.302 0.306 0.310 0.313 0.317 0.321 0.325 0.328 0.332 0.336 0.340 0.345 0.425 0.427 0.428 0.429 0.430 0.430 0.430 0.430 0.430 0.427
 348 12 2019 0.268 0.268 0.268 0.269 0.269 0.270 0.272 0.277 0.282 0.287 0.291 0.295 0.299 0.302 0.306 0.310 0.313 0.317 0.321 0.324 0.328 0.332 0.336 0.339 0.345 0.425 0.427 0.428 0.429 0.430 0.430 0.430 0.430 0.430 0.427
 348 24 2019 0.267 0.268 0.268 0.269 0.269 0.270 0.273 0.277 0.282 0.286 0.291 0.294 0.298 0.302 0.306 0.309 0.313 0.317 0.321 0.324 0.328 0.332 0.336 0.339 0.345 0.425 0.427 0.428 0.429 0.430 0.430 0.430 0.430 0.430 0.427
 349 12 2019 0.270 0.270 0.271 0.271 0.271 0.272 0.273 0.277 0.282 0.286 0.290 0.294 0.298 0.302 0.306 0.309 0.313 0.317 0.320 0.324 0.328 0.332 0.335 0.339 0.345 0.425 0.427 0.428 0.429 0.430 0.430 0.430 0.430 0.430 0.427
 349 24 2019 0.269 0.270 0.270 0.271 0.271 0.271 0.274 0.278 0.282 0.286 0.290 0.294 0.298 0.302 0.305 0.309 0.313 0.317 0.320 0.324 0.328 0.332 0.335 0.339 0.345 0.425 0.427 0.428 0.429 0.430 0.430 0.430 0.430 0.430 0.427
 350 12 2019 0.271 0.271 0.271 0.272 0.272 0.272 0.274 0.278 0.282 0.286 0.290 0.294 0.298 0.301 0.305 0.309 0.313 0.316 0.320 0.324 0.328 0.331 0.335 0.339 0.344 0.425 0.427 0.428 0.429 0.430 0.430 0.430 0.430 0.430 0.427
 350 24 2019 0.270 0.270 0.271 0.271 0.271 0.272 0.274 0.278 0.282 0.286 0.290 0.294 0.297 0.301 0.305 0.309 0.312 0.316 0.320 0.324 0.328 0.331 0.335 0.339 0.344 0.425 0.427 0.428 0.429 0.430 0.430 0.430 0.430 0.430 0.427
 351 12 2019 0.268 0.269 0.269 0.269 0.269 0.269 0.270 0.277 0.282 0.286 0.290 0.293 0.297 0.301 0.305 0.309 0.312 0.316 0.320 0.324 0.327 0.331 0.335 0.339 0.344 0.425 0.427 0.428 0.429 0.430 0.430 0.430 0.430 0.430 0.427
 351 24 2019 0.271 0.271 0.271 0.272 0.272 0.273 0.276 0.278 0.281 0.285 0.289 0.293 0.297 0.301 0.305 0.308 0.312 0.316 0.320 0.323 0.327 0.331 0.335 0.339 0.344 0.425 0.427 0.428 0.429 0.430 0.430 0.430 0.430 0.430 0.427
 352 12 2019 0.268 0.268 0.268 0.269 0.269 0.269 0.268 0.276 0.281 0.285 0.289 0.293 0.297 0.301 0.305 0.308 0.312 0.316 0.320 0.323 0.327 0.331 0.335 0.338 0.344 0.425 0.427 0.428 0.429 0.430 0.430 0.430 0.430 0.430 0.427
 352 24 2019 0.272 0.272 0.272 0.273 0.274 0.274 0.277 0.278 0.281 0.285 0.289 0.293 0.297 0.301 0.304 0.308 0.312 0.316 0.319 0.323 0.327 0.331 0.335 0.338 0.344 0.425 0.426 0.428 0.429 0.430 0.430 0.430 0.430 0.430 0.427
 353 12 2019 0.269 0.270 0.270 0.270 0.270 0.270 0.270 0.277 0.281 0.285 0.289 0.293 0.297 0.300 0.304 0.308 0.312 0.315 0.319 0.323 0.327 0.331 0.334 0.338 0.344 0.425 0.426 0.428 0.429 0.430 0.430 0.430 0.430 0.430 0.427
 353 24 2019 0.272 0.272 0.273 0.273 0.274 0.275 0.278 0.279 0.282 0.285 0.289 0.293 0.297 0.300 0.304 0.308 0.312 0.315 0.319 0.323 0.327 0.330 0.334 0.338 0.344 0.425 0.426 0.428 0.429 0.430 0.430 0.430 0.430 0.430 0.427
 354 12 2019 0.268 0.269 0.269 0.269 0.269 0.269 0.268 0.276 0.281 0.285 0.289 0.293 0.297 0.300 0.304 0.308 0.311 0.315 0.319 0.323 0.327 0.330 0.334 0.338 0.343 0.425 0.426 0.428 0.429 0.430 0.430 0.430 0.430 0.430 0.427
 354 24 2019 0.273 0.273 0.274 0.274 0.275 0.275 0.279 0.279 0.282 0.285 0.289 0.293 0.296 0.300 0.304 0.308 0.311 0.315 0.319 0.323 0.326 0.330 0.334 0.338 0.343 0.425 0.426 0.428 0.429 0.430 0.430 0.430 0.430 0.430 0.427
 355 12 2019 0.270 0.270 0.271 0.271 0.271 0.271 0.271 0.277 0.282 0.285 0.289 0.293 0.296 0.300 0.304 0.307 0.311 0.315 0.319 0.322 0.326 0.330 0.334 0.338 0.343 0.425 0.426 0.428 0.429 0.430 0.430 0.430 0.430 0.430 0.427
 355 24 2019 0.273 0.274 0.274 0.275 0.275 0.276 0.279 0.280 0.282 0.285 0.289 0.293 0.296 0.300 0.304 0.307 0.311 0.315 0.319 0.322 0.326 0.330 0.334 0.337 0.343 0.424 0.426 0.428 0.429 0.430 0.430 0.430 0.430 0.430 0.427
 356 12 2019 0.271 0.272 0.272 0.272 0.272 0.272 0.273 0.278 0.282 0.286 0.289 0.293 0.296 0.300 0.304 0.307 0.311 0.315 0.318 0.322 0.326 0.330 0.334 0.337 0.343 0.424 0.426 0.428 0.429 0.430 0.430 0.430 0.430 0.430 0.427
 356 24 2019 0.273 0.274 0.274 0.275 0.275 0.276 0.278 0.280 0.282 0.286 0.289 0.293 0.296 0.300 0.304 0.307 0.311 0.315 0.318 0.322 0.326 0.330 0.333 0.337 0.343 0.424 0.426 0.427 0.429 0.430 0.430 0.430 0.430 0.430 0.427
 357 12 2019 0.272 0.272 0.272 0.272 0.273 0.273 0.273 0.278 0.282 0.286 0.289 0.293 0.296 0.300 0.303 0.307 0.311 0.314 0.318 0.322 0.326 0.330 0.333 0.337 0.343 0.424 0.426 0.427 0.429 0.430 0.430 0.430 0.430 0.430 0.427
 357 24 2019 0.272 0.273 0.273 0.274 0.275 0.275 0.278 0.280 0.283 0.286 0.289 0.293 0.296 0.300 0.303 0.307 0.311 0.314 0.318 0.322 0.326 0.329 0.333 0.337 0.343 0.424 0.426 0.427 0.429 0.429 0.430 0.430 0.430 0.430 0.427
 358 12 2019 0.270 0.270 0.270 0.270 0.271 0.271 0.271 0.277 0.282 0.286 0.289 0.293 0.296 0.300 0.303 0.307 0.311 0.314 0.318 0.322 0.326 0.329 0.333 0.337 0.342 0.424 0.426 0.427 0.429 0.429 0.430 0.430 0.430 0.430 0.427
 358 24 2019 0.270 0.270 0.271 0.272 0.272 0.273 0.277 0.280 0.282 0.285 0.289 0.293 0.296 0.300 0.303 0.307 0.311 0.314 0.318 0.322 0.325 0.329 0.333 0.337 0.342 0.424 0.426 0.427 0.429 0.429 0.430 0.430 0.430 0.430 0.427
 359 12 2019 0.265 0.265 0.266 0.266 0.266 0.266 0.264 0.272 0.280 0.285 0.289 0.293 0.296 0.300 0.303 0.307 0.310 0.314 0.318 0.322 0.325 0.329 0.333 0.337 0.342 0.424 0.426 0.427 0.428 0.429 0.430 0.430 0.430 0.430 0.427
 359 24 2019 0.270 0.270 0.271 0.271 0.272 0.273 0.277 0.279 0.280 0.284 0.288 0.292 0.296 0.300 0.303 0.307 0.310 0.314 0.318 0.321 0.325 0.329 0.333 0.336 0.342 0.424 0.426 0.427 0.428 0.429 0.430 0.430 0.430 0.430 0.427
 360 12 2019 0.268 0.268 0.268 0.269 0.269 0.269 0.269 0.273 0.280 0.285 0.288 0.292 0.296 0.299 0.303 0.307 0.310 0.314 0.318 0.321 0.325 0.329 0.333 0.336 0.342 0.424 0.426 0.427 0.428 0.429 0.430 0.430 0.430 0.430 0.427
 360 24 2019 0.272 0.272 0.273 0.273 0.274 0.274 0.277 0.280 0.281 0.284 0.288 0.292 0.296 0.299 0.303 0.306 0.310 0.314 0.318 0.321 0.325 0.329 0.332 0.336 0.342 0.424 0.426 0.427 0.428 0.429 0.430 0.430 0.430 0.430 0.427
 361 12 2019 0.272 0.272 0.272 0.272 0.273 0.273 0.273 0.277 0.282 0.285 0.288 0.292 0.295 0.299 0.303 0.306 0.310 0.314 0.317 0.321 0.325 0.329 0.332 0.336 0.342 0.424 0.426 0.427 0.428 0.429 0.430 0.430 0.430 0.430 0.427
 361 24 2019 0.272 0.273 0.273 0.274 0.274 0.275 0.277 0.280 0.282 0.285 0.288 0.292 0.295 0.299 0.303 0.306 0.310 0.314 0.317 0.321 0.325 0.328 0.332 0.336 0.342 0.424 0.425 0.427 0.428 0.429 0.430 0.430 0.430 0.430 0.427
 362 12 2019 0.273 0.273 0.274 0.274 0.274 0.274 0.276 0.279 0.282 0.285 0.289 0.292 0.295 0.299 0.303 0.306 0.310 0.313 0.317 0.321 0.325 0.328 0.332 0.336 0.341 0.424 0.425 0.427 0.428 0.429 0.430 0.430 0.430 0.430 0.427
 362 24 2019 0.273 0.273 0.274 0.274 0.275 0.275 0.277 0.280 0.282 0.285 0.289 0.292 0.295 0.299 0.303 0.306 0.310 0.313 0.317 0.321 0.325 0.328 0.332 0.336 0.341 0.424 0.425 0.427 0.428 0.429 0.430 0.430 0.430 0.430 0.427
 363 12 2019 0.273 0.274 0.274 0.274 0.275 0.275 0.277 0.279 0.282 0.286 0.289 0.292 0.296 0.299 0.302 0.306 0.310 0.313 0.317 0.321 0.324 0.328 0.332 0.336 0.341 0.424 0.425 0.427 0.428 0.429 0.430 0.430 0.430 0.430 0.427
 363 24 2019 0.267 0.267 0.268 0.268 0.268 0.268 0.269 0.276 0.282 0.286 0.289 0.292 0.296 0.299 0.302 0.306 0.310 0.313 0.317 0.321 0.324 0.328 0.332 0.336 0.341 0.423 0.425 0.427 0.428 0.429 0.430 0.430 0.430 0.430 0.427
 364 12 2019 0.245 0.246 0.246 0.246 0.246 0.246 0.239 0.256 0.275 0.283 0.288 0.292 0.295 0.299 0.302 0.306 0.310 0.313 0.317 0.320 0.324 0.328 0.332 0.335 0.341 0.423 0.425 0.427 0.428 0.429 0.430 0.430 0.430 0.430 0.427
 364 24 2019 0.244 0.245 0.245 0.245 0.245 0.245 0.248 0.248 0.266 0.278 0.285 0.291 0.295 0.299 0.302 0.306 0.309 0.313 0.317 0.320 0.324 0.328 0.332 0.335 0.341 0.423 0.425 0.427 0.428 0.429 0.430 0.430 0.430 0.430 0.427
 365 12 2019 0.226 0.227 0.227 0.228 0.228 0.228 0.221 0.237 0.258 0.274 0.282 0.289 0.294 0.298 0.302 0.306 0.309 0.313 0.317 0.320 0.324 0.328 0.332 0.335 0.341 0.423 0.425 0.427 0.428 0.429 0.430 0.430 0.430 0.430 0.427
 365 24 2019 0.236 0.237 0.237 0.238 0.238 0.239 0.242 0.235 0.250 0.269 0.279 0.286 0.292 0.297 0.301 0.305 0.309 0.313 0.316 0.320 0.324 0.328 0.331 0.335 0.341 0.423 0.425 0.427 0.428 0.429 0.430 0.430 0.430 0.430 0.427
   1 12 2020 0.222 0.222 0.223 0.223 0.223 0.223 0.216 0.230 0.247 0.265 0.276 0.284 0.291 0.296 0.300 0.304 0.308 0.312 0.316 0.320 0.324 0.327 0.331 0.335 0.341 0.423 0.425 0.427 0.428 0.429 0.430 0.430 0.430 0.430 0.427
   1 24 2020 0.234 0.235 0.235 0.236 0.237 0.238 0.242 0.233 0.241 0.260 0.273 0.282 0.289 0.295 0.299 0.304 0.308 0.312 0.316 0.320 0.324 0.327 0.331 0.335 0.341 0.423 0.425 0.427 0.428 0.429 0.430 0.430 0.430 0.430 0.427
   2 12 2020 0.220 0.221 0.221 0.221 0.220 0.220 0.213 0.229 0.241 0.258 0.271 0.280 0.287 0.293 0.298 0.303 0.307 0.311 0.315 0.319 0.323 0.327 0.331 0.335 0.340 0.423 0.425 0.427 0.428 0.429 0.430 0.430 0.430 0.430 0.427
   2 24 2020 0.228 0.228 0.229 0.229 0.229 0.229 0.232 0.227 0.237 0.254 0.269 0.278 0.286 0.292 0.297 0.302 0.307 0.311 0.315 0.319 0.323 0.327 0.331 0.334 0.340 0.423 0.425 0.426 0.428 0.429 0.430 0.430 0.430 0.430 0.427
   3 12 2020 0.214 0.214 0.215 0.215 0.215 0.214 0.207 0.221 0.235 0.252 0.267 0.277 0.284 0.291 0.296 0.301 0.306 0.310 0.315 0.319 0.323 0.327 0.330 0.334 0.340 0.423 0.425 0.426 0.428 0.429 0.430 0.430 0.430 0.430 0.427
   3 24 2020 0.226 0.227 0.228 0.228 0.229 0.229 0.235 0.226 0.232 0.248 0.265 0.275 0.283 0.290 0.295 0.301 0.305 0.310 0.314 0.318 0.322 0.326 0.330 0.334 0.340 0.423 0.425 0.426 0.428 0.429 0.430 0.430 0.430 0.430 0.427
   4 12 2020 0.218 0.218 0.219 0.219 0.219 0.219 0.211 0.223 0.233 0.247 0.263 0.274 0.282 0.289 0.295 0.300 0.305 0.309 0.314 0.318 0.322 0.326 0.330 0.334 0.339 0.423 0.424 0.426 0.428 0.429 0.430 0.430 0.430 0.430 0.427
   4 24 2020 0.228 0.228 0.229 0.230 0.231 0.232 0.238 0.229 0.232 0.245 0.261 0.272 0.281 0.288 0.294 0.299 0.304 0.309 0.313 0.317 0.321 0.325 0.329 0.333 0.339 0.422 0.424 0.426 0.427 0.429 0.430 0.430 0.430 0.430 0.427
   5 12 2020 0.222 0.222 0.222 0.222 0.221 0.221 0.214 0.227 0.234 0.245 0.259 0.271 0.279 0.287 0.293 0.298 0.303 0.308 0.312 0.317 0.321 0.325 0.329 0.333 0.339 0.422 0.424 0.426 0.427 0.429 0.429 0.430 0.430 0.430 0.427
   5 24 2020 0.226 0.226 0.227 0.228 0.229 0.230 0.236 0.230 0.233 0.244 0.258 0.270 0.278 0.286 0.292 0.298 0.303 0.307 0.312 0.316 0.320 0.325 0.329 0.333 0.338 0.422 0.424 0.426 0.427 0.428 0.429 0.430 0.430 0.430 0.427
   6 12 2020 0.222 0.222 0.223 0.222 0.222 0.222 0.217 0.228 0.234 0.244 0.257 0.268 0.277 0.285 0.291 0.297 0.302 0.307 0.311 0.316 0.320 0.324 0.328 0.332 0.338 0.422 0.424 0.426 0.427 0.428 0.429 0.430 0.430 0.430 0.427
   6 24 2020 0.223 0.225 0.227 0.229 0.231 0.232 0.242 0.236 0.235 0.244 0.256 0.267 0.276 0.284 0.290 0.296 0.301 0.306 0.311 0.315 0.319 0.324 0.328 0.332 0.338 0.422 0.424 0.425 0.427 0.428 0.429 0.430 0.430 0.430 0.427
   7 12 2020 0.216 0.217 0.217 0.217 0.217 0.217 0.209 0.230 0.238 0.245 0.256 0.267 0.276 0.283 0.290 0.295 0.301 0.306 0.310 0.315 0.319 0.323 0.327 0.331 0.337 0.421 0.423 0.425 0.427 0.428 0.429 0.430 0.430 0.430 0.427
   7 24 2020 0.216 0.217 0.219 0.220 0.222 0.223 0.229 0.229 0.235 0.244 0.255 0.266 0.275 0.282 0.289 0.295 0.300 0.305 0.310 0.314 0.319 0.323 0.327 0.331 0.337 0.421 0.423 0.425 0.427 0.428 0.429 0.430 0.430 0.430 0.427
   8 12 2020 0.208 0.209 0.209 0.209 0.209 0.208 0.202 0.222 0.234 0.244 0.255 0.266 0.274 0.282 0.288 0.294 0.300 0.304 0.309 0.314 0.318 0.322 0.326 0.330 0.336 0.421 0.423 0.425 0.426 0.428 0.429 0.430 0.430 0.430 0.427
   8 24 2020 0.212 0.214 0.216 0.218 0.220 0.222 0.232 0.226 0.231 0.242 0.253 0.265 0.274 0.281 0.288 0.294 0.299 0.304 0.309 0.313 0.318 0.322 0.326 0.330 0.336 0.421 0.423 0.425 0.426 0.428 0.429 0.430 0.430 0.430 0.427
   9 12 2020 0.211 0.211 0.212 0.212 0.212 0.211 0.206 0.223 0.232 0.242 0.252 0.264 0.273 0.281 0.287 0.293 0.298 0.303 0.308 0.313 0.317 0.321 0.325 0.329 0.335 0.420 0.423 0.424 0.426 0.428 0.429 0.430 0.430 0.430 0.427
   9 24 2020 0.213 0.215 0.217 0.220 0.222 0.225 0.237 0.229 0.232 0.241 0.252 0.264 0.273 0.280 0.287 0.293 0.298 0.303 0.308 0.312 0.317 0.321 0.325 0.329 0.335 0.420 0.422 0.424 0.426 0.427 0.429 0.430 0.430 0.430 0.427
  10 12 2020 0.219 0.219 0.219 0.219 0.219 0.219 0.214 0.228 0.235 0.242 0.251 0.261 0.272 0.279 0.286 0.292 0.297 0.302 0.307 0.312 0.316 0.320 0.324 0.329 0.334 0.420 0.422 0.424 0.426 0.427 0.429 0.429 0.430 0.430 0.427
  10 24 2020 0.226 0.228 0.229 0.231 0.233 0.236 0.249 0.239 0.235 0.243 0.251 0.261 0.271 0.279 0.285 0.291 0.297 0.302 0.307 0.311 0.316 0.320 0.324 0.328 0.334 0.420 0.422 0.424 0.426 0.427 0.428 0.429 0.430 0.430 0.427
  11 12 2020 0.232 0.232 0.232 0.232 0.231 0.231 0.224 0.238 0.239 0.245 0.252 0.261 0.270 0.278 0.285 0.291 0.296 0.301 0.306 0.311 0.315 0.319 0.324 0.328 0.334 0.419 0.422 0.424 0.425 0.427 0.428 0.429 0.430 0.430 0.427
  11 24 2020 0.232 0.233 0.234 0.236 0.238 0.239 0.249 0.247 0.241 0.248 0.253 0.262 0.270 0.278 0.284 0.290 0.296 0.301 0.306 0.310 0.315 0.319 0.323 0.327 0.333 0.419 0.421 0.423 0.425 0.427 0.428 0.429 0.430 0.430 0.427
  12 12 2020 0.231 0.231 0.231 0.231 0.231 0.231 0.226 0.241 0.244 0.250 0.255 0.262 0.270 0.277 0.284 0.290 0.295 0.300 0.305 0.310 0.314 0.318 0.323 0.327 0.333 0.419 0.421 0.423 0.425 0.427 0.428 0.429 0.430 0.430 0.427
  12 24 2020 0.227 0.229 0.231 0.233 0.235 0.237 0.246 0.247 0.245 0.252 0.256 0.263 0.270 0.277 0.284 0.289 0.295 0.300 0.305 0.309 0.314 0.318 0.322 0.326 0.332 0.419 0.421 0.423 0.425 0.426 0.428 0.429 0.430 0.430 0.427
  13 12 2020 0.228 0.228 0.228 0.228 0.228 0.228 0.224 0.239 0.246 0.253 0.258 0.264 0.271 0.277 0.283 0.289 0.295 0.300 0.304 0.309 0.313 0.318 0.322 0.326 0.332 0.418 0.421 0.423 0.425 0.426 0.428 0.429 0.430 0.430 0.427
  13 24 2020 0.219 0.222 0.224 0.227 0.229 0.231 0.239 0.240 0.244 0.253 0.258 0.264 0.271 0.277 0.283 0.289 0.294 0.299 0.304 0.308 0.313 0.317 0.321 0.325 0.331 0.418 0.420 0.422 0.424 0.426 0.428 0.429 0.430 0.430 0.427
  14 12 2020 0.223 0.223 0.223 0.223 0.223 0.223 0.219 0.233 0.243 0.253 0.259 0.265 0.271 0.277 0.283 0.289 0.294 0.299 0.304 0.308 0.312 0.317 0.321 0.325 0.331 0.418 0.420 0.422 0.424 0.426 0.427 0.429 0.430 0.430 0.427
  14 24 2020 0.223 0.224 0.226 0.228 0.230 0.232 0.243 0.243 0.242 0.253 0.259 0.265 0.271 0.277 0.283 0.289 0.294 0.299 0.303 0.308 0.312 0.316 0.320 0.324 0.330 0.417 0.420 0.422 0.424 0.426 0.427 0.429 0.429 0.430 0.427
  15 12 2020 0.229 0.229 0.230 0.230 0.230 0.230 0.227 0.239 0.245 0.255 0.259 0.265 0.271 0.277 0.283 0.288 0.293 0.298 0.303 0.307 0.312 0.316 0.320 0.324 0.330 0.417 0.420 0.422 0.424 0.426 0.427 0.428 0.429 0.430 0.427
  15 24 2020 0.221 0.223 0.225 0.227 0.229 0.231 0.240 0.244 0.245 0.255 0.260 0.265 0.272 0.277 0.283 0.288 0.293 0.298 0.303 0.307 0.311 0.316 0.320 0.324 0.330 0.417 0.419 0.422 0.424 0.425 0.427 0.428 0.429 0.430 0.427
  16 12 2020 0.225 0.225 0.225 0.225 0.225 0.225 0.221 0.236 0.246 0.256 0.261 0.266 0.272 0.277 0.283 0.288 0.293 0.298 0.302 0.307 0.311 0.315 0.319 0.323 0.329 0.417 0.419 0.421 0.423 0.425 0.427 0.428 0.429 0.430 0.427
  16 24 2020 0.228 0.228 0.229 0.230 0.232 0.233 0.242 0.248 0.246 0.255 0.261 0.266 0.272 0.277 0.283 0.288 0.293 0.297 0.302 0.306 0.311 0.315 0.319 0.323 0.329 0.416 0.419 0.421 0.423 0.425 0.427 0.428 0.429 0.430 0.427
  17 12 2020 0.234 0.234 0.234 0.234 0.234 0.234 0.234 0.242 0.250 0.257 0.262 0.267 0.272 0.278 0.283 0.288 0.293 0.297 0.302 0.306 0.310 0.314 0.319 0.323 0.329 0.416 0.419 0.421 0.423 0.425 0.427 0.428 0.429 0.430 0.427
  17 24 2020 0.232 0.233 0.234 0.235 0.236 0.237 0.244 0.255 0.252 0.258 0.262 0.267 0.272 0.278 0.283 0.288 0.292 0.297 0.301 0.306 0.310 0.314 0.318 0.322 0.328 0.416 0.418 0.421 0.423 0.425 0.426 0.428 0.429 0.430 0.427
  18 12 2020 0.235 0.235 0.236 0.236 0.236 0.236 0.235 0.243 0.254 0.260 0.263 0.268 0.273 0.278 0.283 0.288 0.292 0.297 0.301 0.306 0.310 0.314 0.318 0.322 0.328 0.416 0.418 0.421 0.423 0.425 0.426 0.428 0.429 0.430 0.427
  18 24 2020 0.231 0.232 0.234 0.235 0.236 0.238 0.245 0.253 0.254 0.259 0.264 0.268 0.273 0.278 0.283 0.288 0.292 0.297 0.301 0.305 0.309 0.314 0.318 0.322 0.327 0.416 0.418 0.420 0.422 0.424 0.426 0.428 0.429 0.430 0.427
  19 12 2020 0.240 0.240 0.241 0.241 0.241 0.242 0.244 0.250 0.257 0.262 0.265 0.269 0.274 0.278 0.283 0.287 0.292 0.296 0.301 0.305 0.309 0.313 0.317 0.321 0.327 0.415 0.418 0.420 0.422 0.424 0.426 0.427 0.429 0.430 0.427
  19 24 2020 0.241 0.242 0.242 0.243 0.244 0.245 0.250 0.269 0.264 0.264 0.266 0.270 0.274 0.278 0.283 0.288 0.292 0.296 0.301 0.305 0.309 0.313 0.317 0.321 0.327 0.415 0.418 0.420 0.422 0.424 0.426 0.427 0.429 0.429 0.427
  20 12 2020 0.250 0.250 0.250 0.250 0.251 0.251 0.254 0.257 0.267 0.269 0.270 0.272 0.275 0.279 0.283 0.288 0.292 0.296 0.300 0.305 0.309 0.313 0.317 0.321 0.327 0.415 0.417 0.420 0.422 0.424 0.426 0.427 0.428 0.429 0.427
  20 24 2020 0.249 0.250 0.250 0.251 0.252 0.253 0.257 0.269 0.269 0.270 0.271 0.273 0.276 0.280 0.284 0.288 0.292 0.296 0.300 0.304 0.308 0.312 0.316 0.320 0.326 0.415 0.417 0.420 0.422 0.424 0.426 0.427 0.428 0.429 0.427
  21 12 2020 0.254 0.255 0.255 0.255 0.255 0.256 0.256 0.256 0.268 0.273 0.274 0.275 0.277 0.280 0.284 0.288 0.292 0.296 0.300 0.304 0.308 0.312 0.316 0.320 0.326 0.415 0.417 0.419 0.422 0.424 0.425 0.427 0.428 0.429 0.427
  21 24 2020 0.253 0.254 0.254 0.255 0.256 0.256 0.260 0.271 0.270 0.272 0.275 0.276 0.279 0.281 0.285 0.288 0.292 0.296 0.300 0.304 0.308 0.312 0.316 0.320 0.326 0.414 0.417 0.419 0.421 0.423 0.425 0.427 0.428 0.429 0.427
  22 12 2020 0.259 0.259 0.259 0.259 0.260 0.260 0.261 0.261 0.271 0.275 0.276 0.278 0.280 0.282 0.285 0.289 0.292 0.296 0.300 0.304 0.308 0.312 0.316 0.320 0.325 0.414 0.417 0.419 0.421 0.423 0.425 0.427 0.428 0.429 0.427
  22 24 2020 0.258 0.258 0.259 0.259 0.260 0.261 0.264 0.275 0.274 0.275 0.277 0.279 0.281 0.283 0.286 0.289 0.293 0.296 0.300 0.304 0.308 0.312 0.316 0.319 0.325 0.414 0.417 0.419 0.421 0.423 0.425 0.427 0.428 0.429 0.427
  23 12 2020 0.261 0.262 0.262 0.262 0.262 0.262 0.263 0.261 0.273 0.277 0.279 0.280 0.281 0.284 0.286 0.290 0.293 0.297 0.300 0.304 0.308 0.312 0.315 0.319 0.325 0.414 0.416 0.419 0.421 0.423 0.425 0.427 0.428 0.429 0.427
  23 24 2020 0.258 0.259 0.259 0.260 0.261 0.261 0.265 0.273 0.273 0.276 0.279 0.281 0.282 0.284 0.287 0.290 0.293 0.297 0.300 0.304 0.308 0.312 0.315 0.319 0.325 0.414 0.416 0.419 0.421 0.423 0.425 0.426 0.428 0.429 0.427
  24 12 2020 0.262 0.262 0.262 0.262 0.263 0.263 0.264 0.263 0.273 0.278 0.280 0.282 0.283 0.285 0.288 0.290 0.294 0.297 0.300 0.304 0.308 0.311 0.315 0.319 0.325 0.414 0.416 0.419 0.421 0.423 0.425 0.426 0.428 0.429 0.427
  24 24 2020 0.262 0.262 0.262 0.263 0.263 0.264 0.268 0.279 0.276 0.277 0.280 0.282 0.284 0.286 0.288 0.291 0.294 0.297 0.301 0.304 0.308 0.311 0.315 0.319 0.324 0.414 0.416 0.418 0.421 0.423 0.425 0.426 0.428 0.429 0.427
  25 12 2020 0.268 0.268 0.269 0.269 0.269 0.270 0.271 0.272 0.279 0.281 0.282 0.283 0.284 0.286 0.289 0.291 0.294 0.297 0.301 0.304 0.308 0.311 0.315 0.319 0.324 0.413 0.416 0.418 0.421 0.423 0.425 0.426 0.428 0.429 0.427
  25 24 2020 0.268 0.268 0.269 0.269 0.269 0.270 0.273 0.281 0.283 0.283 0.283 0.284 0.285 0.287 0.289 0.292 0.295 0.298 0.301 0.304 0.308 0.311 0.315 0.319 0.324 0.413 0.416 0.418 0.420 0.423 0.424 0.426 0.428 0.429 0.427
  26 12 2020 0.270 0.270 0.271 0.271 0.271 0.272 0.273 0.274 0.281 0.285 0.286 0.286 0.287 0.288 0.290 0.292 0.295 0.298 0.301 0.304 0.308 0.311 0.315 0.319 0.324 0.413 0.416 0.418 0.420 0.422 0.424 0.426 0.428 0.429 0.427
  26 24 2020 0.264 0.265 0.265 0.266 0.267 0.268 0.272 0.280 0.282 0.284 0.286 0.287 0.288 0.289 0.291 0.293 0.295 0.298 0.301 0.305 0.308 0.311 0.315 0.319 0.324 0.413 0.416 0.418 0.420 0.422 0.424 0.426 0.427 0.429 0.427
  27 12 2020 0.268 0.269 0.269 0.269 0.270 0.270 0.272 0.273 0.279 0.284 0.287 0.288 0.289 0.290 0.291 0.293 0.296 0.299 0.302 0.305 0.308 0.311 0.315 0.319 0.324 0.413 0.416 0.418 0.420 0.422 0.424 0.426 0.427 0.429 0.427
  27 24 2020 0.264 0.265 0.266 0.266 0.267 0.268 0.271 0.279 0.283 0.284 0.286 0.288 0.289 0.290 0.292 0.294 0.296 0.299 0.302 0.305 0.308 0.312 0.315 0.319 0.324 0.413 0.416 0.418 0.420 0.422 0.424 0.426 0.427 0.429 0.427
  28 12 2020 0.269 0.269 0.270 0.270 0.271 0.271 0.273 0.278 0.282 0.286 0.288 0.289 0.289 0.291 0.292 0.295 0.297 0.299 0.302 0.305 0.308 0.312 0.315 0.319 0.324 0.413 0.416 0.418 0.420 0.422 0.424 0.426 0.427 0.429 0.427
  28 24 2020 0.261 0.262 0.264 0.265 0.266 0.267 0.271 0.279 0.285 0.287 0.288 0.289 0.290 0.291 0.293 0.295 0.297 0.300 0.302 0.305 0.309 0.312 0.315 0.319 0.324 0.413 0.416 0.418 0.420 0.422 0.424 0.426 0.427 0.429 0.427
  29 12 2020 0.268 0.268 0.268 0.269 0.269 0.270 0.272 0.277 0.282 0.287 0.289 0.290 0.291 0.292 0.293 0.295 0.298 0.300 0.303 0.306 0.309 0.312 0.315 0.319 0.324 0.413 0.416 0.418 0.420 0.422 0.424 0.426 0.427 0.429 0.427
  29 24 2020 0.264 0.265 0.266 0.267 0.268 0.268 0.272 0.279 0.287 0.288 0.289 0.290 0.291 0.292 0.294 0.296 0.298 0.300 0.303 0.306 0.309 0.312 0.315 0.319 0.324 0.413 0.416 0.418 0.420 0.422 0.424 0.426 0.427 0.429 0.427
  30 12 2020 0.270 0.271 0.271 0.271 0.272 0.272 0.275 0.281 0.286 0.290 0.291 0.291 0.292 0.293 0.294 0.296 0.298 0.301 0.303 0.306 0.309 0.312 0.315 0.319 0.324 0.413 0.416 0.418 0.420 0.422 0.424 0.426 0.427 0.429 0.427
  30 24 2020 0.266 0.267 0.268 0.269 0.270 0.270 0.274 0.281 0.288 0.290 0.292 0.292 0.292 0.293 0.295 0.297 0.299 0.301 0.304 0.306 0.309 0.312 0.316 0.319 0.324 0.413 0.416 0.418 0.420 0.422 0.424 0.426 0.427 0.429 0.427
  31 12 2020 0.270 0.270 0.271 0.271 0.272 0.272 0.274 0.277 0.282 0.289 0.292 0.292 0.293 0.294 0.295 0.297 0.299 0.301 0.304 0.307 0.309 0.313 0.316 0.319 0.324 0.413 0.416 0.418 0.420 0.422 0.424 0.426 0.427 0.429 0.427
  31 24 2020 0.264 0.265 0.266 0.267 0.268 0.269 0.272 0.278 0.280 0.285 0.289 0.291 0.293 0.294 0.296 0.298 0.300 0.302 0.304 0.307 0.310 0.313 0.316 0.319 0.324 0.413 0.416 0.418 0.420 0.422 0.424 0.426 0.427 0.429 0.427
  32 12 2020 0.264 0.265 0.265 0.266 0.266 0.266 0.267 0.269 0.276 0.283 0.288 0.290 0.292 0.294 0.296 0.298 0.300 0.302 0.304 0.307 0.310 0.313 0.316 0.319 0.325 0.413 0.416 0.418 0.420 0.422 0.424 0.426 0.427 0.429 0.427
  32 24 2020 0.257 0.258 0.259 0.260 0.261 0.262 0.268 0.275 0.275 0.280 0.285 0.289 0.292 0.294 0.296 0.298 0.300 0.302 0.305 0.307 0.310 0.313 0.316 0.320 0.325 0.413 0.416 0.418 0.420 0.422 0.424 0.426 0.427 0.429 0.427
  33 12 2020 0.263 0.263 0.264 0.264 0.264 0.265 0.267 0.269 0.275 0.280 0.284 0.288 0.291 0.293 0.295 0.298 0.300 0.302 0.305 0.308 0.310 0.313 0.316 0.320 0.325 0.414 0.416 0.418 0.420 0.422 0.424 0.426 0.427 0.429 0.427
  33 24 2020 0.257 0.258 0.259 0.260 0.261 0.262 0.266 0.274 0.279 0.281 0.283 0.287 0.290 0.292 0.295 0.297 0.300 0.302 0.305 0.308 0.311 0.314 0.317 0.320 0.325 0.414 0.416 0.418 0.421 0.423 0.424 0.426 0.428 0.429 0.427
  34 12 2020 0.262 0.263 0.263 0.263 0.264 0.264 0.265 0.269 0.276 0.282 0.284 0.287 0.289 0.292 0.295 0.297 0.300 0.302 0.305 0.308 0.311 0.314 0.317 0.320 0.325 0.414 0.416 0.418 0.421 0.423 0.424 0.426 0.428 0.429 0.427
  34 24 2020 0.262 0.262 0.263 0.263 0.264 0.265 0.268 0.274 0.277 0.280 0.283 0.286 0.289 0.292 0.294 0.297 0.300 0.302 0.305 0.308 0.311 0.314 0.317 0.320 0.325 0.414 0.416 0.419 0.421 0.423 0.425 0.426 0.428 0.429 0.427
  35 12 2020 0.265 0.266 0.266 0.266 0.267 0.267 0.268 0.272 0.277 0.281 0.284 0.286 0.289 0.291 0.294 0.297 0.299 0.302 0.305 0.308 0.311 0.314 0.317 0.320 0.325 0.414 0.416 0.419 0.421 0.423 0.425 0.426 0.428 0.429 0.427
  35 24 2020 0.262 0.263 0.263 0.264 0.265 0.265 0.268 0.275 0.281 0.282 0.283 0.286 0.289 0.291 0.294 0.297 0.299 0.302 0.305 0.308 0.311 0.314 0.317 0.320 0.326 0.414 0.416 0.419 0.421 0.423 0.425 0.426 0.428 0.429 0.427
  36 12 2020 0.266 0.267 0.267 0.268 0.268 0.268 0.270 0.275 0.279 0.284 0.285 0.287 0.289 0.291 0.294 0.296 0.299 0.302 0.305 0.308 0.311 0.314 0.317 0.321 0.326 0.414 0.417 0.419 0.421 0.423 0.425 0.426 0.428 0.429 0.427
  36 24 2020 0.263 0.264 0.264 0.265 0.266 0.267 0.270 0.275 0.279 0.282 0.285 0.287 0.289 0.291 0.294 0.296 0.299 0.302 0.305 0.308 0.311 0.314 0.317 0.321 0.326 0.414 0.417 0.419 0.421 0.423 0.425 0.426 0.428 0.429 0.427
  37 12 2020 0.259 0.260 0.261 0.261 0.261 0.262 0.262 0.264 0.272 0.280 0.284 0.287 0.289 0.291 0.294 0.296 0.299 0.302 0.305 0.308 0.311 0.314 0.317 0.321 0.326 0.414 0.417 0.419 0.421 0.423 0.425 0.426 0.428 0.429 0.427
  37 24 2020 0.255 0.256 0.257 0.258 0.259 0.260 0.264 0.267 0.268 0.275 0.281 0.285 0.288 0.291 0.294 0.296 0.299 0.302 0.305 0.308 0.311 0.314 0.317 0.321 0.326 0.414 0.417 0.419 0.421 0.423 0.425 0.427 0.428 0.429 0.427
  38 12 2020 0.257 0.257 0.257 0.257 0.258 0.258 0.258 0.258 0.266 0.273 0.279 0.284 0.287 0.291 0.294 0.296 0.299 0.302 0.305 0.308 0.311 0.314 0.317 0.321 0.326 0.414 0.417 0.419 0.421 0.423 0.425 0.427 0.428 0.429 0.427
  38 24 2020 0.253 0.254 0.255 0.256 0.257 0.258 0.263 0.272 0.270 0.272 0.277 0.282 0.286 0.290 0.293 0.296 0.299 0.302 0.305 0.308 0.311 0.314 0.317 0.321 0.326 0.414 0.417 0.419 0.421 0.423 0.425 0.427 0.428 0.429 0.427
  39 12 2020 0.260 0.261 0.261 0.261 0.262 0.262 0.264 0.267 0.272 0.276 0.279 0.282 0.286 0.289 0.292 0.296 0.299 0.302 0.305 0.308 0.311 0.314 0.317 0.321 0.326 0.415 0.417 0.419 0.421 0.423 0.425 0.427 0.428 0.429 0.427
  39 24 2020 0.259 0.260 0.260 0.261 0.261 0.262 0.265 0.271 0.278 0.277 0.279 0.282 0.285 0.289 0.292 0.295 0.298 0.301 0.305 0.308 0.311 0.314 0.317 0.321 0.326 0.415 0.417 0.419 0.421 0.423 0.425 0.427 0.428 0.429 0.427
  40 12 2020 0.263 0.264 0.264 0.264 0.265 0.265 0.267 0.272 0.277 0.280 0.281 0.283 0.286 0.289 0.292 0.295 0.298 0.301 0.304 0.308 0.311 0.314 0.317 0.321 0.326 0.415 0.417 0.419 0.421 0.423 0.425 0.427 0.428 0.429 0.427
  40 24 2020 0.262 0.263 0.263 0.264 0.264 0.265 0.267 0.272 0.277 0.280 0.282 0.284 0.286 0.289 0.292 0.295 0.298 0.301 0.304 0.307 0.311 0.314 0.317 0.321 0.326 0.415 0.417 0.419 0.421 0.423 0.425 0.427 0.428 0.429 0.427
  41 12 2020 0.265 0.265 0.266 0.266 0.266 0.267 0.268 0.272 0.276 0.280 0.282 0.284 0.287 0.289 0.292 0.295 0.298 0.301 0.304 0.307 0.311 0.314 0.317 0.321 0.326 0.415 0.417 0.419 0.421 0.423 0.425 0.427 0.428 0.429 0.427
  41 24 2020 0.264 0.264 0.265 0.265 0.265 0.266 0.268 0.273 0.277 0.279 0.281 0.284 0.287 0.289 0.292 0.295 0.298 0.301 0.304 0.307 0.311 0.314 0.317 0.321 0.326 0.415 0.417 0.419 0.421 0.423 0.425 0.427 0.428 0.429 0.427
  42 12 2020 0.266 0.266 0.266 0.267 0.267 0.267 0.268 0.271 0.275 0.279 0.281 0.284 0.287 0.289 0.292 0.295 0.298 0.301 0.304 0.307 0.311 0.314 0.317 0.321 0.326 0.415 0.417 0.419 0.421 0.423 0.425 0.427 0.428 0.429 0.427
  42 24 2020 0.264 0.264 0.265 0.265 0.266 0.266 0.269 0.273 0.275 0.278 0.281 0.284 0.287 0.289 0.292 0.295 0.298 0.301 0.304 0.307 0.311 0.314 0.317 0.321 0.326 0.415 0.417 0.419 0.421 0.423 0.425 0.427 0.428 0.429 0.427
  43 12 2020 0.266 0.266 0.267 0.267 0.267 0.267 0.269 0.272 0.275 0.278 0.281 0.284 0.286 0.289 0.292 0.295 0.298 0.301 0.304 0.307 0.311 0.314 0.317 0.321 0.326 0.415 0.417 0.419 0.421 0.423 0.425 0.427 0.428 0.429 0.427
  43 24 2020 0.264 0.264 0.265 0.265 0.266 0.266 0.268 0.272 0.275 0.278 0.281 0.284 0.286 0.289 0.292 0.295 0.298 0.301 0.304 0.307 0.311 0.314 0.317 0.321 0.326 0.415 0.417 0.419 0.421 0.423 0.425 0.427 0.428 0.429 0.427
  44 12 2020 0.266 0.266 0.267 0.267 0.267 0.267 0.269 0.272 0.275 0.278 0.281 0.283 0.286 0.289 0.292 0.295 0.298 0.301 0.304 0.307 0.311 0.314 0.317 0.321 0.326 0.415 0.417 0.419 0.421 0.423 0.425 0.427 0.428 0.429 0.427
  44 24 2020 0.265 0.265 0.266 0.266 0.266 0.267 0.269 0.272 0.275 0.278 0.280 0.283 0.286 0.289 0.292 0.295 0.298 0.301 0.304 0.307 0.311 0.314 0.317 0.321 0.326 0.415 0.417 0.419 0.421 0.423 0.425 0.427 0.428 0.429 0.427
  45 12 2020 0.265 0.266 0.266 0.266 0.266 0.266 0.267 0.270 0.274 0.277 0.280 0.283 0.286 0.289 0.292 0.295 0.298 0.301 0.304 0.307 0.311 0.314 0.317 0.321 0.326 0.415 0.417 0.419 0.421 0.423 0.425 0.427 0.428 0.429 0.427
  45 24 2020 0.263 0.264 0.264 0.265 0.265 0.266 0.268 0.272 0.274 0.277 0.280 0.283 0.286 0.289 0.292 0.295 0.298 0.301 0.304 0.307 0.311 0.314 0.317 0.321 0.326 0.415 0.417 0.419 0.421 0.423 0.425 0.427 0.428 0.429 0.427
  46 12 2020 0.265 0.266 0.266 0.266 0.266 0.266 0.268 0.271 0.274 0.277 0.280 0.283 0.286 0.289 0.292 0.295 0.298 0.301 0.304 0.307 0.311 0.314 0.317 0.321 0.326 0.415 0.417 0.419 0.421 0.423 0.425 0.427 0.428 0.429 0.427
  46 24 2020 0.263 0.264 0.264 0.265 0.265 0.266 0.268 0.271 0.274 0.277 0.280 0.283 0.286 0.289 0.292 0.295 0.298 0.301 0.304 0.307 0.310 0.314 0.317 0.321 0.326 0.415 0.417 0.419 0.421 0.423 0.425 0.427 0.428 0.429 0.427
  47 12 2020 0.265 0.265 0.266 0.266 0.266 0.266 0.268 0.271 0.274 0.277 0.280 0.283 0.286 0.289 0.292 0.295 0.298 0.301 0.304 0.307 0.310 0.314 0.317 0.321 0.326 0.415 0.417 0.419 0.421 0.423 0.425 0.427 0.428 0.429 0.427
  47 24 2020 0.262 0.262 0.263 0.263 0.264 0.264 0.267 0.271 0.274 0.277 0.280 0.283 0.286 0.288 0.291 0.294 0.298 0.301 0.304 0.307 0.310 0.314 0.317 0.321 0.326 0.415 0.417 0.419 0.421 0.423 0.425 0.427 0.428 0.429 0.427
  48 12 2020 0.263 0.264 0.264 0.264 0.265 0.265 0.266 0.270 0.273 0.276 0.280 0.282 0.285 0.288 0.291 0.294 0.298 0.301 0.304 0.307 0.310 0.314 0.317 0.321 0.326 0.415 0.417 0.419 0.421 0.423 0.425 0.427 0.428 0.429 0.427
  48 24 2020 0.261 0.261 0.262 0.262 0.263 0.263 0.266 0.270 0.273 0.276 0.279 0.282 0.285 0.288 0.291 0.294 0.297 0.301 0.304 0.307 0.310 0.314 0.317 0.321 0.326 0.415 0.417 0.419 0.421 0.423 0.425 0.427 0.428 0.429 0.427
  49 12 2020 0.260 0.260 0.260 0.260 0.260 0.260 0.260 0.261 0.269 0.275 0.279 0.282 0.285 0.288 0.291 0.294 0.297 0.301 0.304 0.307 0.310 0.314 0.317 0.321 0.326 0.415 0.417 0.419 0.421 0.423 0.425 0.427 0.428 0.429 0.427
  49 24 2020 0.259 0.260 0.260 0.261 0.261 0.262 0.265 0.270 0.270 0.273 0.278 0.282 0.285 0.288 0.291 0.294 0.297 0.300 0.304 0.307 0.310 0.314 0.317 0.321 0.326 0.415 0.417 0.419 0.421 0.423 0.425 0.427 0.428 0.429 0.427
  50 12 2020 0.263 0.263 0.264 0.264 0.264 0.264 0.266 0.269 0.273 0.276 0.278 0.281 0.285 0.288 0.291 0.294 0.297 0.300 0.304 0.307 0.310 0.314 0.317 0.321 0.326 0.415 0.417 0.419 0.421 0.423 0.425 0.427 0.428 0.429 0.427
  50 24 2020 0.260 0.260 0.261 0.261 0.262 0.263 0.265 0.270 0.273 0.275 0.278 0.281 0.284 0.288 0.291 0.294 0.297 0.300 0.304 0.307 0.310 0.314 0.317 0.321 0.326 0.415 0.417 0.419 0.421 0.423 0.425 0.427 0.428 0.429 0.427
  51 12 2020 0.263 0.263 0.263 0.264 0.264 0.264 0.266 0.269 0.273 0.276 0.278 0.281 0.284 0.288 0.291 0.294 0.297 0.300 0.304 0.307 0.310 0.314 0.317 0.321 0.326 0.415 0.417 0.419 0.421 0.423 0.425 0.427 0.428 0.429 0.427
  51 24 2020 0.259 0.260 0.261 0.261 0.262 0.262 0.265 0.269 0.272 0.275 0.278 0.281 0.284 0.288 0.291 0.294 0.297 0.300 0.303 0.307 0.310 0.314 0.317 0.321 0.326 0.414 0.417 0.419 0.421 0.423 0.425 0.427 0.428 0.429 0.427
  52 12 2020 0.262 0.262 0.262 0.263 0.263 0.263 0.265 0.268 0.272 0.275 0.278 0.281 0.284 0.287 0.291 0.294 0.297 0.300 0.303 0.307 0.310 0.314 0.317 0.321 0.326 0.414 0.417 0.419 0.421 0.423 0.425 0.427 0.428 0.429 0.427
  52 24 2020 0.259 0.259 0.260 0.261 0.261 0.262 0.264 0.268 0.272 0.275 0.278 0.281 0.284 0.287 0.291 0.294 0.297 0.300 0.303 0.307 0.310 0.313 0.317 0.321 0.326 0.414 0.417 0.419 0.421 0.423 0.425 0.427 0.428 0.429 0.427
  53 12 2020 0.261 0.261 0.261 0.262 0.262 0.262 0.264 0.268 0.271 0.275 0.278 0.281 0.284 0.287 0.290 0.294 0.297 0.300 0.303 0.307 0.310 0.313 0.317 0.321 0.326 0.414 0.417 0.419 0.421 0.423 0.425 0.427 0.428 0.429 0.427
  53 24 2020 0.259 0.259 0.260 0.260 0.261 0.261 0.264 0.268 0.271 0.275 0.278 0.281 0.284 0.287 0.290 0.294 0.297 0.300 0.303 0.307 0.310 0.313 0.317 0.320 0.326 0.414 0.417 0.419 0.421 0.423 0.425 0.427 0.428 0.429 0.427
  54 12 2020 0.262 0.262 0.262 0.262 0.263 0.263 0.264 0.267 0.271 0.274 0.278 0.281 0.284 0.287 0.290 0.293 0.297 0.300 0.303 0.306 0.310 0.313 0.317 0.320 0.326 0.414 0.417 0.419 0.421 0.423 0.425 0.427 0.428 0.429 0.427
  54 24 2020 0.261 0.261 0.261 0.262 0.262 0.263 0.264 0.268 0.271 0.274 0.277 0.281 0.284 0.287 0.290 0.293 0.297 0.300 0.303 0.306 0.310 0.313 0.317 0.320 0.326 0.414 0.417 0.419 0.421 0.423 0.425 0.427 0.428 0.429 0.427
  55 12 2020 0.262 0.263 0.263 0.263 0.263 0.263 0.265 0.268 0.271 0.274 0.277 0.281 0.284 0.287 0.290 0.293 0.297 0.300 0.303 0.306 0.310 0.313 0.317 0.320 0.326 0.414 0.417 0.419 0.421 0.423 0.425 0.427 0.428 0.429 0.427
  55 24 2020 0.262 0.262 0.262 0.263 0.263 0.263 0.265 0.268 0.271 0.274 0.277 0.281 0.284 0.287 0.290 0.293 0.296 0.300 0.303 0.306 0.310 0.313 0.317 0.320 0.326 0.414 0.417 0.419 0.421 0.423 0.425 0.427 0.428 0.429 0.427
  56 12 2020 0.263 0.263 0.263 0.264 0.264 0.264 0.265 0.268 0.271 0.274 0.277 0.280 0.284 0.287 0.290 0.293 0.296 0.300 0.303 0.306 0.310 0.313 0.317 0.320 0.326 0.414 0.417 0.419 0.421 0.423 0.425 0.427 0.428 0.429 0.427
  56 24 2020 0.260 0.261 0.261 0.262 0.262 0.263 0.265 0.268 0.271 0.274 0.277 0.280 0.284 0.287 0.290 0.293 0.296 0.300 0.303 0.306 0.310 0.313 0.317 0.320 0.326 0.414 0.417 0.419 0.421 0.423 0.425 0.427 0.428 0.429 0.427
  57 12 2020 0.262 0.262 0.262 0.263 0.263 0.263 0.265 0.268 0.271 0.274 0.277 0.280 0.284 0.287 0.290 0.293 0.296 0.299 0.303 0.306 0.310 0.313 0.317 0.320 0.326 0.414 0.417 0.419 0.421 0.423 0.425 0.427 0.428 0.429 0.427
  57 24 2020 0.257 0.258 0.259 0.259 0.260 0.260 0.263 0.268 0.271 0.274 0.277 0.280 0.283 0.287 0.290 0.293 0.296 0.299 0.303 0.306 0.310 0.313 0.316 0.320 0.326 0.414 0.417 0.419 0.421 0.423 0.425 0.427 0.428 0.429 0.427
  58 12 2020 0.260 0.260 0.260 0.261 0.261 0.261 0.263 0.267 0.271 0.274 0.277 0.280 0.283 0.287 0.290 0.293 0.296 0.299 0.303 0.306 0.309 0.313 0.316 0.320 0.325 0.414 0.417 0.419 0.421 0.423 0.425 0.427 0.428 0.429 0.427
  58 24 2020 0.259 0.259 0.260 0.260 0.261 0.261 0.263 0.267 0.270 0.274 0.277 0.280 0.283 0.286 0.290 0.293 0.296 0.299 0.303 0.306 0.309 0.313 0.316 0.320 0.325 0.414 0.417 0.419 0.421 0.423 0.425 0.426 0.428 0.429 0.427
  59 12 2020 0.261 0.261 0.261 0.261 0.262 0.262 0.263 0.267 0.270 0.274 0.277 0.280 0.283 0.286 0.290 0.293 0.296 0.299 0.303 0.306 0.309 0.313 0.316 0.320 0.325 0.414 0.416 0.419 0.421 0.423 0.425 0.426 0.428 0.429 0.427
  59 24 2020 0.263 0.263 0.263 0.263 0.263 0.263 0.264 0.267 0.270 0.273 0.277 0.280 0.283 0.286 0.289 0.293 0.296 0.299 0.303 0.306 0.309 0.313 0.316 0.320 0.325 0.414 0.416 0.419 0.421 0.423 0.425 0.426 0.428 0.429 0.427
  60 12 2020 0.264 0.264 0.264 0.264 0.264 0.264 0.265 0.268 0.270 0.273 0.277 0.280 0.283 0.286 0.289 0.293 0.296 0.299 0.302 0.306 0.309 0.313 0.316 0.320 0.325 0.414 0.416 0.419 0.421 0.423 0.425 0.426 0.428 0.429 0.427
  60 24 2020 0.272 0.268 0.267 0.267 0.267 0.267 0.267 0.268 0.271 0.274 0.277 0.280 0.283 0.286 0.289 0.293 0.296 0.299 0.302 0.306 0.309 0.313 0.316 0.320 0.325 0.414 0.416 0.419 0.421 0.423 0.425 0.426 0.428 0.429 0.427
  61 12 2020 0.265 0.266 0.266 0.266 0.266 0.267 0.268 0.269 0.271 0.274 0.277 0.280 0.283 0.286 0.289 0.292 0.296 0.299 0.302 0.306 0.309 0.313 0.316 0.320 0.325 0.414 0.416 0.419 0.421 0.423 0.425 0.426 0.428 0.429 0.427
  61 24 2020 0.261 0.262 0.262 0.263 0.263 0.264 0.266 0.269 0.272 0.274 0.277 0.280 0.283 0.286 0.289 0.292 0.296 0.299 0.302 0.306 0.309 0.313 0.316 0.320 0.325 0.414 0.416 0.419 0.421 0.423 0.425 0.426 0.428 0.429 0.427
  62 12 2020 0.263 0.263 0.264 0.264 0.264 0.264 0.266 0.269 0.272 0.274 0.277 0.280 0.283 0.286 0.289 0.292 0.296 0.299 0.302 0.306 0.309 0.312 0.316 0.320 0.325 0.414 0.416 0.419 0.421 0.423 0.425 0.426 0.428 0.429 0.427
  62 24 2020 0.259 0.260 0.260 0.261 0.262 0.262 0.265 0.268 0.271 0.274 0.277 0.280 0.283 0.286 0.289 0.292 0.296 0.299 0.302 0.306 0.309 0.312 0.316 0.320 0.325 0.414 0.416 0.419 0.421 0.423 0.425 0.426 0.428 0.429 0.427
  63 12 2020 0.262 0.262 0.263 0.263 0.263 0.264 0.265 0.268 0.271 0.274 0.277 0.280 0.283 0.286 0.289 0.292 0.296 0.299 0.302 0.305 0.309 0.312 0.316 0.319 0.325 0.414 0.416 0.419 0.421 0.423 0.425 0.426 0.428 0.429 0.427
  63 24 2020 0.254 0.255 0.256 0.257 0.258 0.259 0.263 0.267 0.271 0.274 0.277 0.280 0.283 0.286 0.289 0.292 0.296 0.299 0.302 0.305 0.309 0.312 0.316 0.319 0.325 0.414 0.416 0.418 0.421 0.423 0.425 0.426 0.428 0.429 0.427
  64 12 2020 0.259 0.259 0.260 0.260 0.260 0.261 0.262 0.266 0.270 0.274 0.277 0.280 0.283 0.286 0.289 0.292 0.295 0.299 0.302 0.305 0.309 0.312 0.316 0.319 0.325 0.414 0.416 0.418 0.421 0.423 0.425 0.426 0.428 0.429 0.427
  64 24 2020 0.254 0.255 0.256 0.257 0.257 0.258 0.261 0.266 0.270 0.273 0.277 0.280 0.283 0.286 0.289 0.292 0.295 0.299 0.302 0.305 0.309 0.312 0.316 0.319 0.325 0.414 0.416 0.418 0.421 0.423 0.425 0.426 0.428 0.429 0.427
  65 12 2020 0.258 0.259 0.259 0.259 0.259 0.260 0.261 0.265 0.269 0.273 0.276 0.280 0.283 0.286 0.289 0.292 0.295 0.299 0.302 0.305 0.309 0.312 0.316 0.319 0.325 0.414 0.416 0.418 0.421 0.423 0.425 0.426 0.428 0.429 0.427
  65 24 2020 0.255 0.256 0.256 0.257 0.258 0.258 0.261 0.265 0.269 0.273 0.276 0.279 0.283 0.286 0.289 0.292 0.295 0.299 0.302 0.305 0.309 0.312 0.316 0.319 0.325 0.414 0.416 0.418 0.421 0.423 0.424 0.426 0.428 0.429 0.427
  66 12 2020 0.258 0.258 0.258 0.259 0.259 0.259 0.261 0.265 0.269 0.273 0.276 0.279 0.283 0.286 0.289 0.292 0.295 0.299 0.302 0.305 0.309 0.312 0.316 0.319 0.325 0.414 0.416 0.418 0.421 0.423 0.424 0.426 0.428 0.429 0.427
  66 24 2020 0.254 0.255 0.255 0.256 0.257 0.257 0.260 0.265 0.269 0.272 0.276 0.279 0.282 0.286 0.289 0.292 0.295 0.298 0.302 0.305 0.309 0.312 0.316 0.319 0.325 0.413 0.416 0.418 0.420 0.423 0.424 0.426 0.428 0.429 0.427
  67 12 2020 0.257 0.258 0.258 0.258 0.258 0.259 0.260 0.264 0.268 0.272 0.276 0.279 0.282 0.285 0.289 0.292 0.295 0.298 0.302 0.305 0.308 0.312 0.315 0.319 0.324 0.413 0.416 0.418 0.420 0.423 0.424 0.426 0.428 0.429 0.427
  67 24 2020 0.255 0.255 0.256 0.256 0.257 0.258 0.260 0.264 0.268 0.272 0.275 0.279 0.282 0.285 0.289 0.292 0.295 0.298 0.302 0.305 0.308 0.312 0.315 0.319 0.324 0.413 0.416 0.418 0.420 0.422 0.424 0.426 0.428 0.429 0.427
  68 12 2020 0.259 0.259 0.259 0.259 0.259 0.260 0.261 0.264 0.268 0.272 0.275 0.279 0.282 0.285 0.288 0.292 0.295 0.298 0.302 0.305 0.308 0.312 0.315 0.319 0.324 0.413 0.416 0.418 0.420 0.422 0.424 0.426 0.427 0.429 0.427
  68 24 2020 0.256 0.257 0.257 0.258 0.258 0.259 0.261 0.265 0.268 0.272 0.275 0.278 0.282 0.285 0.288 0.292 0.295 0.298 0.302 0.305 0.308 0.312 0.315 0.319 0.324 0.413 0.416 0.418 0.420 0.422 0.424 0.426 0.427 0.429 0.427
  69 12 2020 0.259 0.259 0.259 0.260 0.260 0.260 0.261 0.265 0.268 0.272 0.275 0.278 0.282 0.285 0.288 0.292 0.295 0.298 0.301 0.305 0.308 0.312 0.315 0.319 0.324 0.413 0.416 0.418 0.420 0.422 0.424 0.426 0.427 0.429 0.427
  69 24 2020 0.256 0.257 0.257 0.258 0.258 0.259 0.261 0.265 0.268 0.272 0.275 0.278 0.282 0.285 0.288 0.291 0.295 0.298 0.301 0.305 0.308 0.312 0.315 0.319 0.324 0.413 0.416 0.418 0.420 0.422 0.424 0.426 0.427 0.429 0.427
  70 12 2020 0.259 0.260 0.260 0.260 0.260 0.260 0.262 0.265 0.268 0.271 0.275 0.278 0.282 0.285 0.288 0.291 0.295 0.298 0.301 0.305 0.308 0.312 0.315 0.319 0.324 0.413 0.416 0.418 0.420 0.422 0.424 0.426 0.427 0.429 0.427
  70 24 2020 0.255 0.255 0.256 0.257 0.257 0.258 0.261 0.265 0.268 0.271 0.275 0.278 0.281 0.285 0.288 0.291 0.295 0.298 0.301 0.305 0.308 0.312 0.315 0.319 0.324 0.413 0.416 0.418 0.420 0.422 0.424 0.426 0.427 0.429 0.427
  71 12 2020 0.258 0.259 0.259 0.259 0.259 0.260 0.261 0.264 0.268 0.271 0.275 0.278 0.281 0.285 0.288 0.291 0.294 0.298 0.301 0.305 0.308 0.311 0.315 0.319 0.324 0.413 0.416 0.418 0.420 0.422 0.424 0.426 0.427 0.429 0.427
  71 24 2020 0.255 0.256 0.256 0.257 0.257 0.258 0.260 0.264 0.268 0.271 0.275 0.278 0.281 0.285 0.288 0.291 0.294 0.298 0.301 0.304 0.308 0.311 0.315 0.318 0.324 0.413 0.416 0.418 0.420 0.422 0.424 0.426 0.427 0.429 0.427
  72 12 2020 0.259 0.259 0.259 0.260 0.260 0.260 0.261 0.264 0.268 0.271 0.275 0.278 0.281 0.284 0.288 0.291 0.294 0.298 0.301 0.304 0.308 0.311 0.315 0.318 0.324 0.413 0.415 0.418 0.420 0.422 0.424 0.426 0.427 0.429 0.427
  72 24 2020 0.255 0.256 0.256 0.257 0.257 0.258 0.261 0.264 0.268 0.271 0.275 0.278 0.281 0.284 0.288 0.291 0.294 0.298 0.301 0.304 0.308 0.311 0.315 0.318 0.324 0.413 0.415 0.418 0.420 0.422 0.424 0.426 0.427 0.429 0.427
  73 12 2020 0.258 0.258 0.258 0.259 0.259 0.259 0.261 0.264 0.268 0.271 0.274 0.278 0.281 0.284 0.288 0.291 0.294 0.298 0.301 0.304 0.308 0.311 0.315 0.318 0.324 0.413 0.415 0.418 0.420 0.422 0.424 0.426 0.427 0.429 0.427
  73 24 2020 0.254 0.254 0.255 0.256 0.256 0.257 0.260 0.264 0.268 0.271 0.274 0.278 0.281 0.284 0.288 0.291 0.294 0.297 0.301 0.304 0.308 0.311 0.315 0.318 0.324 0.413 0.415 0.418 0.420 0.422 0.424 0.426 0.427 0.428 0.427
  74 12 2020 0.258 0.258 0.258 0.259 0.259 0.259 0.260 0.264 0.267 0.271 0.274 0.278 0.281 0.284 0.287 0.291 0.294 0.297 0.301 0.304 0.308 0.311 0.315 0.318 0.324 0.413 0.415 0.418 0.420 0.422 0.424 0.426 0.427 0.428 0.427
  74 24 2020 0.253 0.254 0.255 0.255 0.256 0.257 0.260 0.264 0.267 0.271 0.274 0.278 0.281 0.284 0.287 0.291 0.294 0.297 0.301 0.304 0.307 0.311 0.314 0.318 0.324 0.413 0.415 0.418 0.420 0.422 0.424 0.426 0.427 0.428 0.427
  75 12 2020 0.253 0.254 0.255 0.255 0.256 0.256 0.259 0.263 0.267 0.271 0.274 0.277 0.281 0.284 0.287 0.291 0.294 0.297 0.301 0.304 0.307 0.311 0.314 0.318 0.323 0.413 0.415 0.418 0.420 0.422 0.424 0.426 0.427 0.428 0.427
  75 24 2020 0.249 0.250 0.251 0.252 0.253 0.254 0.257 0.263 0.267 0.270 0.274 0.277 0.281 0.284 0.287 0.291 0.294 0.297 0.301 0.304 0.307 0.311 0.314 0.318 0.323 0.413 0.415 0.418 0.420 0.422 0.424 0.426 0.427 0.428 0.427
  76 12 2020 0.253 0.254 0.254 0.254 0.255 0.255 0.257 0.262 0.266 0.270 0.274 0.277 0.281 0.284 0.287 0.290 0.294 0.297 0.300 0.304 0.307 0.311 0.314 0.318 0.323 0.413 0.415 0.418 0.420 0.422 0.424 0.426 0.427 0.428 0.427
  76 24 2020 0.252 0.253 0.253 0.254 0.254 0.255 0.257 0.262 0.266 0.270 0.274 0.277 0.280 0.284 0.287 0.290 0.294 0.297 0.300 0.304 0.307 0.311 0.314 0.318 0.323 0.413 0.415 0.417 0.420 0.422 0.424 0.426 0.427 0.428 0.427
  77 12 2020 0.254 0.254 0.255 0.255 0.255 0.256 0.258 0.262 0.266 0.270 0.273 0.277 0.280 0.284 0.287 0.290 0.294 0.297 0.300 0.304 0.307 0.311 0.314 0.318 0.323 0.413 0.415 0.417 0.420 0.422 0.424 0.426 0.427 0.428 0.427
  77 24 2020 0.253 0.253 0.254 0.254 0.254 0.255 0.257 0.262 0.266 0.269 0.273 0.277 0.280 0.284 0.287 0.290 0.294 0.297 0.300 0.304 0.307 0.311 0.314 0.318 0.323 0.412 0.415 0.417 0.420 0.422 0.424 0.426 0.427 0.428 0.427
  78 12 2020 0.256 0.256 0.256 0.256 0.257 0.257 0.258 0.262 0.266 0.269 0.273 0.277 0.280 0.283 0.287 0.290 0.293 0.297 0.300 0.304 0.307 0.310 0.314 0.318 0.323 0.412 0.415 0.417 0.420 0.422 0.424 0.425 0.427 0.428 0.427
  78 24 2020 0.256 0.256 0.257 0.257 0.257 0.257 0.259 0.262 0.266 0.269 0.273 0.276 0.280 0.283 0.287 0.290 0.293 0.297 0.300 0.303 0.307 0.310 0.314 0.317 0.323 0.412 0.415 0.417 0.420 0.422 0.424 0.425 0.427 0.428 0.427
  79 12 2020 0.258 0.258 0.258 0.258 0.258 0.259 0.260 0.262 0.266 0.269 0.273 0.276 0.280 0.283 0.287 0.290 0.293 0.297 0.300 0.303 0.307 0.310 0.314 0.317 0.323 0.412 0.415 0.417 0.420 0.422 0.424 0.425 0.427 0.428 0.427
  79 24 2020 0.252 0.253 0.254 0.255 0.255 0.256 0.259 0.263 0.266 0.269 0.273 0.276 0.280 0.283 0.286 0.290 0.293 0.296 0.300 0.303 0.307 0.310 0.314 0.317 0.323 0.412 0.415 0.417 0.419 0.422 0.424 0.425 0.427 0.428 0.427
  80 12 2020 0.252 0.253 0.254 0.254 0.255 0.255 0.258 0.262 0.266 0.269 0.273 0.276 0.280 0.283 0.286 0.290 0.293 0.296 0.300 0.303 0.307 0.310 0.314 0.317 0.323 0.412 0.415 0.417 0.419 0.422 0.424 0.425 0.427 0.428 0.427
  80 24 2020 0.240 0.242 0.244 0.246 0.247 0.249 0.254 0.261 0.265 0.269 0.273 0.276 0.280 0.283 0.286 0.290 0.293 0.296 0.300 0.303 0.307 0.310 0.314 0.317 0.323 0.412 0.415 0.417 0.419 0.422 0.424 0.425 0.427 0.428 0.427
  81 12 2020 0.248 0.248 0.249 0.250 0.250 0.251 0.253 0.260 0.265 0.269 0.273 0.276 0.279 0.283 0.286 0.290 0.293 0.296 0.300 0.303 0.306 0.310 0.314 0.317 0.323 0.412 0.415 0.417 0.419 0.422 0.423 0.425 0.427 0.428 0.427
  81 24 2020 0.239 0.241 0.242 0.244 0.245 0.246 0.252 0.259 0.264 0.268 0.272 0.276 0.279 0.283 0.286 0.289 0.293 0.296 0.300 0.303 0.306 0.310 0.313 0.317 0.322 0.412 0.415 0.417 0.419 0.421 0.423 0.425 0.427 0.428 0.427
  82 12 2020 0.246 0.247 0.247 0.248 0.248 0.249 0.251 0.258 0.263 0.268 0.272 0.276 0.279 0.283 0.286 0.289 0.293 0.296 0.299 0.303 0.306 0.310 0.313 0.317 0.322 0.412 0.415 0.417 0.419 0.421 0.423 0.425 0.427 0.428 0.427
  82 24 2020 0.234 0.237 0.239 0.241 0.242 0.244 0.250 0.257 0.263 0.267 0.272 0.275 0.279 0.282 0.286 0.289 0.293 0.296 0.299 0.303 0.306 0.310 0.313 0.317 0.322 0.412 0.414 0.417 0.419 0.421 0.423 0.425 0.427 0.428 0.427
  83 12 2020 0.244 0.244 0.244 0.245 0.245 0.246 0.249 0.256 0.262 0.267 0.271 0.275 0.279 0.282 0.286 0.289 0.293 0.296 0.299 0.303 0.306 0.310 0.313 0.317 0.322 0.412 0.414 0.417 0.419 0.421 0.423 0.425 0.427 0.428 0.427
  83 24 2020 0.236 0.237 0.239 0.240 0.242 0.243 0.249 0.256 0.261 0.266 0.271 0.275 0.279 0.282 0.286 0.289 0.292 0.296 0.299 0.303 0.306 0.310 0.313 0.317 0.322 0.412 0.414 0.417 0.419 0.421 0.423 0.425 0.427 0.428 0.427
  84 12 2020 0.241 0.242 0.243 0.243 0.244 0.244 0.248 0.255 0.261 0.266 0.270 0.274 0.278 0.282 0.285 0.289 0.292 0.296 0.299 0.303 0.306 0.309 0.313 0.317 0.322 0.412 0.414 0.417 0.419 0.421 0.423 0.425 0.427 0.428 0.427
  84 24 2020 0.233 0.235 0.236 0.238 0.239 0.241 0.247 0.254 0.260 0.265 0.270 0.274 0.278 0.282 0.285 0.289 0.292 0.296 0.299 0.302 0.306 0.309 0.313 0.317 0.322 0.412 0.414 0.417 0.419 0.421 0.423 0.425 0.427 0.428 0.427
  85 12 2020 0.240 0.241 0.242 0.242 0.243 0.244 0.247 0.254 0.260 0.265 0.270 0.274 0.278 0.281 0.285 0.289 0.292 0.295 0.299 0.302 0.306 0.309 0.313 0.316 0.322 0.412 0.414 0.417 0.419 0.421 0.423 0.425 0.427 0.428 0.427
  85 24 2020 0.235 0.236 0.237 0.238 0.240 0.241 0.246 0.253 0.259 0.265 0.269 0.274 0.278 0.281 0.285 0.288 0.292 0.295 0.299 0.302 0.306 0.309 0.313 0.316 0.322 0.412 0.414 0.417 0.419 0.421 0.423 0.425 0.427 0.428 0.427
  86 12 2020 0.239 0.240 0.241 0.242 0.242 0.243 0.246 0.253 0.259 0.264 0.269 0.273 0.277 0.281 0.285 0.288 0.292 0.295 0.299 0.302 0.306 0.309 0.313 0.316 0.322 0.412 0.414 0.417 0.419 0.421 0.423 0.425 0.427 0.428 0.427
  86 24 2020 0.226 0.229 0.231 0.233 0.235 0.237 0.244 0.253 0.259 0.264 0.269 0.273 0.277 0.281 0.284 0.288 0.292 0.295 0.299 0.302 0.305 0.309 0.313 0.316 0.322 0.411 0.414 0.416 0.419 0.421 0.423 0.425 0.426 0.428 0.427
  87 12 2020 0.235 0.236 0.237 0.237 0.238 0.239 0.243 0.251 0.258 0.264 0.268 0.273 0.277 0.281 0.284 0.288 0.291 0.295 0.298 0.302 0.305 0.309 0.312 0.316 0.322 0.411 0.414 0.416 0.419 0.421 0.423 0.425 0.426 0.428 0.427
  87 24 2020 0.216 0.220 0.224 0.227 0.230 0.233 0.241 0.251 0.257 0.263 0.268 0.272 0.276 0.280 0.284 0.288 0.291 0.295 0.298 0.302 0.305 0.309 0.312 0.316 0.321 0.411 0.414 0.416 0.419 0.421 0.423 0.425 0.426 0.428 0.427
  88 12 2020 0.228 0.229 0.230 0.231 0.232 0.233 0.239 0.249 0.257 0.263 0.268 0.272 0.276 0.280 0.284 0.288 0.291 0.295 0.298 0.302 0.305 0.309 0.312 0.316 0.321 0.411 0.414 0.416 0.419 0.421 0.423 0.425 0.426 0.428 0.427
  88 24 2020 0.224 0.226 0.227 0.229 0.231 0.232 0.239 0.248 0.256 0.262 0.267 0.272 0.276 0.280 0.284 0.287 0.291 0.294 0.298 0.302 0.305 0.309 0.312 0.316 0.321 0.411 0.414 0.416 0.419 0.421 0.423 0.425 0.426 0.428 0.427
  89 12 2020 0.233 0.233 0.234 0.234 0.235 0.235 0.239 0.248 0.255 0.261 0.267 0.271 0.276 0.280 0.283 0.287 0.291 0.294 0.298 0.301 0.305 0.308 0.312 0.316 0.321 0.411 0.414 0.416 0.419 0.421 0.423 0.425 0.426 0.428 0.427
  89 24 2020 0.226 0.228 0.229 0.231 0.232 0.233 0.239 0.248 0.255 0.261 0.266 0.271 0.275 0.279 0.283 0.287 0.291 0.294 0.298 0.301 0.305 0.308 0.312 0.316 0.321 0.411 0.414 0.416 0.418 0.421 0.423 0.425 0.426 0.428 0.427
  90 12 2020 0.234 0.235 0.235 0.235 0.236 0.236 0.240 0.247 0.255 0.261 0.266 0.271 0.275 0.279 0.283 0.287 0.290 0.294 0.298 0.301 0.305 0.308 0.312 0.315 0.321 0.411 0.414 0.416 0.418 0.421 0.423 0.425 0.426 0.428 0.427
  90 24 2020 0.229 0.230 0.231 0.233 0.234 0.235 0.240 0.248 0.254 0.260 0.266 0.270 0.275 0.279 0.283 0.287 0.290 0.294 0.297 0.301 0.305 0.308 0.312 0.315 0.321 0.411 0.413 0.416 0.418 0.421 0.423 0.424 0.426 0.428 0.427
  91 12 2020 0.234 0.234 0.235 0.235 0.236 0.236 0.240 0.247 0.254 0.260 0.265 0.270 0.274 0.279 0.283 0.286 0.290 0.294 0.297 0.301 0.304 0.308 0.312 0.315 0.321 0.411 0.413 0.416 0.418 0.420 0.423 0.424 0.426 0.428 0.427
  91 24 2020 0.272 0.255 0.251 0.250 0.249 0.248 0.245 0.248 0.254 0.260 0.265 0.270 0.274 0.278 0.282 0.286 0.290 0.294 0.297 0.301 0.304 0.308 0.311 0.315 0.321 0.411 0.413 0.416 0.418 0.420 0.422 0.424 0.426 0.428 0.427
  92 12 2020 0.252 0.252 0.253 0.253 0.252 0.252 0.251 0.251 0.255 0.260 0.265 0.270 0.274 0.278 0.282 0.286 0.290 0.293 0.297 0.301 0.304 0.308 0.311 0.315 0.320 0.411 0.413 0.416 0.418 0.420 0.422 0.424 0.426 0.427 0.427
  92 24 2020 0.244 0.245 0.246 0.246 0.247 0.248 0.250 0.253 0.256 0.260 0.265 0.269 0.274 0.278 0.282 0.286 0.290 0.293 0.297 0.300 0.304 0.308 0.311 0.315 0.320 0.411 0.413 0.416 0.418 0.420 0.422 0.424 0.426 0.427 0.427
  93 12 2020 0.246 0.247 0.247 0.248 0.248 0.249 0.250 0.253 0.257 0.261 0.265 0.269 0.274 0.278 0.282 0.286 0.289 0.293 0.297 0.300 0.304 0.307 0.311 0.315 0.320 0.410 0.413 0.416 0.418 0.420 0.422 0.424 0.426 0.427 0.427
  93 24 2020 0.231 0.233 0.235 0.237 0.239 0.240 0.247 0.253 0.257 0.261 0.265 0.269 0.274 0.278 0.282 0.285 0.289 0.293 0.296 0.300 0.304 0.307 0.311 0.315 0.320 0.410 0.413 0.415 0.418 0.420 0.422 0.424 0.426 0.427 0.427
  94 12 2020 0.239 0.240 0.240 0.241 0.242 0.242 0.245 0.252 0.257 0.261 0.265 0.269 0.274 0.278 0.281 0.285 0.289 0.293 0.296 0.300 0.304 0.307 0.311 0.314 0.320 0.410 0.413 0.415 0.418 0.420 0.422 0.424 0.426 0.427 0.427
  94 24 2020 0.225 0.228 0.230 0.232 0.234 0.236 0.243 0.251 0.256 0.261 0.265 0.269 0.274 0.277 0.281 0.285 0.289 0.293 0.296 0.300 0.303 0.307 0.311 0.314 0.320 0.410 0.413 0.415 0.418 0.420 0.422 0.424 0.426 0.427 0.427
  95 12 2020 0.235 0.236 0.237 0.238 0.238 0.239 0.242 0.250 0.256 0.261 0.265 0.269 0.273 0.277 0.281 0.285 0.289 0.292 0.296 0.300 0.303 0.307 0.310 0.314 0.320 0.410 0.413 0.415 0.418 0.420 0.422 0.424 0.426 0.427 0.427
  95 24 2020 0.222 0.225 0.227 0.229 0.231 0.233 0.241 0.249 0.255 0.260 0.265 0.269 0.273 0.277 0.281 0.285 0.289 0.292 0.296 0.300 0.303 0.307 0.310 0.314 0.320 0.410 0.413 0.415 0.418 0.420 0.422 0.424 0.426 0.427 0.427
  96 12 2020 0.257 0.244 0.243 0.243 0.242 0.242 0.242 0.248 0.255 0.260 0.265 0.269 0.273 0.277 0.281 0.285 0.289 0.292 0.296 0.299 0.303 0.307 0.310 0.314 0.319 0.410 0.413 0.415 0.417 0.420 0.422 0.424 0.426 0.427 0.427
  96 24 2020 0.246 0.246 0.246 0.246 0.246 0.246 0.246 0.250 0.255 0.260 0.265 0.269 0.273 0.277 0.281 0.285 0.288 0.292 0.296 0.299 0.303 0.306 0.310 0.314 0.319 0.410 0.412 0.415 0.417 0.420 0.422 0.424 0.426 0.427 0.427
  97 12 2020 0.245 0.246 0.246 0.247 0.247 0.247 0.248 0.251 0.255 0.260 0.264 0.269 0.273 0.277 0.281 0.285 0.288 0.292 0.296 0.299 0.303 0.306 0.310 0.314 0.319 0.410 0.412 0.415 0.417 0.420 0.422 0.424 0.425 0.427 0.427
  97 24 2020 0.234 0.236 0.237 0.239 0.240 0.241 0.246 0.251 0.256 0.260 0.264 0.269 0.273 0.277 0.281 0.284 0.288 0.292 0.295 0.299 0.303 0.306 0.310 0.313 0.319 0.410 0.412 0.415 0.417 0.420 0.422 0.424 0.425 0.427 0.427
  98 12 2020 0.241 0.241 0.242 0.242 0.243 0.243 0.245 0.251 0.256 0.260 0.264 0.269 0.273 0.277 0.281 0.284 0.288 0.292 0.295 0.299 0.302 0.306 0.310 0.313 0.319 0.409 0.412 0.415 0.417 0.419 0.422 0.424 0.425 0.427 0.427
  98 24 2020 0.224 0.227 0.230 0.232 0.234 0.236 0.243 0.250 0.256 0.260 0.264 0.269 0.273 0.277 0.280 0.284 0.288 0.292 0.295 0.299 0.302 0.306 0.310 0.313 0.319 0.409 0.412 0.415 0.417 0.419 0.422 0.423 0.425 0.427 0.427
  99 12 2020 0.234 0.235 0.236 0.236 0.237 0.238 0.241 0.249 0.255 0.260 0.264 0.269 0.273 0.276 0.280 0.284 0.288 0.291 0.295 0.299 0.302 0.306 0.309 0.313 0.319 0.409 0.412 0.415 0.417 0.419 0.421 0.423 0.425 0.427 0.427
  99 24 2020 0.218 0.221 0.224 0.227 0.229 0.231 0.240 0.248 0.255 0.260 0.264 0.268 0.272 0.276 0.280 0.284 0.288 0.291 0.295 0.299 0.302 0.306 0.309 0.313 0.318 0.409 0.412 0.414 0.417 0.419 0.421 0.423 0.425 0.427 0.427
 100 12 2020 0.231 0.232 0.232 0.233 0.233 0.234 0.238 0.247 0.254 0.259 0.264 0.268 0.272 0.276 0.280 0.284 0.288 0.291 0.295 0.298 0.302 0.306 0.309 0.313 0.318 0.409 0.412 0.414 0.417 0.419 0.421 0.423 0.425 0.427 0.427
 100 24 2020 0.217 0.220 0.223 0.225 0.228 0.230 0.238 0.247 0.253 0.259 0.264 0.268 0.272 0.276 0.280 0.284 0.287 0.291 0.295 0.298 0.302 0.305 0.309 0.313 0.318 0.409 0.412 0.414 0.417 0.419 0.421 0.423 0.425 0.427 0.427
 101 12 2020 0.231 0.232 0.232 0.232 0.233 0.233 0.237 0.246 0.253 0.258 0.263 0.268 0.272 0.276 0.280 0.284 0.287 0.291 0.295 0.298 0.302 0.305 0.309 0.313 0.318 0.409 0.412 0.414 0.417 0.419 0.421 0.423 0.425 0.427 0.427
 101 24 2020 0.231 0.231 0.232 0.232 0.233 0.234 0.238 0.245 0.252 0.258 0.263 0.268 0.272 0.276 0.280 0.284 0.287 0.291 0.294 0.298 0.302 0.305 0.309 0.312 0.318 0.409 0.411 0.414 0.417 0.419 0.421 0.423 0.425 0.427 0.427
 102 12 2020 0.236 0.237 0.238 0.238 0.238 0.238 0.240 0.246 0.252 0.258 0.263 0.267 0.272 0.276 0.280 0.283 0.287 0.291 0.294 0.298 0.301 0.305 0.309 0.312 0.318 0.409 0.411 0.414 0.416 0.419 0.421 0.423 0.425 0.426 0.427
 102 24 2020 0.217 0.220 0.223 0.226 0.228 0.230 0.238 0.246 0.252 0.258 0.263 0.267 0.272 0.276 0.279 0.283 0.287 0.291 0.294 0.298 0.301 0.305 0.309 0.312 0.318 0.409 0.411 0.414 0.416 0.419 0.421 0.423 0.425 0.426 0.427
 103 12 2020 0.229 0.230 0.231 0.232 0.233 0.233 0.237 0.245 0.252 0.257 0.262 0.267 0.271 0.275 0.279 0.283 0.287 0.290 0.294 0.298 0.301 0.305 0.308 0.312 0.318 0.408 0.411 0.414 0.416 0.419 0.421 0.423 0.425 0.426 0.427
 103 24 2020 0.213 0.217 0.220 0.223 0.225 0.227 0.235 0.245 0.251 0.257 0.262 0.267 0.271 0.275 0.279 0.283 0.287 0.290 0.294 0.298 0.301 0.305 0.308 0.312 0.317 0.408 0.411 0.414 0.416 0.419 0.421 0.423 0.425 0.426 0.427
 104 12 2020 0.222 0.224 0.225 0.226 0.227 0.228 0.234 0.243 0.251 0.257 0.262 0.267 0.271 0.275 0.279 0.283 0.287 0.290 0.294 0.297 0.301 0.305 0.308 0.312 0.317 0.408 0.411 0.414 0.416 0.418 0.421 0.423 0.425 0.426 0.427
 104 24 2020 0.200 0.206 0.211 0.215 0.218 0.221 0.232 0.243 0.250 0.256 0.262 0.266 0.271 0.275 0.279 0.283 0.286 0.290 0.294 0.297 0.301 0.304 0.308 0.312 0.317 0.408 0.411 0.414 0.416 0.418 0.421 0.423 0.425 0.426 0.427
 105 12 2020 0.217 0.219 0.220 0.221 0.222 0.223 0.230 0.241 0.250 0.256 0.261 0.266 0.271 0.275 0.279 0.283 0.286 0.290 0.294 0.297 0.301 0.304 0.308 0.312 0.317 0.408 0.411 0.413 0.416 0.418 0.421 0.423 0.424 0.426 0.427
 105 24 2020 0.189 0.197 0.204 0.209 0.213 0.217 0.229 0.241 0.249 0.255 0.261 0.266 0.270 0.274 0.278 0.282 0.286 0.290 0.293 0.297 0.301 0.304 0.308 0.311 0.317 0.408 0.411 0.413 0.416 0.418 0.420 0.423 0.424 0.426 0.427
 106 12 2020 0.211 0.213 0.214 0.215 0.217 0.218 0.226 0.239 0.248 0.255 0.261 0.266 0.270 0.274 0.278 0.282 0.286 0.290 0.293 0.297 0.300 0.304 0.308 0.311 0.317 0.408 0.411 0.413 0.416 0.418 0.420 0.422 0.424 0.426 0.427
 106 24 2020 0.182 0.192 0.199 0.205 0.209 0.213 0.225 0.238 0.247 0.254 0.260 0.265 0.270 0.274 0.278 0.282 0.286 0.289 0.293 0.297 0.300 0.304 0.308 0.311 0.317 0.408 0.411 0.413 0.416 0.418 0.420 0.422 0.424 0.426 0.427
 107 12 2020 0.206 0.208 0.210 0.211 0.213 0.214 0.223 0.237 0.247 0.254 0.260 0.265 0.270 0.274 0.278 0.282 0.286 0.289 0.293 0.297 0.300 0.304 0.307 0.311 0.316 0.408 0.410 0.413 0.416 0.418 0.420 0.422 0.424 0.426 0.427
 107 24 2020 0.176 0.188 0.195 0.201 0.206 0.210 0.223 0.236 0.246 0.253 0.259 0.265 0.269 0.274 0.278 0.282 0.285 0.289 0.293 0.296 0.300 0.304 0.307 0.311 0.316 0.408 0.410 0.413 0.415 0.418 0.420 0.422 0.424 0.426 0.427
 108 12 2020 0.202 0.204 0.206 0.207 0.209 0.211 0.221 0.235 0.245 0.253 0.259 0.264 0.269 0.273 0.278 0.281 0.285 0.289 0.293 0.296 0.300 0.304 0.307 0.311 0.316 0.407 0.410 0.413 0.415 0.418 0.420 0.422 0.424 0.426 0.427
 108 24 2020 0.171 0.184 0.192 0.198 0.203 0.207 0.220 0.235 0.245 0.252 0.258 0.264 0.269 0.273 0.277 0.281 0.285 0.289 0.293 0.296 0.300 0.303 0.307 0.311 0.316 0.407 0.410 0.413 0.415 0.418 0.420 0.422 0.424 0.426 0.427
 109 12 2020 0.198 0.201 0.203 0.204 0.206 0.208 0.218 0.234 0.244 0.252 0.258 0.264 0.268 0.273 0.277 0.281 0.285 0.289 0.292 0.296 0.300 0.303 0.307 0.310 0.316 0.407 0.410 0.413 0.415 0.418 0.420 0.422 0.424 0.426 0.427
 109 24 2020 0.166 0.181 0.190 0.196 0.201 0.205 0.218 0.233 0.243 0.251 0.258 0.263 0.268 0.273 0.277 0.281 0.285 0.289 0.292 0.296 0.299 0.303 0.307 0.310 0.316 0.407 0.410 0.413 0.415 0.418 0.420 0.422 0.424 0.426 0.427
 110 12 2020 0.195 0.198 0.200 0.202 0.203 0.205 0.216 0.232 0.243 0.251 0.257 0.263 0.268 0.272 0.277 0.281 0.285 0.288 0.292 0.296 0.299 0.303 0.307 0.310 0.316 0.407 0.410 0.412 0.415 0.417 0.420 0.422 0.424 0.426 0.427
 110 24 2020 0.162 0.178 0.187 0.194 0.199 0.203 0.216 0.232 0.242 0.250 0.257 0.262 0.268 0.272 0.276 0.280 0.284 0.288 0.292 0.296 0.299 0.303 0.306 0.310 0.315 0.407 0.410 0.412 0.415 0.417 0.420 0.422 0.424 0.425 0.427
 111 12 2020 0.193 0.195 0.197 0.199 0.201 0.203 0.215 0.231 0.242 0.250 0.256 0.262 0.267 0.272 0.276 0.280 0.284 0.288 0.292 0.295 0.299 0.303 0.306 0.310 0.315 0.407 0.410 0.412 0.415 0.417 0.420 0.422 0.424 0.425 0.427
 111 24 2020 0.158 0.176 0.185 0.192 0.197 0.201 0.215 0.230 0.241 0.249 0.256 0.262 0.267 0.272 0.276 0.280 0.284 0.288 0.292 0.295 0.299 0.303 0.306 0.310 0.315 0.407 0.409 0.412 0.415 0.417 0.419 0.422 0.424 0.425 0.427
 112 12 2020 0.195 0.196 0.197 0.198 0.200 0.202 0.213 0.230 0.240 0.249 0.256 0.261 0.267 0.271 0.276 0.280 0.284 0.288 0.291 0.295 0.299 0.302 0.306 0.310 0.315 0.407 0.409 0.412 0.415 0.417 0.419 0.422 0.423 0.425 0.427
 112 24 2020 0.189 0.192 0.195 0.198 0.201 0.203 0.214 0.229 0.240 0.248 0.255 0.261 0.266 0.271 0.275 0.280 0.284 0.287 0.291 0.295 0.299 0.302 0.306 0.309 0.315 0.407 0.409 0.412 0.415 0.417 0.419 0.421 0.423 0.425 0.427
 113 12 2020 0.201 0.203 0.204 0.205 0.206 0.207 0.214 0.229 0.240 0.248 0.255 0.261 0.266 0.271 0.275 0.279 0.283 0.287 0.291 0.295 0.298 0.302 0.306 0.309 0.315 0.406 0.409 0.412 0.414 0.417 0.419 0.421 0.423 0.425 0.427
 113 24 2020 0.172 0.184 0.191 0.196 0.200 0.204 0.215 0.229 0.239 0.248 0.254 0.260 0.266 0.271 0.275 0.279 0.283 0.287 0.291 0.295 0.298 0.302 0.306 0.309 0.315 0.406 0.409 0.412 0.414 0.417 0.419 0.421 0.423 0.425 0.427
 114 12 2020 0.189 0.195 0.198 0.200 0.202 0.204 0.214 0.228 0.239 0.247 0.254 0.260 0.265 0.270 0.275 0.279 0.283 0.287 0.291 0.294 0.298 0.302 0.305 0.309 0.314 0.406 0.409 0.412 0.414 0.417 0.419 0.421 0.423 0.425 0.427
 114 24 2020 0.092 0.182 0.189 0.194 0.198 0.201 0.213 0.228 0.239 0.247 0.254 0.260 0.265 0.270 0.275 0.279 0.283 0.287 0.291 0.294 0.298 0.302 0.305 0.309 0.314 0.406 0.409 0.412 0.414 0.417 0.419 0.421 0.423 0.425 0.427
 115 12 2020 0.169 0.180 0.186 0.191 0.195 0.199 0.212 0.228 0.238 0.247 0.254 0.260 0.265 0.270 0.274 0.279 0.283 0.287 0.290 0.294 0.298 0.301 0.305 0.309 0.314 0.406 0.409 0.411 0.414 0.416 0.419 0.421 0.423 0.425 0.427
 115 24 2020 0.101 0.175 0.182 0.188 0.192 0.196 0.211 0.227 0.238 0.246 0.253 0.259 0.265 0.270 0.274 0.278 0.282 0.286 0.290 0.294 0.298 0.301 0.305 0.309 0.314 0.406 0.409 0.411 0.414 0.416 0.419 0.421 0.423 0.425 0.427
 116 12 2020 0.176 0.182 0.186 0.190 0.193 0.196 0.209 0.226 0.237 0.246 0.253 0.259 0.264 0.269 0.274 0.278 0.282 0.286 0.290 0.294 0.297 0.301 0.305 0.308 0.314 0.406 0.408 0.411 0.414 0.416 0.419 0.421 0.423 0.425 0.427
 116 24 2020 0.103 0.172 0.180 0.186 0.191 0.195 0.209 0.226 0.237 0.246 0.253 0.259 0.264 0.269 0.274 0.278 0.282 0.286 0.290 0.294 0.297 0.301 0.305 0.308 0.314 0.406 0.408 0.411 0.414 0.416 0.419 0.421 0.423 0.425 0.427
 117 12 2020 0.171 0.178 0.183 0.187 0.191 0.194 0.208 0.225 0.237 0.245 0.252 0.258 0.264 0.269 0.273 0.278 0.282 0.286 0.290 0.293 0.297 0.301 0.304 0.308 0.314 0.405 0.408 0.411 0.414 0.416 0.418 0.421 0.423 0.425 0.427
 117 24 2020 0.091 0.172 0.179 0.185 0.190 0.194 0.208 0.225 0.236 0.245 0.252 0.258 0.264 0.269 0.273 0.278 0.282 0.286 0.289 0.293 0.297 0.301 0.304 0.308 0.313 0.405 0.408 0.411 0.413 0.416 0.418 0.421 0.423 0.424 0.427
 118 12 2020 0.165 0.175 0.180 0.185 0.189 0.193 0.207 0.224 0.236 0.245 0.252 0.258 0.263 0.268 0.273 0.277 0.281 0.285 0.289 0.293 0.297 0.300 0.304 0.308 0.313 0.405 0.408 0.411 0.413 0.416 0.418 0.420 0.423 0.424 0.427
 118 24 2020 0.083 0.172 0.178 0.184 0.188 0.192 0.207 0.224 0.236 0.244 0.251 0.258 0.263 0.268 0.273 0.277 0.281 0.285 0.289 0.293 0.297 0.300 0.304 0.308 0.313 0.405 0.408 0.411 0.413 0.416 0.418 0.420 0.422 0.424 0.427
 119 12 2020 0.153 0.172 0.178 0.183 0.187 0.191 0.206 0.223 0.235 0.244 0.251 0.257 0.263 0.268 0.273 0.277 0.281 0.285 0.289 0.293 0.296 0.300 0.304 0.307 0.313 0.405 0.408 0.411 0.413 0.416 0.418 0.420 0.422 0.424 0.427
 119 24 2020 0.083 0.171 0.177 0.182 0.187 0.191 0.206 0.223 0.235 0.244 0.251 0.257 0.263 0.268 0.272 0.277 0.281 0.285 0.289 0.293 0.296 0.300 0.304 0.307 0.313 0.405 0.408 0.410 0.413 0.416 0.418 0.420 0.422 0.424 0.427
 120 12 2020 0.161 0.173 0.178 0.183 0.187 0.190 0.205 0.223 0.234 0.243 0.251 0.257 0.262 0.268 0.272 0.277 0.281 0.285 0.289 0.292 0.296 0.300 0.303 0.307 0.313 0.405 0.408 0.410 0.413 0.415 0.418 0.420 0.422 0.424 0.427
 120 24 2020 0.090 0.170 0.177 0.182 0.186 0.190 0.205 0.222 0.234 0.243 0.250 0.257 0.262 0.267 0.272 0.276 0.280 0.284 0.288 0.292 0.296 0.300 0.303 0.307 0.312 0.405 0.407 0.410 0.413 0.415 0.418 0.420 0.422 0.424 0.427
