 TOTAL WATER FLUX BETWEEN SOIL NODES (MM; DOWNWARD POSITIVE)
  DY HR  YR 0.0  0.01  0.02  0.03  0.04  0.05  0.10  0.20  0.30  0.40  0.50  0.60  0.70  0.80  0.90  1.00  1.10  1.20  1.30  1.40  1.50  1.60  1.70  1.80  1.95  2.05  2.15  2.25  2.35  2.45  2.55  2.65  2.75  2.85  2.95
 306 12 2019 -0.34 -0.21 -0.09  0.02  0.13  0.43  0.99  1.44  1.71  1.86  1.95  1.98  1.98  1.94  1.86  1.74  1.59  1.40  3.21  3.04  2.93  2.94  3.11  3.56  4.31 -3.81 -2.43 -1.34 -0.56 -0.06  0.20  0.28  0.19  0.00
 306 24 2019 -1.30 -1.24 -1.19 -1.12 -1.06 -0.86 -0.30  0.39  0.95  1.38  1.69  1.92  2.08  2.19  2.29  2.38  2.49  2.61  2.74  2.86  2.94  2.93  2.77  2.29  1.37  0.83  0.38  0.08 -0.08 -0.13 -0.12 -0.09 -0.04  0.00
 307 12 2019 -0.24 -0.20 -0.17 -0.14 -0.12 -0.04  0.11  0.34  0.61  0.89  1.18  1.44  1.67  1.87  2.04  2.19  2.31  2.40  2.46  2.47  2.44  2.33  2.16  1.84  1.40  1.16  0.94  0.73  0.54  0.39  0.26  0.15  0.06  0.00
 307 24 2019 -0.77 -0.75 -0.72 -0.69 -0.65 -0.54 -0.23  0.14  0.46  0.73  0.98  1.21  1.41  1.60  1.76  1.90  2.01  2.10  2.14  2.15  2.11  2.02  1.88  1.64  1.33  1.16  0.98  0.80  0.63  0.46  0.30  0.17  0.07  0.00
 308 12 2019 -0.21 -0.19 -0.17 -0.15 -0.13 -0.08  0.01  0.17  0.36  0.58  0.79  1.00  1.19  1.37  1.52  1.65  1.75  1.82  1.86  1.87  1.83  1.75  1.63  1.43  1.15  1.00  0.84  0.67  0.50  0.34  0.19  0.08  0.01  0.00
 308 24 2019 -0.71 -0.69 -0.67 -0.65 -0.62 -0.53 -0.29  0.02  0.27  0.49  0.69  0.87  1.03  1.18  1.32  1.43  1.52  1.58  1.61  1.61  1.57  1.49  1.36  1.16  0.88  0.74  0.59  0.44  0.29  0.16  0.06  0.01  0.00  0.00
 309 12 2019 -0.24 -0.21 -0.19 -0.17 -0.15 -0.10 -0.03  0.09  0.23  0.40  0.57  0.74  0.89  1.03  1.14  1.24  1.32  1.36  1.38  1.36  1.31  1.22  1.09  0.87  0.60  0.48  0.35  0.23  0.13  0.05  0.00  0.00  0.00  0.00
 309 24 2019 -0.99 -0.96 -0.93 -0.90 -0.86 -0.74 -0.44 -0.11  0.14  0.33  0.50  0.64  0.78  0.89  0.99  1.07  1.13  1.16  1.16  1.13  1.07  0.96  0.83  0.63  0.39  0.29  0.19  0.11  0.04  0.00  0.00  0.00  0.00  0.00
 310 12 2019 -0.39 -0.35 -0.32 -0.30 -0.28 -0.23 -0.18 -0.08  0.06  0.22  0.38  0.53  0.65  0.76  0.85  0.92  0.96  0.98  0.97  0.92  0.85  0.75  0.63  0.45  0.25  0.17  0.11  0.05  0.01  0.00  0.00  0.00  0.00  0.00
 310 24 2019 -1.51 -1.47 -1.42 -1.36 -1.31 -1.13 -0.70 -0.30 -0.04  0.15  0.30  0.43  0.55  0.64  0.72  0.77  0.80  0.81  0.79  0.75  0.68  0.58  0.48  0.32  0.16  0.11  0.06  0.02  0.00  0.00  0.00  0.00  0.00  0.00
 311 12 2019 -0.84 -0.76 -0.71 -0.66 -0.63 -0.55 -0.47 -0.34 -0.17  0.01  0.17  0.31  0.43  0.52  0.59  0.64  0.66  0.66  0.64  0.60  0.54  0.46  0.36  0.24  0.11  0.07  0.03  0.01  0.00  0.00  0.00  0.00  0.00  0.00
 311 24 2019 -1.57 -1.58 -1.58 -1.56 -1.53 -1.43 -1.02 -0.58 -0.29 -0.08  0.08  0.21  0.32  0.41  0.47  0.51  0.53  0.53  0.51  0.48  0.42  0.36  0.28  0.18  0.08  0.05  0.02  0.00  0.00  0.00  0.00  0.00  0.00  0.00
 312 12 2019 -0.33 -0.32 -0.32 -0.33 -0.34 -0.38 -0.50 -0.48 -0.35 -0.19 -0.04  0.10  0.21  0.29  0.36  0.40  0.42  0.42  0.40  0.37  0.33  0.27  0.21  0.13  0.05  0.03  0.01  0.00  0.00  0.00  0.00  0.00  0.00  0.00
 312 24 2019 -0.57 -0.60 -0.62 -0.63 -0.63 -0.63 -0.54 -0.41 -0.30 -0.19 -0.08  0.03  0.12  0.19  0.25  0.29  0.31  0.32  0.31  0.28  0.25  0.21  0.16  0.10  0.04  0.02  0.01  0.00  0.00  0.00  0.00  0.00  0.00  0.00
 313 12 2019 -0.26 -0.24 -0.22 -0.22 -0.21 -0.22 -0.28 -0.30 -0.26 -0.19 -0.10 -0.02  0.06  0.12  0.17  0.21  0.23  0.23  0.23  0.21  0.19  0.15  0.12  0.07  0.03  0.01  0.00  0.00  0.00  0.00  0.00  0.00 -0.00  0.00
 313 24 2019 -0.47 -0.49 -0.50 -0.51 -0.51 -0.49 -0.40 -0.30 -0.23 -0.17 -0.10 -0.04  0.02  0.07  0.11  0.14  0.16  0.16  0.16  0.15  0.13  0.11  0.08  0.05  0.02  0.01  0.00  0.00  0.00  0.00  0.00  0.00  0.00  0.00
 314 12 2019 -0.27 -0.25 -0.24 -0.23 -0.22 -0.22 -0.25 -0.26 -0.22 -0.17 -0.12 -0.06 -0.01  0.03  0.06  0.09  0.10  0.11  0.11  0.10  0.09  0.08  0.06  0.04  0.01  0.01  0.00  0.00  0.00 -0.00  0.00  0.00 -0.00  0.00
 314 24 2019 -0.58 -0.58 -0.58 -0.57 -0.56 -0.53 -0.40 -0.29 -0.22 -0.17 -0.12 -0.08 -0.04 -0.00  0.03  0.05  0.06  0.07  0.07  0.07  0.06  0.05  0.04  0.02  0.01  0.00  0.00  0.00  0.00  0.00  0.00  0.00  0.00  0.00
 315 12 2019 -0.14 -0.14 -0.14 -0.15 -0.16 -0.19 -0.26 -0.27 -0.23 -0.19 -0.14 -0.10 -0.06 -0.03 -0.00  0.01  0.03  0.04  0.04  0.04  0.04  0.03  0.02  0.01  0.00  0.00  0.00  0.00  0.00  0.00  0.00  0.00  0.00  0.00
 315 24 2019 -0.37 -0.37 -0.38 -0.38 -0.37 -0.36 -0.30 -0.25 -0.21 -0.18 -0.14 -0.11 -0.08 -0.05 -0.03 -0.01  0.00  0.01  0.02  0.02  0.02  0.01  0.01  0.01  0.00  0.00  0.00  0.00  0.00  0.00  0.00  0.00  0.00  0.00
 316 12 2019 -0.12 -0.13 -0.13 -0.14 -0.15 -0.17 -0.21 -0.23 -0.21 -0.18 -0.15 -0.12 -0.09 -0.07 -0.05 -0.03 -0.02 -0.01 -0.00 -0.00  0.00  0.00  0.00  0.00  0.00  0.00  0.00  0.00  0.00  0.00  0.00  0.00  0.00  0.00
 316 24 2019 -0.45 -0.44 -0.43 -0.41 -0.40 -0.36 -0.27 -0.22 -0.19 -0.17 -0.15 -0.13 -0.10 -0.08 -0.06 -0.05 -0.04 -0.03 -0.02 -0.01 -0.01 -0.01 -0.00 -0.00 -0.00 -0.00 -0.00  0.00  0.00  0.00  0.00  0.00  0.00  0.00
 317 12 2019 -0.37 -0.34 -0.31 -0.29 -0.28 -0.25 -0.24 -0.23 -0.21 -0.18 -0.15 -0.13 -0.11 -0.09 -0.08 -0.06 -0.05 -0.04 -0.03 -0.02 -0.02 -0.01 -0.01 -0.01 -0.00 -0.00 -0.00  0.00  0.00  0.00  0.00  0.00  0.00  0.00
 317 24 2019 -0.63 -0.64 -0.63 -0.63 -0.62 -0.58 -0.43 -0.30 -0.23 -0.19 -0.16 -0.14 -0.12 -0.10 -0.09 -0.07 -0.06 -0.05 -0.04 -0.03 -0.03 -0.02 -0.01 -0.01 -0.00 -0.00 -0.00  0.00  0.00  0.00  0.00  0.00  0.00  0.00
 318 12 2019 -0.21 -0.21 -0.22 -0.22 -0.23 -0.26 -0.31 -0.31 -0.27 -0.22 -0.19 -0.16 -0.13 -0.11 -0.10 -0.08 -0.07 -0.06 -0.05 -0.04 -0.03 -0.02 -0.02 -0.01 -0.00 -0.00 -0.00  0.00  0.00  0.00  0.00  0.00 -0.00  0.00
 318 24 2019 -0.59 -0.58 -0.57 -0.55 -0.54 -0.49 -0.38 -0.31 -0.26 -0.23 -0.20 -0.17 -0.15 -0.13 -0.11 -0.09 -0.08 -0.07 -0.06 -0.05 -0.04 -0.03 -0.02 -0.01 -0.00 -0.00 -0.00  0.00  0.00 -0.00  0.00  0.00  0.00  0.00
 319 12 2019 -0.20 -0.20 -0.21 -0.21 -0.22 -0.25 -0.31 -0.31 -0.28 -0.24 -0.21 -0.18 -0.16 -0.14 -0.12 -0.10 -0.09 -0.07 -0.06 -0.05 -0.04 -0.03 -0.02 -0.01 -0.00 -0.00 -0.00  0.00  0.00  0.00  0.00  0.00  0.00  0.00
 319 24 2019 -0.44 -0.44 -0.44 -0.44 -0.43 -0.40 -0.34 -0.29 -0.26 -0.24 -0.22 -0.19 -0.17 -0.15 -0.13 -0.11 -0.10 -0.08 -0.07 -0.06 -0.05 -0.04 -0.03 -0.02 -0.01 -0.00 -0.00  0.00  0.00  0.00  0.00  0.00  0.00  0.00
 320 12 2019 -0.12 -0.12 -0.13 -0.14 -0.15 -0.18 -0.25 -0.27 -0.26 -0.24 -0.22 -0.20 -0.17 -0.15 -0.14 -0.12 -0.10 -0.09 -0.08 -0.06 -0.05 -0.04 -0.03 -0.02 -0.01 -0.00 -0.00  0.00  0.00  0.00  0.00  0.00 -0.00  0.00
 320 24 2019 -0.40 -0.40 -0.39 -0.39 -0.38 -0.35 -0.29 -0.26 -0.24 -0.23 -0.21 -0.20 -0.18 -0.16 -0.14 -0.13 -0.11 -0.10 -0.08 -0.07 -0.06 -0.04 -0.03 -0.02 -0.01 -0.00 -0.00  0.00  0.00  0.00  0.00  0.00  0.00  0.00
 321 12 2019 -0.66 -0.61 -0.57 -0.53 -0.50 -0.41 -0.32 -0.28 -0.26 -0.23 -0.21 -0.20 -0.18 -0.16 -0.15 -0.13 -0.12 -0.10 -0.09 -0.07 -0.06 -0.05 -0.03 -0.02 -0.01 -0.00 -0.00  0.00  0.00  0.00  0.00  0.00 -0.00  0.00
 321 24 2019 -0.71 -0.73 -0.74 -0.74 -0.73 -0.70 -0.55 -0.40 -0.31 -0.26 -0.23 -0.20 -0.18 -0.17 -0.15 -0.13 -0.12 -0.10 -0.09 -0.08 -0.06 -0.05 -0.04 -0.02 -0.01 -0.00 -0.00  0.00  0.00  0.00  0.00  0.00 -0.00  0.00
 322 12 2019 -0.03 -0.07 -0.10 -0.13 -0.16 -0.24 -0.37 -0.38 -0.34 -0.30 -0.26 -0.22 -0.20 -0.17 -0.16 -0.14 -0.12 -0.11 -0.09 -0.08 -0.06 -0.05 -0.04 -0.02 -0.01 -0.00 -0.00  0.00  0.00  0.00  0.00  0.00  0.00  0.00
 322 24 2019 -0.02 -0.02 -0.03 -0.04 -0.05 -0.08 -0.18 -0.26 -0.29 -0.28 -0.26 -0.23 -0.21 -0.19 -0.16 -0.15 -0.13 -0.11 -0.10 -0.08 -0.07 -0.05 -0.04 -0.02 -0.01 -0.00 -0.00  0.00  0.00  0.00  0.00  0.00  0.00  0.00
 323 12 2019 -0.55 -0.51 -0.47 -0.44 -0.42 -0.35 -0.26 -0.24 -0.25 -0.25 -0.24 -0.23 -0.21 -0.19 -0.17 -0.15 -0.13 -0.12 -0.10 -0.09 -0.07 -0.06 -0.04 -0.02 -0.01 -0.00 -0.00  0.00  0.00  0.00  0.00  0.00  0.00  0.00
 323 24 2019 -0.56 -0.58 -0.59 -0.59 -0.59 -0.57 -0.45 -0.34 -0.28 -0.25 -0.24 -0.22 -0.21 -0.19 -0.17 -0.15 -0.14 -0.12 -0.10 -0.09 -0.07 -0.06 -0.04 -0.03 -0.01 -0.01 -0.00  0.00  0.00  0.00  0.00  0.00  0.00  0.00
 324 12 2019 -0.29 -0.26 -0.24 -0.22 -0.22 -0.22 -0.29 -0.32 -0.30 -0.27 -0.25 -0.23 -0.21 -0.19 -0.17 -0.16 -0.14 -0.12 -0.11 -0.09 -0.08 -0.06 -0.04 -0.03 -0.01 -0.01 -0.00  0.00  0.00  0.00  0.00  0.00  0.00  0.00
 324 24 2019 -0.82 -0.84 -0.83 -0.82 -0.81 -0.75 -0.54 -0.38 -0.31 -0.28 -0.25 -0.23 -0.21 -0.19 -0.18 -0.16 -0.14 -0.12 -0.11 -0.09 -0.08 -0.06 -0.05 -0.03 -0.01 -0.01 -0.00  0.00  0.00  0.00  0.00  0.00  0.00  0.00
 325 12 2019 -0.16 -0.16 -0.16 -0.17 -0.18 -0.23 -0.34 -0.37 -0.35 -0.31 -0.27 -0.24 -0.22 -0.20 -0.18 -0.16 -0.14 -0.13 -0.11 -0.09 -0.08 -0.06 -0.05 -0.03 -0.01 -0.01 -0.00  0.00  0.00  0.00  0.00  0.00 -0.00  0.00
 325 24 2019 -0.45 -0.47 -0.48 -0.48 -0.48 -0.47 -0.40 -0.35 -0.32 -0.30 -0.28 -0.25 -0.23 -0.21 -0.18 -0.17 -0.15 -0.13 -0.11 -0.10 -0.08 -0.06 -0.05 -0.03 -0.01 -0.01 -0.00  0.00  0.00  0.00  0.00  0.00  0.00  0.00
 326 12 2019 -0.25 -0.23 -0.20 -0.19 -0.19 -0.18 -0.25 -0.31 -0.31 -0.30 -0.28 -0.25 -0.23 -0.21 -0.19 -0.17 -0.15 -0.13 -0.12 -0.10 -0.08 -0.07 -0.05 -0.03 -0.01 -0.01 -0.00  0.00  0.00  0.00  0.00  0.00  0.00  0.00
 326 24 2019 -0.52 -0.54 -0.55 -0.56 -0.55 -0.54 -0.43 -0.34 -0.30 -0.28 -0.27 -0.25 -0.23 -0.21 -0.19 -0.17 -0.15 -0.14 -0.12 -0.10 -0.08 -0.07 -0.05 -0.03 -0.01 -0.01 -0.00  0.00  0.00  0.00  0.00  0.00  0.00  0.00
 327 12 2019 -0.19 -0.19 -0.20 -0.20 -0.21 -0.23 -0.30 -0.33 -0.32 -0.30 -0.27 -0.25 -0.23 -0.21 -0.19 -0.17 -0.16 -0.14 -0.12 -0.10 -0.09 -0.07 -0.05 -0.03 -0.01 -0.01 -0.00  0.00  0.00  0.00  0.00  0.00  0.00  0.00
 327 24 2019 -0.39 -0.39 -0.40 -0.40 -0.40 -0.39 -0.35 -0.32 -0.30 -0.29 -0.27 -0.25 -0.23 -0.21 -0.20 -0.18 -0.16 -0.14 -0.12 -0.10 -0.09 -0.07 -0.05 -0.03 -0.01 -0.01 -0.00  0.00  0.00  0.00  0.00  0.00  0.00  0.00
 328 12 2019 -0.48 -0.43 -0.39 -0.37 -0.35 -0.30 -0.30 -0.31 -0.30 -0.29 -0.27 -0.25 -0.23 -0.21 -0.20 -0.18 -0.16 -0.14 -0.12 -0.11 -0.09 -0.07 -0.05 -0.03 -0.01 -0.01 -0.00 -0.00  0.00 -0.00  0.00  0.00 -0.00  0.00
 328 24 2019 -0.75 -0.77 -0.78 -0.77 -0.76 -0.72 -0.53 -0.39 -0.32 -0.29 -0.27 -0.25 -0.23 -0.22 -0.20 -0.18 -0.16 -0.14 -0.12 -0.11 -0.09 -0.07 -0.05 -0.03 -0.01 -0.01 -0.00 -0.00  0.00 -0.00  0.00  0.00  0.00  0.00
 329 12 2019 -0.07 -0.09 -0.10 -0.12 -0.14 -0.21 -0.34 -0.38 -0.35 -0.32 -0.28 -0.26 -0.24 -0.22 -0.20 -0.18 -0.16 -0.14 -0.13 -0.11 -0.09 -0.07 -0.05 -0.03 -0.01 -0.01 -0.00 -0.00  0.00 -0.00  0.00  0.00  0.00  0.00
 329 24 2019 -0.24 -0.25 -0.26 -0.27 -0.27 -0.28 -0.29 -0.31 -0.31 -0.30 -0.28 -0.26 -0.24 -0.22 -0.20 -0.18 -0.16 -0.14 -0.13 -0.11 -0.09 -0.07 -0.06 -0.03 -0.01 -0.01 -0.00 -0.00  0.00  0.00  0.00  0.00  0.00  0.00
 330 12 2019 -0.08 -0.09 -0.10 -0.11 -0.12 -0.15 -0.22 -0.27 -0.29 -0.29 -0.27 -0.26 -0.24 -0.22 -0.20 -0.18 -0.17 -0.15 -0.13 -0.11 -0.09 -0.07 -0.06 -0.04 -0.02 -0.01 -0.00 -0.00  0.00  0.00  0.00  0.00  0.00  0.00
 330 24 2019 -0.13 -0.14 -0.15 -0.16 -0.16 -0.18 -0.20 -0.23 -0.25 -0.26 -0.26 -0.25 -0.24 -0.22 -0.20 -0.18 -0.17 -0.15 -0.13 -0.11 -0.09 -0.07 -0.06 -0.04 -0.02 -0.01 -0.00 -0.00  0.00  0.00  0.00  0.00  0.00  0.00
 331 12 2019 -0.07 -0.06 -0.05 -0.05 -0.05 -0.06 -0.13 -0.20 -0.23 -0.24 -0.24 -0.24 -0.23 -0.21 -0.20 -0.18 -0.17 -0.15 -0.13 -0.11 -0.09 -0.08 -0.06 -0.04 -0.02 -0.01 -0.00 -0.00  0.00  0.00  0.00  0.00  0.00  0.00
 331 24 2019 -0.24 -0.25 -0.26 -0.27 -0.27 -0.26 -0.22 -0.20 -0.21 -0.22 -0.22 -0.22 -0.22 -0.21 -0.19 -0.18 -0.16 -0.15 -0.13 -0.11 -0.09 -0.08 -0.06 -0.04 -0.02 -0.01 -0.00 -0.00  0.00  0.00 -0.00  0.00  0.00  0.00
 332 12 2019 -0.30 -0.26 -0.23 -0.20 -0.19 -0.16 -0.17 -0.20 -0.21 -0.22 -0.22 -0.21 -0.21 -0.20 -0.19 -0.17 -0.16 -0.14 -0.13 -0.11 -0.09 -0.08 -0.06 -0.04 -0.02 -0.01 -0.01 -0.00  0.00  0.00  0.00  0.00  0.00  0.00
 332 24 2019 -0.67 -0.68 -0.68 -0.67 -0.66 -0.60 -0.42 -0.29 -0.23 -0.22 -0.21 -0.21 -0.20 -0.19 -0.18 -0.17 -0.15 -0.14 -0.12 -0.11 -0.09 -0.07 -0.06 -0.04 -0.02 -0.01 -0.01 -0.00  0.00  0.00  0.00  0.00  0.00  0.00
 333 12 2019 -0.12 -0.12 -0.13 -0.14 -0.15 -0.19 -0.28 -0.30 -0.27 -0.25 -0.23 -0.21 -0.20 -0.19 -0.18 -0.16 -0.15 -0.14 -0.12 -0.11 -0.09 -0.07 -0.06 -0.04 -0.02 -0.01 -0.01 -0.00  0.00  0.00  0.00  0.00  0.00  0.00
 333 24 2019 -0.27 -0.28 -0.29 -0.30 -0.30 -0.30 -0.27 -0.26 -0.25 -0.24 -0.23 -0.22 -0.20 -0.19 -0.18 -0.16 -0.15 -0.13 -0.12 -0.10 -0.09 -0.07 -0.05 -0.04 -0.02 -0.01 -0.01 -0.00  0.00  0.00  0.00  0.00  0.00  0.00
 334 12 2019 -0.07 -0.07 -0.08 -0.08 -0.09 -0.12 -0.20 -0.24 -0.24 -0.24 -0.23 -0.21 -0.20 -0.19 -0.17 -0.16 -0.15 -0.13 -0.12 -0.10 -0.09 -0.07 -0.05 -0.03 -0.02 -0.01 -0.01 -0.00  0.00  0.00  0.00  0.00  0.00  0.00
 334 24 2019 -0.35 -0.34 -0.33 -0.32 -0.31 -0.28 -0.23 -0.22 -0.22 -0.22 -0.22 -0.21 -0.20 -0.19 -0.17 -0.16 -0.15 -0.13 -0.12 -0.10 -0.08 -0.07 -0.05 -0.03 -0.02 -0.01 -0.01 -0.00  0.00  0.00  0.00  0.00  0.00  0.00
 335 12 2019 -0.56 -0.52 -0.48 -0.46 -0.43 -0.37 -0.30 -0.26 -0.24 -0.23 -0.22 -0.21 -0.20 -0.18 -0.17 -0.16 -0.14 -0.13 -0.11 -0.10 -0.08 -0.07 -0.05 -0.03 -0.02 -0.01 -0.01 -0.00  0.00  0.00  0.00  0.00  0.00  0.00
 335 24 2019 -0.68 -0.69 -0.69 -0.69 -0.68 -0.63 -0.48 -0.35 -0.28 -0.24 -0.22 -0.21 -0.20 -0.18 -0.17 -0.16 -0.14 -0.13 -0.11 -0.10 -0.08 -0.07 -0.05 -0.03 -0.02 -0.01 -0.01 -0.00  0.00  0.00  0.00  0.00  0.00  0.00
 336 12 2019  0.01 -0.03 -0.06 -0.09 -0.12 -0.20 -0.33 -0.34 -0.31 -0.27 -0.24 -0.22 -0.20 -0.19 -0.17 -0.16 -0.14 -0.13 -0.11 -0.10 -0.08 -0.07 -0.05 -0.03 -0.02 -0.01 -0.01 -0.00  0.00  0.00  0.00  0.00  0.00  0.00
 336 24 2019 -0.21 -0.20 -0.20 -0.20 -0.20 -0.20 -0.22 -0.26 -0.27 -0.26 -0.25 -0.23 -0.21 -0.19 -0.17 -0.16 -0.14 -0.13 -0.11 -0.10 -0.08 -0.07 -0.05 -0.03 -0.02 -0.01 -0.01 -0.00  0.00  0.00  0.00  0.00  0.00  0.00
 337 12 2019 -0.10 -0.10 -0.10 -0.11 -0.11 -0.13 -0.20 -0.23 -0.25 -0.25 -0.24 -0.22 -0.21 -0.19 -0.18 -0.16 -0.14 -0.13 -0.11 -0.10 -0.08 -0.07 -0.05 -0.03 -0.02 -0.01 -0.01 -0.00  0.00  0.00  0.00  0.00  0.00  0.00
 337 24 2019 -0.34 -0.34 -0.34 -0.34 -0.34 -0.32 -0.26 -0.23 -0.23 -0.23 -0.23 -0.22 -0.20 -0.19 -0.18 -0.16 -0.15 -0.13 -0.11 -0.10 -0.08 -0.07 -0.05 -0.03 -0.02 -0.01 -0.01 -0.00  0.00  0.00  0.00  0.00  0.00  0.00
 338 12 2019  0.05  0.03  0.02 -0.00 -0.02 -0.07 -0.17 -0.22 -0.23 -0.23 -0.22 -0.21 -0.20 -0.19 -0.17 -0.16 -0.15 -0.13 -0.12 -0.10 -0.08 -0.07 -0.05 -0.04 -0.02 -0.01 -0.01 -0.00  0.00  0.00  0.00  0.00  0.00  0.00
 338 24 2019 -0.21 -0.21 -0.21 -0.20 -0.20 -0.19 -0.17 -0.18 -0.20 -0.21 -0.21 -0.20 -0.19 -0.18 -0.17 -0.16 -0.14 -0.13 -0.11 -0.10 -0.08 -0.07 -0.05 -0.04 -0.02 -0.01 -0.01 -0.00  0.00  0.00  0.00  0.00  0.00  0.00
 339 12 2019 -0.13 -0.12 -0.12 -0.11 -0.11 -0.12 -0.15 -0.18 -0.19 -0.20 -0.20 -0.19 -0.19 -0.18 -0.17 -0.16 -0.14 -0.13 -0.11 -0.10 -0.08 -0.07 -0.05 -0.04 -0.02 -0.01 -0.01 -0.00  0.00  0.00  0.00 -0.00  0.00  0.00
 339 24 2019 -0.29 -0.30 -0.30 -0.30 -0.30 -0.29 -0.23 -0.20 -0.19 -0.19 -0.19 -0.19 -0.18 -0.17 -0.16 -0.15 -0.14 -0.13 -0.11 -0.10 -0.08 -0.07 -0.05 -0.04 -0.02 -0.01 -0.01 -0.00 -0.00  0.00  0.00  0.00  0.00  0.00
 340 12 2019 -0.02 -0.03 -0.04 -0.05 -0.06 -0.09 -0.16 -0.19 -0.20 -0.19 -0.19 -0.18 -0.18 -0.17 -0.16 -0.15 -0.14 -0.12 -0.11 -0.10 -0.08 -0.07 -0.05 -0.04 -0.02 -0.01 -0.01 -0.00 -0.00  0.00  0.00  0.00  0.00  0.00
 340 24 2019 -0.15 -0.15 -0.15 -0.15 -0.15 -0.15 -0.15 -0.16 -0.18 -0.18 -0.18 -0.18 -0.17 -0.17 -0.16 -0.15 -0.13 -0.12 -0.11 -0.09 -0.08 -0.07 -0.05 -0.03 -0.02 -0.01 -0.01 -0.00 -0.00  0.00  0.00  0.00  0.00  0.00
 341 12 2019 -0.09 -0.08 -0.07 -0.07 -0.07 -0.07 -0.11 -0.15 -0.17 -0.17 -0.17 -0.17 -0.17 -0.16 -0.15 -0.14 -0.13 -0.12 -0.11 -0.09 -0.08 -0.07 -0.05 -0.03 -0.02 -0.01 -0.01 -0.00 -0.00  0.00  0.00  0.00  0.00  0.00
 341 24 2019 -0.43 -0.43 -0.42 -0.41 -0.40 -0.36 -0.25 -0.18 -0.17 -0.17 -0.17 -0.17 -0.16 -0.16 -0.15 -0.14 -0.13 -0.12 -0.10 -0.09 -0.08 -0.06 -0.05 -0.03 -0.02 -0.01 -0.01 -0.00 -0.00  0.00  0.00  0.00  0.00  0.00
 342 12 2019 -0.01 -0.02 -0.03 -0.04 -0.05 -0.08 -0.16 -0.19 -0.19 -0.18 -0.17 -0.16 -0.16 -0.15 -0.14 -0.13 -0.12 -0.11 -0.10 -0.09 -0.08 -0.06 -0.05 -0.03 -0.02 -0.01 -0.01 -0.00 -0.00 -0.00  0.00  0.00  0.00  0.00
 342 24 2019 -0.19 -0.19 -0.19 -0.19 -0.19 -0.19 -0.17 -0.16 -0.17 -0.17 -0.17 -0.16 -0.16 -0.15 -0.14 -0.13 -0.12 -0.11 -0.10 -0.09 -0.07 -0.06 -0.05 -0.03 -0.02 -0.01 -0.01 -0.00 -0.00  0.00  0.00  0.00  0.00  0.00
 343 12 2019  0.04  0.03  0.02  0.01  0.00 -0.03 -0.10 -0.15 -0.16 -0.16 -0.16 -0.16 -0.15 -0.15 -0.14 -0.13 -0.12 -0.11 -0.10 -0.09 -0.07 -0.06 -0.05 -0.03 -0.02 -0.01 -0.01 -0.00 -0.00  0.00  0.00  0.00  0.00  0.00
 343 24 2019 -0.13 -0.13 -0.13 -0.13 -0.13 -0.12 -0.11 -0.12 -0.14 -0.15 -0.15 -0.15 -0.15 -0.14 -0.13 -0.13 -0.12 -0.11 -0.09 -0.08 -0.07 -0.06 -0.05 -0.03 -0.02 -0.01 -0.01 -0.00 -0.00  0.00  0.00  0.00  0.00  0.00
 344 12 2019 -0.08 -0.06 -0.05 -0.05 -0.04 -0.04 -0.08 -0.11 -0.13 -0.14 -0.14 -0.14 -0.14 -0.14 -0.13 -0.12 -0.11 -0.10 -0.09 -0.08 -0.07 -0.06 -0.05 -0.03 -0.02 -0.01 -0.01 -0.00 -0.00  0.00  0.00  0.00  0.00  0.00
 344 24 2019 -0.66 -0.65 -0.63 -0.60 -0.58 -0.50 -0.30 -0.18 -0.14 -0.14 -0.14 -0.14 -0.13 -0.13 -0.12 -0.12 -0.11 -0.10 -0.09 -0.08 -0.07 -0.06 -0.05 -0.03 -0.02 -0.01 -0.01 -0.00 -0.00  0.00  0.00  0.00  0.00  0.00
 345 12 2019 -0.05 -0.06 -0.07 -0.08 -0.09 -0.13 -0.21 -0.22 -0.19 -0.16 -0.15 -0.14 -0.13 -0.13 -0.12 -0.11 -0.11 -0.10 -0.09 -0.08 -0.07 -0.06 -0.04 -0.03 -0.02 -0.01 -0.01 -0.00 -0.00  0.00  0.00  0.00  0.00  0.00
 345 24 2019 -0.38 -0.38 -0.37 -0.36 -0.35 -0.32 -0.25 -0.21 -0.18 -0.17 -0.16 -0.15 -0.14 -0.13 -0.12 -0.11 -0.10 -0.09 -0.08 -0.07 -0.06 -0.05 -0.04 -0.03 -0.02 -0.01 -0.01 -0.00 -0.00  0.00  0.00  0.00  0.00  0.00
 346 12 2019 -0.10 -0.10 -0.10 -0.10 -0.10 -0.12 -0.18 -0.20 -0.19 -0.18 -0.16 -0.15 -0.14 -0.13 -0.12 -0.11 -0.10 -0.09 -0.08 -0.07 -0.06 -0.05 -0.04 -0.03 -0.02 -0.01 -0.01 -0.00 -0.00  0.00  0.00  0.00  0.00  0.00
 346 24 2019 -0.87 -0.83 -0.80 -0.76 -0.73 -0.62 -0.39 -0.26 -0.20 -0.18 -0.17 -0.15 -0.14 -0.13 -0.12 -0.11 -0.10 -0.09 -0.08 -0.07 -0.06 -0.05 -0.04 -0.03 -0.02 -0.01 -0.01 -0.00 -0.00  0.00  0.00  0.00  0.00  0.00
 347 12 2019 -0.27 -0.26 -0.25 -0.25 -0.25 -0.27 -0.32 -0.30 -0.25 -0.21 -0.18 -0.16 -0.15 -0.13 -0.12 -0.11 -0.10 -0.09 -0.08 -0.07 -0.06 -0.05 -0.04 -0.03 -0.02 -0.01 -0.01 -0.00 -0.00  0.00  0.00  0.00  0.00  0.00
 347 24 2019 -1.21 -1.17 -1.13 -1.08 -1.03 -0.88 -0.56 -0.36 -0.28 -0.23 -0.20 -0.18 -0.16 -0.14 -0.13 -0.12 -0.10 -0.09 -0.08 -0.07 -0.06 -0.05 -0.04 -0.03 -0.02 -0.01 -0.01 -0.00 -0.00  0.00  0.00  0.00  0.00  0.00
 348 12 2019 -0.11 -0.14 -0.17 -0.21 -0.24 -0.33 -0.45 -0.41 -0.34 -0.27 -0.23 -0.19 -0.17 -0.15 -0.13 -0.12 -0.11 -0.10 -0.08 -0.07 -0.06 -0.05 -0.04 -0.03 -0.02 -0.01 -0.01 -0.00 -0.00  0.00  0.00  0.00  0.00  0.00
 348 24 2019 -0.36 -0.37 -0.37 -0.37 -0.37 -0.37 -0.36 -0.35 -0.32 -0.28 -0.25 -0.21 -0.18 -0.16 -0.14 -0.13 -0.11 -0.10 -0.09 -0.08 -0.06 -0.05 -0.04 -0.03 -0.02 -0.01 -0.01 -0.00 -0.00  0.00  0.00  0.00  0.00  0.00
 349 12 2019 -0.05 -0.07 -0.08 -0.10 -0.11 -0.16 -0.26 -0.31 -0.30 -0.28 -0.25 -0.22 -0.20 -0.17 -0.15 -0.13 -0.12 -0.10 -0.09 -0.08 -0.07 -0.06 -0.04 -0.03 -0.02 -0.01 -0.01 -0.00 -0.00  0.00  0.00  0.00  0.00  0.00
 349 24 2019 -0.29 -0.29 -0.29 -0.29 -0.29 -0.28 -0.26 -0.26 -0.27 -0.26 -0.24 -0.22 -0.20 -0.18 -0.16 -0.14 -0.13 -0.11 -0.10 -0.08 -0.07 -0.06 -0.05 -0.03 -0.02 -0.01 -0.01 -0.00 -0.00  0.00  0.00  0.00  0.00  0.00
 350 12 2019 -0.17 -0.16 -0.16 -0.17 -0.17 -0.18 -0.23 -0.25 -0.26 -0.25 -0.24 -0.22 -0.20 -0.18 -0.16 -0.15 -0.13 -0.12 -0.10 -0.09 -0.07 -0.06 -0.05 -0.03 -0.02 -0.01 -0.01 -0.00 -0.00  0.00  0.00  0.00  0.00  0.00
 350 24 2019 -0.25 -0.26 -0.26 -0.26 -0.26 -0.26 -0.24 -0.24 -0.24 -0.24 -0.23 -0.21 -0.20 -0.18 -0.17 -0.15 -0.13 -0.12 -0.10 -0.09 -0.08 -0.06 -0.05 -0.03 -0.02 -0.01 -0.01 -0.00 -0.00  0.00  0.00  0.00  0.00  0.00
 351 12 2019 -0.09 -0.05 -0.01  0.01  0.03  0.08 -0.54 -0.38 -0.29 -0.24 -0.23 -0.21 -0.20 -0.18 -0.17 -0.15 -0.14 -0.12 -0.11 -0.09 -0.08 -0.07 -0.05 -0.04 -0.02 -0.01 -0.01 -0.00 -0.00  0.00 -0.00  0.00  0.00  0.00
 351 24 2019 -0.26 -0.31 -0.36 -0.40 -0.43 -0.51  0.04 -0.15 -0.24 -0.25 -0.24 -0.22 -0.20 -0.18 -0.17 -0.15 -0.14 -0.12 -0.11 -0.10 -0.08 -0.07 -0.05 -0.04 -0.02 -0.01 -0.01 -0.01 -0.00  0.00  0.00  0.00  0.00  0.00
 352 12 2019 -0.08 -0.02  0.04  0.10  0.14  0.27 -0.67 -0.41 -0.28 -0.24 -0.22 -0.21 -0.20 -0.18 -0.17 -0.15 -0.14 -0.13 -0.11 -0.10 -0.08 -0.07 -0.05 -0.04 -0.02 -0.02 -0.01 -0.01 -0.00  0.00  0.00  0.00  0.00  0.00
 352 24 2019 -0.21 -0.29 -0.36 -0.43 -0.49 -0.64  0.23 -0.08 -0.22 -0.24 -0.23 -0.22 -0.20 -0.19 -0.17 -0.16 -0.14 -0.13 -0.11 -0.10 -0.08 -0.07 -0.06 -0.04 -0.02 -0.02 -0.01 -0.01 -0.00  0.00  0.00  0.00  0.00  0.00
 353 12 2019 -0.05  0.00  0.05  0.09  0.12  0.21 -0.53 -0.33 -0.23 -0.21 -0.21 -0.21 -0.20 -0.18 -0.17 -0.16 -0.14 -0.13 -0.11 -0.10 -0.09 -0.07 -0.06 -0.04 -0.02 -0.02 -0.01 -0.01 -0.00  0.00  0.00  0.00  0.00  0.00
 353 24 2019 -0.27 -0.33 -0.38 -0.42 -0.46 -0.54  0.17 -0.06 -0.18 -0.21 -0.21 -0.20 -0.19 -0.18 -0.17 -0.16 -0.14 -0.13 -0.11 -0.10 -0.09 -0.07 -0.06 -0.04 -0.02 -0.02 -0.01 -0.01 -0.00  0.00  0.00  0.00  0.00  0.00
 354 12 2019 -0.04  0.04  0.11  0.18  0.23  0.41 -0.73 -0.40 -0.24 -0.20 -0.19 -0.19 -0.19 -0.18 -0.17 -0.15 -0.14 -0.13 -0.11 -0.10 -0.09 -0.07 -0.06 -0.04 -0.02 -0.02 -0.01 -0.01 -0.00  0.00  0.00  0.00  0.00  0.00
 354 24 2019 -0.20 -0.29 -0.37 -0.45 -0.52 -0.71  0.36 -0.01 -0.18 -0.21 -0.21 -0.20 -0.18 -0.17 -0.16 -0.15 -0.14 -0.13 -0.11 -0.10 -0.09 -0.07 -0.06 -0.04 -0.02 -0.02 -0.01 -0.01 -0.00 -0.00  0.00  0.00  0.00  0.00
 355 12 2019 -0.04  0.02  0.07  0.12  0.17  0.29 -0.52 -0.32 -0.20 -0.18 -0.18 -0.18 -0.18 -0.17 -0.16 -0.15 -0.14 -0.13 -0.11 -0.10 -0.09 -0.07 -0.06 -0.04 -0.02 -0.02 -0.01 -0.01 -0.00 -0.00  0.00  0.00  0.00  0.00
 355 24 2019 -0.18 -0.25 -0.31 -0.36 -0.41 -0.53  0.25  0.01 -0.14 -0.18 -0.19 -0.18 -0.17 -0.17 -0.16 -0.15 -0.14 -0.12 -0.11 -0.10 -0.08 -0.07 -0.06 -0.04 -0.02 -0.02 -0.01 -0.01 -0.00 -0.00  0.00  0.00  0.00  0.00
 356 12 2019 -0.06 -0.01  0.03  0.07  0.09  0.16 -0.36 -0.27 -0.17 -0.15 -0.16 -0.17 -0.17 -0.16 -0.15 -0.14 -0.13 -0.12 -0.11 -0.10 -0.08 -0.07 -0.06 -0.04 -0.02 -0.02 -0.01 -0.01 -0.00 -0.00  0.00  0.00 -0.00  0.00
 356 24 2019 -0.21 -0.26 -0.30 -0.33 -0.36 -0.41  0.11  0.01 -0.12 -0.16 -0.16 -0.16 -0.16 -0.15 -0.15 -0.14 -0.13 -0.12 -0.11 -0.10 -0.08 -0.07 -0.06 -0.04 -0.02 -0.02 -0.01 -0.01 -0.00 -0.00  0.00  0.00  0.00  0.00
 357 12 2019 -0.05 -0.01  0.02  0.05  0.08  0.13 -0.33 -0.28 -0.16 -0.14 -0.14 -0.15 -0.15 -0.15 -0.14 -0.14 -0.13 -0.12 -0.11 -0.09 -0.08 -0.07 -0.06 -0.04 -0.02 -0.02 -0.01 -0.01 -0.00 -0.00  0.00  0.00 -0.00  0.00
 357 24 2019 -0.40 -0.42 -0.43 -0.45 -0.46 -0.47  0.05  0.00 -0.12 -0.15 -0.15 -0.15 -0.15 -0.14 -0.14 -0.13 -0.12 -0.11 -0.10 -0.09 -0.08 -0.07 -0.05 -0.04 -0.02 -0.02 -0.01 -0.01 -0.00 -0.00  0.00  0.00  0.00  0.00
 358 12 2019 -0.12 -0.08 -0.04  0.00  0.03  0.11 -0.41 -0.42 -0.21 -0.15 -0.14 -0.14 -0.14 -0.14 -0.13 -0.13 -0.12 -0.11 -0.10 -0.09 -0.08 -0.07 -0.05 -0.04 -0.02 -0.02 -0.01 -0.01 -0.00 -0.00  0.00  0.00  0.00  0.00
 358 24 2019 -0.50 -0.54 -0.57 -0.60 -0.62 -0.66 -0.08  0.01 -0.16 -0.18 -0.17 -0.15 -0.14 -0.14 -0.13 -0.12 -0.11 -0.11 -0.10 -0.09 -0.07 -0.06 -0.05 -0.04 -0.02 -0.02 -0.01 -0.01 -0.00 -0.00  0.00  0.00  0.00  0.00
 359 12 2019 -0.05  0.03  0.11  0.18  0.25  0.42 -0.63 -0.81 -0.37 -0.22 -0.17 -0.16 -0.15 -0.14 -0.13 -0.12 -0.11 -0.10 -0.09 -0.08 -0.07 -0.06 -0.05 -0.04 -0.02 -0.02 -0.01 -0.01 -0.00 -0.00  0.00  0.00  0.00  0.00
 359 24 2019 -0.42 -0.51 -0.59 -0.67 -0.74 -0.93  0.08  0.21 -0.20 -0.26 -0.23 -0.19 -0.17 -0.15 -0.13 -0.12 -0.11 -0.10 -0.09 -0.08 -0.07 -0.06 -0.05 -0.04 -0.02 -0.02 -0.01 -0.01 -0.00 -0.00  0.00  0.00  0.00  0.00
 360 12 2019 -0.03  0.02  0.07  0.11  0.14  0.22 -0.25 -0.68 -0.31 -0.21 -0.19 -0.18 -0.17 -0.16 -0.14 -0.13 -0.12 -0.10 -0.09 -0.08 -0.07 -0.06 -0.05 -0.03 -0.02 -0.02 -0.01 -0.01 -0.00 -0.00  0.00  0.00  0.00  0.00
 360 24 2019 -0.20 -0.27 -0.33 -0.38 -0.43 -0.54 -0.11  0.29 -0.11 -0.21 -0.22 -0.20 -0.18 -0.16 -0.14 -0.13 -0.12 -0.11 -0.09 -0.08 -0.07 -0.06 -0.05 -0.04 -0.02 -0.02 -0.01 -0.01 -0.00 -0.00  0.00  0.00  0.00  0.00
 361 12 2019 -0.04 -0.01  0.02  0.04  0.06  0.10 -0.17 -0.32 -0.15 -0.13 -0.15 -0.16 -0.17 -0.16 -0.15 -0.13 -0.12 -0.11 -0.10 -0.08 -0.07 -0.06 -0.05 -0.04 -0.02 -0.02 -0.01 -0.01 -0.00 -0.00  0.00  0.00  0.00  0.00
 361 24 2019 -0.22 -0.25 -0.28 -0.30 -0.32 -0.36 -0.08  0.11 -0.08 -0.14 -0.15 -0.16 -0.15 -0.15 -0.14 -0.13 -0.12 -0.11 -0.10 -0.09 -0.07 -0.06 -0.05 -0.04 -0.02 -0.02 -0.01 -0.01 -0.00 -0.00  0.00  0.00  0.00  0.00
 362 12 2019 -0.05 -0.04 -0.04 -0.03 -0.03 -0.01 -0.12 -0.15 -0.11 -0.11 -0.12 -0.14 -0.14 -0.14 -0.13 -0.13 -0.12 -0.11 -0.10 -0.09 -0.07 -0.06 -0.05 -0.04 -0.02 -0.02 -0.01 -0.01 -0.00 -0.00  0.00  0.00  0.00  0.00
 362 24 2019 -0.14 -0.15 -0.16 -0.17 -0.17 -0.18 -0.08 -0.03 -0.09 -0.11 -0.12 -0.13 -0.13 -0.13 -0.13 -0.12 -0.11 -0.10 -0.09 -0.08 -0.07 -0.06 -0.05 -0.04 -0.02 -0.02 -0.01 -0.01 -0.00 -0.00  0.00  0.00  0.00  0.00
 363 12 2019 -0.20 -0.18 -0.16 -0.14 -0.13 -0.10 -0.08 -0.08 -0.09 -0.10 -0.11 -0.12 -0.12 -0.12 -0.12 -0.12 -0.11 -0.10 -0.09 -0.08 -0.07 -0.06 -0.05 -0.04 -0.02 -0.02 -0.01 -0.01 -0.00 -0.00  0.00  0.00  0.00  0.00
 363 24 2019 -0.41 -0.28 -0.14  0.01  0.15 -0.01 -0.55 -0.47 -0.19 -0.12 -0.11 -0.11 -0.12 -0.12 -0.11 -0.11 -0.10 -0.10 -0.09 -0.08 -0.07 -0.06 -0.05 -0.04 -0.02 -0.02 -0.01 -0.01 -0.00 -0.00  0.00  0.00  0.00  0.00
 364 12 2019 -0.15 -0.05  0.06  0.11  0.16  0.81 -1.01 -1.74 -0.84 -0.42 -0.23 -0.16 -0.13 -0.12 -0.11 -0.11 -0.10 -0.09 -0.09 -0.08 -0.07 -0.06 -0.05 -0.03 -0.02 -0.02 -0.01 -0.01 -0.00 -0.00  0.00 -0.00  0.00  0.00
 364 24 2019 -0.36 -0.25 -0.12  0.06  0.09 -0.32  0.18 -1.38 -1.25 -0.77 -0.48 -0.31 -0.21 -0.16 -0.13 -0.11 -0.10 -0.09 -0.08 -0.07 -0.07 -0.06 -0.05 -0.03 -0.02 -0.02 -0.01 -0.01 -0.00 -0.00  0.00  0.00  0.00  0.00
 365 12 2019 -0.16 -0.10 -0.09 -0.11 -0.02  0.45 -0.53 -1.21 -1.44 -0.96 -0.66 -0.46 -0.32 -0.24 -0.18 -0.14 -0.12 -0.10 -0.09 -0.08 -0.07 -0.06 -0.05 -0.03 -0.02 -0.02 -0.01 -0.01 -0.00 -0.00  0.00  0.00  0.00  0.00
 365 24 2019 -0.35 -0.35 -0.31 -0.24 -0.24 -0.32  0.40 -0.68 -1.57 -1.13 -0.81 -0.59 -0.43 -0.32 -0.24 -0.19 -0.15 -0.13 -0.10 -0.09 -0.07 -0.06 -0.05 -0.03 -0.02 -0.02 -0.01 -0.01 -0.00 -0.00  0.00  0.00  0.00  0.00
   1 12 2020 -0.13 -0.09 -0.08 -0.10 -0.07  0.41 -0.35 -0.65 -1.41 -1.12 -0.88 -0.68 -0.52 -0.40 -0.31 -0.24 -0.19 -0.16 -0.13 -0.11 -0.09 -0.07 -0.06 -0.04 -0.02 -0.02 -0.01 -0.01 -0.00 -0.00  0.00  0.00  0.00  0.00
   1 24 2020 -0.27 -0.34 -0.38 -0.38 -0.36 -0.48  0.46 -0.28 -1.23 -1.29 -0.97 -0.75 -0.59 -0.47 -0.37 -0.30 -0.24 -0.20 -0.16 -0.13 -0.11 -0.09 -0.07 -0.05 -0.03 -0.02 -0.01 -0.01 -0.01 -0.00  0.00  0.00  0.00  0.00
   2 12 2020 -0.06  0.04  0.12  0.14  0.16  0.35 -0.37 -0.37 -1.02 -1.20 -0.99 -0.81 -0.65 -0.52 -0.42 -0.35 -0.28 -0.23 -0.19 -0.16 -0.13 -0.10 -0.08 -0.06 -0.03 -0.03 -0.02 -0.01 -0.01 -0.00  0.00 -0.00  0.00  0.00
   2 24 2020 -0.20 -0.19 -0.14 -0.09 -0.07 -0.22  0.23 -0.28 -0.92 -1.25 -1.01 -0.83 -0.69 -0.57 -0.47 -0.39 -0.32 -0.27 -0.22 -0.19 -0.15 -0.12 -0.10 -0.07 -0.04 -0.03 -0.02 -0.01 -0.01 -0.00  0.00  0.00  0.00  0.00
   3 12 2020 -0.06 -0.04 -0.03 -0.05 -0.01  0.36 -0.27 -0.37 -0.81 -1.20 -1.02 -0.86 -0.72 -0.61 -0.51 -0.43 -0.36 -0.30 -0.25 -0.21 -0.18 -0.14 -0.11 -0.08 -0.05 -0.04 -0.03 -0.02 -0.01 -0.00  0.00  0.00  0.00  0.00
   3 24 2020 -0.22 -0.27 -0.28 -0.28 -0.31 -0.57  0.38 -0.13 -0.70 -1.25 -1.04 -0.88 -0.75 -0.64 -0.54 -0.46 -0.39 -0.33 -0.28 -0.24 -0.20 -0.16 -0.13 -0.09 -0.06 -0.04 -0.03 -0.02 -0.01 -0.00  0.00 -0.00  0.00  0.00
   4 12 2020 -0.06 -0.03 -0.03 -0.02  0.04  0.42 -0.25 -0.23 -0.60 -1.14 -1.02 -0.89 -0.76 -0.66 -0.57 -0.49 -0.42 -0.36 -0.31 -0.26 -0.22 -0.18 -0.15 -0.10 -0.07 -0.05 -0.04 -0.02 -0.01 -0.01 -0.00  0.00  0.00  0.00
   4 24 2020 -0.18 -0.27 -0.34 -0.40 -0.42 -0.55  0.35 -0.04 -0.52 -1.11 -1.02 -0.88 -0.77 -0.68 -0.59 -0.51 -0.44 -0.39 -0.33 -0.28 -0.24 -0.20 -0.16 -0.12 -0.07 -0.06 -0.04 -0.03 -0.02 -0.01 -0.00  0.00  0.00  0.00
   5 12 2020 -0.06  0.03  0.11  0.17  0.21  0.37 -0.28 -0.15 -0.40 -0.90 -1.08 -0.93 -0.80 -0.69 -0.61 -0.53 -0.46 -0.40 -0.35 -0.30 -0.26 -0.21 -0.17 -0.13 -0.08 -0.06 -0.04 -0.03 -0.02 -0.01 -0.00  0.00  0.00  0.00
   5 24 2020 -0.23 -0.31 -0.37 -0.42 -0.45 -0.57  0.28 -0.04 -0.40 -0.88 -1.01 -0.90 -0.80 -0.71 -0.62 -0.55 -0.48 -0.42 -0.37 -0.32 -0.27 -0.23 -0.19 -0.13 -0.09 -0.07 -0.05 -0.03 -0.02 -0.01 -0.00  0.00  0.00  0.00
   6 12 2020 -0.07  0.01  0.09  0.14  0.17  0.31 -0.24 -0.14 -0.35 -0.76 -1.00 -0.90 -0.80 -0.71 -0.64 -0.56 -0.50 -0.44 -0.38 -0.33 -0.28 -0.24 -0.20 -0.14 -0.09 -0.07 -0.05 -0.04 -0.02 -0.01 -0.00  0.00  0.00  0.00
   6 24 2020 -0.66 -0.74 -0.81 -0.85 -0.87 -1.08  0.37  0.08 -0.30 -0.69 -0.98 -0.89 -0.80 -0.72 -0.64 -0.57 -0.51 -0.45 -0.40 -0.34 -0.30 -0.25 -0.21 -0.15 -0.10 -0.08 -0.06 -0.04 -0.02 -0.01 -0.00  0.00  0.00  0.00
   7 12 2020 -0.22 -0.08  0.03  0.11  0.15  0.38 -0.47 -0.18 -0.26 -0.59 -0.91 -0.86 -0.79 -0.72 -0.65 -0.58 -0.52 -0.46 -0.41 -0.35 -0.31 -0.26 -0.21 -0.16 -0.10 -0.08 -0.06 -0.04 -0.03 -0.01 -0.00  0.00  0.00  0.00
   7 24 2020 -0.46 -0.50 -0.50 -0.46 -0.44 -0.51  0.07 -0.14 -0.32 -0.59 -0.90 -0.84 -0.77 -0.71 -0.65 -0.58 -0.53 -0.47 -0.42 -0.36 -0.31 -0.27 -0.22 -0.16 -0.11 -0.09 -0.06 -0.05 -0.03 -0.02 -0.01  0.00  0.00  0.00
   8 12 2020 -0.17 -0.08 -0.02 -0.00  0.02  0.25 -0.35 -0.26 -0.34 -0.58 -0.87 -0.82 -0.76 -0.70 -0.64 -0.58 -0.53 -0.47 -0.42 -0.37 -0.32 -0.27 -0.23 -0.17 -0.11 -0.09 -0.07 -0.05 -0.03 -0.02 -0.01  0.00  0.00  0.00
   8 24 2020 -0.51 -0.61 -0.68 -0.72 -0.73 -0.78  0.14 -0.10 -0.33 -0.59 -0.90 -0.82 -0.75 -0.70 -0.64 -0.58 -0.53 -0.48 -0.43 -0.38 -0.33 -0.28 -0.23 -0.17 -0.12 -0.09 -0.07 -0.05 -0.03 -0.02 -0.01  0.00  0.00  0.00
   9 12 2020 -0.16 -0.07  0.01  0.06  0.09  0.23 -0.32 -0.19 -0.28 -0.54 -0.89 -0.82 -0.75 -0.69 -0.64 -0.58 -0.53 -0.48 -0.43 -0.38 -0.33 -0.28 -0.24 -0.18 -0.12 -0.10 -0.07 -0.05 -0.03 -0.02 -0.01 -0.00  0.00  0.00
   9 24 2020 -0.52 -0.65 -0.77 -0.87 -0.95 -1.17  0.11 -0.04 -0.26 -0.52 -0.88 -0.82 -0.75 -0.69 -0.64 -0.58 -0.53 -0.48 -0.43 -0.38 -0.33 -0.29 -0.24 -0.18 -0.13 -0.10 -0.08 -0.06 -0.04 -0.02 -0.01 -0.00  0.00  0.00
  10 12 2020 -0.07 -0.01  0.04  0.09  0.14  0.26 -0.32 -0.14 -0.16 -0.42 -0.73 -0.91 -0.78 -0.70 -0.64 -0.58 -0.53 -0.48 -0.43 -0.38 -0.34 -0.29 -0.24 -0.18 -0.13 -0.10 -0.08 -0.06 -0.04 -0.02 -0.01 -0.00  0.00  0.00
  10 24 2020 -0.42 -0.62 -0.81 -0.99 -1.16 -1.64  0.21 -0.02 -0.04 -0.35 -0.73 -0.82 -0.78 -0.71 -0.65 -0.59 -0.53 -0.48 -0.43 -0.38 -0.34 -0.29 -0.24 -0.19 -0.13 -0.11 -0.08 -0.06 -0.04 -0.03 -0.01 -0.00  0.00  0.00
  11 12 2020 -0.01  0.08  0.16  0.25  0.33  0.56 -0.45 -0.05 -0.07 -0.28 -0.63 -0.77 -0.75 -0.70 -0.64 -0.59 -0.54 -0.49 -0.44 -0.39 -0.34 -0.29 -0.25 -0.19 -0.13 -0.11 -0.08 -0.06 -0.04 -0.03 -0.01 -0.00  0.00  0.00
  11 24 2020 -0.54 -0.63 -0.73 -0.83 -0.92 -1.20  0.19 -0.01 -0.04 -0.25 -0.54 -0.72 -0.71 -0.68 -0.63 -0.59 -0.54 -0.49 -0.44 -0.39 -0.34 -0.30 -0.25 -0.19 -0.14 -0.11 -0.09 -0.06 -0.05 -0.03 -0.01 -0.01  0.00  0.00
  12 12 2020 -0.15 -0.04  0.06  0.16  0.23  0.44 -0.54 -0.11 -0.12 -0.20 -0.45 -0.66 -0.67 -0.65 -0.62 -0.58 -0.53 -0.48 -0.44 -0.39 -0.34 -0.30 -0.25 -0.20 -0.14 -0.11 -0.09 -0.07 -0.05 -0.03 -0.02 -0.01  0.00  0.00
  12 24 2020 -0.80 -0.87 -0.93 -0.98 -1.02 -1.11  0.04 -0.02 -0.04 -0.20 -0.40 -0.60 -0.63 -0.62 -0.60 -0.56 -0.52 -0.48 -0.43 -0.39 -0.34 -0.30 -0.25 -0.20 -0.14 -0.12 -0.09 -0.07 -0.05 -0.03 -0.02 -0.01  0.00  0.00
  13 12 2020 -0.15 -0.05  0.04  0.12  0.19  0.39 -0.53 -0.22 -0.21 -0.19 -0.36 -0.55 -0.59 -0.59 -0.57 -0.55 -0.51 -0.47 -0.43 -0.39 -0.34 -0.30 -0.25 -0.20 -0.14 -0.12 -0.09 -0.07 -0.05 -0.03 -0.02 -0.01 -0.00 -0.00
  13 24 2020 -0.89 -0.92 -0.93 -0.93 -0.92 -0.94  0.08 -0.10 -0.11 -0.24 -0.37 -0.53 -0.55 -0.56 -0.55 -0.53 -0.50 -0.46 -0.42 -0.38 -0.34 -0.30 -0.25 -0.20 -0.15 -0.12 -0.09 -0.07 -0.05 -0.03 -0.02 -0.01 -0.00 -0.00
  14 12 2020 -0.03  0.02  0.07  0.11  0.15  0.30 -0.43 -0.29 -0.29 -0.25 -0.37 -0.52 -0.53 -0.54 -0.53 -0.51 -0.48 -0.45 -0.41 -0.38 -0.34 -0.29 -0.25 -0.20 -0.15 -0.12 -0.10 -0.07 -0.05 -0.04 -0.02 -0.01 -0.00 -0.00
  14 24 2020 -0.49 -0.59 -0.69 -0.79 -0.89 -1.19  0.06 -0.06 -0.06 -0.27 -0.39 -0.51 -0.52 -0.52 -0.51 -0.49 -0.47 -0.44 -0.40 -0.37 -0.33 -0.29 -0.25 -0.20 -0.15 -0.12 -0.10 -0.07 -0.05 -0.04 -0.02 -0.01 -0.00 -0.00
  15 12 2020 -0.10 -0.04  0.02  0.07  0.13  0.28 -0.46 -0.16 -0.16 -0.19 -0.34 -0.50 -0.51 -0.51 -0.50 -0.48 -0.45 -0.43 -0.40 -0.36 -0.32 -0.29 -0.25 -0.20 -0.15 -0.12 -0.10 -0.08 -0.06 -0.04 -0.02 -0.01 -0.00 -0.00
  15 24 2020 -0.77 -0.80 -0.82 -0.85 -0.87 -0.92 -0.14 -0.06 -0.07 -0.20 -0.33 -0.48 -0.49 -0.49 -0.48 -0.47 -0.44 -0.42 -0.39 -0.35 -0.32 -0.28 -0.24 -0.20 -0.15 -0.12 -0.10 -0.08 -0.06 -0.04 -0.02 -0.01 -0.00 -0.00
  16 12 2020 -0.02  0.03  0.08  0.12  0.17  0.30 -0.48 -0.34 -0.33 -0.21 -0.30 -0.45 -0.47 -0.47 -0.47 -0.45 -0.43 -0.41 -0.38 -0.35 -0.31 -0.28 -0.24 -0.19 -0.15 -0.12 -0.10 -0.08 -0.06 -0.04 -0.03 -0.01 -0.00 -0.00
  16 24 2020 -0.24 -0.35 -0.45 -0.55 -0.66 -0.96 -0.25 -0.07 -0.11 -0.24 -0.33 -0.44 -0.45 -0.46 -0.45 -0.44 -0.42 -0.40 -0.37 -0.34 -0.31 -0.27 -0.24 -0.19 -0.14 -0.12 -0.10 -0.08 -0.06 -0.04 -0.03 -0.01 -0.00 -0.00
  17 12 2020 -0.01  0.01  0.03  0.04  0.06  0.09 -0.32 -0.29 -0.25 -0.18 -0.28 -0.41 -0.43 -0.44 -0.44 -0.43 -0.41 -0.39 -0.36 -0.33 -0.30 -0.27 -0.23 -0.19 -0.14 -0.12 -0.10 -0.08 -0.06 -0.04 -0.03 -0.01 -0.01 -0.00
  17 24 2020 -0.41 -0.46 -0.51 -0.56 -0.60 -0.74 -0.61 -0.04 -0.14 -0.20 -0.27 -0.39 -0.41 -0.42 -0.42 -0.41 -0.40 -0.37 -0.35 -0.32 -0.29 -0.26 -0.23 -0.18 -0.14 -0.12 -0.10 -0.08 -0.06 -0.04 -0.03 -0.01 -0.01 -0.00
  18 12 2020 -0.13 -0.08 -0.04  0.00  0.04  0.14 -0.32 -0.49 -0.21 -0.13 -0.21 -0.34 -0.38 -0.40 -0.40 -0.40 -0.38 -0.36 -0.34 -0.31 -0.29 -0.26 -0.22 -0.18 -0.14 -0.12 -0.10 -0.08 -0.06 -0.04 -0.03 -0.01 -0.01 -0.00
  18 24 2020 -0.53 -0.59 -0.65 -0.69 -0.74 -0.84 -0.37  0.01 -0.20 -0.20 -0.23 -0.32 -0.36 -0.38 -0.39 -0.38 -0.37 -0.35 -0.33 -0.31 -0.28 -0.25 -0.22 -0.18 -0.14 -0.12 -0.09 -0.08 -0.06 -0.04 -0.03 -0.02 -0.01 -0.00
  19 12 2020 -0.04 -0.07 -0.11 -0.14 -0.18 -0.26 -0.26 -0.32 -0.15 -0.13 -0.19 -0.27 -0.33 -0.35 -0.37 -0.37 -0.36 -0.34 -0.32 -0.30 -0.27 -0.24 -0.21 -0.18 -0.14 -0.11 -0.09 -0.07 -0.06 -0.04 -0.03 -0.02 -0.01 -0.00
  19 24 2020 -0.25 -0.31 -0.36 -0.42 -0.48 -0.67 -1.47  0.47  0.18 -0.05 -0.15 -0.25 -0.30 -0.33 -0.34 -0.35 -0.34 -0.33 -0.31 -0.29 -0.26 -0.24 -0.21 -0.17 -0.13 -0.11 -0.09 -0.07 -0.06 -0.04 -0.03 -0.02 -0.01 -0.00
  20 12 2020 -0.07 -0.10 -0.14 -0.17 -0.20 -0.28 -0.16 -0.60  0.02  0.13  0.02 -0.11 -0.24 -0.30 -0.32 -0.33 -0.33 -0.31 -0.30 -0.28 -0.26 -0.23 -0.20 -0.17 -0.13 -0.11 -0.09 -0.07 -0.06 -0.04 -0.03 -0.02 -0.01 -0.00
  20 24 2020 -0.31 -0.35 -0.38 -0.41 -0.45 -0.56 -1.01  0.23  0.10  0.07  0.03 -0.05 -0.16 -0.24 -0.28 -0.30 -0.31 -0.30 -0.29 -0.27 -0.25 -0.22 -0.20 -0.16 -0.13 -0.11 -0.09 -0.07 -0.06 -0.04 -0.03 -0.02 -0.01 -0.00
  21 12 2020 -0.02 -0.03 -0.03 -0.03 -0.03 -0.03  0.11 -0.80 -0.17  0.11  0.12  0.05 -0.09 -0.18 -0.24 -0.27 -0.28 -0.28 -0.27 -0.26 -0.24 -0.22 -0.19 -0.16 -0.12 -0.11 -0.09 -0.07 -0.05 -0.04 -0.03 -0.02 -0.01 -0.00
  21 24 2020 -0.27 -0.31 -0.35 -0.39 -0.43 -0.55 -0.96  0.34  0.01  0.00  0.06  0.05 -0.05 -0.13 -0.19 -0.23 -0.25 -0.26 -0.25 -0.24 -0.23 -0.21 -0.18 -0.15 -0.12 -0.10 -0.09 -0.07 -0.05 -0.04 -0.03 -0.02 -0.01 -0.00
  22 12 2020 -0.02 -0.03 -0.04 -0.04 -0.05 -0.06  0.13 -0.66 -0.15  0.08  0.12  0.11 -0.01 -0.09 -0.15 -0.19 -0.22 -0.23 -0.23 -0.22 -0.21 -0.20 -0.18 -0.15 -0.12 -0.10 -0.08 -0.07 -0.05 -0.04 -0.03 -0.02 -0.01 -0.00
  22 24 2020 -0.29 -0.32 -0.36 -0.39 -0.43 -0.54 -1.02  0.44  0.12  0.03  0.07  0.09  0.02 -0.06 -0.12 -0.16 -0.19 -0.20 -0.21 -0.21 -0.20 -0.18 -0.17 -0.14 -0.11 -0.10 -0.08 -0.06 -0.05 -0.04 -0.03 -0.01 -0.01 -0.00
  23 12 2020 -0.07 -0.05 -0.02 -0.00  0.02  0.08  0.28 -0.88 -0.18  0.13  0.18  0.17  0.05 -0.03 -0.09 -0.13 -0.16 -0.18 -0.19 -0.19 -0.18 -0.17 -0.15 -0.13 -0.11 -0.09 -0.08 -0.06 -0.05 -0.04 -0.02 -0.01 -0.01 -0.00
  23 24 2020 -0.36 -0.39 -0.42 -0.44 -0.46 -0.52 -0.73  0.28 -0.11 -0.05  0.09  0.16  0.09  0.01 -0.05 -0.10 -0.13 -0.15 -0.16 -0.17 -0.16 -0.15 -0.14 -0.12 -0.10 -0.09 -0.07 -0.06 -0.05 -0.03 -0.02 -0.01 -0.01 -0.00
  24 12 2020 -0.07 -0.05 -0.04 -0.03 -0.02  0.02  0.21 -0.76 -0.21  0.03  0.12  0.17  0.10  0.03 -0.02 -0.07 -0.10 -0.13 -0.14 -0.15 -0.15 -0.14 -0.13 -0.11 -0.09 -0.08 -0.07 -0.05 -0.04 -0.03 -0.02 -0.01 -0.01 -0.00
  24 24 2020 -0.21 -0.27 -0.32 -0.38 -0.44 -0.61 -1.20  0.76  0.11 -0.05  0.05  0.15  0.11  0.05 -0.00 -0.04 -0.08 -0.10 -0.12 -0.13 -0.13 -0.12 -0.12 -0.10 -0.08 -0.07 -0.06 -0.05 -0.04 -0.03 -0.02 -0.01 -0.01 -0.00
  25 12 2020 -0.04 -0.05 -0.07 -0.08 -0.09 -0.10  0.12 -0.56  0.07  0.22  0.22  0.23  0.13  0.07  0.02 -0.02 -0.06 -0.08 -0.10 -0.11 -0.11 -0.11 -0.10 -0.09 -0.08 -0.07 -0.06 -0.05 -0.04 -0.03 -0.02 -0.01 -0.00 -0.00
  25 24 2020 -0.19 -0.22 -0.24 -0.27 -0.30 -0.39 -0.79 -0.01  0.38  0.30  0.26  0.28  0.18  0.11  0.05  0.00 -0.03 -0.06 -0.08 -0.09 -0.09 -0.09 -0.09 -0.08 -0.07 -0.06 -0.05 -0.04 -0.03 -0.02 -0.02 -0.01 -0.00 -0.00
  26 12 2020 -0.27 -0.23 -0.20 -0.18 -0.16 -0.11  0.08 -0.62 -0.13  0.30  0.41  0.43  0.27  0.16  0.09  0.03 -0.01 -0.04 -0.06 -0.07 -0.08 -0.08 -0.08 -0.07 -0.06 -0.05 -0.04 -0.04 -0.03 -0.02 -0.02 -0.01 -0.00 -0.00
  26 24 2020 -0.72 -0.74 -0.74 -0.74 -0.74 -0.72 -0.77  0.09  0.01  0.12  0.27  0.37  0.30  0.22  0.14  0.07  0.03 -0.01 -0.03 -0.05 -0.06 -0.06 -0.06 -0.06 -0.05 -0.05 -0.04 -0.03 -0.03 -0.02 -0.01 -0.01 -0.00 -0.00
  27 12 2020 -0.17 -0.16 -0.15 -0.14 -0.14 -0.11  0.06 -0.54 -0.28  0.06  0.26  0.38  0.31  0.23  0.17  0.11  0.06  0.02 -0.01 -0.03 -0.04 -0.05 -0.05 -0.05 -0.04 -0.04 -0.03 -0.03 -0.02 -0.02 -0.01 -0.01 -0.00 -0.00
  27 24 2020 -0.59 -0.60 -0.60 -0.60 -0.60 -0.61 -0.76 -0.17  0.20  0.08  0.16  0.30  0.28  0.23  0.18  0.13  0.09  0.05  0.02 -0.00 -0.02 -0.03 -0.03 -0.04 -0.03 -0.03 -0.03 -0.02 -0.02 -0.01 -0.01 -0.01 -0.00 -0.00
  28 12 2020 -0.29 -0.26 -0.24 -0.24 -0.24 -0.26 -0.33 -0.36 -0.16  0.20  0.36  0.36  0.30  0.24  0.19  0.15  0.11  0.07  0.04  0.02  0.00 -0.01 -0.02 -0.02 -0.02 -0.02 -0.02 -0.02 -0.01 -0.01 -0.01 -0.00 -0.00 -0.00
  28 24 2020 -1.01 -1.01 -1.00 -0.98 -0.95 -0.85 -0.68 -0.63  0.20  0.22  0.38  0.32  0.29  0.25  0.20  0.16  0.12  0.09  0.06  0.04  0.02  0.01 -0.00 -0.01 -0.01 -0.01 -0.01 -0.01 -0.01 -0.01 -0.01 -0.00 -0.00 -0.00
  29 12 2020 -0.11 -0.13 -0.17 -0.21 -0.24 -0.35 -0.47 -0.41 -0.32  0.15  0.42  0.39  0.32  0.26  0.22  0.17  0.14  0.11  0.08  0.06  0.04  0.02  0.01  0.00 -0.00 -0.01 -0.01 -0.01 -0.00 -0.00 -0.00 -0.00 -0.00 -0.00
  29 24 2020 -0.65 -0.65 -0.65 -0.64 -0.63 -0.61 -0.62 -0.85  0.28  0.25  0.39  0.33  0.30  0.27  0.23  0.19  0.15  0.12  0.09  0.07  0.05  0.04  0.03  0.01  0.01  0.00  0.00 -0.00 -0.00 -0.00 -0.00 -0.00 -0.00 -0.00
  30 12 2020 -0.13 -0.15 -0.18 -0.21 -0.24 -0.35 -0.58 -0.50 -0.20  0.34  0.59  0.48  0.37  0.30  0.24  0.20  0.17  0.14  0.11  0.09  0.07  0.05  0.04  0.02  0.01  0.01  0.01  0.01  0.00  0.00  0.00  0.00  0.00 -0.00
  30 24 2020 -0.85 -0.84 -0.82 -0.80 -0.78 -0.71 -0.61 -0.73 -0.01  0.32  0.56  0.46  0.39  0.33  0.28  0.23  0.19  0.15  0.12  0.10  0.08  0.06  0.05  0.03  0.02  0.02  0.01  0.01  0.01  0.01  0.00  0.00  0.00 -0.00
  31 12 2020 -0.20 -0.19 -0.19 -0.19 -0.20 -0.22 -0.21 -0.40 -0.65 -0.00  0.46  0.48  0.42  0.36  0.30  0.25  0.21  0.17  0.14  0.12  0.10  0.08  0.06  0.04  0.03  0.02  0.02  0.02  0.01  0.01  0.01  0.00  0.00 -0.00
  31 24 2020 -0.83 -0.82 -0.80 -0.78 -0.75 -0.67 -0.50  0.07 -0.41 -0.25  0.15  0.28  0.34  0.34  0.31  0.27  0.23  0.19  0.16  0.13  0.11  0.09  0.07  0.05  0.04  0.03  0.03  0.02  0.02  0.01  0.01  0.00  0.00 -0.00
  32 12 2020 -0.41 -0.32 -0.24 -0.18 -0.13 -0.01  0.05 -0.63 -0.71 -0.34  0.10  0.19  0.24  0.27  0.27  0.26  0.23  0.20  0.18  0.15  0.12  0.10  0.09  0.06  0.05  0.04  0.03  0.02  0.02  0.01  0.01  0.01  0.00 -0.00
  32 24 2020 -0.91 -0.95 -0.97 -0.98 -0.98 -0.94 -0.68  0.30 -0.38 -0.41 -0.16  0.03  0.14  0.20  0.23  0.23  0.22  0.20  0.18  0.16  0.14  0.11  0.10  0.07  0.05  0.05  0.04  0.03  0.02  0.02  0.01  0.01  0.00 -0.00
  33 12 2020 -0.18 -0.17 -0.16 -0.16 -0.16 -0.17 -0.07 -0.47 -0.38 -0.23 -0.12 -0.03  0.06  0.12  0.17  0.19  0.19  0.19  0.17  0.16  0.14  0.12  0.10  0.08  0.06  0.05  0.04  0.03  0.03  0.02  0.01  0.01  0.00 -0.00
  33 24 2020 -0.75 -0.75 -0.75 -0.74 -0.73 -0.71 -0.73 -0.33  0.15 -0.08 -0.13 -0.06  0.01  0.07  0.12  0.15  0.16  0.17  0.16  0.15  0.14  0.12  0.11  0.09  0.07  0.06  0.05  0.04  0.03  0.02  0.01  0.01  0.00 -0.00
  34 12 2020 -0.09 -0.09 -0.10 -0.11 -0.12 -0.15 -0.21 -0.62 -0.43  0.01  0.04  0.02  0.03  0.06  0.09  0.11  0.13  0.14  0.14  0.14  0.13  0.12  0.11  0.09  0.07  0.06  0.05  0.04  0.03  0.02  0.02  0.01  0.00 -0.00
  34 24 2020 -0.29 -0.32 -0.35 -0.37 -0.39 -0.44 -0.53 -0.10 -0.10 -0.10 -0.08 -0.02  0.02  0.05  0.08  0.10  0.11  0.12  0.13  0.12  0.12  0.11  0.10  0.08  0.07  0.06  0.05  0.04  0.03  0.02  0.02  0.01  0.00 -0.00
  35 12 2020 -0.13 -0.12 -0.12 -0.12 -0.12 -0.14 -0.16 -0.36 -0.28 -0.01  0.03  0.02  0.03  0.04  0.07  0.08  0.10  0.11  0.11  0.11  0.11  0.10  0.09  0.08  0.06  0.06  0.05  0.04  0.03  0.02  0.02  0.01  0.00 -0.00
  35 24 2020 -0.48 -0.49 -0.50 -0.50 -0.50 -0.50 -0.53 -0.55  0.33  0.10 -0.01 -0.00  0.02  0.04  0.06  0.07  0.09  0.09  0.10  0.10  0.10  0.09  0.09  0.07  0.06  0.05  0.04  0.04  0.03  0.02  0.01  0.01  0.00 -0.00
  36 12 2020 -0.12 -0.13 -0.15 -0.17 -0.19 -0.26 -0.37 -0.32 -0.22  0.22  0.20  0.11  0.07  0.06  0.06  0.07  0.08  0.08  0.09  0.09  0.09  0.08  0.08  0.07  0.06  0.05  0.04  0.03  0.03  0.02  0.01  0.01  0.00 -0.00
  36 24 2020 -0.62 -0.61 -0.59 -0.57 -0.55 -0.49 -0.39 -0.28 -0.11  0.08  0.07  0.09  0.09  0.08  0.07  0.07  0.08  0.08  0.08  0.08  0.08  0.08  0.07  0.06  0.05  0.04  0.04  0.03  0.02  0.02  0.01  0.01  0.00 -0.00
  37 12 2020 -0.35 -0.24 -0.14 -0.06  0.01  0.16 -0.09 -0.69 -0.79 -0.16  0.02  0.07  0.08  0.08  0.08  0.08  0.08  0.08  0.08  0.08  0.07  0.07  0.07  0.06  0.05  0.04  0.03  0.03  0.02  0.02  0.01  0.01  0.00 -0.00
  37 24 2020 -0.67 -0.72 -0.77 -0.79 -0.80 -0.79 -0.05  0.18 -0.66 -0.55 -0.27 -0.09  0.01  0.05  0.07  0.07  0.08  0.08  0.07  0.07  0.07  0.07  0.06  0.05  0.04  0.04  0.03  0.03  0.02  0.02  0.01  0.01  0.00 -0.00
  38 12 2020 -0.06 -0.02  0.02  0.06  0.08  0.15  0.11 -0.52 -0.59 -0.54 -0.34 -0.19 -0.09 -0.02  0.03  0.05  0.06  0.07  0.07  0.07  0.07  0.06  0.06  0.05  0.04  0.03  0.03  0.02  0.02  0.01  0.01  0.01  0.00 -0.00
  38 24 2020 -0.66 -0.70 -0.73 -0.75 -0.77 -0.82 -0.84  0.54 -0.01 -0.40 -0.38 -0.26 -0.16 -0.07 -0.02  0.02  0.04  0.05  0.06  0.06  0.06  0.06  0.05  0.05  0.04  0.03  0.03  0.02  0.02  0.01  0.01  0.01  0.00 -0.00
  39 12 2020 -0.08 -0.09 -0.11 -0.13 -0.15 -0.20 -0.19 -0.32 -0.10 -0.09 -0.15 -0.18 -0.16 -0.11 -0.06 -0.02  0.01  0.03  0.04  0.05  0.05  0.05  0.05  0.04  0.03  0.03  0.02  0.02  0.02  0.01  0.01  0.00  0.00 -0.00
  39 24 2020 -0.28 -0.30 -0.31 -0.33 -0.34 -0.37 -0.53 -0.58  0.45  0.07 -0.11 -0.14 -0.13 -0.10 -0.07 -0.04 -0.01  0.01  0.02  0.03  0.04  0.04  0.04  0.04  0.03  0.03  0.02  0.02  0.01  0.01  0.01  0.00  0.00 -0.00
  40 12 2020 -0.11 -0.13 -0.14 -0.16 -0.19 -0.25 -0.39 -0.38 -0.10  0.24  0.13  0.01 -0.06 -0.07 -0.06 -0.04 -0.02 -0.01  0.01  0.02  0.03  0.03  0.03  0.03  0.02  0.02  0.02  0.02  0.01  0.01  0.01  0.00  0.00 -0.00
  40 24 2020 -0.30 -0.31 -0.32 -0.33 -0.33 -0.33 -0.36 -0.37 -0.00  0.13  0.05  0.02 -0.01 -0.03 -0.04 -0.03 -0.02 -0.01 -0.00  0.01  0.01  0.02  0.02  0.02  0.02  0.02  0.02  0.01  0.01  0.01  0.01  0.00  0.00 -0.00
  41 12 2020 -0.08 -0.08 -0.09 -0.10 -0.11 -0.15 -0.20 -0.25 -0.23  0.05  0.09  0.06  0.02 -0.00 -0.02 -0.02 -0.02 -0.01 -0.00  0.00  0.01  0.01  0.01  0.01  0.01  0.01  0.01  0.01  0.01  0.01  0.00  0.00  0.00 -0.00
  41 24 2020 -0.28 -0.29 -0.29 -0.29 -0.29 -0.29 -0.29 -0.19  0.02 -0.04 -0.02  0.01  0.01  0.01 -0.00 -0.01 -0.01 -0.01 -0.00 -0.00  0.00  0.01  0.01  0.01  0.01  0.01  0.01  0.01  0.01  0.00  0.00  0.00  0.00 -0.00
  42 12 2020 -0.02 -0.02 -0.02 -0.03 -0.03 -0.06 -0.10 -0.25 -0.14 -0.04 -0.01 -0.00  0.00  0.00  0.00 -0.00 -0.00 -0.00 -0.00 -0.00  0.00  0.00  0.00  0.01  0.01  0.01  0.01  0.00  0.00  0.00  0.00  0.00  0.00 -0.00
  42 24 2020 -0.29 -0.30 -0.30 -0.30 -0.29 -0.28 -0.24 -0.05 -0.05 -0.07 -0.05 -0.02 -0.01 -0.00 -0.00 -0.00 -0.00 -0.00 -0.00  0.00  0.00  0.00  0.00  0.00  0.00  0.00  0.00  0.00  0.00  0.00  0.00  0.00  0.00 -0.00
  43 12 2020 -0.04 -0.04 -0.04 -0.05 -0.05 -0.08 -0.12 -0.14 -0.09 -0.06 -0.04 -0.03 -0.02 -0.01 -0.01 -0.00 -0.00 -0.00 -0.00  0.00  0.00  0.00  0.00  0.00  0.00  0.00  0.00  0.00  0.00  0.00  0.00  0.00  0.00 -0.00
  43 24 2020 -0.28 -0.28 -0.27 -0.27 -0.26 -0.23 -0.17 -0.09 -0.08 -0.07 -0.05 -0.03 -0.02 -0.02 -0.01 -0.01 -0.00 -0.00 -0.00 -0.00  0.00  0.00  0.00  0.00  0.00  0.00  0.00  0.00  0.00  0.00  0.00  0.00  0.00 -0.00
  44 12 2020  0.01  0.01 -0.00 -0.01 -0.02 -0.05 -0.11 -0.11 -0.09 -0.07 -0.05 -0.04 -0.03 -0.02 -0.01 -0.01 -0.01 -0.00 -0.00 -0.00 -0.00  0.00  0.00  0.00  0.00  0.00  0.00  0.00  0.00  0.00  0.00  0.00  0.00 -0.00
  44 24 2020 -0.20 -0.20 -0.19 -0.18 -0.17 -0.15 -0.11 -0.09 -0.08 -0.07 -0.06 -0.05 -0.03 -0.03 -0.02 -0.01 -0.01 -0.01 -0.00 -0.00 -0.00 -0.00 -0.00  0.00  0.00  0.00  0.00  0.00  0.00  0.00  0.00  0.00 -0.00 -0.00
  45 12 2020 -0.03 -0.02 -0.01 -0.01 -0.00  0.00 -0.03 -0.26 -0.13 -0.08 -0.06 -0.05 -0.04 -0.03 -0.02 -0.02 -0.01 -0.01 -0.01 -0.00 -0.00 -0.00 -0.00 -0.00 -0.00  0.00  0.00  0.00  0.00  0.00  0.00 -0.00 -0.00 -0.00
  45 24 2020 -0.34 -0.34 -0.34 -0.34 -0.33 -0.31 -0.22  0.03 -0.08 -0.09 -0.08 -0.06 -0.04 -0.03 -0.03 -0.02 -0.02 -0.01 -0.01 -0.01 -0.00 -0.00 -0.00 -0.00 -0.00 -0.00 -0.00 -0.00 -0.00 -0.00 -0.00 -0.00 -0.00 -0.00
  46 12 2020 -0.01 -0.02 -0.02 -0.03 -0.04 -0.06 -0.09 -0.15 -0.10 -0.08 -0.07 -0.06 -0.05 -0.04 -0.03 -0.02 -0.02 -0.01 -0.01 -0.01 -0.01 -0.00 -0.00 -0.00 -0.00 -0.00 -0.00 -0.00 -0.00 -0.00 -0.00 -0.00 -0.00 -0.00
  46 24 2020 -0.26 -0.26 -0.26 -0.25 -0.24 -0.22 -0.17 -0.06 -0.08 -0.08 -0.07 -0.06 -0.05 -0.04 -0.03 -0.03 -0.02 -0.02 -0.01 -0.01 -0.01 -0.01 -0.00 -0.00 -0.00 -0.00 -0.00 -0.00 -0.00 -0.00 -0.00 -0.00 -0.00 -0.00
  47 12 2020 -0.06 -0.05 -0.04 -0.04 -0.04 -0.06 -0.11 -0.11 -0.09 -0.08 -0.07 -0.06 -0.05 -0.04 -0.04 -0.03 -0.02 -0.02 -0.02 -0.01 -0.01 -0.01 -0.01 -0.00 -0.00 -0.00 -0.00 -0.00 -0.00 -0.00 -0.00 -0.00 -0.00 -0.00
  47 24 2020 -0.41 -0.40 -0.39 -0.37 -0.35 -0.30 -0.18 -0.11 -0.09 -0.08 -0.07 -0.06 -0.05 -0.05 -0.04 -0.03 -0.03 -0.02 -0.02 -0.01 -0.01 -0.01 -0.01 -0.01 -0.00 -0.00 -0.00 -0.00 -0.00 -0.00 -0.00 -0.00 -0.00 -0.00
  48 12 2020 -0.11 -0.11 -0.11 -0.11 -0.11 -0.12 -0.14 -0.18 -0.12 -0.09 -0.08 -0.06 -0.06 -0.05 -0.04 -0.03 -0.03 -0.02 -0.02 -0.02 -0.01 -0.01 -0.01 -0.01 -0.01 -0.00 -0.00 -0.00 -0.00 -0.00 -0.00 -0.00 -0.00 -0.00
  48 24 2020 -0.36 -0.36 -0.36 -0.35 -0.34 -0.31 -0.23 -0.12 -0.12 -0.10 -0.09 -0.07 -0.06 -0.05 -0.04 -0.04 -0.03 -0.03 -0.02 -0.02 -0.02 -0.01 -0.01 -0.01 -0.01 -0.00 -0.00 -0.00 -0.00 -0.00 -0.00 -0.00 -0.00 -0.00
  49 12 2020 -0.04  0.02  0.07  0.12  0.16  0.26 -0.03 -0.59 -0.47 -0.19 -0.11 -0.08 -0.06 -0.05 -0.05 -0.04 -0.03 -0.03 -0.02 -0.02 -0.02 -0.01 -0.01 -0.01 -0.01 -0.01 -0.00 -0.00 -0.00 -0.00 -0.00 -0.00 -0.00 -0.00
  49 24 2020 -0.24 -0.30 -0.35 -0.40 -0.44 -0.53 -0.24  0.19 -0.11 -0.30 -0.22 -0.14 -0.09 -0.07 -0.05 -0.04 -0.04 -0.03 -0.03 -0.02 -0.02 -0.02 -0.01 -0.01 -0.01 -0.01 -0.01 -0.00 -0.00 -0.00 -0.00 -0.00 -0.00 -0.00
  50 12 2020 -0.06 -0.06 -0.06 -0.07 -0.08 -0.10 -0.13 -0.18 -0.07 -0.04 -0.10 -0.12 -0.11 -0.09 -0.07 -0.05 -0.04 -0.04 -0.03 -0.02 -0.02 -0.02 -0.01 -0.01 -0.01 -0.01 -0.01 -0.00 -0.00 -0.00 -0.00 -0.00 -0.00 -0.00
  50 24 2020 -0.42 -0.42 -0.42 -0.41 -0.40 -0.36 -0.29 -0.09 -0.01 -0.08 -0.10 -0.10 -0.09 -0.08 -0.07 -0.06 -0.05 -0.04 -0.03 -0.03 -0.02 -0.02 -0.02 -0.01 -0.01 -0.01 -0.01 -0.01 -0.00 -0.00 -0.00 -0.00 -0.00 -0.00
  51 12 2020 -0.04 -0.03 -0.03 -0.04 -0.05 -0.08 -0.17 -0.15 -0.10 -0.08 -0.08 -0.08 -0.08 -0.08 -0.07 -0.06 -0.05 -0.05 -0.04 -0.03 -0.03 -0.02 -0.02 -0.01 -0.01 -0.01 -0.01 -0.01 -0.00 -0.00 -0.00 -0.00 -0.00 -0.00
  51 24 2020 -0.44 -0.43 -0.42 -0.40 -0.38 -0.33 -0.20 -0.14 -0.11 -0.10 -0.09 -0.08 -0.08 -0.07 -0.07 -0.06 -0.05 -0.05 -0.04 -0.04 -0.03 -0.03 -0.02 -0.02 -0.01 -0.01 -0.01 -0.01 -0.00 -0.00 -0.00 -0.00 -0.00 -0.00
  52 12 2020 -0.10 -0.10 -0.10 -0.11 -0.11 -0.14 -0.18 -0.17 -0.13 -0.11 -0.09 -0.09 -0.08 -0.07 -0.07 -0.06 -0.06 -0.05 -0.04 -0.04 -0.03 -0.03 -0.02 -0.02 -0.01 -0.01 -0.01 -0.01 -0.01 -0.00 -0.00 -0.00 -0.00 -0.00
  52 24 2020 -0.42 -0.41 -0.40 -0.38 -0.36 -0.31 -0.21 -0.16 -0.14 -0.12 -0.10 -0.09 -0.08 -0.07 -0.07 -0.06 -0.06 -0.05 -0.04 -0.04 -0.03 -0.03 -0.02 -0.02 -0.01 -0.01 -0.01 -0.01 -0.01 -0.00 -0.00 -0.00 -0.00 -0.00
  53 12 2020 -0.11 -0.11 -0.11 -0.12 -0.13 -0.15 -0.20 -0.18 -0.15 -0.13 -0.11 -0.10 -0.09 -0.08 -0.07 -0.06 -0.06 -0.05 -0.05 -0.04 -0.04 -0.03 -0.03 -0.02 -0.02 -0.01 -0.01 -0.01 -0.01 -0.00 -0.00 -0.00 -0.00 -0.00
  53 24 2020 -0.29 -0.30 -0.30 -0.30 -0.30 -0.28 -0.21 -0.17 -0.15 -0.13 -0.12 -0.10 -0.09 -0.08 -0.07 -0.06 -0.06 -0.05 -0.05 -0.04 -0.04 -0.03 -0.03 -0.02 -0.02 -0.01 -0.01 -0.01 -0.01 -0.01 -0.00 -0.00 -0.00 -0.00
  54 12 2020  0.07  0.06  0.04  0.02  0.01 -0.05 -0.15 -0.17 -0.16 -0.14 -0.12 -0.10 -0.09 -0.08 -0.07 -0.07 -0.06 -0.05 -0.05 -0.04 -0.04 -0.03 -0.03 -0.02 -0.02 -0.01 -0.01 -0.01 -0.01 -0.01 -0.00 -0.00 -0.00 -0.00
  54 24 2020 -0.18 -0.19 -0.19 -0.18 -0.18 -0.16 -0.12 -0.13 -0.14 -0.13 -0.12 -0.11 -0.10 -0.09 -0.08 -0.07 -0.06 -0.06 -0.05 -0.04 -0.04 -0.03 -0.03 -0.02 -0.02 -0.02 -0.01 -0.01 -0.01 -0.01 -0.00 -0.00 -0.00 -0.00
  55 12 2020  0.01  0.01 -0.00 -0.01 -0.02 -0.05 -0.11 -0.13 -0.13 -0.12 -0.12 -0.11 -0.10 -0.09 -0.08 -0.07 -0.06 -0.06 -0.05 -0.05 -0.04 -0.04 -0.03 -0.02 -0.02 -0.02 -0.01 -0.01 -0.01 -0.01 -0.00 -0.00 -0.00 -0.00
  55 24 2020 -0.12 -0.12 -0.12 -0.12 -0.11 -0.11 -0.09 -0.10 -0.12 -0.12 -0.11 -0.11 -0.10 -0.09 -0.08 -0.07 -0.07 -0.06 -0.05 -0.05 -0.04 -0.04 -0.03 -0.03 -0.02 -0.02 -0.01 -0.01 -0.01 -0.01 -0.00 -0.00 -0.00 -0.00
  56 12 2020 -0.02 -0.02 -0.02 -0.02 -0.02 -0.04 -0.09 -0.11 -0.11 -0.11 -0.11 -0.10 -0.10 -0.09 -0.08 -0.07 -0.07 -0.06 -0.05 -0.05 -0.04 -0.04 -0.03 -0.03 -0.02 -0.02 -0.01 -0.01 -0.01 -0.01 -0.00 -0.00 -0.00 -0.00
  56 24 2020 -0.29 -0.28 -0.27 -0.26 -0.25 -0.21 -0.13 -0.10 -0.10 -0.10 -0.10 -0.10 -0.10 -0.09 -0.08 -0.08 -0.07 -0.06 -0.06 -0.05 -0.04 -0.04 -0.03 -0.03 -0.02 -0.02 -0.01 -0.01 -0.01 -0.01 -0.00 -0.00 -0.00 -0.00
  57 12 2020 -0.13 -0.11 -0.10 -0.09 -0.09 -0.09 -0.13 -0.13 -0.11 -0.11 -0.10 -0.10 -0.09 -0.09 -0.08 -0.08 -0.07 -0.06 -0.06 -0.05 -0.05 -0.04 -0.03 -0.03 -0.02 -0.02 -0.02 -0.01 -0.01 -0.01 -0.00 -0.00 -0.00 -0.00
  57 24 2020 -0.46 -0.46 -0.46 -0.45 -0.43 -0.37 -0.22 -0.14 -0.12 -0.11 -0.10 -0.10 -0.09 -0.09 -0.08 -0.08 -0.07 -0.06 -0.06 -0.05 -0.05 -0.04 -0.04 -0.03 -0.02 -0.02 -0.02 -0.01 -0.01 -0.01 -0.00 -0.00 -0.00 -0.00
  58 12 2020 -0.14 -0.13 -0.13 -0.13 -0.13 -0.15 -0.20 -0.18 -0.14 -0.12 -0.11 -0.10 -0.09 -0.09 -0.08 -0.08 -0.07 -0.06 -0.06 -0.05 -0.05 -0.04 -0.04 -0.03 -0.02 -0.02 -0.02 -0.01 -0.01 -0.01 -0.01 -0.00 -0.00 -0.00
  58 24 2020 -0.22 -0.23 -0.23 -0.23 -0.23 -0.23 -0.19 -0.17 -0.15 -0.13 -0.12 -0.10 -0.10 -0.09 -0.08 -0.08 -0.07 -0.06 -0.06 -0.05 -0.05 -0.04 -0.04 -0.03 -0.02 -0.02 -0.02 -0.01 -0.01 -0.01 -0.01 -0.00 -0.00 -0.00
  59 12 2020  0.00 -0.02 -0.03 -0.05 -0.07 -0.10 -0.16 -0.17 -0.15 -0.14 -0.12 -0.11 -0.10 -0.09 -0.08 -0.08 -0.07 -0.06 -0.06 -0.05 -0.05 -0.04 -0.04 -0.03 -0.02 -0.02 -0.02 -0.01 -0.01 -0.01 -0.01 -0.00 -0.00 -0.00
  59 24 2020  0.11  0.10  0.09  0.08  0.06  0.02 -0.07 -0.12 -0.14 -0.13 -0.12 -0.11 -0.10 -0.09 -0.09 -0.08 -0.07 -0.07 -0.06 -0.05 -0.05 -0.04 -0.04 -0.03 -0.02 -0.02 -0.02 -0.01 -0.01 -0.01 -0.01 -0.00 -0.00 -0.00
  60 12 2020  0.08  0.07  0.06  0.05  0.04  0.02 -0.03 -0.08 -0.11 -0.12 -0.12 -0.11 -0.10 -0.10 -0.09 -0.08 -0.07 -0.07 -0.06 -0.06 -0.05 -0.04 -0.04 -0.03 -0.02 -0.02 -0.02 -0.01 -0.01 -0.01 -0.01 -0.00 -0.00 -0.00
  60 24 2020  0.42  0.39  0.37  0.35  0.33  0.27  0.11 -0.02 -0.08 -0.10 -0.11 -0.11 -0.10 -0.10 -0.09 -0.08 -0.07 -0.07 -0.06 -0.06 -0.05 -0.04 -0.04 -0.03 -0.02 -0.02 -0.02 -0.01 -0.01 -0.01 -0.01 -0.00 -0.00 -0.00
  61 12 2020 -0.03 -0.01  0.01  0.02  0.02  0.04  0.05  0.01 -0.04 -0.07 -0.09 -0.10 -0.10 -0.09 -0.09 -0.08 -0.08 -0.07 -0.06 -0.06 -0.05 -0.05 -0.04 -0.03 -0.03 -0.02 -0.02 -0.01 -0.01 -0.01 -0.01 -0.00 -0.00 -0.00
  61 24 2020 -0.42 -0.40 -0.38 -0.36 -0.34 -0.26 -0.09 -0.03 -0.03 -0.06 -0.08 -0.09 -0.09 -0.09 -0.09 -0.08 -0.08 -0.07 -0.06 -0.06 -0.05 -0.05 -0.04 -0.03 -0.03 -0.02 -0.02 -0.01 -0.01 -0.01 -0.01 -0.00 -0.00 -0.00
  62 12 2020 -0.07 -0.06 -0.05 -0.05 -0.05 -0.06 -0.11 -0.09 -0.07 -0.06 -0.07 -0.08 -0.08 -0.08 -0.08 -0.08 -0.08 -0.07 -0.06 -0.06 -0.05 -0.05 -0.04 -0.03 -0.03 -0.02 -0.02 -0.01 -0.01 -0.01 -0.01 -0.00 -0.00 -0.00
  62 24 2020 -0.38 -0.38 -0.38 -0.37 -0.36 -0.31 -0.17 -0.10 -0.08 -0.07 -0.07 -0.08 -0.08 -0.08 -0.08 -0.08 -0.07 -0.07 -0.06 -0.06 -0.05 -0.05 -0.04 -0.03 -0.03 -0.02 -0.02 -0.02 -0.01 -0.01 -0.01 -0.00 -0.00 -0.00
  63 12 2020 -0.08 -0.05 -0.03 -0.03 -0.03 -0.04 -0.12 -0.13 -0.10 -0.09 -0.08 -0.08 -0.08 -0.08 -0.08 -0.07 -0.07 -0.07 -0.06 -0.06 -0.05 -0.05 -0.04 -0.03 -0.03 -0.02 -0.02 -0.02 -0.01 -0.01 -0.01 -0.00 -0.00 -0.00
  63 24 2020 -0.77 -0.76 -0.74 -0.71 -0.67 -0.55 -0.28 -0.15 -0.11 -0.09 -0.09 -0.08 -0.08 -0.08 -0.07 -0.07 -0.07 -0.07 -0.06 -0.06 -0.05 -0.05 -0.04 -0.03 -0.03 -0.02 -0.02 -0.02 -0.01 -0.01 -0.01 -0.00 -0.00 -0.00
  64 12 2020 -0.03 -0.03 -0.05 -0.06 -0.08 -0.14 -0.24 -0.21 -0.15 -0.12 -0.10 -0.09 -0.08 -0.08 -0.07 -0.07 -0.07 -0.06 -0.06 -0.06 -0.05 -0.05 -0.04 -0.03 -0.03 -0.02 -0.02 -0.02 -0.01 -0.01 -0.01 -0.00 -0.00 -0.00
  64 24 2020 -0.63 -0.61 -0.58 -0.56 -0.53 -0.44 -0.26 -0.19 -0.16 -0.13 -0.11 -0.10 -0.09 -0.08 -0.07 -0.07 -0.07 -0.06 -0.06 -0.06 -0.05 -0.05 -0.04 -0.03 -0.03 -0.02 -0.02 -0.02 -0.01 -0.01 -0.01 -0.00 -0.00 -0.00
  65 12 2020 -0.02 -0.03 -0.04 -0.06 -0.08 -0.14 -0.24 -0.23 -0.18 -0.14 -0.12 -0.10 -0.09 -0.08 -0.08 -0.07 -0.07 -0.06 -0.06 -0.05 -0.05 -0.04 -0.04 -0.03 -0.03 -0.02 -0.02 -0.02 -0.01 -0.01 -0.01 -0.00 -0.00 -0.00
  65 24 2020 -0.43 -0.43 -0.42 -0.40 -0.39 -0.34 -0.24 -0.20 -0.17 -0.15 -0.13 -0.11 -0.10 -0.09 -0.08 -0.07 -0.07 -0.06 -0.06 -0.05 -0.05 -0.04 -0.04 -0.03 -0.03 -0.02 -0.02 -0.02 -0.01 -0.01 -0.01 -0.00 -0.00 -0.00
  66 12 2020 -0.15 -0.14 -0.13 -0.13 -0.14 -0.15 -0.21 -0.21 -0.18 -0.16 -0.14 -0.12 -0.10 -0.09 -0.08 -0.08 -0.07 -0.06 -0.06 -0.05 -0.05 -0.04 -0.04 -0.03 -0.03 -0.02 -0.02 -0.01 -0.01 -0.01 -0.01 -0.00 -0.00 -0.00
  66 24 2020 -0.42 -0.43 -0.43 -0.42 -0.41 -0.37 -0.25 -0.20 -0.18 -0.16 -0.14 -0.12 -0.11 -0.10 -0.09 -0.08 -0.07 -0.07 -0.06 -0.05 -0.05 -0.04 -0.04 -0.03 -0.03 -0.02 -0.02 -0.01 -0.01 -0.01 -0.01 -0.00 -0.00 -0.00
  67 12 2020 -0.09 -0.09 -0.09 -0.10 -0.11 -0.14 -0.22 -0.22 -0.19 -0.16 -0.14 -0.13 -0.11 -0.10 -0.09 -0.08 -0.07 -0.07 -0.06 -0.06 -0.05 -0.04 -0.04 -0.03 -0.03 -0.02 -0.02 -0.01 -0.01 -0.01 -0.01 -0.00 -0.00 -0.00
  67 24 2020 -0.30 -0.31 -0.32 -0.32 -0.32 -0.30 -0.23 -0.20 -0.18 -0.17 -0.15 -0.13 -0.12 -0.11 -0.09 -0.09 -0.08 -0.07 -0.06 -0.06 -0.05 -0.05 -0.04 -0.03 -0.03 -0.02 -0.02 -0.01 -0.01 -0.01 -0.01 -0.00 -0.00 -0.00
  68 12 2020  0.06  0.05  0.04  0.03  0.01 -0.04 -0.16 -0.19 -0.18 -0.17 -0.15 -0.13 -0.12 -0.11 -0.10 -0.09 -0.08 -0.07 -0.06 -0.06 -0.05 -0.05 -0.04 -0.03 -0.03 -0.02 -0.02 -0.02 -0.01 -0.01 -0.01 -0.00 -0.00 -0.00
  68 24 2020 -0.27 -0.27 -0.26 -0.26 -0.25 -0.22 -0.16 -0.15 -0.16 -0.16 -0.15 -0.14 -0.12 -0.11 -0.10 -0.09 -0.08 -0.07 -0.07 -0.06 -0.05 -0.05 -0.04 -0.03 -0.03 -0.02 -0.02 -0.02 -0.01 -0.01 -0.01 -0.00 -0.00 -0.00
  69 12 2020 -0.01 -0.01 -0.01 -0.02 -0.03 -0.06 -0.14 -0.17 -0.16 -0.15 -0.14 -0.13 -0.12 -0.11 -0.10 -0.09 -0.08 -0.08 -0.07 -0.06 -0.05 -0.05 -0.04 -0.03 -0.03 -0.02 -0.02 -0.02 -0.01 -0.01 -0.01 -0.00 -0.00 -0.00
  69 24 2020 -0.25 -0.26 -0.26 -0.26 -0.25 -0.23 -0.16 -0.14 -0.15 -0.15 -0.14 -0.13 -0.12 -0.11 -0.10 -0.09 -0.09 -0.08 -0.07 -0.06 -0.06 -0.05 -0.04 -0.04 -0.03 -0.02 -0.02 -0.02 -0.01 -0.01 -0.01 -0.00 -0.00 -0.00
  70 12 2020  0.02  0.03  0.03  0.02  0.01 -0.02 -0.12 -0.15 -0.15 -0.15 -0.14 -0.13 -0.12 -0.11 -0.10 -0.10 -0.09 -0.08 -0.07 -0.06 -0.06 -0.05 -0.04 -0.04 -0.03 -0.02 -0.02 -0.02 -0.01 -0.01 -0.01 -0.00 -0.00 -0.00
  70 24 2020 -0.44 -0.43 -0.43 -0.41 -0.39 -0.33 -0.18 -0.13 -0.14 -0.14 -0.14 -0.13 -0.12 -0.11 -0.11 -0.10 -0.09 -0.08 -0.07 -0.07 -0.06 -0.05 -0.05 -0.04 -0.03 -0.02 -0.02 -0.02 -0.01 -0.01 -0.01 -0.00 -0.00 -0.00
  71 12 2020 -0.01 -0.00 -0.00 -0.01 -0.03 -0.07 -0.16 -0.17 -0.15 -0.14 -0.13 -0.13 -0.12 -0.11 -0.11 -0.10 -0.09 -0.08 -0.07 -0.07 -0.06 -0.05 -0.05 -0.04 -0.03 -0.03 -0.02 -0.02 -0.01 -0.01 -0.01 -0.00 -0.00 -0.00
  71 24 2020 -0.28 -0.30 -0.31 -0.31 -0.30 -0.27 -0.18 -0.15 -0.15 -0.14 -0.13 -0.13 -0.12 -0.11 -0.11 -0.10 -0.09 -0.08 -0.08 -0.07 -0.06 -0.05 -0.05 -0.04 -0.03 -0.03 -0.02 -0.02 -0.01 -0.01 -0.01 -0.00 -0.00 -0.00
  72 12 2020 -0.01  0.00  0.01  0.01 -0.00 -0.03 -0.13 -0.16 -0.15 -0.14 -0.13 -0.13 -0.12 -0.11 -0.11 -0.10 -0.09 -0.08 -0.08 -0.07 -0.06 -0.05 -0.05 -0.04 -0.03 -0.03 -0.02 -0.02 -0.01 -0.01 -0.01 -0.00 -0.00 -0.00
  72 24 2020 -0.38 -0.38 -0.37 -0.35 -0.34 -0.29 -0.17 -0.14 -0.14 -0.14 -0.13 -0.13 -0.12 -0.11 -0.11 -0.10 -0.09 -0.08 -0.08 -0.07 -0.06 -0.06 -0.05 -0.04 -0.03 -0.03 -0.02 -0.02 -0.01 -0.01 -0.01 -0.00 -0.00 -0.00
  73 12 2020 -0.08 -0.06 -0.06 -0.06 -0.06 -0.09 -0.17 -0.17 -0.15 -0.14 -0.13 -0.13 -0.12 -0.11 -0.11 -0.10 -0.09 -0.08 -0.08 -0.07 -0.06 -0.06 -0.05 -0.04 -0.03 -0.03 -0.02 -0.02 -0.01 -0.01 -0.01 -0.00 -0.00 -0.00
  73 24 2020 -0.39 -0.40 -0.40 -0.40 -0.39 -0.34 -0.21 -0.16 -0.15 -0.14 -0.14 -0.13 -0.12 -0.11 -0.11 -0.10 -0.09 -0.08 -0.08 -0.07 -0.06 -0.06 -0.05 -0.04 -0.03 -0.03 -0.02 -0.02 -0.01 -0.01 -0.01 -0.00 -0.00 -0.00
  74 12 2020  0.05  0.04  0.03  0.02  0.00 -0.05 -0.17 -0.18 -0.16 -0.15 -0.14 -0.13 -0.12 -0.11 -0.11 -0.10 -0.09 -0.08 -0.08 -0.07 -0.06 -0.06 -0.05 -0.04 -0.03 -0.03 -0.02 -0.02 -0.01 -0.01 -0.01 -0.00 -0.00 -0.00
  74 24 2020 -0.56 -0.53 -0.50 -0.46 -0.43 -0.33 -0.19 -0.15 -0.15 -0.15 -0.14 -0.13 -0.12 -0.11 -0.11 -0.10 -0.09 -0.08 -0.08 -0.07 -0.06 -0.06 -0.05 -0.04 -0.03 -0.03 -0.02 -0.02 -0.01 -0.01 -0.01 -0.00 -0.00 -0.00
  75 12 2020 -0.36 -0.34 -0.32 -0.31 -0.30 -0.29 -0.27 -0.21 -0.17 -0.15 -0.14 -0.13 -0.12 -0.11 -0.11 -0.10 -0.09 -0.09 -0.08 -0.07 -0.06 -0.06 -0.05 -0.04 -0.03 -0.03 -0.02 -0.02 -0.02 -0.01 -0.01 -0.00 -0.00 -0.00
  75 24 2020 -0.57 -0.57 -0.56 -0.55 -0.53 -0.47 -0.32 -0.23 -0.19 -0.16 -0.15 -0.13 -0.12 -0.12 -0.11 -0.10 -0.09 -0.09 -0.08 -0.07 -0.06 -0.06 -0.05 -0.04 -0.03 -0.03 -0.02 -0.02 -0.02 -0.01 -0.01 -0.00 -0.00 -0.00
  76 12 2020 -0.10 -0.12 -0.13 -0.15 -0.17 -0.22 -0.29 -0.26 -0.22 -0.18 -0.16 -0.14 -0.13 -0.12 -0.11 -0.10 -0.09 -0.09 -0.08 -0.07 -0.07 -0.06 -0.05 -0.04 -0.03 -0.03 -0.02 -0.02 -0.02 -0.01 -0.01 -0.00 -0.00 -0.00
  76 24 2020 -0.29 -0.29 -0.29 -0.29 -0.29 -0.28 -0.25 -0.23 -0.21 -0.19 -0.17 -0.15 -0.13 -0.12 -0.11 -0.10 -0.09 -0.09 -0.08 -0.07 -0.07 -0.06 -0.05 -0.04 -0.03 -0.03 -0.02 -0.02 -0.02 -0.01 -0.01 -0.00 -0.00 -0.00
  77 12 2020 -0.21 -0.19 -0.18 -0.17 -0.17 -0.17 -0.22 -0.23 -0.21 -0.19 -0.17 -0.15 -0.14 -0.13 -0.11 -0.10 -0.10 -0.09 -0.08 -0.07 -0.07 -0.06 -0.05 -0.04 -0.03 -0.03 -0.02 -0.02 -0.02 -0.01 -0.01 -0.00 -0.00 -0.00
  77 24 2020 -0.18 -0.20 -0.22 -0.23 -0.24 -0.26 -0.23 -0.21 -0.20 -0.19 -0.17 -0.16 -0.14 -0.13 -0.12 -0.11 -0.10 -0.09 -0.08 -0.07 -0.07 -0.06 -0.05 -0.04 -0.03 -0.03 -0.02 -0.02 -0.02 -0.01 -0.01 -0.00 -0.00 -0.00
  78 12 2020  0.07  0.05  0.03  0.01 -0.01 -0.07 -0.17 -0.20 -0.20 -0.19 -0.17 -0.16 -0.14 -0.13 -0.12 -0.11 -0.10 -0.09 -0.08 -0.08 -0.07 -0.06 -0.05 -0.04 -0.03 -0.03 -0.02 -0.02 -0.02 -0.01 -0.01 -0.01 -0.00 -0.00
  78 24 2020 -0.07 -0.08 -0.08 -0.09 -0.09 -0.10 -0.12 -0.16 -0.18 -0.18 -0.17 -0.16 -0.15 -0.13 -0.12 -0.11 -0.10 -0.09 -0.09 -0.08 -0.07 -0.06 -0.05 -0.04 -0.04 -0.03 -0.03 -0.02 -0.02 -0.01 -0.01 -0.01 -0.00 -0.00
  79 12 2020  0.04  0.04  0.03  0.03  0.02 -0.01 -0.09 -0.14 -0.16 -0.17 -0.16 -0.16 -0.15 -0.13 -0.12 -0.11 -0.10 -0.10 -0.09 -0.08 -0.07 -0.06 -0.05 -0.05 -0.04 -0.03 -0.03 -0.02 -0.02 -0.01 -0.01 -0.01 -0.00 -0.00
  79 24 2020 -0.66 -0.61 -0.56 -0.51 -0.46 -0.34 -0.17 -0.13 -0.15 -0.15 -0.16 -0.15 -0.14 -0.13 -0.12 -0.12 -0.11 -0.10 -0.09 -0.08 -0.07 -0.06 -0.06 -0.05 -0.04 -0.03 -0.03 -0.02 -0.02 -0.01 -0.01 -0.01 -0.00 -0.00
  80 12 2020 -0.41 -0.35 -0.32 -0.30 -0.28 -0.26 -0.25 -0.19 -0.17 -0.16 -0.15 -0.15 -0.14 -0.13 -0.12 -0.12 -0.11 -0.10 -0.09 -0.08 -0.07 -0.06 -0.06 -0.05 -0.04 -0.03 -0.03 -0.02 -0.02 -0.01 -0.01 -0.01 -0.00 -0.00
  80 24 2020 -1.07 -1.07 -1.04 -1.01 -0.96 -0.80 -0.43 -0.25 -0.19 -0.17 -0.15 -0.15 -0.14 -0.13 -0.12 -0.12 -0.11 -0.10 -0.09 -0.08 -0.07 -0.07 -0.06 -0.05 -0.04 -0.03 -0.03 -0.02 -0.02 -0.01 -0.01 -0.01 -0.00 -0.00
  81 12 2020 -0.28 -0.25 -0.24 -0.25 -0.26 -0.31 -0.40 -0.33 -0.24 -0.19 -0.17 -0.15 -0.14 -0.13 -0.12 -0.12 -0.11 -0.10 -0.09 -0.08 -0.07 -0.07 -0.06 -0.05 -0.04 -0.03 -0.03 -0.02 -0.02 -0.01 -0.01 -0.01 -0.00 -0.00
  81 24 2020 -0.87 -0.88 -0.87 -0.84 -0.81 -0.70 -0.44 -0.32 -0.26 -0.21 -0.18 -0.16 -0.15 -0.13 -0.13 -0.12 -0.11 -0.10 -0.09 -0.08 -0.08 -0.07 -0.06 -0.05 -0.04 -0.03 -0.03 -0.02 -0.02 -0.01 -0.01 -0.01 -0.00 -0.00
  82 12 2020 -0.17 -0.16 -0.17 -0.19 -0.21 -0.28 -0.40 -0.36 -0.29 -0.23 -0.20 -0.17 -0.15 -0.14 -0.13 -0.12 -0.11 -0.10 -0.09 -0.08 -0.08 -0.07 -0.06 -0.05 -0.04 -0.03 -0.03 -0.02 -0.02 -0.01 -0.01 -0.01 -0.00 -0.00
  82 24 2020 -1.09 -1.06 -1.02 -0.96 -0.91 -0.74 -0.45 -0.34 -0.29 -0.24 -0.21 -0.18 -0.16 -0.14 -0.13 -0.12 -0.11 -0.10 -0.09 -0.08 -0.08 -0.07 -0.06 -0.05 -0.04 -0.03 -0.03 -0.02 -0.02 -0.01 -0.01 -0.01 -0.00 -0.00
  83 12 2020 -0.13 -0.14 -0.16 -0.19 -0.22 -0.33 -0.45 -0.39 -0.31 -0.26 -0.22 -0.19 -0.17 -0.15 -0.14 -0.12 -0.11 -0.10 -0.09 -0.09 -0.08 -0.07 -0.06 -0.05 -0.04 -0.03 -0.03 -0.02 -0.02 -0.01 -0.01 -0.01 -0.00 -0.00
  83 24 2020 -0.88 -0.86 -0.82 -0.78 -0.74 -0.61 -0.41 -0.35 -0.31 -0.27 -0.23 -0.20 -0.18 -0.16 -0.14 -0.13 -0.12 -0.11 -0.10 -0.09 -0.08 -0.07 -0.06 -0.05 -0.04 -0.03 -0.03 -0.02 -0.02 -0.01 -0.01 -0.01 -0.00 -0.00
  84 12 2020 -0.28 -0.26 -0.26 -0.27 -0.29 -0.35 -0.44 -0.39 -0.32 -0.27 -0.24 -0.21 -0.18 -0.16 -0.15 -0.13 -0.12 -0.11 -0.10 -0.09 -0.08 -0.07 -0.06 -0.05 -0.04 -0.03 -0.03 -0.02 -0.02 -0.01 -0.01 -0.01 -0.00 -0.00
  84 24 2020 -0.78 -0.79 -0.79 -0.77 -0.74 -0.65 -0.44 -0.36 -0.32 -0.28 -0.24 -0.21 -0.19 -0.17 -0.15 -0.14 -0.12 -0.11 -0.10 -0.09 -0.08 -0.07 -0.06 -0.05 -0.04 -0.04 -0.03 -0.02 -0.02 -0.01 -0.01 -0.01 -0.00 -0.00
  85 12 2020 -0.28 -0.25 -0.23 -0.24 -0.25 -0.31 -0.43 -0.39 -0.34 -0.29 -0.25 -0.22 -0.19 -0.17 -0.16 -0.14 -0.13 -0.11 -0.10 -0.09 -0.08 -0.07 -0.06 -0.05 -0.04 -0.04 -0.03 -0.02 -0.02 -0.01 -0.01 -0.01 -0.00 -0.00
  85 24 2020 -0.57 -0.61 -0.63 -0.63 -0.62 -0.56 -0.42 -0.36 -0.33 -0.29 -0.26 -0.23 -0.20 -0.18 -0.16 -0.14 -0.13 -0.12 -0.11 -0.09 -0.08 -0.08 -0.07 -0.05 -0.04 -0.04 -0.03 -0.03 -0.02 -0.01 -0.01 -0.01 -0.00 -0.00
  86 12 2020 -0.37 -0.32 -0.30 -0.28 -0.28 -0.31 -0.40 -0.38 -0.33 -0.29 -0.26 -0.23 -0.21 -0.18 -0.16 -0.15 -0.13 -0.12 -0.11 -0.10 -0.09 -0.08 -0.07 -0.06 -0.04 -0.04 -0.03 -0.03 -0.02 -0.02 -0.01 -0.01 -0.00 -0.00
  86 24 2020 -1.08 -1.06 -1.03 -0.99 -0.93 -0.76 -0.46 -0.36 -0.33 -0.30 -0.26 -0.24 -0.21 -0.19 -0.17 -0.15 -0.14 -0.12 -0.11 -0.10 -0.09 -0.08 -0.07 -0.06 -0.04 -0.04 -0.03 -0.03 -0.02 -0.02 -0.01 -0.01 -0.00 -0.00
  87 12 2020 -0.31 -0.30 -0.30 -0.32 -0.34 -0.42 -0.50 -0.42 -0.35 -0.30 -0.27 -0.24 -0.21 -0.19 -0.17 -0.16 -0.14 -0.13 -0.11 -0.10 -0.09 -0.08 -0.07 -0.06 -0.05 -0.04 -0.03 -0.03 -0.02 -0.02 -0.01 -0.01 -0.00 -0.00
  87 24 2020 -1.55 -1.45 -1.35 -1.25 -1.15 -0.86 -0.52 -0.41 -0.36 -0.31 -0.28 -0.25 -0.22 -0.20 -0.18 -0.16 -0.14 -0.13 -0.12 -0.10 -0.09 -0.08 -0.07 -0.06 -0.05 -0.04 -0.03 -0.03 -0.02 -0.02 -0.01 -0.01 -0.00 -0.00
  88 12 2020 -0.30 -0.34 -0.38 -0.43 -0.47 -0.60 -0.61 -0.48 -0.38 -0.33 -0.28 -0.25 -0.22 -0.20 -0.18 -0.16 -0.15 -0.13 -0.12 -0.11 -0.10 -0.08 -0.07 -0.06 -0.05 -0.04 -0.03 -0.03 -0.02 -0.02 -0.01 -0.01 -0.00 -0.00
  88 24 2020 -0.59 -0.63 -0.65 -0.66 -0.65 -0.62 -0.54 -0.46 -0.40 -0.34 -0.30 -0.26 -0.23 -0.21 -0.19 -0.17 -0.15 -0.14 -0.12 -0.11 -0.10 -0.09 -0.08 -0.06 -0.05 -0.04 -0.04 -0.03 -0.02 -0.02 -0.01 -0.01 -0.00 -0.00
  89 12 2020 -0.15 -0.14 -0.15 -0.18 -0.22 -0.33 -0.48 -0.46 -0.40 -0.35 -0.30 -0.27 -0.24 -0.21 -0.19 -0.17 -0.16 -0.14 -0.13 -0.11 -0.10 -0.09 -0.08 -0.06 -0.05 -0.04 -0.04 -0.03 -0.02 -0.02 -0.01 -0.01 -0.00 -0.00
  89 24 2020 -0.63 -0.65 -0.66 -0.64 -0.62 -0.55 -0.43 -0.41 -0.39 -0.35 -0.31 -0.28 -0.24 -0.22 -0.20 -0.18 -0.16 -0.14 -0.13 -0.12 -0.10 -0.09 -0.08 -0.07 -0.05 -0.04 -0.04 -0.03 -0.02 -0.02 -0.01 -0.01 -0.00 -0.00
  90 12 2020 -0.13 -0.13 -0.15 -0.17 -0.20 -0.29 -0.43 -0.42 -0.39 -0.35 -0.31 -0.28 -0.25 -0.22 -0.20 -0.18 -0.16 -0.15 -0.13 -0.12 -0.11 -0.09 -0.08 -0.07 -0.05 -0.05 -0.04 -0.03 -0.02 -0.02 -0.01 -0.01 -0.00 -0.00
  90 24 2020 -0.59 -0.58 -0.57 -0.55 -0.53 -0.46 -0.38 -0.38 -0.37 -0.34 -0.31 -0.28 -0.25 -0.23 -0.21 -0.19 -0.17 -0.15 -0.14 -0.12 -0.11 -0.10 -0.08 -0.07 -0.05 -0.05 -0.04 -0.03 -0.03 -0.02 -0.01 -0.01 -0.00 -0.00
  91 12 2020 -0.10 -0.15 -0.20 -0.24 -0.27 -0.34 -0.41 -0.39 -0.37 -0.34 -0.31 -0.28 -0.26 -0.23 -0.21 -0.19 -0.17 -0.15 -0.14 -0.12 -0.11 -0.10 -0.09 -0.07 -0.06 -0.05 -0.04 -0.03 -0.03 -0.02 -0.01 -0.01 -0.00 -0.00
  91 24 2020  1.70  1.49  1.28  1.10  0.94  0.51 -0.12 -0.33 -0.35 -0.34 -0.31 -0.28 -0.26 -0.24 -0.21 -0.19 -0.17 -0.16 -0.14 -0.13 -0.11 -0.10 -0.09 -0.07 -0.06 -0.05 -0.04 -0.03 -0.03 -0.02 -0.01 -0.01 -0.00 -0.00
  92 12 2020  0.07  0.18  0.26  0.31  0.34  0.36  0.12 -0.17 -0.29 -0.31 -0.30 -0.28 -0.26 -0.24 -0.22 -0.20 -0.18 -0.16 -0.15 -0.13 -0.12 -0.10 -0.09 -0.07 -0.06 -0.05 -0.04 -0.03 -0.03 -0.02 -0.01 -0.01 -0.00 -0.00
  92 24 2020 -0.39 -0.39 -0.38 -0.36 -0.33 -0.24 -0.05 -0.11 -0.21 -0.27 -0.28 -0.28 -0.26 -0.24 -0.22 -0.20 -0.18 -0.16 -0.15 -0.13 -0.12 -0.11 -0.09 -0.08 -0.06 -0.05 -0.04 -0.04 -0.03 -0.02 -0.01 -0.01 -0.00 -0.00
  93 12 2020 -0.40 -0.28 -0.20 -0.15 -0.11 -0.05 -0.11 -0.15 -0.20 -0.24 -0.26 -0.26 -0.25 -0.24 -0.22 -0.20 -0.18 -0.17 -0.15 -0.14 -0.12 -0.11 -0.09 -0.08 -0.06 -0.05 -0.04 -0.04 -0.03 -0.02 -0.02 -0.01 -0.00 -0.00
  93 24 2020 -1.00 -1.02 -1.00 -0.96 -0.91 -0.73 -0.32 -0.19 -0.20 -0.22 -0.24 -0.25 -0.24 -0.23 -0.22 -0.20 -0.18 -0.17 -0.15 -0.14 -0.12 -0.11 -0.10 -0.08 -0.06 -0.05 -0.05 -0.04 -0.03 -0.02 -0.02 -0.01 -0.00 -0.00
  94 12 2020 -0.33 -0.28 -0.25 -0.24 -0.25 -0.29 -0.37 -0.29 -0.24 -0.23 -0.23 -0.24 -0.23 -0.23 -0.21 -0.20 -0.18 -0.17 -0.15 -0.14 -0.13 -0.11 -0.10 -0.08 -0.06 -0.06 -0.05 -0.04 -0.03 -0.02 -0.02 -0.01 -0.00 -0.00
  94 24 2020 -0.98 -1.00 -0.99 -0.95 -0.91 -0.74 -0.42 -0.30 -0.26 -0.24 -0.24 -0.23 -0.23 -0.22 -0.21 -0.20 -0.18 -0.17 -0.16 -0.14 -0.13 -0.11 -0.10 -0.08 -0.07 -0.06 -0.05 -0.04 -0.03 -0.02 -0.02 -0.01 -0.00 -0.00
  95 12 2020 -0.28 -0.23 -0.21 -0.22 -0.23 -0.31 -0.43 -0.36 -0.29 -0.26 -0.24 -0.23 -0.22 -0.22 -0.21 -0.20 -0.18 -0.17 -0.16 -0.14 -0.13 -0.11 -0.10 -0.08 -0.07 -0.06 -0.05 -0.04 -0.03 -0.02 -0.02 -0.01 -0.00 -0.00
  95 24 2020 -0.91 -0.95 -0.95 -0.92 -0.88 -0.73 -0.44 -0.34 -0.30 -0.27 -0.25 -0.24 -0.23 -0.22 -0.20 -0.19 -0.18 -0.17 -0.16 -0.14 -0.13 -0.12 -0.10 -0.09 -0.07 -0.06 -0.05 -0.04 -0.03 -0.02 -0.02 -0.01 -0.00 -0.00
  96 12 2020  0.97  0.84  0.71  0.58  0.45  0.09 -0.36 -0.38 -0.32 -0.28 -0.26 -0.24 -0.23 -0.21 -0.20 -0.19 -0.18 -0.17 -0.16 -0.14 -0.13 -0.12 -0.10 -0.09 -0.07 -0.06 -0.05 -0.04 -0.03 -0.02 -0.02 -0.01 -0.00 -0.00
  96 24 2020  0.09  0.08  0.08  0.07  0.07  0.05 -0.12 -0.27 -0.30 -0.29 -0.26 -0.24 -0.23 -0.22 -0.20 -0.19 -0.18 -0.17 -0.16 -0.14 -0.13 -0.12 -0.10 -0.09 -0.07 -0.06 -0.05 -0.04 -0.03 -0.03 -0.02 -0.01 -0.01 -0.00
  97 12 2020 -0.11 -0.05 -0.02 -0.00  0.00  0.00 -0.09 -0.21 -0.26 -0.27 -0.26 -0.25 -0.23 -0.22 -0.20 -0.19 -0.18 -0.17 -0.15 -0.14 -0.13 -0.12 -0.10 -0.09 -0.07 -0.06 -0.05 -0.04 -0.03 -0.03 -0.02 -0.01 -0.01 -0.00
  97 24 2020 -0.76 -0.76 -0.73 -0.69 -0.65 -0.50 -0.22 -0.18 -0.22 -0.25 -0.25 -0.24 -0.23 -0.22 -0.21 -0.19 -0.18 -0.17 -0.15 -0.14 -0.13 -0.12 -0.10 -0.09 -0.07 -0.06 -0.05 -0.04 -0.03 -0.03 -0.02 -0.01 -0.01  0.00
  98 12 2020 -0.22 -0.16 -0.13 -0.13 -0.13 -0.18 -0.28 -0.26 -0.24 -0.24 -0.24 -0.24 -0.23 -0.22 -0.21 -0.19 -0.18 -0.17 -0.16 -0.14 -0.13 -0.12 -0.10 -0.09 -0.07 -0.06 -0.05 -0.04 -0.03 -0.03 -0.02 -0.01 -0.01  0.00
  98 24 2020 -1.18 -1.15 -1.10 -1.04 -0.96 -0.73 -0.35 -0.25 -0.24 -0.24 -0.24 -0.23 -0.22 -0.21 -0.20 -0.19 -0.18 -0.17 -0.16 -0.14 -0.13 -0.12 -0.10 -0.09 -0.07 -0.06 -0.05 -0.04 -0.03 -0.03 -0.02 -0.01 -0.01  0.00
  99 12 2020 -0.32 -0.27 -0.25 -0.26 -0.27 -0.35 -0.43 -0.34 -0.27 -0.25 -0.23 -0.23 -0.22 -0.21 -0.20 -0.19 -0.18 -0.17 -0.16 -0.14 -0.13 -0.12 -0.10 -0.09 -0.07 -0.06 -0.05 -0.04 -0.03 -0.03 -0.02 -0.01 -0.01  0.00
  99 24 2020 -1.10 -1.12 -1.09 -1.05 -0.99 -0.78 -0.44 -0.33 -0.28 -0.26 -0.24 -0.23 -0.22 -0.21 -0.20 -0.19 -0.18 -0.17 -0.15 -0.14 -0.13 -0.12 -0.10 -0.09 -0.07 -0.06 -0.05 -0.04 -0.03 -0.03 -0.02 -0.01 -0.01  0.00
 100 12 2020 -0.17 -0.16 -0.17 -0.20 -0.24 -0.37 -0.49 -0.40 -0.32 -0.27 -0.25 -0.23 -0.22 -0.21 -0.20 -0.19 -0.18 -0.17 -0.15 -0.14 -0.13 -0.12 -0.10 -0.09 -0.07 -0.06 -0.05 -0.04 -0.03 -0.03 -0.02 -0.01 -0.01  0.00
 100 24 2020 -1.02 -1.02 -0.99 -0.94 -0.88 -0.69 -0.44 -0.36 -0.32 -0.28 -0.26 -0.24 -0.22 -0.21 -0.20 -0.19 -0.18 -0.17 -0.15 -0.14 -0.13 -0.12 -0.10 -0.09 -0.07 -0.06 -0.05 -0.04 -0.03 -0.03 -0.02 -0.01 -0.01  0.00
 101 12 2020 -0.01 -0.02 -0.05 -0.10 -0.15 -0.32 -0.47 -0.41 -0.34 -0.30 -0.26 -0.24 -0.23 -0.21 -0.20 -0.19 -0.18 -0.17 -0.15 -0.14 -0.13 -0.12 -0.10 -0.09 -0.07 -0.06 -0.05 -0.04 -0.03 -0.03 -0.02 -0.01 -0.01  0.00
 101 24 2020 -0.10 -0.19 -0.25 -0.29 -0.32 -0.35 -0.37 -0.37 -0.34 -0.30 -0.27 -0.25 -0.23 -0.21 -0.20 -0.19 -0.18 -0.16 -0.15 -0.14 -0.13 -0.12 -0.10 -0.09 -0.07 -0.06 -0.05 -0.04 -0.03 -0.03 -0.02 -0.01 -0.01  0.00
 102 12 2020 -0.17 -0.07 -0.01  0.00 -0.00 -0.06 -0.29 -0.35 -0.34 -0.31 -0.28 -0.25 -0.23 -0.22 -0.20 -0.19 -0.18 -0.17 -0.15 -0.14 -0.13 -0.12 -0.10 -0.09 -0.07 -0.06 -0.05 -0.04 -0.03 -0.03 -0.02 -0.01 -0.01  0.00
 102 24 2020 -1.05 -1.08 -1.06 -1.02 -0.96 -0.73 -0.36 -0.31 -0.31 -0.30 -0.28 -0.26 -0.24 -0.22 -0.20 -0.19 -0.18 -0.17 -0.15 -0.14 -0.13 -0.12 -0.10 -0.09 -0.07 -0.06 -0.05 -0.04 -0.03 -0.03 -0.02 -0.01 -0.01  0.00
 103 12 2020 -0.35 -0.28 -0.25 -0.25 -0.26 -0.34 -0.44 -0.38 -0.33 -0.30 -0.28 -0.26 -0.24 -0.22 -0.21 -0.19 -0.18 -0.17 -0.15 -0.14 -0.13 -0.12 -0.10 -0.09 -0.07 -0.06 -0.05 -0.04 -0.03 -0.03 -0.02 -0.01 -0.01  0.00
 103 24 2020 -1.10 -1.09 -1.06 -1.00 -0.94 -0.74 -0.46 -0.37 -0.34 -0.31 -0.28 -0.26 -0.24 -0.22 -0.21 -0.19 -0.18 -0.17 -0.15 -0.14 -0.13 -0.12 -0.10 -0.09 -0.07 -0.06 -0.05 -0.04 -0.03 -0.03 -0.02 -0.01 -0.01  0.00
 104 12 2020 -0.50 -0.43 -0.40 -0.40 -0.41 -0.47 -0.50 -0.42 -0.36 -0.32 -0.29 -0.26 -0.24 -0.23 -0.21 -0.20 -0.18 -0.17 -0.16 -0.14 -0.13 -0.12 -0.10 -0.09 -0.07 -0.06 -0.05 -0.04 -0.04 -0.03 -0.02 -0.01 -0.01  0.00
 104 24 2020 -1.29 -1.29 -1.25 -1.18 -1.10 -0.84 -0.52 -0.41 -0.36 -0.32 -0.29 -0.27 -0.25 -0.23 -0.21 -0.20 -0.18 -0.17 -0.16 -0.14 -0.13 -0.12 -0.10 -0.09 -0.07 -0.06 -0.05 -0.04 -0.04 -0.03 -0.02 -0.01 -0.01  0.00
 105 12 2020 -0.39 -0.33 -0.32 -0.35 -0.39 -0.52 -0.57 -0.46 -0.38 -0.33 -0.30 -0.27 -0.25 -0.23 -0.22 -0.20 -0.19 -0.17 -0.16 -0.14 -0.13 -0.12 -0.11 -0.09 -0.07 -0.06 -0.05 -0.04 -0.04 -0.03 -0.02 -0.01 -0.01  0.00
 105 24 2020 -1.40 -1.39 -1.32 -1.23 -1.14 -0.85 -0.55 -0.44 -0.39 -0.34 -0.31 -0.28 -0.26 -0.24 -0.22 -0.20 -0.19 -0.17 -0.16 -0.15 -0.13 -0.12 -0.11 -0.09 -0.07 -0.06 -0.05 -0.04 -0.04 -0.03 -0.02 -0.01 -0.01  0.00
 106 12 2020 -0.37 -0.33 -0.34 -0.38 -0.43 -0.59 -0.61 -0.49 -0.41 -0.35 -0.31 -0.28 -0.26 -0.24 -0.22 -0.20 -0.19 -0.17 -0.16 -0.15 -0.13 -0.12 -0.11 -0.09 -0.07 -0.06 -0.05 -0.04 -0.04 -0.03 -0.02 -0.01 -0.01  0.00
 106 24 2020 -1.34 -1.33 -1.26 -1.18 -1.08 -0.81 -0.57 -0.47 -0.41 -0.36 -0.32 -0.29 -0.26 -0.24 -0.22 -0.21 -0.19 -0.18 -0.16 -0.15 -0.13 -0.12 -0.11 -0.09 -0.07 -0.06 -0.05 -0.04 -0.04 -0.03 -0.02 -0.01 -0.01  0.00
 107 12 2020 -0.35 -0.32 -0.34 -0.39 -0.45 -0.61 -0.62 -0.51 -0.43 -0.37 -0.33 -0.29 -0.27 -0.25 -0.23 -0.21 -0.19 -0.18 -0.16 -0.15 -0.14 -0.12 -0.11 -0.09 -0.07 -0.06 -0.05 -0.05 -0.04 -0.03 -0.02 -0.01 -0.01  0.00
 107 24 2020 -1.29 -1.27 -1.21 -1.12 -1.03 -0.78 -0.57 -0.49 -0.43 -0.38 -0.34 -0.30 -0.27 -0.25 -0.23 -0.21 -0.19 -0.18 -0.16 -0.15 -0.14 -0.12 -0.11 -0.09 -0.08 -0.06 -0.05 -0.05 -0.04 -0.03 -0.02 -0.01 -0.01  0.00
 108 12 2020 -0.33 -0.31 -0.34 -0.39 -0.45 -0.61 -0.62 -0.52 -0.44 -0.38 -0.34 -0.31 -0.28 -0.25 -0.23 -0.21 -0.20 -0.18 -0.17 -0.15 -0.14 -0.12 -0.11 -0.09 -0.08 -0.07 -0.06 -0.05 -0.04 -0.03 -0.02 -0.01 -0.01  0.00
 108 24 2020 -1.24 -1.23 -1.16 -1.07 -0.98 -0.74 -0.57 -0.50 -0.44 -0.39 -0.35 -0.31 -0.28 -0.26 -0.24 -0.22 -0.20 -0.18 -0.17 -0.15 -0.14 -0.12 -0.11 -0.09 -0.08 -0.07 -0.06 -0.05 -0.04 -0.03 -0.02 -0.01 -0.01  0.00
 109 12 2020 -0.31 -0.30 -0.34 -0.39 -0.45 -0.61 -0.62 -0.52 -0.45 -0.40 -0.35 -0.32 -0.29 -0.26 -0.24 -0.22 -0.20 -0.19 -0.17 -0.15 -0.14 -0.13 -0.11 -0.09 -0.08 -0.07 -0.06 -0.05 -0.04 -0.03 -0.02 -0.01 -0.01  0.00
 109 24 2020 -1.20 -1.18 -1.11 -1.02 -0.94 -0.71 -0.57 -0.50 -0.45 -0.40 -0.36 -0.32 -0.29 -0.27 -0.24 -0.22 -0.20 -0.19 -0.17 -0.16 -0.14 -0.13 -0.11 -0.10 -0.08 -0.07 -0.06 -0.05 -0.04 -0.03 -0.02 -0.01 -0.01  0.00
 110 12 2020 -0.30 -0.29 -0.33 -0.40 -0.46 -0.61 -0.61 -0.52 -0.46 -0.40 -0.36 -0.33 -0.30 -0.27 -0.25 -0.23 -0.21 -0.19 -0.17 -0.16 -0.14 -0.13 -0.11 -0.10 -0.08 -0.07 -0.06 -0.05 -0.04 -0.03 -0.02 -0.01 -0.01  0.00
 110 24 2020 -1.16 -1.14 -1.07 -0.98 -0.90 -0.68 -0.56 -0.50 -0.45 -0.41 -0.37 -0.33 -0.30 -0.27 -0.25 -0.23 -0.21 -0.19 -0.18 -0.16 -0.14 -0.13 -0.12 -0.10 -0.08 -0.07 -0.06 -0.05 -0.04 -0.03 -0.02 -0.01 -0.01  0.00
 111 12 2020 -0.29 -0.28 -0.33 -0.40 -0.46 -0.61 -0.60 -0.52 -0.46 -0.41 -0.37 -0.33 -0.30 -0.28 -0.25 -0.23 -0.21 -0.19 -0.18 -0.16 -0.15 -0.13 -0.12 -0.10 -0.08 -0.07 -0.06 -0.05 -0.04 -0.03 -0.02 -0.01 -0.01  0.00
 111 24 2020 -1.11 -1.10 -1.03 -0.94 -0.86 -0.66 -0.55 -0.50 -0.45 -0.41 -0.37 -0.34 -0.31 -0.28 -0.26 -0.23 -0.22 -0.20 -0.18 -0.16 -0.15 -0.13 -0.12 -0.10 -0.08 -0.07 -0.06 -0.05 -0.04 -0.03 -0.02 -0.01 -0.01  0.00
 112 12 2020 -0.08 -0.15 -0.24 -0.33 -0.41 -0.59 -0.59 -0.52 -0.46 -0.41 -0.37 -0.34 -0.31 -0.28 -0.26 -0.24 -0.22 -0.20 -0.18 -0.17 -0.15 -0.13 -0.12 -0.10 -0.08 -0.07 -0.06 -0.05 -0.04 -0.03 -0.02 -0.01 -0.01  0.00
 112 24 2020 -0.47 -0.54 -0.56 -0.56 -0.56 -0.53 -0.53 -0.50 -0.45 -0.41 -0.38 -0.34 -0.31 -0.29 -0.26 -0.24 -0.22 -0.20 -0.18 -0.17 -0.15 -0.14 -0.12 -0.10 -0.08 -0.07 -0.06 -0.05 -0.04 -0.03 -0.02 -0.01 -0.01  0.00
 113 12 2020 -0.18 -0.14 -0.15 -0.19 -0.24 -0.39 -0.52 -0.50 -0.46 -0.41 -0.38 -0.34 -0.31 -0.29 -0.26 -0.24 -0.22 -0.20 -0.19 -0.17 -0.15 -0.14 -0.12 -0.10 -0.08 -0.07 -0.06 -0.05 -0.04 -0.03 -0.02 -0.01 -0.01  0.00
 113 24 2020 -1.03 -1.00 -0.93 -0.85 -0.77 -0.55 -0.45 -0.45 -0.44 -0.41 -0.38 -0.35 -0.32 -0.29 -0.27 -0.25 -0.23 -0.21 -0.19 -0.17 -0.16 -0.14 -0.12 -0.10 -0.09 -0.07 -0.06 -0.05 -0.04 -0.03 -0.02 -0.01 -0.01  0.00
 114 12 2020 -0.51 -0.39 -0.37 -0.39 -0.42 -0.52 -0.52 -0.47 -0.44 -0.40 -0.37 -0.34 -0.32 -0.29 -0.27 -0.25 -0.23 -0.21 -0.19 -0.17 -0.16 -0.14 -0.13 -0.11 -0.09 -0.07 -0.06 -0.05 -0.04 -0.03 -0.02 -0.01 -0.01  0.00
 114 24 2020 -0.99 -0.91 -0.84 -0.77 -0.72 -0.58 -0.48 -0.45 -0.43 -0.40 -0.37 -0.34 -0.32 -0.29 -0.27 -0.25 -0.23 -0.21 -0.19 -0.18 -0.16 -0.14 -0.13 -0.11 -0.09 -0.08 -0.06 -0.05 -0.04 -0.03 -0.02 -0.01 -0.01  0.00
 115 12 2020 -0.76 -0.73 -0.71 -0.70 -0.68 -0.63 -0.54 -0.48 -0.43 -0.40 -0.37 -0.34 -0.32 -0.29 -0.27 -0.25 -0.23 -0.21 -0.19 -0.18 -0.16 -0.14 -0.13 -0.11 -0.09 -0.08 -0.06 -0.05 -0.04 -0.03 -0.02 -0.02 -0.01  0.00
 115 24 2020 -0.80 -0.82 -0.79 -0.76 -0.73 -0.64 -0.52 -0.46 -0.43 -0.40 -0.37 -0.34 -0.32 -0.30 -0.27 -0.25 -0.23 -0.21 -0.20 -0.18 -0.16 -0.15 -0.13 -0.11 -0.09 -0.08 -0.07 -0.05 -0.04 -0.03 -0.02 -0.02 -0.01  0.00
 116 12 2020 -0.46 -0.46 -0.50 -0.53 -0.56 -0.61 -0.56 -0.49 -0.44 -0.40 -0.37 -0.34 -0.32 -0.30 -0.27 -0.25 -0.23 -0.22 -0.20 -0.18 -0.16 -0.15 -0.13 -0.11 -0.09 -0.08 -0.07 -0.06 -0.04 -0.03 -0.02 -0.02 -0.01  0.00
 116 24 2020 -0.89 -0.84 -0.78 -0.73 -0.69 -0.59 -0.52 -0.47 -0.44 -0.40 -0.37 -0.35 -0.32 -0.30 -0.28 -0.25 -0.24 -0.22 -0.20 -0.18 -0.16 -0.15 -0.13 -0.11 -0.09 -0.08 -0.07 -0.06 -0.05 -0.03 -0.02 -0.02 -0.01  0.00
 117 12 2020 -0.45 -0.47 -0.51 -0.54 -0.56 -0.59 -0.56 -0.50 -0.44 -0.41 -0.37 -0.35 -0.32 -0.30 -0.28 -0.26 -0.24 -0.22 -0.20 -0.18 -0.17 -0.15 -0.13 -0.11 -0.09 -0.08 -0.07 -0.06 -0.05 -0.04 -0.03 -0.02 -0.01  0.00
 117 24 2020 -0.76 -0.72 -0.68 -0.65 -0.62 -0.55 -0.49 -0.46 -0.43 -0.40 -0.38 -0.35 -0.32 -0.30 -0.28 -0.26 -0.24 -0.22 -0.20 -0.18 -0.17 -0.15 -0.13 -0.11 -0.09 -0.08 -0.07 -0.06 -0.05 -0.04 -0.03 -0.02 -0.01  0.00
 118 12 2020 -0.51 -0.52 -0.54 -0.56 -0.56 -0.58 -0.55 -0.49 -0.44 -0.40 -0.37 -0.35 -0.32 -0.30 -0.28 -0.26 -0.24 -0.22 -0.20 -0.19 -0.17 -0.15 -0.14 -0.11 -0.09 -0.08 -0.07 -0.06 -0.05 -0.04 -0.03 -0.02 -0.01  0.00
 118 24 2020 -0.66 -0.64 -0.62 -0.59 -0.57 -0.52 -0.47 -0.45 -0.43 -0.40 -0.37 -0.35 -0.32 -0.30 -0.28 -0.26 -0.24 -0.22 -0.20 -0.19 -0.17 -0.15 -0.14 -0.12 -0.10 -0.08 -0.07 -0.06 -0.05 -0.04 -0.03 -0.02 -0.01  0.00
 119 12 2020 -0.55 -0.56 -0.55 -0.55 -0.55 -0.56 -0.54 -0.48 -0.43 -0.40 -0.37 -0.35 -0.32 -0.30 -0.28 -0.26 -0.24 -0.22 -0.20 -0.19 -0.17 -0.15 -0.14 -0.12 -0.10 -0.08 -0.07 -0.06 -0.05 -0.04 -0.03 -0.02 -0.01  0.00
 119 24 2020 -0.60 -0.59 -0.59 -0.58 -0.56 -0.52 -0.46 -0.44 -0.42 -0.40 -0.37 -0.35 -0.32 -0.30 -0.28 -0.26 -0.24 -0.22 -0.21 -0.19 -0.17 -0.15 -0.14 -0.12 -0.10 -0.08 -0.07 -0.06 -0.05 -0.04 -0.03 -0.02 -0.01  0.00
 120 12 2020 -0.50 -0.50 -0.51 -0.52 -0.53 -0.55 -0.53 -0.48 -0.43 -0.40 -0.37 -0.34 -0.32 -0.30 -0.28 -0.26 -0.24 -0.22 -0.21 -0.19 -0.17 -0.16 -0.14 -0.12 -0.10 -0.08 -0.07 -0.06 -0.05 -0.04 -0.03 -0.02 -0.01  0.00
 120 24 2020 -0.64 -0.63 -0.61 -0.59 -0.57 -0.53 -0.48 -0.45 -0.42 -0.40 -0.37 -0.35 -0.32 -0.30 -0.28 -0.26 -0.24 -0.22 -0.21 -0.19 -0.17 -0.16 -0.14 -0.12 -0.10 -0.09 -0.07 -0.06 -0.05 -0.04 -0.03 -0.02 -0.01  0.00
