
                     FROST AND SNOW DEPTH


 DAY HR  YR     THAW   FROST    SNOW     SWE      ICE CONTENT OF EACH NODE (M3/M3)
                 CM      CM      CM       MM        0.00  0.01  0.02  0.03  0.04  0.05  0.10  0.20  0.30  0.40  0.50  0.60  0.70  0.80  0.90  1.00  1.10  1.20  1.30  1.40  1.50  1.60  1.70  1.80  1.95  2.05  2.15  2.25  2.35  2.45  2.55  2.65  2.75  2.85  2.95
 350 24 2019     0.0     0.0     0.0     0.0       0.000 0.000 0.000 0.000 0.000 0.000 0.000 0.000 0.000 0.000 0.000 0.000 0.000 0.000 0.000 0.000 0.000 0.000 0.000 0.000 0.000 0.000 0.000 0.000 0.000 0.000 0.000 0.000 0.000 0.000 0.000 0.000 0.000 0.000 0.000
 351 12 2019     7.7     7.7     0.0     0.0       0.000 0.000 0.000 0.000 0.000 0.000 0.006 0.000 0.000 0.000 0.000 0.000 0.000 0.000 0.000 0.000 0.000 0.000 0.000 0.000 0.000 0.000 0.000 0.000 0.000 0.000 0.000 0.000 0.000 0.000 0.000 0.000 0.000 0.000 0.000
 351 24 2019     7.7     7.7     0.0     0.0       0.000 0.000 0.000 0.000 0.000 0.000 0.000 0.000 0.000 0.000 0.000 0.000 0.000 0.000 0.000 0.000 0.000 0.000 0.000 0.000 0.000 0.000 0.000 0.000 0.000 0.000 0.000 0.000 0.000 0.000 0.000 0.000 0.000 0.000 0.000
 
 351 24 2019     0.0     0.0     0.0     0.0       0.000 0.000 0.000 0.000 0.000 0.000 0.000 0.000 0.000 0.000 0.000 0.000 0.000 0.000 0.000 0.000 0.000 0.000 0.000 0.000 0.000 0.000 0.000 0.000 0.000 0.000 0.000 0.000 0.000 0.000 0.000 0.000 0.000 0.000 0.000
 352 12 2019     7.8     7.8     0.0     0.0       0.000 0.000 0.000 0.000 0.000 0.000 0.013 0.000 0.000 0.000 0.000 0.000 0.000 0.000 0.000 0.000 0.000 0.000 0.000 0.000 0.000 0.000 0.000 0.000 0.000 0.000 0.000 0.000 0.000 0.000 0.000 0.000 0.000 0.000 0.000
 352 24 2019     7.8     7.8     0.0     0.0       0.000 0.000 0.000 0.000 0.000 0.000 0.000 0.000 0.000 0.000 0.000 0.000 0.000 0.000 0.000 0.000 0.000 0.000 0.000 0.000 0.000 0.000 0.000 0.000 0.000 0.000 0.000 0.000 0.000 0.000 0.000 0.000 0.000 0.000 0.000
 
 352 24 2019     0.0     0.0     0.0     0.0       0.000 0.000 0.000 0.000 0.000 0.000 0.000 0.000 0.000 0.000 0.000 0.000 0.000 0.000 0.000 0.000 0.000 0.000 0.000 0.000 0.000 0.000 0.000 0.000 0.000 0.000 0.000 0.000 0.000 0.000 0.000 0.000 0.000 0.000 0.000
 353 12 2019    14.8    15.0     0.0     0.0       0.000 0.000 0.000 0.000 0.000 0.000 0.009 0.000 0.000 0.000 0.000 0.000 0.000 0.000 0.000 0.000 0.000 0.000 0.000 0.000 0.000 0.000 0.000 0.000 0.000 0.000 0.000 0.000 0.000 0.000 0.000 0.000 0.000 0.000 0.000
 353 24 2019    14.9    14.9     0.0     0.0       0.000 0.000 0.000 0.000 0.000 0.000 0.000 0.000 0.000 0.000 0.000 0.000 0.000 0.000 0.000 0.000 0.000 0.000 0.000 0.000 0.000 0.000 0.000 0.000 0.000 0.000 0.000 0.000 0.000 0.000 0.000 0.000 0.000 0.000 0.000
 
 353 24 2019     0.0     0.0     0.0     0.0       0.000 0.000 0.000 0.000 0.000 0.000 0.000 0.000 0.000 0.000 0.000 0.000 0.000 0.000 0.000 0.000 0.000 0.000 0.000 0.000 0.000 0.000 0.000 0.000 0.000 0.000 0.000 0.000 0.000 0.000 0.000 0.000 0.000 0.000 0.000
 354 12 2019    14.6    15.2     0.0     0.0       0.000 0.000 0.000 0.000 0.000 0.000 0.014 0.005 0.000 0.000 0.000 0.000 0.000 0.000 0.000 0.000 0.000 0.000 0.000 0.000 0.000 0.000 0.000 0.000 0.000 0.000 0.000 0.000 0.000 0.000 0.000 0.000 0.000 0.000 0.000
 354 24 2019    15.0    15.0     0.0     0.0       0.000 0.000 0.000 0.000 0.000 0.000 0.000 0.000 0.000 0.000 0.000 0.000 0.000 0.000 0.000 0.000 0.000 0.000 0.000 0.000 0.000 0.000 0.000 0.000 0.000 0.000 0.000 0.000 0.000 0.000 0.000 0.000 0.000 0.000 0.000
 
 354 24 2019     0.0     0.0     0.0     0.0       0.000 0.000 0.000 0.000 0.000 0.000 0.000 0.000 0.000 0.000 0.000 0.000 0.000 0.000 0.000 0.000 0.000 0.000 0.000 0.000 0.000 0.000 0.000 0.000 0.000 0.000 0.000 0.000 0.000 0.000 0.000 0.000 0.000 0.000 0.000
 355 12 2019    14.8    15.2     0.0     0.0       0.000 0.000 0.000 0.000 0.000 0.000 0.007 0.006 0.000 0.000 0.000 0.000 0.000 0.000 0.000 0.000 0.000 0.000 0.000 0.000 0.000 0.000 0.000 0.000 0.000 0.000 0.000 0.000 0.000 0.000 0.000 0.000 0.000 0.000 0.000
 355 24 2019    15.1    15.1     0.0     0.0       0.000 0.000 0.000 0.000 0.000 0.000 0.000 0.000 0.000 0.000 0.000 0.000 0.000 0.000 0.000 0.000 0.000 0.000 0.000 0.000 0.000 0.000 0.000 0.000 0.000 0.000 0.000 0.000 0.000 0.000 0.000 0.000 0.000 0.000 0.000
 
 355 24 2019     0.0     0.0     0.0     0.0       0.000 0.000 0.000 0.000 0.000 0.000 0.000 0.000 0.000 0.000 0.000 0.000 0.000 0.000 0.000 0.000 0.000 0.000 0.000 0.000 0.000 0.000 0.000 0.000 0.000 0.000 0.000 0.000 0.000 0.000 0.000 0.000 0.000 0.000 0.000
 356 12 2019    15.0    15.2     0.0     0.0       0.000 0.000 0.000 0.000 0.000 0.000 0.001 0.006 0.000 0.000 0.000 0.000 0.000 0.000 0.000 0.000 0.000 0.000 0.000 0.000 0.000 0.000 0.000 0.000 0.000 0.000 0.000 0.000 0.000 0.000 0.000 0.000 0.000 0.000 0.000
 356 24 2019    15.1    15.1     0.0     0.0       0.000 0.000 0.000 0.000 0.000 0.000 0.000 0.000 0.000 0.000 0.000 0.000 0.000 0.000 0.000 0.000 0.000 0.000 0.000 0.000 0.000 0.000 0.000 0.000 0.000 0.000 0.000 0.000 0.000 0.000 0.000 0.000 0.000 0.000 0.000
 
 356 24 2019     0.0     0.0     0.0     0.0       0.000 0.000 0.000 0.000 0.000 0.000 0.000 0.000 0.000 0.000 0.000 0.000 0.000 0.000 0.000 0.000 0.000 0.000 0.000 0.000 0.000 0.000 0.000 0.000 0.000 0.000 0.000 0.000 0.000 0.000 0.000 0.000 0.000 0.000 0.000
 357 12 2019    15.4    15.4     0.0     0.0       0.000 0.000 0.000 0.000 0.000 0.000 0.000 0.011 0.000 0.000 0.000 0.000 0.000 0.000 0.000 0.000 0.000 0.000 0.000 0.000 0.000 0.000 0.000 0.000 0.000 0.000 0.000 0.000 0.000 0.000 0.000 0.000 0.000 0.000 0.000
 357 24 2019    15.4    15.4     0.0     0.0       0.000 0.000 0.000 0.000 0.000 0.000 0.000 0.000 0.000 0.000 0.000 0.000 0.000 0.000 0.000 0.000 0.000 0.000 0.000 0.000 0.000 0.000 0.000 0.000 0.000 0.000 0.000 0.000 0.000 0.000 0.000 0.000 0.000 0.000 0.000
 
 357 24 2019     0.0     0.0     0.0     0.0       0.000 0.000 0.000 0.000 0.000 0.000 0.000 0.000 0.000 0.000 0.000 0.000 0.000 0.000 0.000 0.000 0.000 0.000 0.000 0.000 0.000 0.000 0.000 0.000 0.000 0.000 0.000 0.000 0.000 0.000 0.000 0.000 0.000 0.000 0.000
 358 12 2019    15.0    15.4     0.0     0.0       0.000 0.000 0.000 0.000 0.000 0.000 0.001 0.011 0.000 0.000 0.000 0.000 0.000 0.000 0.000 0.000 0.000 0.000 0.000 0.000 0.000 0.000 0.000 0.000 0.000 0.000 0.000 0.000 0.000 0.000 0.000 0.000 0.000 0.000 0.000
 358 24 2019     7.5     7.5     0.0     0.0       0.000 0.000 0.000 0.000 0.000 0.000 0.001 0.000 0.000 0.000 0.000 0.000 0.000 0.000 0.000 0.000 0.000 0.000 0.000 0.000 0.000 0.000 0.000 0.000 0.000 0.000 0.000 0.000 0.000 0.000 0.000 0.000 0.000 0.000 0.000
 359 12 2019    14.8    15.7     0.0     0.0       0.000 0.000 0.000 0.000 0.000 0.000 0.009 0.019 0.000 0.000 0.000 0.000 0.000 0.000 0.000 0.000 0.000 0.000 0.000 0.000 0.000 0.000 0.000 0.000 0.000 0.000 0.000 0.000 0.000 0.000 0.000 0.000 0.000 0.000 0.000
 359 24 2019    15.0    15.1     0.0     0.0       0.000 0.000 0.000 0.000 0.000 0.000 0.001 0.002 0.000 0.000 0.000 0.000 0.000 0.000 0.000 0.000 0.000 0.000 0.000 0.000 0.000 0.000 0.000 0.000 0.000 0.000 0.000 0.000 0.000 0.000 0.000 0.000 0.000 0.000 0.000
 360 12 2019    15.7    15.7     0.0     0.0       0.000 0.000 0.000 0.000 0.000 0.000 0.000 0.021 0.000 0.000 0.000 0.000 0.000 0.000 0.000 0.000 0.000 0.000 0.000 0.000 0.000 0.000 0.000 0.000 0.000 0.000 0.000 0.000 0.000 0.000 0.000 0.000 0.000 0.000 0.000
 360 24 2019    15.7    15.7     0.0     0.0       0.000 0.000 0.000 0.000 0.000 0.000 0.000 0.000 0.000 0.000 0.000 0.000 0.000 0.000 0.000 0.000 0.000 0.000 0.000 0.000 0.000 0.000 0.000 0.000 0.000 0.000 0.000 0.000 0.000 0.000 0.000 0.000 0.000 0.000 0.000
 
 360 24 2019     0.0     0.0     0.0     0.0       0.000 0.000 0.000 0.000 0.000 0.000 0.000 0.000 0.000 0.000 0.000 0.000 0.000 0.000 0.000 0.000 0.000 0.000 0.000 0.000 0.000 0.000 0.000 0.000 0.000 0.000 0.000 0.000 0.000 0.000 0.000 0.000 0.000 0.000 0.000
 361 12 2019    15.5    15.5     0.0     0.0       0.000 0.000 0.000 0.000 0.000 0.000 0.000 0.014 0.000 0.000 0.000 0.000 0.000 0.000 0.000 0.000 0.000 0.000 0.000 0.000 0.000 0.000 0.000 0.000 0.000 0.000 0.000 0.000 0.000 0.000 0.000 0.000 0.000 0.000 0.000
 361 24 2019    15.5    15.5     0.0     0.0       0.000 0.000 0.000 0.000 0.000 0.000 0.000 0.000 0.000 0.000 0.000 0.000 0.000 0.000 0.000 0.000 0.000 0.000 0.000 0.000 0.000 0.000 0.000 0.000 0.000 0.000 0.000 0.000 0.000 0.000 0.000 0.000 0.000 0.000 0.000
 
 361 24 2019     0.0     0.0     0.0     0.0       0.000 0.000 0.000 0.000 0.000 0.000 0.000 0.000 0.000 0.000 0.000 0.000 0.000 0.000 0.000 0.000 0.000 0.000 0.000 0.000 0.000 0.000 0.000 0.000 0.000 0.000 0.000 0.000 0.000 0.000 0.000 0.000 0.000 0.000 0.000
 362 12 2019    15.2    15.2     0.0     0.0       0.000 0.000 0.000 0.000 0.000 0.000 0.000 0.006 0.000 0.000 0.000 0.000 0.000 0.000 0.000 0.000 0.000 0.000 0.000 0.000 0.000 0.000 0.000 0.000 0.000 0.000 0.000 0.000 0.000 0.000 0.000 0.000 0.000 0.000 0.000
 362 24 2019    15.2    15.2     0.0     0.0       0.000 0.000 0.000 0.000 0.000 0.000 0.000 0.000 0.000 0.000 0.000 0.000 0.000 0.000 0.000 0.000 0.000 0.000 0.000 0.000 0.000 0.000 0.000 0.000 0.000 0.000 0.000 0.000 0.000 0.000 0.000 0.000 0.000 0.000 0.000
 
 363 12 2019     0.0     0.0     0.0     0.0       0.000 0.000 0.000 0.000 0.000 0.000 0.000 0.000 0.000 0.000 0.000 0.000 0.000 0.000 0.000 0.000 0.000 0.000 0.000 0.000 0.000 0.000 0.000 0.000 0.000 0.000 0.000 0.000 0.000 0.000 0.000 0.000 0.000 0.000 0.000
 363 24 2019     7.4    15.4     0.0     0.0       0.000 0.000 0.000 0.000 0.000 0.013 0.031 0.011 0.000 0.000 0.000 0.000 0.000 0.000 0.000 0.000 0.000 0.000 0.000 0.000 0.000 0.000 0.000 0.000 0.000 0.000 0.000 0.000 0.000 0.000 0.000 0.000 0.000 0.000 0.000
 364 12 2019    13.5    25.2     0.0     0.0       0.000 0.000 0.000 0.000 0.000 0.000 0.063 0.048 0.006 0.000 0.000 0.000 0.000 0.000 0.000 0.000 0.000 0.000 0.000 0.000 0.000 0.000 0.000 0.000 0.000 0.000 0.000 0.000 0.000 0.000 0.000 0.000 0.000 0.000 0.000
 364 24 2019     7.2    25.5     0.0     0.0       0.000 0.000 0.000 0.000 0.000 0.027 0.067 0.064 0.015 0.000 0.000 0.000 0.000 0.000 0.000 0.000 0.000 0.000 0.000 0.000 0.000 0.000 0.000 0.000 0.000 0.000 0.000 0.000 0.000 0.000 0.000 0.000 0.000 0.000 0.000
 365 12 2019    12.9    26.1     0.0     0.0       0.000 0.000 0.000 0.000 0.000 0.000 0.086 0.090 0.029 0.000 0.000 0.000 0.000 0.000 0.000 0.000 0.000 0.000 0.000 0.000 0.000 0.000 0.000 0.000 0.000 0.000 0.000 0.000 0.000 0.000 0.000 0.000 0.000 0.000 0.000
 365 24 2019     4.5    26.5     0.0     0.0       0.000 0.000 0.000 0.000 0.002 0.021 0.072 0.091 0.044 0.000 0.000 0.000 0.000 0.000 0.000 0.000 0.000 0.000 0.000 0.000 0.000 0.000 0.000 0.000 0.000 0.000 0.000 0.000 0.000 0.000 0.000 0.000 0.000 0.000 0.000
   1 12 2020    12.9    35.2     0.0     0.0       0.000 0.000 0.000 0.000 0.000 0.000 0.087 0.109 0.059 0.006 0.000 0.000 0.000 0.000 0.000 0.000 0.000 0.000 0.000 0.000 0.000 0.000 0.000 0.000 0.000 0.000 0.000 0.000 0.000 0.000 0.000 0.000 0.000 0.000 0.000
   1 24 2020     7.4    35.4     0.0     0.0       0.000 0.000 0.000 0.000 0.000 0.008 0.064 0.102 0.068 0.011 0.000 0.000 0.000 0.000 0.000 0.000 0.000 0.000 0.000 0.000 0.000 0.000 0.000 0.000 0.000 0.000 0.000 0.000 0.000 0.000 0.000 0.000 0.000 0.000 0.000
   2 12 2020    12.8    35.6     0.0     0.0       0.000 0.000 0.000 0.000 0.000 0.000 0.088 0.118 0.078 0.017 0.000 0.000 0.000 0.000 0.000 0.000 0.000 0.000 0.000 0.000 0.000 0.000 0.000 0.000 0.000 0.000 0.000 0.000 0.000 0.000 0.000 0.000 0.000 0.000 0.000
   2 24 2020     4.5    35.9     0.0     0.0       0.000 0.000 0.000 0.000 0.002 0.017 0.080 0.114 0.085 0.025 0.000 0.000 0.000 0.000 0.000 0.000 0.000 0.000 0.000 0.000 0.000 0.000 0.000 0.000 0.000 0.000 0.000 0.000 0.000 0.000 0.000 0.000 0.000 0.000 0.000
   3 12 2020    12.8    36.2     0.0     0.0       0.000 0.000 0.000 0.000 0.000 0.000 0.089 0.129 0.095 0.033 0.000 0.000 0.000 0.000 0.000 0.000 0.000 0.000 0.000 0.000 0.000 0.000 0.000 0.000 0.000 0.000 0.000 0.000 0.000 0.000 0.000 0.000 0.000 0.000 0.000
   3 24 2020     7.3    36.5     0.0     0.0       0.000 0.000 0.000 0.000 0.000 0.012 0.073 0.119 0.099 0.043 0.000 0.000 0.000 0.000 0.000 0.000 0.000 0.000 0.000 0.000 0.000 0.000 0.000 0.000 0.000 0.000 0.000 0.000 0.000 0.000 0.000 0.000 0.000 0.000 0.000
   4 12 2020    13.1    45.2     0.0     0.0       0.000 0.000 0.000 0.000 0.000 0.000 0.075 0.130 0.106 0.051 0.004 0.000 0.000 0.000 0.000 0.000 0.000 0.000 0.000 0.000 0.000 0.000 0.000 0.000 0.000 0.000 0.000 0.000 0.000 0.000 0.000 0.000 0.000 0.000 0.000
   4 24 2020    13.4    45.2     0.0     0.0       0.000 0.000 0.000 0.000 0.000 0.000 0.059 0.120 0.107 0.058 0.006 0.000 0.000 0.000 0.000 0.000 0.000 0.000 0.000 0.000 0.000 0.000 0.000 0.000 0.000 0.000 0.000 0.000 0.000 0.000 0.000 0.000 0.000 0.000 0.000
   5 12 2020    13.1    45.4     0.0     0.0       0.000 0.000 0.000 0.000 0.000 0.000 0.076 0.131 0.112 0.063 0.009 0.000 0.000 0.000 0.000 0.000 0.000 0.000 0.000 0.000 0.000 0.000 0.000 0.000 0.000 0.000 0.000 0.000 0.000 0.000 0.000 0.000 0.000 0.000 0.000
   5 24 2020    13.5    45.5     0.0     0.0       0.000 0.000 0.000 0.000 0.000 0.000 0.057 0.122 0.113 0.068 0.013 0.000 0.000 0.000 0.000 0.000 0.000 0.000 0.000 0.000 0.000 0.000 0.000 0.000 0.000 0.000 0.000 0.000 0.000 0.000 0.000 0.000 0.000 0.000 0.000
   6 12 2020    13.5    45.7     0.0     0.0       0.000 0.000 0.000 0.000 0.000 0.000 0.058 0.130 0.117 0.072 0.018 0.000 0.000 0.000 0.000 0.000 0.000 0.000 0.000 0.000 0.000 0.000 0.000 0.000 0.000 0.000 0.000 0.000 0.000 0.000 0.000 0.000 0.000 0.000 0.000
   6 24 2020     7.5    45.8     0.0     0.0       0.000 0.000 0.000 0.000 0.000 0.000 0.043 0.117 0.115 0.076 0.022 0.000 0.000 0.000 0.000 0.000 0.000 0.000 0.000 0.000 0.000 0.000 0.000 0.000 0.000 0.000 0.000 0.000 0.000 0.000 0.000 0.000 0.000 0.000 0.000
   7 12 2020    13.3    45.9     0.0     0.0       0.000 0.000 0.000 0.000 0.000 0.000 0.063 0.130 0.118 0.078 0.026 0.000 0.000 0.000 0.000 0.000 0.000 0.000 0.000 0.000 0.000 0.000 0.000 0.000 0.000 0.000 0.000 0.000 0.000 0.000 0.000 0.000 0.000 0.000 0.000
   7 24 2020     7.4    46.1     0.0     0.0       0.000 0.000 0.000 0.000 0.000 0.007 0.055 0.124 0.120 0.082 0.030 0.000 0.000 0.000 0.000 0.000 0.000 0.000 0.000 0.000 0.000 0.000 0.000 0.000 0.000 0.000 0.000 0.000 0.000 0.000 0.000 0.000 0.000 0.000 0.000
   8 12 2020    13.3    46.2     0.0     0.0       0.000 0.000 0.000 0.000 0.000 0.000 0.065 0.138 0.125 0.085 0.035 0.000 0.000 0.000 0.000 0.000 0.000 0.000 0.000 0.000 0.000 0.000 0.000 0.000 0.000 0.000 0.000 0.000 0.000 0.000 0.000 0.000 0.000 0.000 0.000
   8 24 2020    13.7    46.4     0.0     0.0       0.000 0.000 0.000 0.000 0.000 0.000 0.045 0.127 0.125 0.089 0.039 0.000 0.000 0.000 0.000 0.000 0.000 0.000 0.000 0.000 0.000 0.000 0.000 0.000 0.000 0.000 0.000 0.000 0.000 0.000 0.000 0.000 0.000 0.000 0.000
   9 12 2020    13.5    55.2     0.0     0.0       0.000 0.000 0.000 0.000 0.000 0.000 0.052 0.137 0.129 0.092 0.044 0.004 0.000 0.000 0.000 0.000 0.000 0.000 0.000 0.000 0.000 0.000 0.000 0.000 0.000 0.000 0.000 0.000 0.000 0.000 0.000 0.000 0.000 0.000 0.000
   9 24 2020    14.2    55.2     0.0     0.0       0.000 0.000 0.000 0.000 0.000 0.000 0.026 0.123 0.127 0.095 0.049 0.005 0.000 0.000 0.000 0.000 0.000 0.000 0.000 0.000 0.000 0.000 0.000 0.000 0.000 0.000 0.000 0.000 0.000 0.000 0.000 0.000 0.000 0.000 0.000
  10 12 2020    14.1    55.2     0.0     0.0       0.000 0.000 0.000 0.000 0.000 0.000 0.030 0.130 0.128 0.097 0.052 0.007 0.000 0.000 0.000 0.000 0.000 0.000 0.000 0.000 0.000 0.000 0.000 0.000 0.000 0.000 0.000 0.000 0.000 0.000 0.000 0.000 0.000 0.000 0.000
  10 24 2020    14.7    55.3     0.0     0.0       0.000 0.000 0.000 0.000 0.000 0.000 0.010 0.110 0.122 0.096 0.054 0.008 0.000 0.000 0.000 0.000 0.000 0.000 0.000 0.000 0.000 0.000 0.000 0.000 0.000 0.000 0.000 0.000 0.000 0.000 0.000 0.000 0.000 0.000 0.000
  11 12 2020    14.4    55.4     0.0     0.0       0.000 0.000 0.000 0.000 0.000 0.000 0.019 0.119 0.122 0.096 0.056 0.010 0.000 0.000 0.000 0.000 0.000 0.000 0.000 0.000 0.000 0.000 0.000 0.000 0.000 0.000 0.000 0.000 0.000 0.000 0.000 0.000 0.000 0.000 0.000
  11 24 2020    14.8    55.4     0.0     0.0       0.000 0.000 0.000 0.000 0.000 0.000 0.006 0.102 0.116 0.094 0.056 0.011 0.000 0.000 0.000 0.000 0.000 0.000 0.000 0.000 0.000 0.000 0.000 0.000 0.000 0.000 0.000 0.000 0.000 0.000 0.000 0.000 0.000 0.000 0.000
  12 12 2020    14.7    55.5     0.0     0.0       0.000 0.000 0.000 0.000 0.000 0.000 0.010 0.115 0.117 0.094 0.057 0.013 0.000 0.000 0.000 0.000 0.000 0.000 0.000 0.000 0.000 0.000 0.000 0.000 0.000 0.000 0.000 0.000 0.000 0.000 0.000 0.000 0.000 0.000 0.000
  12 24 2020    14.7    55.5     0.0     0.0       0.000 0.000 0.000 0.000 0.000 0.000 0.009 0.100 0.113 0.093 0.057 0.013 0.000 0.000 0.000 0.000 0.000 0.000 0.000 0.000 0.000 0.000 0.000 0.000 0.000 0.000 0.000 0.000 0.000 0.000 0.000 0.000 0.000 0.000 0.000
  13 12 2020    14.5    55.5     0.0     0.0       0.000 0.000 0.000 0.000 0.000 0.000 0.015 0.114 0.116 0.093 0.058 0.015 0.000 0.000 0.000 0.000 0.000 0.000 0.000 0.000 0.000 0.000 0.000 0.000 0.000 0.000 0.000 0.000 0.000 0.000 0.000 0.000 0.000 0.000 0.000
  13 24 2020    14.5    55.6     0.0     0.0       0.000 0.000 0.000 0.000 0.000 0.000 0.014 0.107 0.115 0.093 0.059 0.016 0.000 0.000 0.000 0.000 0.000 0.000 0.000 0.000 0.000 0.000 0.000 0.000 0.000 0.000 0.000 0.000 0.000 0.000 0.000 0.000 0.000 0.000 0.000
  14 12 2020    14.7    55.6     0.0     0.0       0.000 0.000 0.000 0.000 0.000 0.000 0.009 0.117 0.119 0.095 0.060 0.017 0.000 0.000 0.000 0.000 0.000 0.000 0.000 0.000 0.000 0.000 0.000 0.000 0.000 0.000 0.000 0.000 0.000 0.000 0.000 0.000 0.000 0.000 0.000
  14 24 2020    15.0    55.6     0.0     0.0       0.000 0.000 0.000 0.000 0.000 0.000 0.000 0.098 0.113 0.094 0.061 0.018 0.000 0.000 0.000 0.000 0.000 0.000 0.000 0.000 0.000 0.000 0.000 0.000 0.000 0.000 0.000 0.000 0.000 0.000 0.000 0.000 0.000 0.000 0.000
  15 12 2020    14.9    55.7     0.0     0.0       0.000 0.000 0.000 0.000 0.000 0.000 0.002 0.109 0.115 0.094 0.061 0.019 0.000 0.000 0.000 0.000 0.000 0.000 0.000 0.000 0.000 0.000 0.000 0.000 0.000 0.000 0.000 0.000 0.000 0.000 0.000 0.000 0.000 0.000 0.000
  15 24 2020    14.9    55.7     0.0     0.0       0.000 0.000 0.000 0.000 0.000 0.000 0.004 0.097 0.111 0.093 0.062 0.020 0.000 0.000 0.000 0.000 0.000 0.000 0.000 0.000 0.000 0.000 0.000 0.000 0.000 0.000 0.000 0.000 0.000 0.000 0.000 0.000 0.000 0.000 0.000
  16 12 2020    14.9    55.7     0.0     0.0       0.000 0.000 0.000 0.000 0.000 0.000 0.003 0.112 0.115 0.094 0.062 0.021 0.000 0.000 0.000 0.000 0.000 0.000 0.000 0.000 0.000 0.000 0.000 0.000 0.000 0.000 0.000 0.000 0.000 0.000 0.000 0.000 0.000 0.000 0.000
  16 24 2020    22.4    55.8     0.0     0.0       0.000 0.000 0.000 0.000 0.000 0.000 0.000 0.088 0.108 0.093 0.063 0.022 0.000 0.000 0.000 0.000 0.000 0.000 0.000 0.000 0.000 0.000 0.000 0.000 0.000 0.000 0.000 0.000 0.000 0.000 0.000 0.000 0.000 0.000 0.000
  17 12 2020    22.0    55.8     0.0     0.0       0.000 0.000 0.000 0.000 0.000 0.000 0.000 0.101 0.111 0.092 0.063 0.023 0.000 0.000 0.000 0.000 0.000 0.000 0.000 0.000 0.000 0.000 0.000 0.000 0.000 0.000 0.000 0.000 0.000 0.000 0.000 0.000 0.000 0.000 0.000
  17 24 2020    22.6    55.8     0.0     0.0       0.000 0.000 0.000 0.000 0.000 0.000 0.000 0.079 0.103 0.090 0.063 0.023 0.000 0.000 0.000 0.000 0.000 0.000 0.000 0.000 0.000 0.000 0.000 0.000 0.000 0.000 0.000 0.000 0.000 0.000 0.000 0.000 0.000 0.000 0.000
  18 12 2020    22.0    55.8     0.0     0.0       0.000 0.000 0.000 0.000 0.000 0.000 0.000 0.098 0.107 0.090 0.062 0.024 0.000 0.000 0.000 0.000 0.000 0.000 0.000 0.000 0.000 0.000 0.000 0.000 0.000 0.000 0.000 0.000 0.000 0.000 0.000 0.000 0.000 0.000 0.000
  18 24 2020    22.7    55.8     0.0     0.0       0.000 0.000 0.000 0.000 0.000 0.000 0.000 0.075 0.101 0.089 0.062 0.024 0.000 0.000 0.000 0.000 0.000 0.000 0.000 0.000 0.000 0.000 0.000 0.000 0.000 0.000 0.000 0.000 0.000 0.000 0.000 0.000 0.000 0.000 0.000
  19 12 2020    22.5    55.8     0.0     0.0       0.000 0.000 0.000 0.000 0.000 0.000 0.000 0.080 0.101 0.087 0.062 0.024 0.000 0.000 0.000 0.000 0.000 0.000 0.000 0.000 0.000 0.000 0.000 0.000 0.000 0.000 0.000 0.000 0.000 0.000 0.000 0.000 0.000 0.000 0.000
  19 24 2020    23.5    55.8     0.0     0.0       0.000 0.000 0.000 0.000 0.000 0.000 0.000 0.045 0.089 0.084 0.061 0.025 0.000 0.000 0.000 0.000 0.000 0.000 0.000 0.000 0.000 0.000 0.000 0.000 0.000 0.000 0.000 0.000 0.000 0.000 0.000 0.000 0.000 0.000 0.000
  20 12 2020    22.8    55.8     0.0     0.0       0.000 0.000 0.000 0.000 0.000 0.000 0.000 0.067 0.091 0.081 0.059 0.024 0.000 0.000 0.000 0.000 0.000 0.000 0.000 0.000 0.000 0.000 0.000 0.000 0.000 0.000 0.000 0.000 0.000 0.000 0.000 0.000 0.000 0.000 0.000
  20 24 2020    23.6    55.8     0.0     0.0       0.000 0.000 0.000 0.000 0.000 0.000 0.000 0.042 0.083 0.078 0.057 0.023 0.000 0.000 0.000 0.000 0.000 0.000 0.000 0.000 0.000 0.000 0.000 0.000 0.000 0.000 0.000 0.000 0.000 0.000 0.000 0.000 0.000 0.000 0.000
  21 12 2020    23.0    55.8     0.0     0.0       0.000 0.000 0.000 0.000 0.000 0.000 0.000 0.062 0.087 0.078 0.056 0.023 0.000 0.000 0.000 0.000 0.000 0.000 0.000 0.000 0.000 0.000 0.000 0.000 0.000 0.000 0.000 0.000 0.000 0.000 0.000 0.000 0.000 0.000 0.000
  21 24 2020    23.9    55.8     0.0     0.0       0.000 0.000 0.000 0.000 0.000 0.000 0.000 0.034 0.079 0.075 0.055 0.022 0.000 0.000 0.000 0.000 0.000 0.000 0.000 0.000 0.000 0.000 0.000 0.000 0.000 0.000 0.000 0.000 0.000 0.000 0.000 0.000 0.000 0.000 0.000
  22 12 2020    23.1    55.7     0.0     0.0       0.000 0.000 0.000 0.000 0.000 0.000 0.000 0.057 0.082 0.073 0.053 0.021 0.000 0.000 0.000 0.000 0.000 0.000 0.000 0.000 0.000 0.000 0.000 0.000 0.000 0.000 0.000 0.000 0.000 0.000 0.000 0.000 0.000 0.000 0.000
  22 24 2020    24.0    55.7     0.0     0.0       0.000 0.000 0.000 0.000 0.000 0.000 0.000 0.029 0.075 0.071 0.052 0.021 0.000 0.000 0.000 0.000 0.000 0.000 0.000 0.000 0.000 0.000 0.000 0.000 0.000 0.000 0.000 0.000 0.000 0.000 0.000 0.000 0.000 0.000 0.000
  23 12 2020    23.2    55.7     0.0     0.0       0.000 0.000 0.000 0.000 0.000 0.000 0.000 0.053 0.078 0.070 0.051 0.020 0.000 0.000 0.000 0.000 0.000 0.000 0.000 0.000 0.000 0.000 0.000 0.000 0.000 0.000 0.000 0.000 0.000 0.000 0.000 0.000 0.000 0.000 0.000
  23 24 2020    24.1    55.6     0.0     0.0       0.000 0.000 0.000 0.000 0.000 0.000 0.000 0.027 0.072 0.068 0.050 0.019 0.000 0.000 0.000 0.000 0.000 0.000 0.000 0.000 0.000 0.000 0.000 0.000 0.000 0.000 0.000 0.000 0.000 0.000 0.000 0.000 0.000 0.000 0.000
  24 12 2020    23.4    55.6     0.0     0.0       0.000 0.000 0.000 0.000 0.000 0.000 0.000 0.049 0.076 0.067 0.049 0.018 0.000 0.000 0.000 0.000 0.000 0.000 0.000 0.000 0.000 0.000 0.000 0.000 0.000 0.000 0.000 0.000 0.000 0.000 0.000 0.000 0.000 0.000 0.000
  24 24 2020    24.7    55.6     0.0     0.0       0.000 0.000 0.000 0.000 0.000 0.000 0.000 0.007 0.068 0.065 0.047 0.017 0.000 0.000 0.000 0.000 0.000 0.000 0.000 0.000 0.000 0.000 0.000 0.000 0.000 0.000 0.000 0.000 0.000 0.000 0.000 0.000 0.000 0.000 0.000
  25 12 2020    24.2    55.5     0.0     0.0       0.000 0.000 0.000 0.000 0.000 0.000 0.000 0.023 0.069 0.063 0.045 0.016 0.000 0.000 0.000 0.000 0.000 0.000 0.000 0.000 0.000 0.000 0.000 0.000 0.000 0.000 0.000 0.000 0.000 0.000 0.000 0.000 0.000 0.000 0.000
  25 24 2020    33.3    55.5     0.0     0.0       0.000 0.000 0.000 0.000 0.000 0.000 0.000 0.000 0.057 0.058 0.043 0.014 0.000 0.000 0.000 0.000 0.000 0.000 0.000 0.000 0.000 0.000 0.000 0.000 0.000 0.000 0.000 0.000 0.000 0.000 0.000 0.000 0.000 0.000 0.000
  26 12 2020    24.3    55.4     0.0     0.0       0.000 0.000 0.000 0.000 0.000 0.000 0.000 0.021 0.061 0.057 0.041 0.012 0.000 0.000 0.000 0.000 0.000 0.000 0.000 0.000 0.000 0.000 0.000 0.000 0.000 0.000 0.000 0.000 0.000 0.000 0.000 0.000 0.000 0.000 0.000
  26 24 2020    33.4    55.4     0.0     0.0       0.000 0.000 0.000 0.000 0.000 0.000 0.000 0.000 0.052 0.053 0.040 0.011 0.000 0.000 0.000 0.000 0.000 0.000 0.000 0.000 0.000 0.000 0.000 0.000 0.000 0.000 0.000 0.000 0.000 0.000 0.000 0.000 0.000 0.000 0.000
  27 12 2020    24.4    55.3     0.0     0.0       0.000 0.000 0.000 0.000 0.000 0.000 0.000 0.016 0.058 0.054 0.038 0.010 0.000 0.000 0.000 0.000 0.000 0.000 0.000 0.000 0.000 0.000 0.000 0.000 0.000 0.000 0.000 0.000 0.000 0.000 0.000 0.000 0.000 0.000 0.000
  27 24 2020    33.6    55.3     0.0     0.0       0.000 0.000 0.000 0.000 0.000 0.000 0.000 0.000 0.046 0.049 0.036 0.009 0.000 0.000 0.000 0.000 0.000 0.000 0.000 0.000 0.000 0.000 0.000 0.000 0.000 0.000 0.000 0.000 0.000 0.000 0.000 0.000 0.000 0.000 0.000
  28 12 2020    24.8    55.2     0.0     0.0       0.000 0.000 0.000 0.000 0.000 0.000 0.000 0.004 0.050 0.049 0.035 0.007 0.000 0.000 0.000 0.000 0.000 0.000 0.000 0.000 0.000 0.000 0.000 0.000 0.000 0.000 0.000 0.000 0.000 0.000 0.000 0.000 0.000 0.000 0.000
  28 24 2020    33.8    55.2     0.0     0.0       0.000 0.000 0.000 0.000 0.000 0.000 0.000 0.000 0.038 0.044 0.033 0.006 0.000 0.000 0.000 0.000 0.000 0.000 0.000 0.000 0.000 0.000 0.000 0.000 0.000 0.000 0.000 0.000 0.000 0.000 0.000 0.000 0.000 0.000 0.000
  29 12 2020    24.9    55.1     0.0     0.0       0.000 0.000 0.000 0.000 0.000 0.000 0.000 0.004 0.043 0.044 0.032 0.004 0.000 0.000 0.000 0.000 0.000 0.000 0.000 0.000 0.000 0.000 0.000 0.000 0.000 0.000 0.000 0.000 0.000 0.000 0.000 0.000 0.000 0.000 0.000
  29 24 2020    34.3    55.1     0.0     0.0       0.000 0.000 0.000 0.000 0.000 0.000 0.000 0.000 0.021 0.039 0.029 0.003 0.000 0.000 0.000 0.000 0.000 0.000 0.000 0.000 0.000 0.000 0.000 0.000 0.000 0.000 0.000 0.000 0.000 0.000 0.000 0.000 0.000 0.000 0.000
  30 12 2020    34.1    55.0     0.0     0.0       0.000 0.000 0.000 0.000 0.000 0.000 0.000 0.000 0.026 0.037 0.027 0.000 0.000 0.000 0.000 0.000 0.000 0.000 0.000 0.000 0.000 0.000 0.000 0.000 0.000 0.000 0.000 0.000 0.000 0.000 0.000 0.000 0.000 0.000 0.000
  30 24 2020    34.6    45.8     0.0     0.0       0.000 0.000 0.000 0.000 0.000 0.000 0.000 0.000 0.012 0.031 0.024 0.000 0.000 0.000 0.000 0.000 0.000 0.000 0.000 0.000 0.000 0.000 0.000 0.000 0.000 0.000 0.000 0.000 0.000 0.000 0.000 0.000 0.000 0.000 0.000
  31 12 2020    24.5    45.7     0.0     0.0       0.000 0.000 0.000 0.000 0.000 0.000 0.000 0.013 0.026 0.031 0.021 0.000 0.000 0.000 0.000 0.000 0.000 0.000 0.000 0.000 0.000 0.000 0.000 0.000 0.000 0.000 0.000 0.000 0.000 0.000 0.000 0.000 0.000 0.000 0.000
  31 24 2020    34.2    45.7     0.0     0.0       0.000 0.000 0.000 0.000 0.000 0.000 0.000 0.000 0.025 0.030 0.020 0.000 0.000 0.000 0.000 0.000 0.000 0.000 0.000 0.000 0.000 0.000 0.000 0.000 0.000 0.000 0.000 0.000 0.000 0.000 0.000 0.000 0.000 0.000 0.000
  32 12 2020    24.1    45.6     0.0     0.0       0.000 0.000 0.000 0.000 0.000 0.000 0.000 0.026 0.037 0.030 0.016 0.000 0.000 0.000 0.000 0.000 0.000 0.000 0.000 0.000 0.000 0.000 0.000 0.000 0.000 0.000 0.000 0.000 0.000 0.000 0.000 0.000 0.000 0.000 0.000
  32 24 2020    33.8    45.5     0.0     0.0       0.000 0.000 0.000 0.000 0.000 0.000 0.000 0.000 0.035 0.031 0.016 0.000 0.000 0.000 0.000 0.000 0.000 0.000 0.000 0.000 0.000 0.000 0.000 0.000 0.000 0.000 0.000 0.000 0.000 0.000 0.000 0.000 0.000 0.000 0.000
  33 12 2020    24.5    45.5     0.0     0.0       0.000 0.000 0.000 0.000 0.000 0.000 0.000 0.013 0.042 0.033 0.015 0.000 0.000 0.000 0.000 0.000 0.000 0.000 0.000 0.000 0.000 0.000 0.000 0.000 0.000 0.000 0.000 0.000 0.000 0.000 0.000 0.000 0.000 0.000 0.000
  33 24 2020    34.0    45.5     0.0     0.0       0.000 0.000 0.000 0.000 0.000 0.000 0.000 0.000 0.030 0.030 0.014 0.000 0.000 0.000 0.000 0.000 0.000 0.000 0.000 0.000 0.000 0.000 0.000 0.000 0.000 0.000 0.000 0.000 0.000 0.000 0.000 0.000 0.000 0.000 0.000
  34 12 2020    24.4    45.4     0.0     0.0       0.000 0.000 0.000 0.000 0.000 0.000 0.000 0.016 0.038 0.031 0.013 0.000 0.000 0.000 0.000 0.000 0.000 0.000 0.000 0.000 0.000 0.000 0.000 0.000 0.000 0.000 0.000 0.000 0.000 0.000 0.000 0.000 0.000 0.000 0.000
  34 24 2020    34.1    45.4     0.0     0.0       0.000 0.000 0.000 0.000 0.000 0.000 0.000 0.000 0.028 0.029 0.012 0.000 0.000 0.000 0.000 0.000 0.000 0.000 0.000 0.000 0.000 0.000 0.000 0.000 0.000 0.000 0.000 0.000 0.000 0.000 0.000 0.000 0.000 0.000 0.000
  35 12 2020    24.8    45.4     0.0     0.0       0.000 0.000 0.000 0.000 0.000 0.000 0.000 0.006 0.035 0.030 0.011 0.000 0.000 0.000 0.000 0.000 0.000 0.000 0.000 0.000 0.000 0.000 0.000 0.000 0.000 0.000 0.000 0.000 0.000 0.000 0.000 0.000 0.000 0.000 0.000
  35 24 2020    34.4    45.3     0.0     0.0       0.000 0.000 0.000 0.000 0.000 0.000 0.000 0.000 0.019 0.025 0.009 0.000 0.000 0.000 0.000 0.000 0.000 0.000 0.000 0.000 0.000 0.000 0.000 0.000 0.000 0.000 0.000 0.000 0.000 0.000 0.000 0.000 0.000 0.000 0.000
  36 12 2020    24.9    45.3     0.0     0.0       0.000 0.000 0.000 0.000 0.000 0.000 0.000 0.004 0.027 0.026 0.007 0.000 0.000 0.000 0.000 0.000 0.000 0.000 0.000 0.000 0.000 0.000 0.000 0.000 0.000 0.000 0.000 0.000 0.000 0.000 0.000 0.000 0.000 0.000 0.000
  36 24 2020    25.0    45.2     0.0     0.0       0.000 0.000 0.000 0.000 0.000 0.000 0.000 0.000 0.021 0.023 0.006 0.000 0.000 0.000 0.000 0.000 0.000 0.000 0.000 0.000 0.000 0.000 0.000 0.000 0.000 0.000 0.000 0.000 0.000 0.000 0.000 0.000 0.000 0.000 0.000
  37 12 2020    24.1    45.2     0.0     0.0       0.000 0.000 0.000 0.000 0.000 0.000 0.000 0.026 0.034 0.024 0.005 0.000 0.000 0.000 0.000 0.000 0.000 0.000 0.000 0.000 0.000 0.000 0.000 0.000 0.000 0.000 0.000 0.000 0.000 0.000 0.000 0.000 0.000 0.000 0.000
  37 24 2020    24.4    45.2     0.0     0.0       0.000 0.000 0.000 0.000 0.000 0.000 0.000 0.017 0.036 0.027 0.005 0.000 0.000 0.000 0.000 0.000 0.000 0.000 0.000 0.000 0.000 0.000 0.000 0.000 0.000 0.000 0.000 0.000 0.000 0.000 0.000 0.000 0.000 0.000 0.000
  38 12 2020    23.8    45.2     0.0     0.0       0.000 0.000 0.000 0.000 0.000 0.000 0.000 0.033 0.046 0.030 0.005 0.000 0.000 0.000 0.000 0.000 0.000 0.000 0.000 0.000 0.000 0.000 0.000 0.000 0.000 0.000 0.000 0.000 0.000 0.000 0.000 0.000 0.000 0.000 0.000
  38 24 2020    33.7    45.2     0.0     0.0       0.000 0.000 0.000 0.000 0.000 0.000 0.000 0.000 0.039 0.029 0.005 0.000 0.000 0.000 0.000 0.000 0.000 0.000 0.000 0.000 0.000 0.000 0.000 0.000 0.000 0.000 0.000 0.000 0.000 0.000 0.000 0.000 0.000 0.000 0.000
  39 12 2020    24.6    45.1     0.0     0.0       0.000 0.000 0.000 0.000 0.000 0.000 0.000 0.009 0.042 0.030 0.004 0.000 0.000 0.000 0.000 0.000 0.000 0.000 0.000 0.000 0.000 0.000 0.000 0.000 0.000 0.000 0.000 0.000 0.000 0.000 0.000 0.000 0.000 0.000 0.000
  39 24 2020    34.1    45.1     0.0     0.0       0.000 0.000 0.000 0.000 0.000 0.000 0.000 0.000 0.026 0.026 0.003 0.000 0.000 0.000 0.000 0.000 0.000 0.000 0.000 0.000 0.000 0.000 0.000 0.000 0.000 0.000 0.000 0.000 0.000 0.000 0.000 0.000 0.000 0.000 0.000
  40 12 2020    24.8    45.1     0.0     0.0       0.000 0.000 0.000 0.000 0.000 0.000 0.000 0.005 0.032 0.027 0.002 0.000 0.000 0.000 0.000 0.000 0.000 0.000 0.000 0.000 0.000 0.000 0.000 0.000 0.000 0.000 0.000 0.000 0.000 0.000 0.000 0.000 0.000 0.000 0.000
  40 24 2020    34.3    45.0     0.0     0.0       0.000 0.000 0.000 0.000 0.000 0.000 0.000 0.000 0.020 0.023 0.001 0.000 0.000 0.000 0.000 0.000 0.000 0.000 0.000 0.000 0.000 0.000 0.000 0.000 0.000 0.000 0.000 0.000 0.000 0.000 0.000 0.000 0.000 0.000 0.000
  41 12 2020    24.8    35.8     0.0     0.0       0.000 0.000 0.000 0.000 0.000 0.000 0.000 0.005 0.028 0.024 0.000 0.000 0.000 0.000 0.000 0.000 0.000 0.000 0.000 0.000 0.000 0.000 0.000 0.000 0.000 0.000 0.000 0.000 0.000 0.000 0.000 0.000 0.000 0.000 0.000
  41 24 2020    34.5    35.7     0.0     0.0       0.000 0.000 0.000 0.000 0.000 0.000 0.000 0.000 0.014 0.020 0.000 0.000 0.000 0.000 0.000 0.000 0.000 0.000 0.000 0.000 0.000 0.000 0.000 0.000 0.000 0.000 0.000 0.000 0.000 0.000 0.000 0.000 0.000 0.000 0.000
  42 12 2020    24.7    35.7     0.0     0.0       0.000 0.000 0.000 0.000 0.000 0.000 0.000 0.008 0.024 0.020 0.000 0.000 0.000 0.000 0.000 0.000 0.000 0.000 0.000 0.000 0.000 0.000 0.000 0.000 0.000 0.000 0.000 0.000 0.000 0.000 0.000 0.000 0.000 0.000 0.000
  42 24 2020    34.6    35.5     0.0     0.0       0.000 0.000 0.000 0.000 0.000 0.000 0.000 0.000 0.011 0.016 0.000 0.000 0.000 0.000 0.000 0.000 0.000 0.000 0.000 0.000 0.000 0.000 0.000 0.000 0.000 0.000 0.000 0.000 0.000 0.000 0.000 0.000 0.000 0.000 0.000
  43 12 2020    24.8    35.6     0.0     0.0       0.000 0.000 0.000 0.000 0.000 0.000 0.000 0.006 0.020 0.017 0.000 0.000 0.000 0.000 0.000 0.000 0.000 0.000 0.000 0.000 0.000 0.000 0.000 0.000 0.000 0.000 0.000 0.000 0.000 0.000 0.000 0.000 0.000 0.000 0.000
  43 24 2020    34.8    35.4     0.0     0.0       0.000 0.000 0.000 0.000 0.000 0.000 0.000 0.000 0.004 0.012 0.000 0.000 0.000 0.000 0.000 0.000 0.000 0.000 0.000 0.000 0.000 0.000 0.000 0.000 0.000 0.000 0.000 0.000 0.000 0.000 0.000 0.000 0.000 0.000 0.000
  44 12 2020    25.0    35.4     0.0     0.0       0.000 0.000 0.000 0.000 0.000 0.000 0.000 0.000 0.012 0.012 0.000 0.000 0.000 0.000 0.000 0.000 0.000 0.000 0.000 0.000 0.000 0.000 0.000 0.000 0.000 0.000 0.000 0.000 0.000 0.000 0.000 0.000 0.000 0.000 0.000
  44 24 2020    34.8    35.3     0.0     0.0       0.000 0.000 0.000 0.000 0.000 0.000 0.000 0.000 0.005 0.009 0.000 0.000 0.000 0.000 0.000 0.000 0.000 0.000 0.000 0.000 0.000 0.000 0.000 0.000 0.000 0.000 0.000 0.000 0.000 0.000 0.000 0.000 0.000 0.000 0.000
  45 12 2020    24.5    35.3     0.0     0.0       0.000 0.000 0.000 0.000 0.000 0.000 0.000 0.012 0.017 0.009 0.000 0.000 0.000 0.000 0.000 0.000 0.000 0.000 0.000 0.000 0.000 0.000 0.000 0.000 0.000 0.000 0.000 0.000 0.000 0.000 0.000 0.000 0.000 0.000 0.000
  45 24 2020    34.9    35.2     0.0     0.0       0.000 0.000 0.000 0.000 0.000 0.000 0.000 0.000 0.004 0.006 0.000 0.000 0.000 0.000 0.000 0.000 0.000 0.000 0.000 0.000 0.000 0.000 0.000 0.000 0.000 0.000 0.000 0.000 0.000 0.000 0.000 0.000 0.000 0.000 0.000
  46 12 2020    24.7    35.3     0.0     0.0       0.000 0.000 0.000 0.000 0.000 0.000 0.000 0.008 0.015 0.007 0.000 0.000 0.000 0.000 0.000 0.000 0.000 0.000 0.000 0.000 0.000 0.000 0.000 0.000 0.000 0.000 0.000 0.000 0.000 0.000 0.000 0.000 0.000 0.000 0.000
  46 24 2020    35.1    35.1     0.0     0.0       0.000 0.000 0.000 0.000 0.000 0.000 0.000 0.000 0.000 0.002 0.000 0.000 0.000 0.000 0.000 0.000 0.000 0.000 0.000 0.000 0.000 0.000 0.000 0.000 0.000 0.000 0.000 0.000 0.000 0.000 0.000 0.000 0.000 0.000 0.000
  47 12 2020    25.1    25.1     0.0     0.0       0.000 0.000 0.000 0.000 0.000 0.000 0.000 0.000 0.003 0.000 0.000 0.000 0.000 0.000 0.000 0.000 0.000 0.000 0.000 0.000 0.000 0.000 0.000 0.000 0.000 0.000 0.000 0.000 0.000 0.000 0.000 0.000 0.000 0.000 0.000
  47 24 2020    25.1    25.1     0.0     0.0       0.000 0.000 0.000 0.000 0.000 0.000 0.000 0.000 0.000 0.000 0.000 0.000 0.000 0.000 0.000 0.000 0.000 0.000 0.000 0.000 0.000 0.000 0.000 0.000 0.000 0.000 0.000 0.000 0.000 0.000 0.000 0.000 0.000 0.000 0.000
 
  47 24 2020     0.0     0.0     0.0     0.0       0.000 0.000 0.000 0.000 0.000 0.000 0.000 0.000 0.000 0.000 0.000 0.000 0.000 0.000 0.000 0.000 0.000 0.000 0.000 0.000 0.000 0.000 0.000 0.000 0.000 0.000 0.000 0.000 0.000 0.000 0.000 0.000 0.000 0.000 0.000
  48 12 2020    24.7    25.2     0.0     0.0       0.000 0.000 0.000 0.000 0.000 0.000 0.000 0.008 0.005 0.000 0.000 0.000 0.000 0.000 0.000 0.000 0.000 0.000 0.000 0.000 0.000 0.000 0.000 0.000 0.000 0.000 0.000 0.000 0.000 0.000 0.000 0.000 0.000 0.000 0.000
  48 24 2020    25.0    25.0     0.0     0.0       0.000 0.000 0.000 0.000 0.000 0.000 0.000 0.000 0.000 0.000 0.000 0.000 0.000 0.000 0.000 0.000 0.000 0.000 0.000 0.000 0.000 0.000 0.000 0.000 0.000 0.000 0.000 0.000 0.000 0.000 0.000 0.000 0.000 0.000 0.000
  49 12 2020    24.0    25.6     0.0     0.0       0.000 0.000 0.000 0.000 0.000 0.000 0.000 0.028 0.016 0.000 0.000 0.000 0.000 0.000 0.000 0.000 0.000 0.000 0.000 0.000 0.000 0.000 0.000 0.000 0.000 0.000 0.000 0.000 0.000 0.000 0.000 0.000 0.000 0.000 0.000
  49 24 2020    34.7    35.1     0.0     0.0       0.000 0.000 0.000 0.000 0.000 0.000 0.000 0.000 0.008 0.002 0.000 0.000 0.000 0.000 0.000 0.000 0.000 0.000 0.000 0.000 0.000 0.000 0.000 0.000 0.000 0.000 0.000 0.000 0.000 0.000 0.000 0.000 0.000 0.000 0.000
  50 12 2020    24.8    35.1     0.0     0.0       0.000 0.000 0.000 0.000 0.000 0.000 0.000 0.004 0.015 0.003 0.000 0.000 0.000 0.000 0.000 0.000 0.000 0.000 0.000 0.000 0.000 0.000 0.000 0.000 0.000 0.000 0.000 0.000 0.000 0.000 0.000 0.000 0.000 0.000 0.000
  50 24 2020    31.7    31.7     0.0     0.0       0.000 0.000 0.000 0.000 0.000 0.000 0.000 0.000 0.000 0.000 0.000 0.000 0.000 0.000 0.000 0.000 0.000 0.000 0.000 0.000 0.000 0.000 0.000 0.000 0.000 0.000 0.000 0.000 0.000 0.000 0.000 0.000 0.000 0.000 0.000
 
  52 24 2020     0.0     0.0     0.0     0.0       0.000 0.000 0.000 0.000 0.000 0.000 0.000 0.000 0.000 0.000 0.000 0.000 0.000 0.000 0.000 0.000 0.000 0.000 0.000 0.000 0.000 0.000 0.000 0.000 0.000 0.000 0.000 0.000 0.000 0.000 0.000 0.000 0.000 0.000 0.000
  53 12 2020    25.0    25.0     0.0     0.0       0.000 0.000 0.000 0.000 0.000 0.000 0.000 0.000 0.000 0.000 0.000 0.000 0.000 0.000 0.000 0.000 0.000 0.000 0.000 0.000 0.000 0.000 0.000 0.000 0.000 0.000 0.000 0.000 0.000 0.000 0.000 0.000 0.000 0.000 0.000
  53 24 2020    25.0    25.0     0.0     0.0       0.000 0.000 0.000 0.000 0.000 0.000 0.000 0.000 0.000 0.000 0.000 0.000 0.000 0.000 0.000 0.000 0.000 0.000 0.000 0.000 0.000 0.000 0.000 0.000 0.000 0.000 0.000 0.000 0.000 0.000 0.000 0.000 0.000 0.000 0.000
 
