 AVERAGE PREDICTED SOIL TEMPERATURES FOR EACH NODE (C)
  DY HR  YR   0.00  0.01  0.02  0.03  0.04  0.05  0.10  0.20  0.30  0.40  0.50  0.60  0.70  0.80  0.90  1.00  1.10  1.20  1.30  1.40  1.50  1.60  1.70  1.80  1.95  2.05  2.15  2.25  2.35  2.45  2.55  2.65  2.75  2.85  2.95
 306  2 2019   8.1   8.1   8.1   8.1   8.1   8.1   8.6  10.3   9.6   9.2  10.8  10.8  10.8  10.8  10.8  10.8  10.8  10.8  10.8  10.8  10.8  10.8  10.8  10.8  10.8  10.8  10.8  10.8  10.8  10.8  10.8  10.8  10.8  10.8  10.8
 306 12 2019   9.8   9.5   9.2   9.0   8.9   8.7   8.5   9.1   9.5   9.8  10.3  10.6  10.7  10.8  10.8  10.8  10.8  10.8  10.8  10.8  10.8  10.8  10.8  10.8  10.8  10.8  10.8  10.8  10.8  10.8  10.8  10.8  10.8  10.8  10.8
 306 24 2019  13.2  13.3  13.4  13.4  13.4  13.4  12.9  11.5  10.6  10.3  10.3  10.4  10.6  10.7  10.7  10.8  10.8  10.8  10.8  10.8  10.8  10.8  10.8  10.8  10.8  10.8  10.8  10.8  10.8  10.8  10.8  10.8  10.8  10.8  10.7
 307 12 2019   9.5   9.3   9.2   9.1   9.0   8.9   9.1   9.9  10.4  10.6  10.6  10.6  10.6  10.6  10.7  10.7  10.8  10.8  10.8  10.8  10.8  10.8  10.8  10.8  10.8  10.8  10.8  10.8  10.8  10.8  10.8  10.8  10.8  10.7  10.6
 307 24 2019  12.9  13.0  13.1  13.2  13.3  13.3  13.0  11.8  11.0  10.7  10.6  10.6  10.6  10.6  10.7  10.7  10.7  10.8  10.8  10.8  10.8  10.8  10.8  10.8  10.8  10.8  10.8  10.8  10.8  10.8  10.8  10.8  10.7  10.7  10.6
 308 12 2019   9.4   9.3   9.1   9.1   9.0   9.0   9.2  10.1  10.6  10.8  10.8  10.7  10.7  10.7  10.7  10.7  10.7  10.8  10.8  10.8  10.8  10.8  10.8  10.8  10.8  10.8  10.8  10.8  10.8  10.8  10.8  10.7  10.7  10.6  10.5
 308 24 2019  13.5  13.5  13.6  13.6  13.5  13.5  13.0  11.9  11.1  10.8  10.7  10.7  10.7  10.7  10.7  10.7  10.7  10.8  10.8  10.8  10.8  10.8  10.8  10.8  10.8  10.8  10.8  10.8  10.8  10.8  10.7  10.7  10.6  10.5  10.4
 309 12 2019  10.2  10.1  10.1  10.1  10.0  10.0  10.2  10.8  11.0  11.0  10.9  10.8  10.8  10.7  10.7  10.7  10.7  10.8  10.8  10.8  10.8  10.8  10.8  10.8  10.8  10.8  10.8  10.8  10.8  10.7  10.7  10.6  10.6  10.5  10.3
 309 24 2019   9.8  10.1  10.3  10.5  10.7  10.8  11.3  11.3  11.1  11.0  10.9  10.9  10.8  10.8  10.8  10.8  10.8  10.8  10.8  10.8  10.8  10.8  10.8  10.8  10.8  10.8  10.8  10.8  10.7  10.7  10.7  10.6  10.5  10.4  10.3
 310 12 2019   7.7   7.7   7.6   7.6   7.7   7.7   8.1   9.3  10.2  10.6  10.8  10.8  10.8  10.8  10.8  10.8  10.8  10.8  10.8  10.8  10.8  10.8  10.8  10.8  10.8  10.8  10.8  10.7  10.7  10.7  10.6  10.5  10.4  10.3  10.2
 310 24 2019   9.2   9.4   9.6   9.7   9.9  10.0  10.2  10.2  10.2  10.3  10.5  10.6  10.7  10.8  10.8  10.8  10.8  10.8  10.8  10.8  10.8  10.8  10.8  10.8  10.8  10.8  10.7  10.7  10.7  10.6  10.6  10.5  10.4  10.3  10.1
 311 12 2019   7.0   6.9   6.9   6.9   6.9   6.9   7.3   8.5   9.4  10.0  10.3  10.5  10.6  10.7  10.7  10.8  10.8  10.8  10.8  10.8  10.8  10.8  10.8  10.8  10.8  10.7  10.7  10.7  10.7  10.6  10.5  10.4  10.3  10.2  10.0
 311 24 2019  10.4  10.5  10.5  10.6  10.6  10.6  10.4   9.9   9.7   9.8  10.1  10.3  10.5  10.6  10.7  10.7  10.7  10.8  10.8  10.8  10.8  10.8  10.8  10.8  10.7  10.7  10.7  10.7  10.6  10.6  10.5  10.4  10.3  10.1   9.9
 312 12 2019   8.7   8.5   8.4   8.3   8.3   8.2   8.3   9.0   9.5   9.8  10.1  10.2  10.4  10.5  10.6  10.6  10.7  10.7  10.8  10.8  10.8  10.8  10.8  10.8  10.7  10.7  10.7  10.6  10.6  10.5  10.4  10.3  10.2  10.0   9.9
 312 24 2019  13.3  13.3  13.3  13.2  13.1  13.0  12.4  11.1  10.3  10.0  10.1  10.2  10.3  10.4  10.5  10.6  10.7  10.7  10.7  10.7  10.8  10.8  10.8  10.7  10.7  10.7  10.7  10.6  10.5  10.5  10.4  10.3  10.1  10.0   9.8
 313 12 2019   9.4   9.4   9.3   9.3   9.3   9.3   9.5  10.1  10.3  10.4  10.3  10.3  10.4  10.4  10.5  10.5  10.6  10.7  10.7  10.7  10.7  10.7  10.7  10.7  10.7  10.7  10.6  10.6  10.5  10.4  10.3  10.2  10.1   9.9   9.7
 313 24 2019  11.5  11.6  11.7  11.8  11.8  11.8  11.7  11.1  10.7  10.5  10.4  10.4  10.4  10.4  10.5  10.5  10.6  10.6  10.7  10.7  10.7  10.7  10.7  10.7  10.7  10.6  10.6  10.5  10.5  10.4  10.3  10.2  10.0   9.8   9.6
 314 12 2019   8.0   8.0   8.0   8.0   8.0   8.1   8.5   9.5  10.1  10.4  10.4  10.5  10.5  10.5  10.5  10.5  10.6  10.6  10.6  10.7  10.7  10.7  10.7  10.7  10.6  10.6  10.6  10.5  10.4  10.3  10.2  10.1   9.9   9.8   9.5
 314 24 2019  10.4  10.6  10.7  10.8  10.9  10.9  11.0  10.5  10.3  10.3  10.3  10.4  10.4  10.5  10.5  10.5  10.6  10.6  10.6  10.7  10.7  10.7  10.7  10.7  10.6  10.6  10.5  10.5  10.4  10.3  10.2  10.0   9.9   9.7   9.5
 315 12 2019   6.5   6.5   6.5   6.5   6.6   6.7   7.2   8.7   9.6  10.0  10.2  10.4  10.4  10.5  10.5  10.5  10.6  10.6  10.6  10.6  10.6  10.6  10.6  10.6  10.6  10.5  10.5  10.4  10.3  10.2  10.1  10.0   9.8   9.6   9.4
 315 24 2019  11.9  11.9  11.9  11.9  11.8  11.8  11.3  10.3   9.9   9.9  10.0  10.2  10.3  10.4  10.5  10.5  10.5  10.6  10.6  10.6  10.6  10.6  10.6  10.6  10.6  10.5  10.5  10.4  10.3  10.2  10.1   9.9   9.7   9.5   9.3
 316 12 2019   7.3   7.2   7.2   7.2   7.3   7.3   7.8   8.9   9.6   9.9  10.1  10.2  10.3  10.4  10.4  10.5  10.5  10.6  10.6  10.6  10.6  10.6  10.6  10.6  10.5  10.5  10.4  10.3  10.3  10.1  10.0   9.9   9.7   9.5   9.2
 316 24 2019  12.4  12.5  12.5  12.4  12.4  12.3  11.8  10.7  10.1   9.9  10.0  10.1  10.2  10.3  10.4  10.4  10.5  10.5  10.6  10.6  10.6  10.6  10.6  10.5  10.5  10.4  10.4  10.3  10.2  10.1  10.0   9.8   9.6   9.4   9.2
 317 12 2019   7.0   7.0   7.1   7.2   7.2   7.3   7.9   9.2   9.8  10.0  10.1  10.2  10.2  10.3  10.4  10.4  10.5  10.5  10.5  10.5  10.6  10.6  10.5  10.5  10.5  10.4  10.3  10.3  10.2  10.0   9.9   9.7   9.5   9.3   9.1
 317 24 2019   9.6   9.8  10.0  10.1  10.2  10.3  10.4  10.0   9.9   9.9  10.0  10.1  10.2  10.3  10.3  10.4  10.4  10.5  10.5  10.5  10.5  10.5  10.5  10.5  10.4  10.4  10.3  10.2  10.1  10.0   9.8   9.7   9.5   9.3   9.0
 318 12 2019   4.9   4.9   5.0   5.1   5.2   5.3   6.2   7.9   9.0   9.6   9.9  10.1  10.2  10.2  10.3  10.4  10.4  10.5  10.5  10.5  10.5  10.5  10.5  10.5  10.4  10.3  10.3  10.2  10.1   9.9   9.8   9.6   9.4   9.2   8.9
 318 24 2019   7.9   8.1   8.2   8.4   8.5   8.6   8.7   8.7   8.9   9.2   9.5   9.8  10.0  10.2  10.3  10.3  10.4  10.4  10.5  10.5  10.5  10.5  10.5  10.4  10.4  10.3  10.2  10.1  10.0   9.9   9.7   9.5   9.3   9.1   8.8
 319 12 2019   4.5   4.5   4.5   4.6   4.6   4.7   5.4   7.0   8.1   8.9   9.3   9.6   9.9  10.0  10.2  10.3  10.3  10.4  10.4  10.4  10.4  10.4  10.4  10.4  10.3  10.3  10.2  10.1  10.0   9.8   9.7   9.5   9.3   9.0   8.8
 319 24 2019   9.1   9.2   9.2   9.2   9.2   9.2   9.0   8.4   8.4   8.6   9.0   9.4   9.7   9.9  10.1  10.2  10.3  10.3  10.4  10.4  10.4  10.4  10.4  10.4  10.3  10.2  10.1  10.0   9.9   9.8   9.6   9.4   9.2   9.0   8.7
 320 12 2019   7.1   6.9   6.8   6.8   6.7   6.7   6.9   7.6   8.3   8.7   9.0   9.3   9.5   9.8   9.9  10.1  10.2  10.3  10.3  10.4  10.4  10.4  10.3  10.3  10.2  10.2  10.1  10.0   9.9   9.7   9.5   9.4   9.1   8.9   8.6
 320 24 2019  11.2  11.2  11.2  11.2  11.1  11.0  10.5   9.5   8.9   8.9   9.0   9.2   9.5   9.7   9.8  10.0  10.1  10.2  10.3  10.3  10.3  10.3  10.3  10.3  10.2  10.1  10.0   9.9   9.8   9.7   9.5   9.3   9.1   8.8   8.5
 321 12 2019   4.1   4.3   4.6   4.8   5.1   5.4   6.5   8.1   8.8   9.1   9.2   9.3   9.5   9.6   9.8   9.9  10.0  10.1  10.2  10.3  10.3  10.3  10.3  10.2  10.2  10.1  10.0   9.9   9.8   9.6   9.4   9.2   9.0   8.7   8.4
 321 24 2019   3.4   3.7   4.0   4.2   4.5   4.7   5.7   6.9   7.8   8.5   8.9   9.2   9.4   9.6   9.7   9.9  10.0  10.1  10.1  10.2  10.2  10.2  10.2  10.2  10.1  10.0   9.9   9.8   9.7   9.5   9.4   9.2   8.9   8.7   8.4
 322 12 2019   1.0   1.1   1.3   1.5   1.7   1.9   3.0   5.1   6.6   7.7   8.4   8.9   9.2   9.5   9.6   9.8   9.9  10.0  10.1  10.1  10.2  10.2  10.2  10.1  10.1  10.0   9.9   9.8   9.6   9.5   9.3   9.1   8.9   8.6   8.3
 322 24 2019   4.4   4.5   4.6   4.6   4.7   4.7   4.9   5.4   6.2   7.1   7.8   8.4   8.9   9.2   9.5   9.7   9.8  10.0  10.0  10.1  10.1  10.1  10.1  10.1  10.0   9.9   9.8   9.7   9.6   9.4   9.2   9.0   8.8   8.5   8.2
 323 12 2019   0.1   0.2   0.3   0.5   0.7   0.9   2.0   4.1   5.6   6.7   7.5   8.1   8.6   9.0   9.3   9.5   9.7   9.9  10.0  10.0  10.1  10.1  10.1  10.0  10.0   9.9   9.8   9.7   9.5   9.4   9.2   9.0   8.7   8.4   8.1
 323 24 2019   6.1   6.1   6.1   6.1   6.1   6.1   5.8   5.5   5.7   6.4   7.1   7.7   8.3   8.7   9.1   9.4   9.6   9.8   9.9   9.9  10.0  10.0  10.0  10.0   9.9   9.8   9.7   9.6   9.5   9.3   9.1   8.9   8.6   8.4   8.1
 324 12 2019   2.5   2.5   2.5   2.6   2.6   2.7   3.3   4.6   5.6   6.4   7.0   7.6   8.1   8.5   8.9   9.2   9.4   9.6   9.8   9.9   9.9  10.0  10.0   9.9   9.8   9.8   9.7   9.6   9.4   9.2   9.0   8.8   8.6   8.3   8.0
 324 24 2019   7.3   7.4   7.4   7.4   7.4   7.4   7.0   6.3   6.2   6.5   6.9   7.4   7.9   8.3   8.7   9.0   9.3   9.5   9.7   9.8   9.8   9.9   9.9   9.9   9.8   9.7   9.6   9.5   9.3   9.2   9.0   8.8   8.5   8.2   7.9
 325 12 2019   3.4   3.3   3.3   3.3   3.4   3.4   3.9   5.2   6.0   6.6   7.0   7.4   7.8   8.2   8.6   8.9   9.1   9.4   9.5   9.7   9.7   9.8   9.8   9.8   9.7   9.7   9.6   9.4   9.3   9.1   8.9   8.7   8.4   8.1   7.8
 325 24 2019   8.9   8.9   8.8   8.7   8.7   8.6   8.0   6.9   6.6   6.7   7.0   7.4   7.8   8.1   8.4   8.8   9.0   9.2   9.4   9.6   9.7   9.7   9.7   9.7   9.7   9.6   9.5   9.4   9.2   9.0   8.8   8.6   8.4   8.1   7.7
 326 12 2019   6.3   6.3   6.2   6.2   6.2   6.2   6.3   6.6   6.9   7.1   7.3   7.5   7.8   8.1   8.4   8.7   8.9   9.1   9.3   9.5   9.6   9.6   9.7   9.7   9.6   9.5   9.4   9.3   9.2   9.0   8.8   8.5   8.3   8.0   7.7
 326 24 2019   6.7   6.9   7.0   7.1   7.3   7.3   7.5   7.4   7.2   7.3   7.4   7.6   7.8   8.1   8.3   8.6   8.8   9.0   9.2   9.4   9.5   9.5   9.6   9.6   9.5   9.5   9.4   9.2   9.1   8.9   8.7   8.5   8.2   7.9   7.6
 327 12 2019   2.7   2.7   2.8   2.9   3.1   3.2   4.0   5.6   6.5   7.1   7.4   7.7   7.9   8.1   8.3   8.5   8.8   9.0   9.1   9.3   9.4   9.5   9.5   9.5   9.5   9.4   9.3   9.2   9.0   8.8   8.6   8.4   8.1   7.8   7.5
 327 24 2019   6.1   6.2   6.3   6.4   6.4   6.5   6.5   6.3   6.5   6.8   7.2   7.5   7.8   8.1   8.3   8.5   8.7   8.9   9.1   9.2   9.3   9.4   9.4   9.4   9.4   9.3   9.2   9.1   8.9   8.8   8.6   8.3   8.1   7.8   7.4
 328 12 2019   1.9   1.9   1.9   2.0   2.1   2.2   2.9   4.6   5.8   6.6   7.0   7.4   7.7   8.0   8.2   8.4   8.7   8.8   9.0   9.1   9.2   9.3   9.3   9.3   9.3   9.2   9.1   9.0   8.9   8.7   8.5   8.3   8.0   7.7   7.3
 328 24 2019   8.4   8.4   8.4   8.3   8.2   8.1   7.5   6.5   6.2   6.4   6.8   7.2   7.6   7.9   8.1   8.4   8.6   8.8   8.9   9.1   9.2   9.2   9.3   9.3   9.2   9.2   9.1   9.0   8.8   8.6   8.4   8.2   7.9   7.6   7.3
 329 12 2019   4.4   4.4   4.3   4.3   4.3   4.3   4.7   5.6   6.3   6.7   7.0   7.2   7.5   7.8   8.0   8.3   8.5   8.7   8.9   9.0   9.1   9.1   9.2   9.2   9.2   9.1   9.0   8.9   8.7   8.6   8.3   8.1   7.8   7.5   7.2
 329 24 2019  10.0  10.0  10.0   9.9   9.9   9.8   9.1   7.7   7.0   6.9   7.0   7.2   7.5   7.7   8.0   8.2   8.4   8.6   8.8   8.9   9.0   9.1   9.1   9.1   9.1   9.0   8.9   8.8   8.7   8.5   8.3   8.0   7.8   7.5   7.1
 330 12 2019   4.2   4.2   4.3   4.3   4.4   4.5   5.1   6.3   6.9   7.2   7.3   7.4   7.6   7.8   8.0   8.2   8.4   8.6   8.7   8.8   8.9   9.0   9.0   9.0   9.0   8.9   8.9   8.7   8.6   8.4   8.2   8.0   7.7   7.4   7.0
 330 24 2019  10.2  10.2  10.1  10.0   9.9   9.7   9.0   7.8   7.3   7.2   7.3   7.4   7.6   7.8   8.0   8.1   8.3   8.5   8.6   8.8   8.9   8.9   9.0   9.0   8.9   8.9   8.8   8.7   8.5   8.3   8.1   7.9   7.6   7.3   7.0
 331 12 2019   6.3   6.2   6.2   6.1   6.1   6.2   6.4   7.0   7.3   7.4   7.5   7.6   7.7   7.8   8.0   8.1   8.3   8.4   8.6   8.7   8.8   8.9   8.9   8.9   8.9   8.8   8.7   8.6   8.4   8.3   8.0   7.8   7.5   7.2   6.9
 331 24 2019  10.5  10.6  10.6  10.6  10.5  10.4   9.9   8.7   7.9   7.6   7.6   7.6   7.7   7.8   8.0   8.1   8.3   8.4   8.5   8.6   8.7   8.8   8.8   8.8   8.8   8.7   8.6   8.5   8.4   8.2   8.0   7.7   7.5   7.2   6.9
 332 12 2019   4.0   4.1   4.2   4.3   4.4   4.6   5.5   6.9   7.6   7.8   7.8   7.8   7.8   7.9   8.0   8.1   8.3   8.4   8.5   8.6   8.7   8.7   8.8   8.8   8.7   8.6   8.6   8.4   8.3   8.1   7.9   7.7   7.4   7.1   6.9
 332 24 2019   6.2   6.4   6.6   6.7   6.8   6.9   7.2   7.2   7.3   7.4   7.6   7.8   7.9   7.9   8.0   8.1   8.2   8.4   8.5   8.5   8.6   8.7   8.7   8.7   8.6   8.6   8.5   8.4   8.2   8.1   7.8   7.6   7.4   7.1   6.8
 333 12 2019   3.2   3.1   3.1   3.2   3.2   3.3   3.9   5.4   6.5   7.1   7.4   7.7   7.8   7.9   8.0   8.1   8.2   8.3   8.4   8.5   8.6   8.6   8.6   8.6   8.6   8.5   8.4   8.3   8.2   8.0   7.8   7.6   7.3   7.1   6.8
 333 24 2019   8.5   8.5   8.5   8.5   8.5   8.4   8.0   7.1   6.8   6.9   7.2   7.4   7.7   7.8   8.0   8.1   8.2   8.3   8.4   8.5   8.5   8.6   8.6   8.6   8.5   8.4   8.4   8.2   8.1   7.9   7.7   7.5   7.3   7.0   6.7
 334 12 2019   4.2   4.2   4.2   4.3   4.3   4.4   4.9   6.0   6.7   7.0   7.2   7.4   7.6   7.8   7.9   8.1   8.2   8.3   8.4   8.4   8.5   8.5   8.5   8.5   8.4   8.4   8.3   8.2   8.0   7.9   7.7   7.5   7.2   7.0   6.7
 334 24 2019   4.5   4.8   5.1   5.3   5.6   5.7   6.3   6.5   6.7   6.9   7.1   7.3   7.5   7.7   7.9   8.0   8.1   8.2   8.3   8.4   8.4   8.5   8.5   8.4   8.4   8.3   8.2   8.1   8.0   7.8   7.6   7.4   7.2   6.9   6.6
 335 12 2019  -2.3  -2.1  -1.9  -1.7  -1.4  -1.1   0.5   3.4   5.2   6.3   6.9   7.2   7.5   7.7   7.8   8.0   8.1   8.2   8.3   8.3   8.4   8.4   8.4   8.4   8.3   8.3   8.2   8.1   7.9   7.7   7.6   7.4   7.1   6.9   6.6
 335 24 2019   3.4   3.5   3.6   3.7   3.8   3.9   4.0   4.1   4.7   5.5   6.2   6.8   7.2   7.5   7.7   7.9   8.0   8.1   8.2   8.3   8.3   8.4   8.4   8.3   8.3   8.2   8.1   8.0   7.9   7.7   7.5   7.3   7.1   6.8   6.6
 336 12 2019  -0.1  -0.2  -0.2  -0.2  -0.1  -0.0   0.7   2.6   4.1   5.1   5.9   6.5   6.9   7.3   7.5   7.8   7.9   8.1   8.2   8.2   8.3   8.3   8.3   8.3   8.2   8.1   8.0   7.9   7.8   7.6   7.5   7.3   7.0   6.8   6.5
 336 24 2019   6.7   6.7   6.8   6.7   6.7   6.6   6.0   5.0   4.7   5.0   5.6   6.1   6.6   7.0   7.3   7.6   7.8   8.0   8.1   8.2   8.2   8.2   8.2   8.2   8.2   8.1   8.0   7.9   7.7   7.6   7.4   7.2   7.0   6.7   6.5
 337 12 2019   1.0   1.0   1.0   1.1   1.2   1.3   2.0   3.6   4.6   5.2   5.7   6.1   6.5   6.9   7.2   7.4   7.7   7.9   8.0   8.1   8.1   8.2   8.2   8.2   8.1   8.0   7.9   7.8   7.7   7.5   7.4   7.2   6.9   6.7   6.4
 337 24 2019   6.5   6.6   6.6   6.6   6.6   6.5   6.1   5.3   5.0   5.2   5.6   6.0   6.4   6.7   7.0   7.3   7.6   7.7   7.9   8.0   8.1   8.1   8.1   8.1   8.0   8.0   7.9   7.8   7.6   7.5   7.3   7.1   6.9   6.6   6.4
 338 12 2019   3.0   2.9   2.8   2.8   2.7   2.7   3.1   4.1   4.9   5.4   5.7   6.0   6.3   6.7   6.9   7.2   7.4   7.6   7.8   7.9   8.0   8.0   8.1   8.0   8.0   7.9   7.8   7.7   7.6   7.4   7.3   7.1   6.8   6.6   6.4
 338 24 2019   7.1   7.2   7.3   7.3   7.3   7.3   7.0   6.1   5.6   5.5   5.7   6.0   6.3   6.6   6.9   7.1   7.3   7.5   7.7   7.8   7.9   8.0   8.0   8.0   7.9   7.9   7.8   7.7   7.5   7.4   7.2   7.0   6.8   6.6   6.3
 339 12 2019  -0.6  -0.4  -0.2   0.1   0.3   0.6   1.9   3.9   5.0   5.6   5.9   6.1   6.3   6.6   6.8   7.0   7.3   7.5   7.6   7.7   7.8   7.9   7.9   7.9   7.9   7.8   7.7   7.6   7.5   7.3   7.2   7.0   6.7   6.5   6.3
 339 24 2019   0.0   0.4   0.7   0.9   1.2   1.4   2.3   3.4   4.2   4.9   5.5   5.9   6.3   6.5   6.8   7.0   7.2   7.4   7.5   7.7   7.7   7.8   7.8   7.8   7.8   7.7   7.7   7.6   7.4   7.3   7.1   6.9   6.7   6.5   6.2
 340 12 2019  -3.4  -3.3  -3.1  -2.9  -2.7  -2.5  -1.3   1.1   2.9   4.2   5.0   5.6   6.0   6.4   6.7   6.9   7.1   7.3   7.5   7.6   7.7   7.7   7.8   7.8   7.7   7.7   7.6   7.5   7.4   7.2   7.1   6.9   6.7   6.4   6.2
 340 24 2019   0.1   0.3   0.5   0.6   0.7   0.8   1.2   1.8   2.6   3.5   4.4   5.1   5.7   6.2   6.5   6.8   7.0   7.2   7.4   7.5   7.6   7.7   7.7   7.7   7.7   7.6   7.5   7.4   7.3   7.2   7.0   6.8   6.6   6.4   6.1
 341 12 2019  -3.6  -3.4  -3.3  -3.1  -3.0  -2.8  -1.7   0.4   2.0   3.2   4.1   4.8   5.4   5.9   6.3   6.6   6.9   7.1   7.3   7.4   7.5   7.6   7.6   7.6   7.6   7.6   7.5   7.4   7.3   7.1   7.0   6.8   6.6   6.3   6.1
 341 24 2019  -0.9  -0.7  -0.5  -0.3  -0.2  -0.1   0.4   1.0   1.8   2.7   3.6   4.4   5.1   5.6   6.1   6.4   6.7   7.0   7.2   7.3   7.4   7.5   7.6   7.6   7.5   7.5   7.4   7.3   7.2   7.1   6.9   6.7   6.5   6.3   6.1
 342 12 2019  -2.7  -2.8  -2.8  -2.7  -2.7  -2.6  -1.9  -0.2   1.3   2.4   3.4   4.1   4.8   5.4   5.8   6.2   6.6   6.9   7.1   7.2   7.4   7.4   7.5   7.5   7.5   7.4   7.4   7.3   7.2   7.0   6.9   6.7   6.5   6.3   6.0
 342 24 2019   2.0   2.1   2.2   2.2   2.2   2.2   2.0   1.6   1.8   2.4   3.1   3.8   4.5   5.1   5.6   6.0   6.4   6.7   6.9   7.1   7.3   7.3   7.4   7.4   7.4   7.4   7.3   7.2   7.1   7.0   6.8   6.6   6.4   6.2   6.0
 343 12 2019  -0.5  -0.6  -0.7  -0.7  -0.7  -0.7  -0.3   0.8   1.8   2.5   3.2   3.8   4.4   4.9   5.4   5.8   6.2   6.5   6.8   7.0   7.1   7.3   7.3   7.4   7.3   7.3   7.2   7.2   7.0   6.9   6.8   6.6   6.4   6.2   5.9
 343 24 2019   3.7   3.8   3.8   3.8   3.8   3.7   3.4   2.6   2.4   2.7   3.2   3.7   4.3   4.8   5.2   5.7   6.1   6.4   6.7   6.9   7.0   7.2   7.2   7.3   7.3   7.2   7.2   7.1   7.0   6.9   6.7   6.5   6.3   6.1   5.9
 344 12 2019  -0.5  -0.5  -0.4  -0.4  -0.3  -0.2   0.4   1.6   2.4   2.9   3.4   3.8   4.2   4.7   5.1   5.5   5.9   6.2   6.5   6.7   6.9   7.1   7.1   7.2   7.2   7.2   7.1   7.0   6.9   6.8   6.7   6.5   6.3   6.1   5.9
 344 24 2019   2.2   2.4   2.4   2.5   2.6   2.6   2.7   2.5   2.6   2.9   3.3   3.8   4.2   4.6   5.0   5.4   5.8   6.1   6.4   6.6   6.8   6.9   7.0   7.1   7.1   7.1   7.1   7.0   6.9   6.8   6.6   6.4   6.2   6.0   5.8
 345 12 2019  -0.1  -0.2  -0.2  -0.2  -0.2  -0.1   0.3   1.4   2.3   2.9   3.4   3.8   4.2   4.6   5.0   5.3   5.7   6.0   6.3   6.5   6.7   6.8   7.0   7.0   7.0   7.0   7.0   6.9   6.8   6.7   6.6   6.4   6.2   6.0   5.8
 345 24 2019   2.4   2.6   2.7   2.8   2.8   2.9   2.9   2.6   2.6   2.9   3.3   3.7   4.1   4.5   4.9   5.3   5.6   5.9   6.2   6.4   6.6   6.7   6.9   6.9   7.0   7.0   6.9   6.9   6.8   6.6   6.5   6.3   6.2   5.9   5.7
 346 12 2019  -1.4  -1.4  -1.3  -1.2  -1.1  -0.9  -0.2   1.2   2.2   2.9   3.3   3.7   4.1   4.5   4.8   5.2   5.5   5.8   6.1   6.3   6.5   6.7   6.8   6.8   6.9   6.9   6.9   6.8   6.7   6.6   6.4   6.3   6.1   5.9   5.7
 346 24 2019  -2.9  -2.5  -2.1  -1.8  -1.5  -1.2  -0.2   1.0   1.8   2.5   3.1   3.6   4.0   4.4   4.8   5.1   5.4   5.7   6.0   6.2   6.4   6.6   6.7   6.8   6.8   6.8   6.8   6.7   6.6   6.5   6.4   6.2   6.1   5.9   5.6
 347 12 2019  -4.5  -4.5  -4.4  -4.2  -4.1  -3.9  -3.0  -0.9   0.7   1.9   2.7   3.3   3.9   4.3   4.7   5.0   5.4   5.7   5.9   6.1   6.3   6.5   6.6   6.7   6.7   6.7   6.7   6.7   6.6   6.5   6.3   6.2   6.0   5.8   5.6
 347 24 2019  -3.2  -2.9  -2.7  -2.5  -2.3  -2.1  -1.5  -0.5   0.4   1.3   2.2   3.0   3.6   4.1   4.5   4.9   5.3   5.6   5.8   6.0   6.2   6.4   6.5   6.6   6.7   6.7   6.6   6.6   6.5   6.4   6.3   6.1   6.0   5.8   5.6
 348 12 2019  -4.7  -4.7  -4.7  -4.6  -4.5  -4.4  -3.7  -1.8  -0.3   0.9   1.9   2.7   3.3   3.9   4.3   4.8   5.1   5.5   5.7   6.0   6.1   6.3   6.4   6.5   6.6   6.6   6.6   6.5   6.5   6.4   6.2   6.1   5.9   5.7   5.5
 348 24 2019  -0.8  -0.7  -0.5  -0.4  -0.3  -0.3  -0.2  -0.3   0.1   0.8   1.6   2.3   3.0   3.6   4.1   4.6   5.0   5.3   5.6   5.9   6.1   6.2   6.3   6.4   6.5   6.5   6.5   6.5   6.4   6.3   6.2   6.0   5.9   5.7   5.5
 349 12 2019  -4.4  -4.4  -4.4  -4.3  -4.2  -4.1  -3.3  -1.6  -0.3   0.7   1.5   2.2   2.9   3.4   3.9   4.4   4.8   5.2   5.5   5.8   6.0   6.1   6.3   6.4   6.4   6.5   6.4   6.4   6.3   6.2   6.1   6.0   5.8   5.6   5.4
 349 24 2019  -0.6  -0.4  -0.3  -0.2  -0.1  -0.1  -0.0  -0.2   0.1   0.6   1.3   2.0   2.7   3.3   3.8   4.2   4.7   5.1   5.4   5.6   5.9   6.0   6.2   6.3   6.4   6.4   6.4   6.3   6.3   6.2   6.1   5.9   5.8   5.6   5.4
 350 12 2019  -9.2  -8.8  -8.5  -8.1  -7.7  -7.3  -5.4  -2.5  -0.7   0.5   1.3   1.9   2.5   3.1   3.6   4.1   4.5   4.9   5.2   5.5   5.8   5.9   6.1   6.2   6.3   6.3   6.3   6.3   6.2   6.1   6.0   5.9   5.7   5.5   5.4
 350 24 2019  -5.5  -5.3  -5.0  -4.8  -4.6  -4.5  -3.8  -2.7  -1.5  -0.3   0.7   1.6   2.3   2.9   3.5   3.9   4.4   4.8   5.1   5.4   5.6   5.8   6.0   6.1   6.2   6.2   6.2   6.2   6.1   6.1   6.0   5.8   5.7   5.5   5.3
 351 12 2019 -10.6 -10.3 -10.1  -9.8  -9.5  -9.1  -7.4  -4.6  -2.5  -0.9   0.3   1.2   2.0   2.7   3.3   3.8   4.2   4.7   5.0   5.3   5.5   5.7   5.9   6.0   6.1   6.2   6.2   6.1   6.1   6.0   5.9   5.8   5.6   5.5   5.3
 351 24 2019  -6.3  -6.1  -6.0  -5.8  -5.7  -5.6  -5.3  -4.2  -2.9  -1.6  -0.3   0.7   1.6   2.4   3.0   3.6   4.1   4.5   4.9   5.2   5.4   5.6   5.8   5.9   6.0   6.1   6.1   6.1   6.0   5.9   5.8   5.7   5.6   5.4   5.2
 352 12 2019 -10.5 -10.3 -10.1  -9.8  -9.6  -9.3  -7.8  -5.4  -3.5  -2.0  -0.7   0.3   1.3   2.1   2.7   3.3   3.9   4.3   4.7   5.0   5.3   5.5   5.7   5.8   6.0   6.0   6.0   6.0   6.0   5.9   5.8   5.7   5.5   5.4   5.2
 352 24 2019  -5.8  -5.7  -5.6  -5.6  -5.5  -5.5  -5.4  -4.7  -3.6  -2.4  -1.2  -0.1   0.9   1.7   2.5   3.1   3.7   4.2   4.6   4.9   5.2   5.4   5.6   5.7   5.9   5.9   5.9   5.9   5.9   5.8   5.7   5.6   5.5   5.3   5.1
 353 12 2019 -10.2 -10.0  -9.8  -9.6  -9.4  -9.2  -7.9  -5.7  -4.0  -2.6  -1.4  -0.3   0.6   1.4   2.2   2.9   3.5   4.0   4.4   4.8   5.1   5.3   5.5   5.6   5.8   5.9   5.9   5.9   5.8   5.8   5.7   5.6   5.4   5.3   5.1
 353 24 2019  -6.4  -6.3  -6.2  -6.0  -6.0  -5.9  -5.7  -5.0  -4.0  -2.9  -1.7  -0.7   0.3   1.2   1.9   2.6   3.2   3.8   4.2   4.6   4.9   5.2   5.4   5.5   5.7   5.8   5.8   5.8   5.8   5.7   5.6   5.5   5.4   5.2   5.1
 354 12 2019 -10.5 -10.4 -10.2 -10.0  -9.8  -9.5  -8.2  -6.0  -4.4  -3.1  -1.9  -0.9   0.1   0.9   1.7   2.4   3.0   3.6   4.0   4.4   4.8   5.0   5.3   5.4   5.6   5.7   5.7   5.7   5.7   5.6   5.6   5.5   5.3   5.2   5.0
 354 24 2019  -5.7  -5.6  -5.5  -5.5  -5.5  -5.5  -5.7  -5.3  -4.4  -3.3  -2.2  -1.1  -0.2   0.7   1.4   2.1   2.8   3.4   3.9   4.3   4.6   4.9   5.1   5.3   5.5   5.6   5.6   5.6   5.6   5.6   5.5   5.4   5.3   5.1   5.0
 355 12 2019 -10.3 -10.2 -10.0  -9.8  -9.6  -9.4  -8.1  -6.1  -4.6  -3.4  -2.3  -1.3  -0.4   0.4   1.2   1.9   2.6   3.2   3.7   4.1   4.5   4.8   5.0   5.2   5.4   5.5   5.6   5.6   5.6   5.5   5.4   5.3   5.2   5.1   4.9
 355 24 2019  -5.8  -5.7  -5.7  -5.6  -5.6  -5.6  -5.7  -5.4  -4.6  -3.6  -2.5  -1.5  -0.6   0.2   1.0   1.7   2.4   3.0   3.5   3.9   4.3   4.6   4.9   5.1   5.3   5.4   5.5   5.5   5.5   5.4   5.4   5.3   5.2   5.0   4.9
 356 12 2019 -10.0  -9.9  -9.7  -9.6  -9.4  -9.2  -8.1  -6.1  -4.7  -3.6  -2.6  -1.6  -0.8   0.1   0.8   1.5   2.2   2.8   3.3   3.8   4.2   4.5   4.8   5.0   5.2   5.3   5.4   5.4   5.4   5.4   5.3   5.2   5.1   5.0   4.9
 356 24 2019  -5.9  -5.7  -5.7  -5.6  -5.6  -5.5  -5.5  -5.4  -4.7  -3.7  -2.8  -1.8  -0.9  -0.1   0.6   1.4   2.0   2.6   3.2   3.6   4.0   4.4   4.6   4.9   5.1   5.2   5.3   5.3   5.3   5.3   5.3   5.2   5.1   5.0   4.8
 357 12 2019 -10.0  -9.9  -9.8  -9.6  -9.4  -9.2  -8.2  -6.2  -4.9  -3.8  -2.8  -1.9  -1.1  -0.3   0.5   1.2   1.9   2.5   3.0   3.5   3.9   4.2   4.5   4.8   5.0   5.1   5.2   5.3   5.3   5.3   5.2   5.1   5.0   4.9   4.8
 357 24 2019  -6.3  -6.2  -6.2  -6.1  -6.1  -6.1  -6.1  -5.9  -5.0  -4.0  -3.0  -2.1  -1.2  -0.4   0.3   1.0   1.7   2.3   2.8   3.3   3.7   4.1   4.4   4.6   4.9   5.1   5.1   5.2   5.2   5.2   5.1   5.1   5.0   4.9   4.7
 358 12 2019 -10.2 -10.1 -10.0  -9.8  -9.6  -9.4  -8.3  -6.3  -5.1  -4.1  -3.1  -2.2  -1.4  -0.6   0.1   0.9   1.5   2.1   2.7   3.2   3.6   4.0   4.3   4.5   4.8   5.0   5.0   5.1   5.1   5.1   5.1   5.0   4.9   4.8   4.7
 358 24 2019  -7.0  -6.9  -6.7  -6.6  -6.5  -6.4  -6.3  -6.0  -5.2  -4.2  -3.3  -2.4  -1.5  -0.7  -0.0   0.7   1.4   2.0   2.5   3.0   3.5   3.8   4.1   4.4   4.7   4.9   5.0   5.0   5.0   5.0   5.0   5.0   4.9   4.8   4.6
 359 12 2019 -11.0 -10.8 -10.7 -10.5 -10.3 -10.0  -8.7  -6.5  -5.3  -4.3  -3.4  -2.5  -1.6  -0.9  -0.1   0.6   1.2   1.8   2.4   2.9   3.3   3.7   4.0   4.3   4.6   4.8   4.9   4.9   5.0   5.0   4.9   4.9   4.8   4.7   4.6
 359 24 2019  -6.5  -6.4  -6.4  -6.3  -6.3  -6.3  -6.4  -6.3  -5.4  -4.5  -3.5  -2.6  -1.8  -1.0  -0.3   0.4   1.1   1.7   2.3   2.7   3.2   3.6   3.9   4.2   4.5   4.7   4.8   4.9   4.9   4.9   4.9   4.8   4.8   4.7   4.6
 360 12 2019 -10.2 -10.1 -10.0  -9.9  -9.8  -9.6  -8.6  -6.6  -5.5  -4.5  -3.6  -2.7  -1.9  -1.1  -0.4   0.3   0.9   1.6   2.1   2.6   3.0   3.4   3.8   4.1   4.4   4.6   4.7   4.8   4.8   4.8   4.8   4.8   4.7   4.6   4.5
 360 24 2019  -5.1  -5.1  -5.1  -5.1  -5.1  -5.2  -5.6  -6.1  -5.4  -4.6  -3.7  -2.9  -2.0  -1.3  -0.6   0.1   0.8   1.4   2.0   2.5   2.9   3.3   3.7   3.9   4.3   4.5   4.6   4.7   4.7   4.8   4.8   4.7   4.7   4.6   4.5
 361 12 2019  -9.8  -9.8  -9.7  -9.6  -9.4  -9.3  -8.3  -6.5  -5.4  -4.5  -3.7  -2.9  -2.1  -1.4  -0.7  -0.0   0.7   1.3   1.8   2.3   2.8   3.2   3.5   3.8   4.2   4.4   4.5   4.6   4.7   4.7   4.7   4.7   4.6   4.6   4.5
 361 24 2019  -4.7  -4.6  -4.6  -4.6  -4.7  -4.7  -5.1  -5.7  -5.2  -4.5  -3.8  -3.0  -2.2  -1.5  -0.8  -0.1   0.5   1.2   1.7   2.2   2.7   3.1   3.4   3.7   4.1   4.3   4.4   4.5   4.6   4.6   4.6   4.6   4.6   4.5   4.5
 362 12 2019  -9.3  -9.2  -9.1  -9.1  -8.9  -8.8  -8.0  -6.3  -5.3  -4.4  -3.7  -3.0  -2.3  -1.6  -0.9  -0.2   0.4   1.0   1.6   2.1   2.5   2.9   3.3   3.6   4.0   4.2   4.3   4.4   4.5   4.6   4.6   4.6   4.6   4.5   4.5
 362 24 2019  -3.8  -3.8  -3.9  -3.9  -4.0  -4.0  -4.5  -5.1  -4.9  -4.4  -3.7  -3.0  -2.3  -1.6  -1.0  -0.3   0.3   0.9   1.5   2.0   2.4   2.8   3.2   3.5   3.9   4.1   4.2   4.4   4.4   4.5   4.5   4.5   4.5   4.5   4.5
 363 12 2019  -9.2  -9.0  -8.8  -8.6  -8.4  -8.2  -7.2  -5.8  -4.9  -4.2  -3.6  -2.9  -2.3  -1.7  -1.0  -0.4   0.2   0.8   1.4   1.9   2.3   2.7   3.1   3.4   3.8   4.0   4.2   4.3   4.4   4.4   4.5   4.5   4.5   4.5   4.5
 363 24 2019 -11.6 -11.1 -10.6 -10.2  -9.8  -9.4  -7.9  -6.3  -5.3  -4.5  -3.7  -3.0  -2.3  -1.7  -1.1  -0.5   0.1   0.7   1.3   1.8   2.2   2.6   3.0   3.3   3.7   3.9   4.1   4.2   4.3   4.4   4.4   4.4   4.5   4.5   4.5
 364 12 2019 -14.6 -14.2 -13.8 -13.3 -12.9 -12.4 -10.2  -7.1  -5.8  -4.8  -3.9  -3.1  -2.4  -1.8  -1.2  -0.6   0.1   0.6   1.2   1.6   2.1   2.5   2.9   3.2   3.6   3.8   4.0   4.1   4.2   4.3   4.4   4.4   4.4   4.4   4.4
 364 24 2019 -13.2 -12.7 -12.3 -12.0 -11.6 -11.2  -9.9  -7.7  -6.2  -5.2  -4.2  -3.3  -2.6  -1.9  -1.3  -0.6  -0.0   0.5   1.1   1.6   2.0   2.4   2.8   3.1   3.5   3.7   3.9   4.1   4.2   4.3   4.3   4.4   4.4   4.4   4.4
 365 12 2019 -15.4 -15.1 -14.7 -14.3 -13.8 -13.4 -11.3  -8.3  -6.5  -5.4  -4.4  -3.6  -2.8  -2.0  -1.4  -0.8  -0.1   0.4   1.0   1.5   1.9   2.3   2.7   3.0   3.4   3.7   3.8   4.0   4.1   4.2   4.3   4.3   4.4   4.4   4.4
 365 24 2019 -12.4 -12.1 -11.8 -11.6 -11.4 -11.1 -10.4  -8.6  -6.8  -5.7  -4.7  -3.8  -2.9  -2.2  -1.5  -0.9  -0.2   0.3   0.9   1.4   1.8   2.2   2.6   2.9   3.3   3.6   3.8   3.9   4.0   4.2   4.2   4.3   4.4   4.4   4.4
   1 12 2020 -15.1 -14.8 -14.5 -14.2 -13.8 -13.5 -11.6  -8.9  -7.1  -6.0  -4.9  -4.0  -3.1  -2.4  -1.7  -1.0  -0.4   0.2   0.8   1.3   1.7   2.1   2.5   2.8   3.3   3.5   3.7   3.9   4.0   4.1   4.2   4.3   4.3   4.4   4.4
   1 24 2020 -11.2 -11.1 -10.9 -10.8 -10.7 -10.6 -10.3  -9.0  -7.4  -6.2  -5.1  -4.2  -3.3  -2.5  -1.8  -1.1  -0.5   0.1   0.7   1.2   1.6   2.0   2.4   2.7   3.2   3.4   3.6   3.8   3.9   4.1   4.2   4.2   4.3   4.4   4.4
   2 12 2020 -15.6 -15.3 -14.9 -14.5 -14.1 -13.7 -11.7  -9.2  -7.6  -6.3  -5.3  -4.3  -3.5  -2.7  -2.0  -1.3  -0.6  -0.0   0.5   1.1   1.5   1.9   2.3   2.7   3.1   3.3   3.5   3.7   3.9   4.0   4.1   4.2   4.3   4.3   4.4
   2 24 2020 -12.8 -12.5 -12.2 -12.0 -11.8 -11.6 -10.9  -9.4  -7.8  -6.4  -5.4  -4.5  -3.6  -2.9  -2.1  -1.4  -0.8  -0.1   0.4   0.9   1.4   1.8   2.2   2.6   3.0   3.3   3.5   3.7   3.8   4.0   4.1   4.2   4.3   4.3   4.4
   3 12 2020 -15.4 -15.2 -14.9 -14.6 -14.3 -14.0 -12.3  -9.7  -8.0  -6.6  -5.6  -4.7  -3.8  -3.0  -2.3  -1.6  -0.9  -0.3   0.3   0.8   1.3   1.7   2.1   2.5   2.9   3.2   3.4   3.6   3.8   3.9   4.0   4.1   4.2   4.3   4.4
   3 24 2020 -11.8 -11.6 -11.4 -11.2 -11.1 -11.0 -10.7  -9.7  -8.2  -6.8  -5.8  -4.8  -3.9  -3.1  -2.4  -1.7  -1.0  -0.4   0.2   0.7   1.2   1.6   2.0   2.4   2.9   3.1   3.4   3.5   3.7   3.9   4.0   4.1   4.2   4.3   4.4
   4 12 2020 -14.3 -14.2 -14.0 -13.8 -13.6 -13.3 -12.0  -9.8  -8.3  -6.9  -6.0  -5.0  -4.1  -3.3  -2.6  -1.8  -1.1  -0.5   0.1   0.6   1.1   1.5   1.9   2.3   2.8   3.1   3.3   3.5   3.7   3.8   4.0   4.1   4.2   4.3   4.4
   4 24 2020 -11.3 -11.1 -11.0 -10.9 -10.8 -10.7 -10.5  -9.7  -8.4  -7.1  -6.1  -5.1  -4.3  -3.4  -2.7  -2.0  -1.3  -0.6  -0.0   0.5   1.0   1.5   1.9   2.2   2.7   3.0   3.2   3.4   3.6   3.8   3.9   4.0   4.2   4.3   4.4
   5 12 2020 -14.9 -14.6 -14.4 -14.0 -13.7 -13.4 -11.8  -9.8  -8.4  -7.2  -6.1  -5.2  -4.4  -3.6  -2.8  -2.1  -1.4  -0.7  -0.1   0.4   0.9   1.4   1.8   2.1   2.6   2.9   3.2   3.4   3.6   3.7   3.9   4.0   4.1   4.3   4.4
   5 24 2020 -11.1 -11.0 -10.9 -10.8 -10.8 -10.7 -10.6  -9.8  -8.5  -7.3  -6.2  -5.3  -4.5  -3.7  -2.9  -2.2  -1.5  -0.9  -0.3   0.3   0.8   1.3   1.7   2.1   2.6   2.9   3.1   3.3   3.5   3.7   3.8   4.0   4.1   4.2   4.4
   6 12 2020 -13.5 -13.4 -13.3 -13.2 -13.0 -12.8 -11.7  -9.8  -8.5  -7.4  -6.3  -5.4  -4.6  -3.8  -3.1  -2.3  -1.6  -1.0  -0.4   0.2   0.7   1.2   1.6   2.0   2.5   2.8   3.0   3.3   3.5   3.6   3.8   4.0   4.1   4.2   4.4
   6 24 2020 -10.4 -10.3 -10.2 -10.1 -10.0 -10.0 -10.0  -9.6  -8.6  -7.5  -6.4  -5.5  -4.7  -3.9  -3.2  -2.4  -1.7  -1.1  -0.5   0.1   0.6   1.1   1.5   1.9   2.4   2.7   3.0   3.2   3.4   3.6   3.8   3.9   4.1   4.2   4.3
   7 12 2020 -14.9 -14.7 -14.4 -14.1 -13.8 -13.4 -11.7  -9.8  -8.6  -7.5  -6.5  -5.6  -4.8  -4.0  -3.3  -2.5  -1.8  -1.2  -0.6  -0.0   0.5   1.0   1.4   1.8   2.3   2.7   2.9   3.2   3.4   3.6   3.7   3.9   4.1   4.2   4.3
   7 24 2020 -12.0 -11.8 -11.6 -11.4 -11.3 -11.1 -10.7  -9.8  -8.7  -7.6  -6.5  -5.7  -4.9  -4.1  -3.4  -2.7  -1.9  -1.3  -0.7  -0.1   0.4   0.9   1.3   1.7   2.3   2.6   2.9   3.1   3.3   3.5   3.7   3.9   4.0   4.2   4.3
   8 12 2020 -15.0 -14.8 -14.6 -14.3 -14.1 -13.8 -12.3 -10.1  -8.7  -7.6  -6.6  -5.8  -5.0  -4.2  -3.5  -2.7  -2.0  -1.4  -0.8  -0.2   0.3   0.8   1.2   1.7   2.2   2.5   2.8   3.0   3.3   3.5   3.7   3.9   4.0   4.2   4.3
   8 24 2020 -10.9 -10.8 -10.7 -10.7 -10.6 -10.6 -10.6 -10.0  -8.9  -7.7  -6.7  -5.9  -5.1  -4.3  -3.6  -2.8  -2.1  -1.5  -0.9  -0.3   0.2   0.7   1.2   1.6   2.1   2.5   2.7   3.0   3.2   3.4   3.6   3.8   4.0   4.2   4.3
   9 12 2020 -14.1 -14.0 -13.9 -13.7 -13.5 -13.2 -11.9 -10.1  -8.9  -7.8  -6.8  -6.0  -5.1  -4.4  -3.7  -2.9  -2.2  -1.6  -1.0  -0.4   0.1   0.6   1.1   1.5   2.1   2.4   2.7   2.9   3.2   3.4   3.6   3.8   4.0   4.2   4.3
   9 24 2020  -9.7  -9.7  -9.7  -9.7  -9.7  -9.8 -10.2  -9.9  -8.9  -7.9  -6.9  -6.1  -5.3  -4.5  -3.8  -3.0  -2.3  -1.7  -1.1  -0.5   0.0   0.5   1.0   1.4   2.0   2.3   2.6   2.9   3.1   3.4   3.6   3.8   4.0   4.1   4.3
  10 12 2020 -12.9 -12.8 -12.8 -12.6 -12.5 -12.3 -11.3  -9.8  -8.9  -7.9  -7.0  -6.1  -5.3  -4.6  -3.8  -3.1  -2.4  -1.8  -1.1  -0.6  -0.0   0.5   0.9   1.4   1.9   2.3   2.6   2.8   3.1   3.3   3.5   3.7   3.9   4.1   4.3
  10 24 2020  -8.6  -8.5  -8.5  -8.5  -8.5  -8.5  -9.0  -9.4  -8.8  -7.9  -7.0  -6.1  -5.4  -4.6  -3.9  -3.2  -2.5  -1.9  -1.2  -0.7  -0.1   0.4   0.8   1.3   1.9   2.2   2.5   2.8   3.0   3.3   3.5   3.7   3.9   4.1   4.3
  11 12 2020 -12.1 -12.1 -12.1 -12.0 -11.9 -11.7 -10.8  -9.4  -8.6  -7.9  -7.0  -6.2  -5.4  -4.7  -4.0  -3.3  -2.6  -1.9  -1.3  -0.7  -0.2   0.3   0.8   1.2   1.8   2.2   2.5   2.7   3.0   3.3   3.5   3.7   3.9   4.1   4.3
  11 24 2020  -8.4  -8.3  -8.3  -8.2  -8.2  -8.3  -8.7  -9.1  -8.6  -7.8  -7.0  -6.2  -5.5  -4.7  -4.0  -3.4  -2.7  -2.0  -1.4  -0.8  -0.3   0.2   0.7   1.1   1.7   2.1   2.4   2.7   3.0   3.2   3.5   3.7   3.9   4.1   4.3
  12 12 2020 -12.1 -12.1 -12.1 -12.0 -11.9 -11.8 -10.9  -9.3  -8.5  -7.8  -7.0  -6.2  -5.5  -4.8  -4.1  -3.4  -2.7  -2.1  -1.5  -0.9  -0.4   0.2   0.6   1.1   1.7   2.0   2.4   2.6   2.9   3.2   3.4   3.7   3.9   4.1   4.3
  12 24 2020  -9.3  -9.1  -9.0  -8.8  -8.8  -8.7  -8.7  -9.0  -8.5  -7.8  -7.0  -6.2  -5.5  -4.8  -4.2  -3.5  -2.8  -2.2  -1.5  -1.0  -0.4   0.1   0.6   1.0   1.6   2.0   2.3   2.6   2.9   3.1   3.4   3.6   3.9   4.1   4.3
  13 12 2020 -12.7 -12.6 -12.5 -12.3 -12.2 -12.0 -10.9  -9.2  -8.4  -7.7  -7.0  -6.3  -5.6  -4.9  -4.2  -3.5  -2.9  -2.2  -1.6  -1.0  -0.5   0.0   0.5   0.9   1.6   1.9   2.3   2.6   2.8   3.1   3.4   3.6   3.8   4.1   4.3
  13 24 2020 -10.8 -10.6 -10.4 -10.2 -10.1 -10.0  -9.6  -9.2  -8.5  -7.8  -7.0  -6.3  -5.6  -4.9  -4.3  -3.6  -2.9  -2.3  -1.7  -1.1  -0.6  -0.1   0.4   0.9   1.5   1.9   2.2   2.5   2.8   3.1   3.3   3.6   3.8   4.1   4.3
  14 12 2020 -11.8 -11.9 -11.9 -11.8 -11.8 -11.7 -10.9  -9.4  -8.5  -7.8  -7.0  -6.3  -5.6  -4.9  -4.3  -3.6  -3.0  -2.3  -1.7  -1.2  -0.6  -0.1   0.4   0.8   1.4   1.8   2.2   2.5   2.8   3.0   3.3   3.6   3.8   4.1   4.3
  14 24 2020  -8.2  -8.1  -8.0  -8.0  -8.0  -8.1  -8.5  -9.0  -8.5  -7.8  -7.0  -6.3  -5.6  -5.0  -4.3  -3.7  -3.0  -2.4  -1.8  -1.2  -0.7  -0.2   0.3   0.8   1.4   1.8   2.1   2.4   2.7   3.0   3.3   3.5   3.8   4.0   4.3
  15 12 2020 -11.7 -11.7 -11.6 -11.6 -11.5 -11.4 -10.5  -9.1  -8.4  -7.7  -7.0  -6.3  -5.7  -5.0  -4.4  -3.7  -3.1  -2.5  -1.9  -1.3  -0.8  -0.2   0.2   0.7   1.3   1.7   2.1   2.4   2.7   3.0   3.3   3.5   3.8   4.0   4.3
  15 24 2020  -9.4  -9.2  -9.0  -8.9  -8.8  -8.7  -8.7  -8.9  -8.4  -7.7  -7.0  -6.3  -5.7  -5.0  -4.4  -3.8  -3.1  -2.5  -1.9  -1.4  -0.8  -0.3   0.2   0.6   1.3   1.7   2.0   2.3   2.7   3.0   3.2   3.5   3.8   4.0   4.3
  16 12 2020 -12.0 -12.0 -12.0 -12.0 -11.9 -11.8 -10.8  -9.1  -8.4  -7.7  -7.0  -6.4  -5.7  -5.1  -4.4  -3.8  -3.2  -2.6  -2.0  -1.4  -0.9  -0.4   0.1   0.6   1.2   1.6   2.0   2.3   2.6   2.9   3.2   3.5   3.8   4.0   4.3
  16 24 2020  -7.0  -6.9  -6.9  -6.9  -7.0  -7.0  -7.6  -8.7  -8.3  -7.7  -7.1  -6.4  -5.7  -5.1  -4.5  -3.9  -3.2  -2.6  -2.0  -1.5  -0.9  -0.4   0.1   0.5   1.2   1.6   1.9   2.3   2.6   2.9   3.2   3.5   3.8   4.0   4.3
  17 12 2020 -11.0 -11.0 -11.1 -11.1 -11.0 -10.9 -10.3  -8.8  -8.2  -7.7  -7.0  -6.4  -5.8  -5.1  -4.5  -3.9  -3.3  -2.7  -2.1  -1.5  -1.0  -0.5   0.0   0.5   1.2   1.5   1.9   2.2   2.6   2.9   3.2   3.5   3.7   4.0   4.3
  17 24 2020  -7.0  -6.9  -6.8  -6.7  -6.7  -6.7  -7.2  -8.4  -8.2  -7.7  -7.0  -6.4  -5.8  -5.2  -4.5  -3.9  -3.3  -2.7  -2.1  -1.6  -1.0  -0.5  -0.0   0.4   1.1   1.5   1.9   2.2   2.5   2.8   3.1   3.4   3.7   4.0   4.3
  18 12 2020 -11.6 -11.7 -11.6 -11.6 -11.5 -11.4 -10.4  -8.7  -8.1  -7.6  -7.0  -6.4  -5.8  -5.2  -4.6  -4.0  -3.3  -2.7  -2.2  -1.6  -1.1  -0.6  -0.1   0.4   1.1   1.5   1.8   2.2   2.5   2.8   3.1   3.4   3.7   4.0   4.3
  18 24 2020  -6.4  -6.3  -6.4  -6.4  -6.5  -6.6  -7.2  -8.3  -8.1  -7.6  -7.0  -6.4  -5.8  -5.2  -4.6  -4.0  -3.4  -2.8  -2.2  -1.6  -1.1  -0.6  -0.1   0.4   1.0   1.4   1.8   2.1   2.5   2.8   3.1   3.4   3.7   4.0   4.3
  19 12 2020  -8.4  -8.6  -8.8  -8.9  -9.0  -9.0  -9.0  -8.4  -8.0  -7.5  -7.0  -6.4  -5.8  -5.2  -4.6  -4.0  -3.4  -2.8  -2.2  -1.7  -1.2  -0.6  -0.2   0.3   1.0   1.4   1.8   2.1   2.4   2.8   3.1   3.4   3.7   4.0   4.3
  19 24 2020  -4.2  -4.2  -4.2  -4.3  -4.4  -4.5  -5.5  -7.7  -7.8  -7.5  -7.0  -6.4  -5.8  -5.2  -4.6  -4.1  -3.4  -2.9  -2.3  -1.7  -1.2  -0.7  -0.2   0.3   0.9   1.4   1.7   2.1   2.4   2.7   3.1   3.4   3.7   4.0   4.3
  20 12 2020  -9.7  -9.8  -9.9  -9.9  -9.9  -9.8  -9.3  -7.8  -7.7  -7.4  -6.9  -6.4  -5.8  -5.2  -4.7  -4.1  -3.5  -2.9  -2.3  -1.8  -1.2  -0.7  -0.2   0.2   0.9   1.3   1.7   2.0   2.4   2.7   3.0   3.4   3.7   4.0   4.3
  20 24 2020  -5.4  -5.3  -5.3  -5.3  -5.3  -5.3  -6.0  -7.5  -7.6  -7.3  -6.9  -6.4  -5.8  -5.2  -4.7  -4.1  -3.5  -2.9  -2.4  -1.8  -1.3  -0.8  -0.3   0.2   0.9   1.3   1.7   2.0   2.4   2.7   3.0   3.4   3.7   4.0   4.3
  21 12 2020 -10.0 -10.1 -10.2 -10.2 -10.2 -10.1  -9.5  -7.8  -7.6  -7.3  -6.9  -6.4  -5.8  -5.2  -4.7  -4.1  -3.5  -2.9  -2.4  -1.8  -1.3  -0.8  -0.3   0.2   0.8   1.2   1.6   2.0   2.3   2.7   3.0   3.3   3.7   4.0   4.3
  21 24 2020  -4.9  -4.8  -4.8  -4.8  -4.9  -5.0  -5.7  -7.4  -7.5  -7.3  -6.8  -6.3  -5.8  -5.3  -4.7  -4.1  -3.5  -3.0  -2.4  -1.9  -1.3  -0.8  -0.3   0.1   0.8   1.2   1.6   2.0   2.3   2.7   3.0   3.3   3.6   4.0   4.3
  22 12 2020  -9.8  -9.9  -9.9 -10.0  -9.9  -9.9  -9.4  -7.6  -7.4  -7.2  -6.8  -6.3  -5.8  -5.3  -4.7  -4.1  -3.6  -3.0  -2.4  -1.9  -1.4  -0.9  -0.4   0.1   0.8   1.2   1.6   1.9   2.3   2.6   3.0   3.3   3.6   4.0   4.3
  22 24 2020  -5.1  -5.0  -5.0  -5.0  -5.0  -5.1  -5.7  -7.3  -7.4  -7.2  -6.8  -6.3  -5.8  -5.3  -4.7  -4.2  -3.6  -3.0  -2.5  -1.9  -1.4  -0.9  -0.4   0.1   0.7   1.2   1.5   1.9   2.3   2.6   3.0   3.3   3.6   4.0   4.3
  23 12 2020 -10.4 -10.4 -10.4 -10.4 -10.3 -10.2  -9.4  -7.6  -7.3  -7.1  -6.7  -6.3  -5.8  -5.3  -4.7  -4.2  -3.6  -3.0  -2.5  -2.0  -1.4  -0.9  -0.4   0.0   0.7   1.1   1.5   1.9   2.3   2.6   3.0   3.3   3.6   4.0   4.3
  23 24 2020  -5.3  -5.2  -5.2  -5.2  -5.2  -5.3  -5.9  -7.3  -7.3  -7.1  -6.7  -6.3  -5.8  -5.2  -4.7  -4.2  -3.6  -3.1  -2.5  -2.0  -1.5  -1.0  -0.5   0.0   0.7   1.1   1.5   1.9   2.2   2.6   2.9   3.3   3.6   3.9   4.3
  24 12 2020 -10.0 -10.1 -10.1 -10.1 -10.0 -10.0  -9.3  -7.6  -7.3  -7.0  -6.7  -6.3  -5.8  -5.2  -4.7  -4.2  -3.6  -3.1  -2.5  -2.0  -1.5  -1.0  -0.5  -0.0   0.7   1.1   1.5   1.8   2.2   2.6   2.9   3.3   3.6   3.9   4.3
  24 24 2020  -3.0  -3.1  -3.2  -3.3  -3.4  -3.6  -4.7  -7.1  -7.2  -7.0  -6.7  -6.3  -5.8  -5.2  -4.7  -4.2  -3.6  -3.1  -2.6  -2.0  -1.5  -1.0  -0.5  -0.1   0.6   1.1   1.4   1.8   2.2   2.6   2.9   3.3   3.6   3.9   4.3
  25 12 2020  -8.1  -8.3  -8.4  -8.5  -8.5  -8.5  -8.2  -7.1  -7.1  -6.9  -6.6  -6.2  -5.7  -5.2  -4.7  -4.2  -3.6  -3.1  -2.6  -2.1  -1.5  -1.0  -0.6  -0.1   0.6   1.0   1.4   1.8   2.2   2.5   2.9   3.2   3.6   3.9   4.3
  25 24 2020  -3.3  -3.2  -3.2  -3.3  -3.4  -3.5  -4.3  -6.3  -7.0  -6.9  -6.6  -6.2  -5.7  -5.2  -4.7  -4.2  -3.7  -3.1  -2.6  -2.1  -1.6  -1.1  -0.6  -0.1   0.6   1.0   1.4   1.8   2.2   2.5   2.9   3.2   3.6   3.9   4.3
  26 12 2020  -9.5  -9.5  -9.5  -9.5  -9.4  -9.3  -8.6  -7.0  -6.9  -6.8  -6.5  -6.2  -5.7  -5.2  -4.7  -4.2  -3.7  -3.1  -2.6  -2.1  -1.6  -1.1  -0.6  -0.1   0.6   1.0   1.4   1.8   2.1   2.5   2.9   3.2   3.6   3.9   4.3
  26 24 2020  -4.4  -4.3  -4.3  -4.3  -4.3  -4.4  -5.0  -6.5  -6.9  -6.8  -6.5  -6.1  -5.7  -5.2  -4.7  -4.2  -3.7  -3.1  -2.6  -2.1  -1.6  -1.1  -0.6  -0.1   0.5   1.0   1.4   1.7   2.1   2.5   2.9   3.2   3.6   3.9   4.3
  27 12 2020  -8.8  -8.9  -9.0  -9.0  -9.0  -9.0  -8.5  -7.0  -6.8  -6.7  -6.5  -6.1  -5.7  -5.2  -4.7  -4.2  -3.7  -3.1  -2.6  -2.1  -1.6  -1.1  -0.6  -0.2   0.5   0.9   1.3   1.7   2.1   2.5   2.9   3.2   3.6   3.9   4.3
  27 24 2020  -3.2  -3.2  -3.2  -3.3  -3.3  -3.5  -4.2  -6.0  -6.7  -6.7  -6.5  -6.1  -5.6  -5.2  -4.7  -4.2  -3.7  -3.2  -2.6  -2.1  -1.6  -1.1  -0.7  -0.2   0.5   0.9   1.3   1.7   2.1   2.5   2.8   3.2   3.6   3.9   4.3
  28 12 2020  -7.1  -7.3  -7.4  -7.5  -7.5  -7.6  -7.5  -6.8  -6.7  -6.6  -6.4  -6.1  -5.6  -5.2  -4.7  -4.2  -3.7  -3.2  -2.6  -2.1  -1.6  -1.2  -0.7  -0.2   0.5   0.9   1.3   1.7   2.1   2.5   2.8   3.2   3.6   3.9   4.3
  28 24 2020  -3.6  -3.6  -3.6  -3.6  -3.6  -3.7  -4.2  -5.7  -6.6  -6.6  -6.4  -6.1  -5.6  -5.1  -4.7  -4.2  -3.7  -3.2  -2.7  -2.2  -1.7  -1.2  -0.7  -0.2   0.5   0.9   1.3   1.7   2.1   2.4   2.8   3.2   3.6   3.9   4.3
  29 12 2020  -7.3  -7.4  -7.5  -7.6  -7.7  -7.7  -7.5  -6.7  -6.5  -6.5  -6.3  -6.0  -5.6  -5.1  -4.7  -4.2  -3.7  -3.2  -2.7  -2.2  -1.7  -1.2  -0.7  -0.2   0.5   0.9   1.3   1.7   2.1   2.4   2.8   3.2   3.5   3.9   4.3
  29 24 2020  -1.7  -1.7  -1.7  -1.8  -1.9  -2.1  -3.0  -5.1  -6.4  -6.5  -6.3  -6.0  -5.6  -5.1  -4.7  -4.2  -3.7  -3.2  -2.7  -2.2  -1.7  -1.2  -0.7  -0.2   0.4   0.9   1.3   1.7   2.0   2.4   2.8   3.2   3.5   3.9   4.3
  30 12 2020  -5.8  -6.0  -6.2  -6.3  -6.4  -6.4  -6.5  -6.2  -6.2  -6.4  -6.3  -6.0  -5.5  -5.1  -4.6  -4.2  -3.7  -3.2  -2.7  -2.2  -1.7  -1.2  -0.7  -0.3   0.4   0.9   1.3   1.6   2.0   2.4   2.8   3.2   3.5   3.9   4.3
  30 24 2020  -4.1  -3.9  -3.7  -3.6  -3.5  -3.5  -3.7  -4.9  -6.1  -6.3  -6.2  -5.9  -5.5  -5.1  -4.6  -4.2  -3.7  -3.2  -2.7  -2.2  -1.7  -1.2  -0.7  -0.3   0.4   0.8   1.2   1.6   2.0   2.4   2.8   3.2   3.5   3.9   4.3
  31 12 2020  -9.9  -9.9  -9.9  -9.8  -9.7  -9.5  -8.7  -6.8  -6.1  -6.3  -6.2  -5.8  -5.4  -5.0  -4.6  -4.1  -3.7  -3.2  -2.7  -2.2  -1.7  -1.2  -0.8  -0.3   0.4   0.8   1.2   1.6   2.0   2.4   2.8   3.2   3.5   3.9   4.3
  31 24 2020  -6.5  -6.3  -6.2  -6.1  -6.0  -5.9  -5.9  -6.4  -6.3  -6.3  -6.1  -5.8  -5.4  -5.0  -4.6  -4.1  -3.6  -3.2  -2.7  -2.2  -1.7  -1.2  -0.8  -0.3   0.4   0.8   1.2   1.6   2.0   2.4   2.8   3.1   3.5   3.9   4.3
  32 12 2020 -10.4 -10.4 -10.4 -10.3 -10.2 -10.1  -9.4  -7.2  -6.4  -6.2  -6.1  -5.7  -5.3  -4.9  -4.5  -4.1  -3.6  -3.1  -2.7  -2.2  -1.7  -1.2  -0.8  -0.3   0.4   0.8   1.2   1.6   2.0   2.4   2.8   3.1   3.5   3.9   4.3
  32 24 2020  -5.7  -5.6  -5.5  -5.5  -5.5  -5.6  -6.0  -6.9  -6.5  -6.3  -6.1  -5.7  -5.3  -4.9  -4.5  -4.1  -3.6  -3.1  -2.7  -2.2  -1.7  -1.2  -0.8  -0.3   0.4   0.8   1.2   1.6   2.0   2.4   2.8   3.1   3.5   3.9   4.3
  33 12 2020  -8.6  -8.8  -8.9  -8.9  -8.9  -8.9  -8.6  -7.1  -6.5  -6.3  -6.0  -5.7  -5.3  -4.9  -4.5  -4.0  -3.6  -3.1  -2.7  -2.2  -1.7  -1.2  -0.8  -0.3   0.4   0.8   1.2   1.6   2.0   2.4   2.8   3.1   3.5   3.9   4.3
  33 24 2020  -4.3  -4.2  -4.1  -4.1  -4.0  -4.1  -4.5  -5.9  -6.5  -6.3  -6.0  -5.6  -5.2  -4.9  -4.5  -4.0  -3.6  -3.1  -2.6  -2.2  -1.7  -1.2  -0.8  -0.3   0.4   0.8   1.2   1.6   2.0   2.4   2.7   3.1   3.5   3.9   4.3
  34 12 2020  -9.8  -9.8  -9.8  -9.8  -9.7  -9.6  -8.9  -7.0  -6.4  -6.2  -6.0  -5.6  -5.2  -4.8  -4.4  -4.0  -3.6  -3.1  -2.6  -2.2  -1.7  -1.2  -0.8  -0.3   0.3   0.8   1.2   1.6   2.0   2.4   2.7   3.1   3.5   3.9   4.3
  34 24 2020  -3.8  -3.7  -3.8  -3.8  -3.9  -3.9  -4.6  -6.1  -6.4  -6.2  -6.0  -5.6  -5.2  -4.8  -4.4  -4.0  -3.5  -3.1  -2.6  -2.2  -1.7  -1.2  -0.8  -0.3   0.3   0.8   1.2   1.6   2.0   2.3   2.7   3.1   3.5   3.9   4.3
  35 12 2020  -8.0  -8.2  -8.3  -8.3  -8.4  -8.4  -8.0  -6.9  -6.4  -6.2  -5.9  -5.6  -5.2  -4.8  -4.4  -4.0  -3.5  -3.1  -2.6  -2.2  -1.7  -1.2  -0.8  -0.3   0.3   0.8   1.2   1.6   2.0   2.3   2.7   3.1   3.5   3.9   4.3
  35 24 2020  -2.7  -2.6  -2.6  -2.6  -2.7  -2.8  -3.5  -5.3  -6.3  -6.2  -5.9  -5.6  -5.2  -4.8  -4.4  -4.0  -3.5  -3.1  -2.6  -2.2  -1.7  -1.2  -0.8  -0.3   0.3   0.8   1.2   1.6   1.9   2.3   2.7   3.1   3.5   3.9   4.3
  36 12 2020  -8.2  -8.3  -8.3  -8.3  -8.3  -8.3  -7.8  -6.7  -6.2  -6.1  -5.9  -5.5  -5.1  -4.8  -4.4  -3.9  -3.5  -3.0  -2.6  -2.1  -1.7  -1.2  -0.8  -0.3   0.3   0.8   1.2   1.5   1.9   2.3   2.7   3.1   3.5   3.9   4.3
  36 24 2020  -7.1  -6.8  -6.5  -6.3  -6.1  -5.9  -5.6  -5.9  -6.2  -6.1  -5.9  -5.5  -5.1  -4.7  -4.3  -3.9  -3.5  -3.0  -2.6  -2.1  -1.7  -1.2  -0.8  -0.3   0.3   0.8   1.1   1.5   1.9   2.3   2.7   3.1   3.5   3.9   4.3
  37 12 2020 -11.5 -11.5 -11.3 -11.2 -11.0 -10.8  -9.7  -7.3  -6.3  -6.1  -5.8  -5.5  -5.1  -4.7  -4.3  -3.9  -3.5  -3.0  -2.6  -2.1  -1.7  -1.2  -0.8  -0.3   0.3   0.7   1.1   1.5   1.9   2.3   2.7   3.1   3.5   3.9   4.3
  37 24 2020  -8.4  -8.3  -8.1  -8.0  -7.9  -7.8  -7.5  -7.3  -6.5  -6.1  -5.8  -5.5  -5.1  -4.7  -4.3  -3.9  -3.5  -3.0  -2.6  -2.1  -1.7  -1.2  -0.8  -0.3   0.3   0.7   1.1   1.5   1.9   2.3   2.7   3.1   3.5   3.9   4.3
  38 12 2020  -9.6  -9.8  -9.9 -10.0 -10.0 -10.0  -9.6  -7.6  -6.6  -6.2  -5.8  -5.5  -5.1  -4.7  -4.3  -3.9  -3.4  -3.0  -2.6  -2.1  -1.7  -1.2  -0.8  -0.3   0.3   0.7   1.1   1.5   1.9   2.3   2.7   3.1   3.5   3.9   4.3
  38 24 2020  -4.6  -4.5  -4.5  -4.5  -4.6  -4.7  -5.3  -6.9  -6.7  -6.2  -5.9  -5.5  -5.1  -4.7  -4.3  -3.9  -3.4  -3.0  -2.5  -2.1  -1.7  -1.2  -0.8  -0.3   0.3   0.7   1.1   1.5   1.9   2.3   2.7   3.1   3.5   3.9   4.3
  39 12 2020  -8.2  -8.3  -8.4  -8.5  -8.5  -8.5  -8.3  -7.1  -6.6  -6.2  -5.8  -5.4  -5.1  -4.7  -4.3  -3.9  -3.4  -3.0  -2.5  -2.1  -1.7  -1.2  -0.8  -0.3   0.3   0.7   1.1   1.5   1.9   2.3   2.7   3.1   3.5   3.9   4.3
  39 24 2020  -2.8  -2.8  -2.8  -2.8  -2.9  -3.0  -3.7  -5.5  -6.4  -6.2  -5.8  -5.4  -5.0  -4.7  -4.3  -3.8  -3.4  -3.0  -2.5  -2.1  -1.7  -1.2  -0.8  -0.3   0.3   0.7   1.1   1.5   1.9   2.3   2.7   3.1   3.5   3.9   4.3
  40 12 2020  -8.6  -8.6  -8.6  -8.6  -8.6  -8.5  -8.0  -6.8  -6.3  -6.1  -5.8  -5.4  -5.0  -4.6  -4.3  -3.8  -3.4  -3.0  -2.5  -2.1  -1.6  -1.2  -0.8  -0.3   0.3   0.7   1.1   1.5   1.9   2.3   2.7   3.1   3.5   3.9   4.3
  40 24 2020  -3.8  -3.7  -3.7  -3.7  -3.7  -3.8  -4.3  -5.6  -6.3  -6.1  -5.8  -5.4  -5.0  -4.6  -4.2  -3.8  -3.4  -3.0  -2.5  -2.1  -1.6  -1.2  -0.8  -0.3   0.3   0.7   1.1   1.5   1.9   2.3   2.7   3.1   3.5   3.9   4.3
  41 12 2020  -8.3  -8.5  -8.6  -8.6  -8.6  -8.6  -8.2  -6.9  -6.3  -6.1  -5.7  -5.4  -5.0  -4.6  -4.2  -3.8  -3.4  -2.9  -2.5  -2.1  -1.6  -1.2  -0.8  -0.3   0.3   0.7   1.1   1.5   1.9   2.3   2.7   3.1   3.5   3.9   4.3
  41 24 2020  -3.7  -3.6  -3.5  -3.4  -3.4  -3.5  -3.9  -5.4  -6.2  -6.0  -5.7  -5.3  -5.0  -4.6  -4.2  -3.8  -3.4  -2.9  -2.5  -2.1  -1.6  -1.2  -0.8  -0.3   0.3   0.8   1.1   1.5   1.9   2.3   2.7   3.1   3.5   3.9   4.3
  42 12 2020  -9.0  -9.1  -9.2  -9.2  -9.2  -9.1  -8.5  -6.9  -6.2  -6.0  -5.7  -5.3  -4.9  -4.6  -4.2  -3.8  -3.4  -2.9  -2.5  -2.1  -1.6  -1.2  -0.7  -0.3   0.3   0.8   1.1   1.5   1.9   2.3   2.7   3.1   3.5   3.9   4.3
  42 24 2020  -3.4  -3.3  -3.3  -3.2  -3.3  -3.3  -3.9  -5.4  -6.1  -6.0  -5.6  -5.3  -4.9  -4.5  -4.2  -3.8  -3.3  -2.9  -2.5  -2.0  -1.6  -1.2  -0.7  -0.3   0.3   0.8   1.1   1.5   1.9   2.3   2.7   3.1   3.5   3.9   4.3
  43 12 2020  -8.6  -8.7  -8.8  -8.8  -8.8  -8.8  -8.3  -6.8  -6.1  -5.9  -5.6  -5.2  -4.9  -4.5  -4.1  -3.8  -3.3  -2.9  -2.5  -2.0  -1.6  -1.2  -0.7  -0.3   0.3   0.8   1.1   1.5   1.9   2.3   2.7   3.1   3.5   3.9   4.3
  43 24 2020  -2.4  -2.3  -2.3  -2.3  -2.4  -2.5  -3.2  -5.0  -6.0  -5.9  -5.6  -5.2  -4.9  -4.5  -4.1  -3.7  -3.3  -2.9  -2.5  -2.0  -1.6  -1.2  -0.7  -0.3   0.3   0.8   1.1   1.5   1.9   2.3   2.7   3.1   3.5   3.9   4.3
  44 12 2020  -8.4  -8.4  -8.3  -8.3  -8.2  -8.1  -7.5  -6.5  -5.9  -5.8  -5.5  -5.2  -4.8  -4.5  -4.1  -3.7  -3.3  -2.9  -2.4  -2.0  -1.6  -1.2  -0.7  -0.3   0.4   0.8   1.2   1.5   1.9   2.3   2.7   3.1   3.5   3.9   4.2
  44 24 2020  -5.1  -5.0  -4.9  -4.8  -4.8  -4.8  -5.0  -5.6  -6.0  -5.8  -5.5  -5.1  -4.8  -4.4  -4.1  -3.7  -3.3  -2.9  -2.4  -2.0  -1.6  -1.2  -0.7  -0.3   0.4   0.8   1.2   1.5   1.9   2.3   2.7   3.1   3.5   3.9   4.2
  45 12 2020  -9.7  -9.7  -9.8  -9.8  -9.8  -9.7  -9.0  -7.0  -6.0  -5.8  -5.5  -5.1  -4.8  -4.4  -4.1  -3.7  -3.3  -2.8  -2.4  -2.0  -1.6  -1.1  -0.7  -0.3   0.4   0.8   1.2   1.5   1.9   2.3   2.7   3.1   3.5   3.9   4.2
  45 24 2020  -4.0  -3.8  -3.7  -3.6  -3.6  -3.6  -4.0  -5.5  -6.0  -5.8  -5.4  -5.1  -4.7  -4.4  -4.0  -3.6  -3.2  -2.8  -2.4  -2.0  -1.6  -1.1  -0.7  -0.3   0.4   0.8   1.2   1.5   1.9   2.3   2.7   3.1   3.5   3.9   4.2
  46 12 2020  -9.0  -9.1  -9.2  -9.2  -9.2  -9.2  -8.7  -6.9  -6.0  -5.7  -5.4  -5.1  -4.7  -4.4  -4.0  -3.6  -3.2  -2.8  -2.4  -2.0  -1.5  -1.1  -0.7  -0.3   0.4   0.8   1.2   1.5   1.9   2.3   2.7   3.1   3.5   3.9   4.2
  46 24 2020  -1.6  -1.6  -1.6  -1.7  -1.8  -2.0  -2.9  -4.9  -5.8  -5.7  -5.4  -5.1  -4.7  -4.4  -4.0  -3.6  -3.2  -2.8  -2.4  -2.0  -1.5  -1.1  -0.7  -0.3   0.4   0.8   1.2   1.6   1.9   2.3   2.7   3.1   3.5   3.9   4.2
  47 12 2020  -7.1  -7.2  -7.2  -7.3  -7.3  -7.3  -7.0  -6.1  -5.7  -5.6  -5.3  -5.0  -4.7  -4.3  -4.0  -3.6  -3.2  -2.8  -2.4  -1.9  -1.5  -1.1  -0.7  -0.3   0.4   0.8   1.2   1.6   1.9   2.3   2.7   3.1   3.5   3.9   4.2
  47 24 2020  -4.2  -4.0  -3.8  -3.6  -3.5  -3.4  -3.5  -4.5  -5.2  -5.3  -5.2  -4.9  -4.6  -4.3  -3.9  -3.6  -3.2  -2.8  -2.3  -1.9  -1.5  -1.1  -0.7  -0.3   0.4   0.8   1.2   1.6   1.9   2.3   2.7   3.1   3.5   3.9   4.2
  48 12 2020 -10.5 -10.5 -10.4 -10.3 -10.2 -10.1  -9.0  -6.7  -5.6  -5.2  -4.9  -4.7  -4.5  -4.2  -3.9  -3.5  -3.1  -2.7  -2.3  -1.9  -1.5  -1.1  -0.7  -0.2   0.4   0.8   1.2   1.6   1.9   2.3   2.7   3.1   3.5   3.9   4.2
  48 24 2020  -7.3  -7.0  -6.7  -6.5  -6.3  -6.2  -5.9  -6.1  -5.8  -5.5  -5.1  -4.8  -4.4  -4.1  -3.8  -3.5  -3.1  -2.7  -2.3  -1.9  -1.5  -1.1  -0.7  -0.2   0.4   0.8   1.2   1.6   1.9   2.3   2.7   3.1   3.5   3.9   4.2
  49 12 2020 -12.0 -11.9 -11.9 -11.8 -11.6 -11.4 -10.1  -7.3  -6.0  -5.5  -5.2  -4.8  -4.5  -4.1  -3.8  -3.4  -3.1  -2.7  -2.3  -1.9  -1.5  -1.1  -0.6  -0.2   0.4   0.8   1.2   1.6   1.9   2.3   2.7   3.1   3.5   3.9   4.2
  49 24 2020  -3.3  -3.3  -3.4  -3.5  -3.7  -3.8  -4.8  -6.3  -6.1  -5.7  -5.3  -4.9  -4.5  -4.1  -3.8  -3.4  -3.0  -2.7  -2.3  -1.9  -1.5  -1.0  -0.6  -0.2   0.4   0.8   1.2   1.6   2.0   2.3   2.7   3.1   3.5   3.9   4.2
  50 12 2020  -8.4  -8.5  -8.6  -8.7  -8.7  -8.7  -8.3  -6.9  -6.1  -5.7  -5.3  -4.9  -4.5  -4.2  -3.8  -3.4  -3.0  -2.6  -2.2  -1.8  -1.4  -1.0  -0.6  -0.2   0.4   0.8   1.2   1.6   2.0   2.3   2.7   3.1   3.5   3.9   4.2
  50 24 2020  -2.8  -2.8  -2.8  -2.8  -2.8  -2.9  -3.5  -5.1  -5.9  -5.6  -5.3  -4.9  -4.5  -4.2  -3.8  -3.4  -3.0  -2.6  -2.2  -1.8  -1.4  -1.0  -0.6  -0.2   0.4   0.8   1.2   1.6   2.0   2.3   2.7   3.1   3.5   3.9   4.2
  51 12 2020  -4.6  -4.9  -5.2  -5.4  -5.5  -5.7  -6.0  -5.8  -5.6  -5.4  -5.1  -4.8  -4.5  -4.2  -3.8  -3.4  -3.0  -2.6  -2.2  -1.8  -1.4  -1.0  -0.6  -0.2   0.4   0.8   1.2   1.6   2.0   2.3   2.7   3.1   3.5   3.9   4.2
  51 24 2020  -2.3  -2.0  -1.8  -1.7  -1.6  -1.5  -1.8  -3.2  -4.3  -4.8  -4.8  -4.7  -4.4  -4.1  -3.8  -3.4  -3.0  -2.6  -2.2  -1.8  -1.4  -1.0  -0.6  -0.2   0.4   0.8   1.2   1.6   2.0   2.3   2.7   3.1   3.5   3.9   4.2
  52 12 2020  -8.9  -9.0  -9.0  -8.9  -8.9  -8.8  -7.9  -6.0  -4.9  -4.5  -4.4  -4.3  -4.2  -4.0  -3.7  -3.4  -3.0  -2.6  -2.2  -1.8  -1.4  -1.0  -0.6  -0.2   0.4   0.8   1.2   1.6   2.0   2.3   2.7   3.1   3.5   3.9   4.2
  52 24 2020  -4.0  -3.8  -3.6  -3.5  -3.5  -3.5  -3.7  -4.6  -4.9  -4.9  -4.6  -4.4  -4.1  -3.9  -3.6  -3.3  -2.9  -2.6  -2.2  -1.8  -1.4  -1.0  -0.6  -0.2   0.5   0.8   1.2   1.6   2.0   2.3   2.7   3.1   3.5   3.9   4.2
  53 12 2020  -7.9  -8.0  -8.2  -8.3  -8.3  -8.3  -7.9  -6.4  -5.4  -4.8  -4.5  -4.3  -4.1  -3.8  -3.5  -3.2  -2.9  -2.5  -2.1  -1.8  -1.4  -1.0  -0.6  -0.2   0.5   0.9   1.2   1.6   2.0   2.4   2.7   3.1   3.5   3.9   4.2
  53 24 2020  -1.4  -1.3  -1.3  -1.4  -1.4  -1.5  -2.3  -3.9  -4.7  -4.8  -4.6  -4.4  -4.1  -3.8  -3.5  -3.2  -2.8  -2.5  -2.1  -1.7  -1.3  -0.9  -0.5  -0.1   0.5   0.9   1.2   1.6   2.0   2.4   2.7   3.1   3.5   3.9   4.2
  54 12 2020  -4.9  -5.2  -5.4  -5.6  -5.7  -5.8  -5.8  -5.1  -4.6  -4.4  -4.3  -4.2  -4.0  -3.7  -3.5  -3.1  -2.8  -2.4  -2.1  -1.7  -1.3  -0.9  -0.5  -0.1   0.5   0.9   1.2   1.6   2.0   2.4   2.7   3.1   3.5   3.9   4.2
  54 24 2020   3.9   3.7   3.6   3.3   3.1   2.8   1.3  -1.6  -3.3  -3.9  -4.1  -4.0  -3.9  -3.6  -3.4  -3.1  -2.8  -2.4  -2.0  -1.7  -1.3  -0.9  -0.5  -0.1   0.5   0.9   1.2   1.6   2.0   2.4   2.7   3.1   3.5   3.9   4.2
  55 12 2020  -1.8  -2.0  -2.1  -2.2  -2.3  -2.3  -2.4  -2.3  -2.5  -3.0  -3.3  -3.5  -3.6  -3.5  -3.3  -3.0  -2.7  -2.4  -2.0  -1.6  -1.3  -0.9  -0.5  -0.1   0.5   0.9   1.3   1.6   2.0   2.4   2.7   3.1   3.5   3.9   4.2
  55 24 2020   3.0   3.0   2.9   2.8   2.7   2.5   1.6  -0.4  -1.8  -2.5  -3.0  -3.2  -3.2  -3.2  -3.1  -2.9  -2.6  -2.3  -2.0  -1.6  -1.2  -0.9  -0.5  -0.1   0.5   0.9   1.3   1.6   2.0   2.4   2.7   3.1   3.5   3.9   4.2
  56 12 2020  -1.2  -1.5  -1.6  -1.8  -1.9  -2.0  -2.1  -1.7  -1.7  -2.0  -2.4  -2.7  -2.9  -2.9  -2.9  -2.7  -2.5  -2.2  -1.9  -1.6  -1.2  -0.8  -0.5  -0.1   0.5   0.9   1.3   1.6   2.0   2.4   2.7   3.1   3.5   3.9   4.2
  56 24 2020   4.8   4.8   4.7   4.6   4.5   4.4   3.4   0.9  -0.8  -1.7  -2.2  -2.5  -2.6  -2.7  -2.6  -2.5  -2.4  -2.1  -1.8  -1.5  -1.2  -0.8  -0.4  -0.0   0.5   0.9   1.3   1.6   2.0   2.4   2.7   3.1   3.5   3.9   4.2
  57 12 2020  -1.5  -1.7  -1.8  -1.9  -1.9  -2.0  -1.8  -1.0  -0.8  -1.1  -1.6  -2.0  -2.3  -2.4  -2.4  -2.4  -2.2  -2.0  -1.7  -1.4  -1.1  -0.8  -0.4  -0.0   0.6   0.9   1.3   1.7   2.0   2.4   2.8   3.1   3.5   3.9   4.2
  57 24 2020   4.5   4.5   4.4   4.4   4.3   4.2   3.3   1.2  -0.3  -1.0  -1.5  -1.8  -2.0  -2.1  -2.2  -2.2  -2.0  -1.9  -1.6  -1.4  -1.0  -0.7  -0.4   0.0   0.6   0.9   1.3   1.7   2.0   2.4   2.8   3.1   3.5   3.9   4.2
  58 12 2020  -2.7  -2.6  -2.5  -2.4  -2.3  -2.2  -1.6  -0.6  -0.4  -0.6  -1.1  -1.4  -1.7  -1.9  -2.0  -2.0  -1.9  -1.7  -1.5  -1.3  -1.0  -0.7  -0.3   0.0   0.6   1.0   1.3   1.7   2.0   2.4   2.8   3.1   3.5   3.9   4.2
  58 24 2020  -4.4  -4.0  -3.6  -3.3  -3.0  -2.8  -1.9  -1.3  -1.1  -1.1  -1.2  -1.4  -1.5  -1.7  -1.7  -1.8  -1.7  -1.6  -1.4  -1.2  -0.9  -0.6  -0.3   0.1   0.6   1.0   1.3   1.7   2.0   2.4   2.8   3.1   3.5   3.9   4.2
  59 12 2020  -9.6  -9.3  -9.0  -8.7  -8.4  -8.1  -6.6  -4.1  -2.6  -1.9  -1.5  -1.5  -1.5  -1.6  -1.6  -1.6  -1.5  -1.4  -1.3  -1.1  -0.8  -0.5  -0.2   0.1   0.7   1.0   1.3   1.7   2.1   2.4   2.8   3.1   3.5   3.9   4.2
  59 24 2020  -6.4  -6.3  -6.2  -6.1  -6.0  -5.9  -5.5  -4.7  -3.7  -2.9  -2.3  -1.9  -1.7  -1.6  -1.5  -1.5  -1.4  -1.3  -1.2  -1.0  -0.7  -0.4  -0.1   0.2   0.7   1.0   1.4   1.7   2.1   2.4   2.8   3.1   3.5   3.9   4.2
  60 12 2020  -6.1  -6.3  -6.4  -6.5  -6.6  -6.6  -6.4  -5.3  -4.2  -3.4  -2.8  -2.3  -2.0  -1.8  -1.6  -1.5  -1.4  -1.2  -1.1  -0.9  -0.6  -0.4  -0.1   0.2   0.7   1.1   1.4   1.7   2.1   2.4   2.8   3.1   3.5   3.9   4.2
  60 24 2020  -0.7  -0.7  -0.7  -0.8  -0.9  -1.0  -1.6  -2.9  -3.4  -3.4  -3.0  -2.6  -2.2  -2.0  -1.7  -1.5  -1.3  -1.2  -1.0  -0.8  -0.6  -0.3  -0.0   0.3   0.8   1.1   1.4   1.8   2.1   2.4   2.8   3.2   3.5   3.9   4.2
  61 12 2020  -3.3  -3.6  -3.9  -4.1  -4.3  -4.4  -4.6  -3.8  -3.3  -3.0  -2.8  -2.5  -2.3  -2.1  -1.8  -1.6  -1.4  -1.2  -1.0  -0.7  -0.5  -0.2   0.0   0.3   0.8   1.1   1.4   1.8   2.1   2.5   2.8   3.2   3.5   3.9   4.2
  61 24 2020   4.0   4.0   4.0   3.9   3.8   3.7   2.6  -0.1  -1.8  -2.5  -2.6  -2.5  -2.3  -2.1  -1.8  -1.6  -1.4  -1.2  -0.9  -0.7  -0.4  -0.2   0.1   0.4   0.8   1.2   1.5   1.8   2.1   2.5   2.8   3.2   3.5   3.9   4.2
  62 12 2020  -2.1  -2.3  -2.4  -2.5  -2.6  -2.7  -2.5  -1.8  -1.5  -1.7  -1.9  -2.1  -2.1  -2.0  -1.8  -1.6  -1.4  -1.1  -0.9  -0.7  -0.4  -0.1   0.1   0.4   0.9   1.2   1.5   1.8   2.2   2.5   2.8   3.2   3.5   3.9   4.2
  62 24 2020   4.1   4.1   4.0   4.0   3.9   3.7   2.8   0.6  -0.8  -1.4  -1.7  -1.8  -1.8  -1.8  -1.7  -1.5  -1.3  -1.1  -0.9  -0.6  -0.4  -0.1   0.2   0.5   0.9   1.2   1.5   1.8   2.2   2.5   2.8   3.2   3.5   3.9   4.2
  63 12 2020  -0.5  -0.8  -0.9  -1.1  -1.2  -1.2  -1.3  -0.8  -0.6  -0.9  -1.2  -1.5  -1.6  -1.6  -1.6  -1.4  -1.3  -1.1  -0.8  -0.6  -0.3  -0.1   0.2   0.5   1.0   1.3   1.6   1.9   2.2   2.5   2.9   3.2   3.5   3.9   4.2
  63 24 2020   4.6   4.6   4.6   4.6   4.5   4.4   3.5   1.5   0.1  -0.6  -1.0  -1.2  -1.4  -1.4  -1.4  -1.3  -1.2  -1.0  -0.8  -0.6  -0.3  -0.0   0.2   0.5   1.0   1.3   1.6   1.9   2.2   2.5   2.9   3.2   3.5   3.9   4.2
  64 12 2020  -0.4  -0.6  -0.8  -0.9  -1.0  -1.1  -0.9  -0.2   0.0  -0.2  -0.6  -0.9  -1.1  -1.2  -1.2  -1.2  -1.1  -0.9  -0.7  -0.5  -0.3  -0.0   0.3   0.6   1.0   1.3   1.6   1.9   2.2   2.6   2.9   3.2   3.5   3.9   4.2
  64 24 2020   6.5   6.5   6.4   6.3   6.2   6.0   4.9   2.4   0.8  -0.0  -0.5  -0.7  -0.9  -1.0  -1.0  -1.0  -0.9  -0.8  -0.6  -0.4  -0.2   0.0   0.3   0.6   1.0   1.3   1.6   1.9   2.3   2.6   2.9   3.2   3.6   3.9   4.2
  65 12 2020  -0.1  -0.2  -0.3  -0.3  -0.3  -0.3   0.0   0.8   0.9   0.5   0.1  -0.3  -0.6  -0.8  -0.9  -0.9  -0.8  -0.7  -0.5  -0.4  -0.1   0.1   0.4   0.6   1.1   1.4   1.7   2.0   2.3   2.6   2.9   3.2   3.6   3.9   4.2
  65 24 2020   3.7   3.8   3.9   4.0   4.0   4.0   3.5   2.1   1.1   0.5   0.1  -0.2  -0.4  -0.6  -0.7  -0.7  -0.7  -0.6  -0.5  -0.3  -0.1   0.2   0.4   0.7   1.1   1.4   1.7   2.0   2.3   2.6   2.9   3.2   3.6   3.9   4.2
  66 12 2020  -1.7  -1.8  -1.9  -2.0  -2.0  -2.0  -1.5  -0.2   0.5   0.5   0.3   0.0  -0.2  -0.4  -0.5  -0.5  -0.5  -0.5  -0.3  -0.2  -0.0   0.2   0.5   0.7   1.1   1.4   1.7   2.0   2.3   2.6   2.9   3.2   3.6   3.9   4.2
  66 24 2020   4.5   4.6   4.6   4.6   4.6   4.5   3.8   2.0   0.9   0.4   0.2   0.0  -0.1  -0.2  -0.3  -0.4  -0.4  -0.3  -0.2  -0.1   0.1   0.3   0.5   0.8   1.2   1.5   1.7   2.0   2.3   2.6   2.9   3.3   3.6   3.9   4.2
  67 12 2020  -0.9  -1.0  -1.1  -1.1  -1.2  -1.2  -0.9   0.1   0.6   0.6   0.4   0.2  -0.0  -0.1  -0.2  -0.3  -0.3  -0.2  -0.1  -0.0   0.2   0.4   0.6   0.8   1.2   1.5   1.8   2.1   2.3   2.6   3.0   3.3   3.6   3.9   4.2
  67 24 2020   4.3   4.3   4.3   4.2   4.2   4.1   3.5   1.9   1.0   0.5   0.3   0.2   0.1  -0.0  -0.1  -0.2  -0.2  -0.1  -0.0   0.1   0.2   0.4   0.6   0.9   1.3   1.5   1.8   2.1   2.4   2.7   3.0   3.3   3.6   3.9   4.2
  68 12 2020   1.5   1.2   1.0   0.8   0.6   0.5   0.3   0.8   0.9   0.8   0.6   0.3   0.2   0.1  -0.0  -0.1  -0.1  -0.0   0.1   0.2   0.3   0.5   0.7   0.9   1.3   1.6   1.8   2.1   2.4   2.7   3.0   3.3   3.6   3.9   4.2
  68 24 2020   8.8   8.8   8.6   8.5   8.3   8.1   6.7   3.9   2.1   1.2   0.7   0.4   0.3   0.2   0.1   0.0   0.0   0.1   0.2   0.3   0.4   0.6   0.8   1.0   1.4   1.6   1.9   2.1   2.4   2.7   3.0   3.3   3.6   3.9   4.2
  69 12 2020   2.3   2.1   1.9   1.8   1.7   1.7   1.8   2.3   2.3   1.9   1.3   0.9   0.5   0.3   0.2   0.2   0.1   0.2   0.2   0.3   0.5   0.6   0.8   1.0   1.4   1.6   1.9   2.2   2.4   2.7   3.0   3.3   3.6   3.9   4.2
  69 24 2020   8.2   8.2   8.1   8.1   7.9   7.8   6.8   4.4   2.9   2.0   1.5   1.1   0.8   0.6   0.4   0.3   0.3   0.3   0.3   0.4   0.6   0.7   0.9   1.1   1.4   1.7   1.9   2.2   2.5   2.7   3.0   3.3   3.6   3.9   4.2
  70 12 2020   3.7   3.5   3.3   3.1   3.0   2.9   2.7   3.1   3.0   2.5   1.9   1.4   1.0   0.8   0.6   0.5   0.4   0.4   0.4   0.5   0.6   0.8   1.0   1.2   1.5   1.7   2.0   2.2   2.5   2.8   3.0   3.3   3.6   3.9   4.2
  70 24 2020  11.0  10.9  10.8  10.6  10.4  10.2   8.8   5.9   3.9   2.8   2.1   1.6   1.3   1.0   0.8   0.6   0.5   0.5   0.5   0.6   0.7   0.8   1.0   1.2   1.5   1.8   2.0   2.2   2.5   2.8   3.1   3.3   3.6   3.9   4.2
  71 12 2020   3.9   3.8   3.7   3.6   3.6   3.5   3.7   4.2   4.1   3.4   2.7   2.1   1.6   1.2   1.0   0.8   0.7   0.6   0.7   0.7   0.8   0.9   1.1   1.3   1.6   1.8   2.0   2.3   2.5   2.8   3.1   3.4   3.6   3.9   4.2
  71 24 2020  10.7  10.6  10.4  10.3  10.1   9.9   8.6   6.2   4.5   3.5   2.8   2.3   1.9   1.5   1.2   1.0   0.9   0.8   0.8   0.8   0.9   1.0   1.2   1.3   1.6   1.9   2.1   2.3   2.6   2.8   3.1   3.4   3.6   3.9   4.2
  72 12 2020   5.4   5.2   5.0   4.9   4.7   4.7   4.6   4.9   4.6   4.0   3.3   2.7   2.1   1.7   1.4   1.2   1.0   0.9   0.9   0.9   1.0   1.1   1.2   1.4   1.7   1.9   2.1   2.3   2.6   2.8   3.1   3.4   3.7   3.9   4.2
  72 24 2020  10.0  10.1  10.1  10.1  10.0   9.9   9.1   6.9   5.2   4.2   3.4   2.9   2.4   2.0   1.7   1.4   1.2   1.1   1.0   1.0   1.1   1.2   1.3   1.5   1.7   1.9   2.2   2.4   2.6   2.9   3.1   3.4   3.7   3.9   4.2
  73 12 2020   4.0   3.8   3.7   3.6   3.6   3.6   3.8   4.7   4.8   4.4   3.8   3.2   2.7   2.2   1.9   1.6   1.4   1.3   1.2   1.2   1.2   1.3   1.4   1.5   1.8   2.0   2.2   2.4   2.6   2.9   3.1   3.4   3.7   3.9   4.2
  73 24 2020  11.5  11.4  11.3  11.2  11.0  10.8   9.5   7.0   5.3   4.4   3.8   3.3   2.8   2.4   2.1   1.8   1.6   1.4   1.3   1.3   1.3   1.4   1.5   1.6   1.9   2.0   2.2   2.4   2.7   2.9   3.2   3.4   3.7   3.9   4.2
  74 12 2020   5.7   5.5   5.4   5.3   5.2   5.2   5.2   5.6   5.4   4.9   4.2   3.6   3.0   2.6   2.3   2.0   1.7   1.6   1.5   1.4   1.4   1.5   1.6   1.7   1.9   2.1   2.3   2.5   2.7   2.9   3.2   3.4   3.7   3.9   4.2
  74 24 2020  12.9  12.9  12.7  12.6  12.4  12.2  10.8   8.0   6.1   5.0   4.3   3.7   3.2   2.8   2.5   2.2   1.9   1.7   1.6   1.5   1.5   1.6   1.6   1.8   2.0   2.1   2.3   2.5   2.7   3.0   3.2   3.4   3.7   3.9   4.2
  75 12 2020   1.1   1.3   1.5   1.7   2.0   2.3   3.6   5.4   5.8   5.4   4.7   4.1   3.5   3.0   2.6   2.3   2.1   1.9   1.7   1.7   1.7   1.7   1.7   1.8   2.0   2.2   2.4   2.6   2.8   3.0   3.2   3.5   3.7   4.0   4.2
  75 24 2020   4.0   4.3   4.5   4.7   4.9   5.0   5.3   5.0   4.9   4.7   4.4   4.0   3.6   3.2   2.8   2.5   2.2   2.0   1.9   1.8   1.8   1.8   1.8   1.9   2.1   2.3   2.4   2.6   2.8   3.0   3.2   3.5   3.7   4.0   4.2
  76 12 2020  -0.3  -0.3  -0.3  -0.2  -0.1   0.0   0.8   2.6   3.7   4.1   4.1   3.9   3.6   3.3   3.0   2.7   2.4   2.2   2.0   1.9   1.9   1.9   1.9   2.0   2.2   2.3   2.5   2.6   2.8   3.0   3.3   3.5   3.7   4.0   4.2
  76 24 2020   4.5   4.6   4.6   4.6   4.6   4.6   4.3   3.6   3.4   3.5   3.5   3.5   3.4   3.2   3.0   2.7   2.5   2.3   2.2   2.1   2.0   2.0   2.0   2.1   2.2   2.4   2.5   2.7   2.9   3.1   3.3   3.5   3.7   4.0   4.2
  77 12 2020   0.4   0.4   0.5   0.5   0.6   0.6   1.1   2.3   3.0   3.3   3.4   3.4   3.3   3.1   3.0   2.8   2.6   2.4   2.3   2.2   2.1   2.1   2.1   2.2   2.3   2.4   2.6   2.7   2.9   3.1   3.3   3.5   3.7   4.0   4.2
  77 24 2020   3.9   4.0   4.0   4.0   4.0   4.0   3.7   3.2   3.0   3.0   3.1   3.1   3.1   3.0   2.9   2.8   2.6   2.5   2.4   2.3   2.2   2.2   2.2   2.2   2.4   2.5   2.6   2.8   2.9   3.1   3.3   3.5   3.8   4.0   4.2
  78 12 2020   2.0   1.9   1.8   1.7   1.7   1.7   1.8   2.4   2.8   3.0   3.0   3.0   3.0   2.9   2.9   2.7   2.6   2.5   2.4   2.3   2.3   2.3   2.3   2.3   2.4   2.5   2.7   2.8   3.0   3.2   3.4   3.6   3.8   4.0   4.2
  78 24 2020   6.2   6.2   6.1   6.0   5.9   5.8   5.2   4.0   3.3   3.0   3.0   2.9   2.9   2.9   2.8   2.7   2.6   2.5   2.5   2.4   2.4   2.3   2.4   2.4   2.5   2.6   2.7   2.9   3.0   3.2   3.4   3.6   3.8   4.0   4.2
  79 12 2020   3.3   3.3   3.3   3.3   3.3   3.3   3.4   3.6   3.5   3.4   3.2   3.0   2.9   2.9   2.8   2.7   2.6   2.6   2.5   2.5   2.4   2.4   2.4   2.5   2.6   2.7   2.8   2.9   3.1   3.2   3.4   3.6   3.8   4.0   4.2
  79 24 2020   3.1   3.2   3.3   3.4   3.5   3.6   3.7   3.6   3.5   3.3   3.2   3.1   3.0   2.9   2.8   2.7   2.7   2.6   2.5   2.5   2.5   2.5   2.5   2.5   2.6   2.7   2.8   3.0   3.1   3.3   3.4   3.6   3.8   4.0   4.2
  80 12 2020   0.7   0.7   0.7   0.7   0.7   0.7   1.1   2.2   2.8   3.1   3.1   3.1   3.0   2.9   2.8   2.7   2.7   2.6   2.6   2.5   2.5   2.5   2.5   2.6   2.7   2.8   2.9   3.0   3.1   3.3   3.5   3.6   3.8   4.0   4.2
  80 24 2020   1.3   1.6   1.8   2.1   2.3   2.4   2.9   2.9   2.8   2.8   2.9   2.9   2.9   2.9   2.8   2.8   2.7   2.6   2.6   2.6   2.6   2.6   2.6   2.6   2.7   2.8   2.9   3.0   3.2   3.3   3.5   3.7   3.8   4.0   4.2
  81 12 2020  -0.5  -0.7  -0.8  -0.9  -0.9  -1.0  -0.6   0.8   1.9   2.4   2.7   2.8   2.8   2.8   2.8   2.8   2.7   2.7   2.6   2.6   2.6   2.6   2.6   2.7   2.8   2.9   3.0   3.1   3.2   3.4   3.5   3.7   3.8   4.0   4.2
  81 24 2020   4.3   4.4   4.5   4.6   4.6   4.6   4.2   3.0   2.4   2.3   2.4   2.6   2.7   2.7   2.8   2.7   2.7   2.7   2.7   2.6   2.6   2.7   2.7   2.7   2.8   2.9   3.0   3.1   3.2   3.4   3.5   3.7   3.9   4.0   4.2
  82 12 2020   1.1   0.8   0.6   0.4   0.3   0.2   0.3   1.4   2.1   2.4   2.5   2.6   2.6   2.7   2.7   2.7   2.7   2.7   2.7   2.7   2.7   2.7   2.7   2.8   2.9   2.9   3.0   3.2   3.3   3.4   3.6   3.7   3.9   4.0   4.2
  82 24 2020   7.0   7.1   7.1   7.1   7.0   6.9   6.1   4.1   3.0   2.5   2.5   2.5   2.6   2.6   2.7   2.7   2.7   2.7   2.7   2.7   2.7   2.7   2.8   2.8   2.9   3.0   3.1   3.2   3.3   3.4   3.6   3.7   3.9   4.0   4.2
  83 12 2020   3.5   3.2   2.9   2.7   2.5   2.4   2.2   2.7   3.0   3.0   2.8   2.7   2.6   2.6   2.6   2.7   2.7   2.7   2.7   2.7   2.7   2.8   2.8   2.8   2.9   3.0   3.1   3.2   3.3   3.5   3.6   3.7   3.9   4.0   4.2
  83 24 2020  10.7  10.6  10.5  10.4  10.3  10.1   8.8   6.0   4.2   3.4   3.0   2.8   2.7   2.7   2.7   2.7   2.7   2.7   2.7   2.7   2.7   2.8   2.8   2.9   3.0   3.1   3.1   3.2   3.4   3.5   3.6   3.7   3.9   4.0   4.2
  84 12 2020   5.6   5.3   5.0   4.8   4.6   4.5   4.3   4.6   4.5   4.1   3.6   3.2   3.0   2.8   2.7   2.7   2.7   2.7   2.7   2.7   2.8   2.8   2.9   2.9   3.0   3.1   3.2   3.3   3.4   3.5   3.6   3.8   3.9   4.0   4.2
  84 24 2020  11.7  11.7  11.6  11.5  11.4  11.2  10.0   7.3   5.5   4.4   3.8   3.5   3.2   3.0   2.9   2.8   2.8   2.7   2.7   2.8   2.8   2.8   2.9   2.9   3.0   3.1   3.2   3.3   3.4   3.5   3.6   3.8   3.9   4.0   4.2
  85 12 2020   6.6   6.3   6.1   5.9   5.7   5.6   5.4   5.7   5.6   5.0   4.4   3.9   3.5   3.2   3.0   2.9   2.8   2.8   2.8   2.8   2.8   2.9   2.9   3.0   3.1   3.1   3.2   3.3   3.4   3.5   3.7   3.8   3.9   4.0   4.2
  85 24 2020  12.8  12.7  12.6  12.4  12.3  12.0  10.8   8.1   6.3   5.3   4.6   4.1   3.7   3.5   3.2   3.1   2.9   2.9   2.8   2.8   2.9   2.9   2.9   3.0   3.1   3.2   3.3   3.3   3.4   3.6   3.7   3.8   3.9   4.1   4.2
  86 12 2020   8.0   7.7   7.5   7.3   7.2   7.1   6.9   7.0   6.6   5.9   5.2   4.5   4.0   3.7   3.4   3.2   3.1   3.0   2.9   2.9   2.9   2.9   3.0   3.0   3.1   3.2   3.3   3.4   3.5   3.6   3.7   3.8   3.9   4.1   4.2
  86 24 2020  12.5  12.5  12.5  12.4  12.4  12.3  11.4   9.0   7.2   6.1   5.4   4.8   4.3   3.9   3.6   3.4   3.2   3.1   3.0   3.0   3.0   3.0   3.0   3.0   3.1   3.2   3.3   3.4   3.5   3.6   3.7   3.8   3.9   4.1   4.2
  87 12 2020   6.5   6.4   6.2   6.1   6.0   6.0   6.2   6.9   6.9   6.5   5.8   5.1   4.6   4.2   3.8   3.6   3.4   3.2   3.1   3.0   3.0   3.0   3.0   3.1   3.2   3.2   3.3   3.4   3.5   3.6   3.7   3.8   3.9   4.1   4.2
  87 24 2020  12.4  12.4  12.3  12.2  12.1  11.9  10.9   8.7   7.3   6.4   5.8   5.3   4.8   4.4   4.0   3.7   3.5   3.3   3.2   3.1   3.1   3.1   3.1   3.1   3.2   3.3   3.3   3.4   3.5   3.6   3.7   3.8   3.9   4.1   4.2
  88 12 2020   6.2   6.2   6.1   6.1   6.0   6.0   6.3   7.1   7.1   6.7   6.1   5.5   5.0   4.6   4.2   3.9   3.7   3.5   3.3   3.2   3.2   3.1   3.1   3.2   3.2   3.3   3.4   3.5   3.5   3.6   3.7   3.8   4.0   4.1   4.2
  88 24 2020   9.3   9.5   9.6   9.7   9.7   9.8   9.4   8.2   7.2   6.5   6.0   5.5   5.1   4.7   4.4   4.1   3.8   3.6   3.4   3.3   3.3   3.2   3.2   3.2   3.3   3.3   3.4   3.5   3.6   3.7   3.7   3.9   4.0   4.1   4.2
  89 12 2020   6.7   6.4   6.2   6.0   5.9   5.8   5.7   6.4   6.6   6.5   6.1   5.6   5.2   4.8   4.5   4.2   3.9   3.7   3.5   3.4   3.3   3.3   3.3   3.3   3.3   3.4   3.4   3.5   3.6   3.7   3.8   3.9   4.0   4.1   4.2
  89 24 2020  12.2  12.2  12.2  12.1  12.0  11.8  10.9   8.7   7.3   6.5   6.0   5.6   5.3   4.9   4.6   4.3   4.1   3.8   3.7   3.5   3.4   3.4   3.3   3.3   3.4   3.4   3.5   3.5   3.6   3.7   3.8   3.9   4.0   4.1   4.2
  90 12 2020   7.3   7.1   7.0   6.9   6.8   6.8   6.8   7.3   7.2   6.8   6.3   5.8   5.4   5.0   4.7   4.4   4.2   3.9   3.8   3.6   3.5   3.4   3.4   3.4   3.4   3.4   3.5   3.5   3.6   3.7   3.8   3.9   4.0   4.1   4.2
  90 24 2020  12.7  12.6  12.5  12.3  12.2  12.0  10.9   8.9   7.6   6.8   6.3   5.9   5.5   5.1   4.8   4.5   4.3   4.0   3.8   3.7   3.6   3.5   3.5   3.4   3.5   3.5   3.5   3.6   3.6   3.7   3.8   3.9   4.0   4.1   4.2
  91 12 2020   6.8   6.9   7.0   7.1   7.2   7.3   7.7   8.0   7.8   7.2   6.6   6.1   5.6   5.3   4.9   4.6   4.4   4.1   3.9   3.8   3.7   3.6   3.5   3.5   3.5   3.5   3.6   3.6   3.7   3.7   3.8   3.9   4.0   4.1   4.2
  91 24 2020   6.4   6.5   6.6   6.6   6.7   6.8   7.0   7.2   7.1   6.9   6.6   6.2   5.8   5.4   5.0   4.7   4.5   4.2   4.0   3.9   3.8   3.7   3.6   3.6   3.5   3.6   3.6   3.6   3.7   3.8   3.8   3.9   4.0   4.1   4.2
  92 12 2020   7.4   7.0   6.8   6.6   6.4   6.3   6.0   6.3   6.5   6.5   6.3   6.1   5.8   5.4   5.1   4.8   4.6   4.3   4.1   4.0   3.8   3.7   3.7   3.6   3.6   3.6   3.6   3.7   3.7   3.8   3.8   3.9   4.0   4.1   4.2
  92 24 2020  12.9  12.8  12.7  12.6  12.5  12.3  11.2   8.8   7.4   6.7   6.3   6.0   5.7   5.4   5.2   4.9   4.6   4.4   4.2   4.0   3.9   3.8   3.7   3.7   3.6   3.6   3.7   3.7   3.7   3.8   3.9   3.9   4.0   4.1   4.2
  93 12 2020   9.4   9.2   9.0   8.8   8.6   8.5   8.2   8.0   7.7   7.2   6.7   6.2   5.8   5.5   5.2   5.0   4.7   4.5   4.3   4.1   4.0   3.9   3.8   3.7   3.7   3.7   3.7   3.7   3.8   3.8   3.9   3.9   4.0   4.1   4.2
  93 24 2020  10.8  11.0  11.1  11.2  11.3  11.3  11.0   9.5   8.3   7.4   6.8   6.3   5.9   5.6   5.3   5.0   4.8   4.5   4.4   4.2   4.0   3.9   3.8   3.8   3.7   3.7   3.7   3.8   3.8   3.8   3.9   4.0   4.0   4.1   4.2
  94 12 2020   6.9   6.6   6.5   6.3   6.3   6.2   6.4   7.3   7.6   7.5   7.0   6.6   6.1   5.7   5.4   5.1   4.9   4.6   4.4   4.3   4.1   4.0   3.9   3.8   3.8   3.8   3.8   3.8   3.8   3.9   3.9   4.0   4.0   4.1   4.2
  94 24 2020  13.2  13.0  13.0  12.9  12.8  12.6  11.7   9.5   8.1   7.4   6.9   6.5   6.2   5.8   5.5   5.2   4.9   4.7   4.5   4.3   4.2   4.1   4.0   3.9   3.8   3.8   3.8   3.8   3.8   3.9   3.9   4.0   4.0   4.1   4.2
  95 12 2020   8.0   7.7   7.5   7.3   7.2   7.1   7.2   7.8   8.0   7.7   7.2   6.7   6.3   5.9   5.6   5.3   5.0   4.8   4.6   4.4   4.2   4.1   4.0   3.9   3.9   3.9   3.8   3.9   3.9   3.9   3.9   4.0   4.0   4.1   4.2
  95 24 2020  15.4  14.9  14.8  14.6  14.4  14.2  12.9  10.3   8.7   7.7   7.2   6.7   6.4   6.0   5.7   5.4   5.1   4.9   4.6   4.5   4.3   4.2   4.1   4.0   3.9   3.9   3.9   3.9   3.9   3.9   4.0   4.0   4.1   4.1   4.2
  96 12 2020   7.9   8.0   8.1   8.2   8.3   8.4   8.8   9.2   8.9   8.3   7.6   7.0   6.5   6.1   5.8   5.5   5.2   4.9   4.7   4.5   4.4   4.2   4.1   4.1   4.0   3.9   3.9   3.9   3.9   3.9   4.0   4.0   4.1   4.1   4.2
  96 24 2020   7.8   7.9   8.0   8.1   8.2   8.2   8.4   8.4   8.3   8.0   7.6   7.1   6.7   6.3   5.9   5.6   5.3   5.0   4.8   4.6   4.4   4.3   4.2   4.1   4.0   4.0   4.0   3.9   4.0   4.0   4.0   4.0   4.1   4.1   4.2
  97 12 2020   9.8   9.3   8.9   8.6   8.3   8.1   7.4   7.4   7.6   7.6   7.4   7.1   6.7   6.4   6.0   5.7   5.4   5.1   4.9   4.7   4.5   4.4   4.3   4.2   4.1   4.0   4.0   4.0   4.0   4.0   4.0   4.0   4.1   4.1   4.2
  97 24 2020  15.8  15.9  15.9  15.8  15.7  15.5  14.3  11.2   9.1   8.0   7.4   7.0   6.7   6.4   6.1   5.8   5.5   5.2   5.0   4.8   4.6   4.4   4.3   4.2   4.1   4.1   4.0   4.0   4.0   4.0   4.0   4.1   4.1   4.1   4.2
  98 12 2020  10.3   9.8   9.5   9.3   9.1   8.9   8.8   9.2   9.2   8.6   8.0   7.4   6.9   6.5   6.1   5.8   5.5   5.3   5.0   4.8   4.6   4.5   4.4   4.3   4.1   4.1   4.1   4.0   4.0   4.0   4.0   4.1   4.1   4.1   4.2
  98 24 2020  18.0  17.9  17.8  17.6  17.4  17.2  15.8  12.5  10.2   8.9   8.1   7.5   7.0   6.6   6.2   5.9   5.6   5.3   5.1   4.9   4.7   4.6   4.4   4.3   4.2   4.1   4.1   4.1   4.1   4.1   4.1   4.1   4.1   4.1   4.2
  99 12 2020  11.1  10.7  10.4  10.2  10.0   9.9   9.8  10.3  10.2   9.5   8.7   7.9   7.3   6.8   6.4   6.0   5.7   5.4   5.2   5.0   4.8   4.6   4.5   4.4   4.2   4.2   4.1   4.1   4.1   4.1   4.1   4.1   4.1   4.1   4.2
  99 24 2020  19.0  18.6  18.4  18.3  18.1  17.9  16.5  13.3  11.1   9.7   8.8   8.1   7.5   7.0   6.6   6.2   5.8   5.5   5.3   5.0   4.8   4.7   4.5   4.4   4.3   4.2   4.2   4.1   4.1   4.1   4.1   4.1   4.1   4.1   4.1
 100 12 2020  12.5  12.1  11.8  11.5  11.3  11.1  10.8  11.2  11.0  10.2   9.4   8.5   7.8   7.2   6.8   6.3   5.9   5.6   5.3   5.1   4.9   4.7   4.6   4.5   4.3   4.2   4.2   4.2   4.1   4.1   4.1   4.1   4.1   4.1   4.1
 100 24 2020  19.7  19.3  19.2  19.1  18.9  18.7  17.4  14.2  11.9  10.4   9.5   8.7   8.0   7.5   7.0   6.5   6.1   5.7   5.4   5.2   5.0   4.8   4.6   4.5   4.4   4.3   4.2   4.2   4.2   4.1   4.1   4.1   4.1   4.1   4.1
 101 12 2020  13.0  12.8  12.6  12.4  12.3  12.2  12.0  12.2  11.9  11.0  10.0   9.1   8.3   7.7   7.2   6.7   6.2   5.9   5.6   5.3   5.1   4.9   4.7   4.6   4.4   4.3   4.3   4.2   4.2   4.2   4.2   4.1   4.1   4.1   4.1
 101 24 2020  15.6  15.7  15.7  15.7  15.7  15.6  15.1  13.3  12.0  10.9  10.1   9.3   8.6   7.9   7.4   6.9   6.4   6.0   5.7   5.4   5.2   4.9   4.8   4.6   4.5   4.4   4.3   4.3   4.2   4.2   4.2   4.2   4.2   4.1   4.1
 102 12 2020  13.4  13.0  12.7  12.5  12.3  12.1  11.8  11.8  11.6  11.0  10.2   9.5   8.8   8.1   7.6   7.0   6.6   6.2   5.8   5.5   5.2   5.0   4.8   4.7   4.5   4.4   4.3   4.3   4.2   4.2   4.2   4.2   4.2   4.2   4.1
 102 24 2020  18.9  18.7  18.6  18.5  18.4  18.3  17.3  14.5  12.5  11.2  10.3   9.5   8.9   8.3   7.7   7.2   6.7   6.3   5.9   5.6   5.3   5.1   4.9   4.8   4.6   4.5   4.4   4.3   4.3   4.2   4.2   4.2   4.2   4.2   4.1
 103 12 2020   7.1   7.3   7.6   7.8   8.1   8.4   9.7  11.5  11.9  11.4  10.6   9.8   9.1   8.5   7.9   7.4   6.9   6.4   6.1   5.7   5.4   5.2   5.0   4.8   4.6   4.5   4.4   4.3   4.3   4.3   4.2   4.2   4.2   4.2   4.1
 103 24 2020  10.9  11.0  11.2  11.3  11.4  11.5  11.6  11.2  10.9  10.6  10.2   9.7   9.2   8.6   8.0   7.5   7.0   6.6   6.2   5.8   5.5   5.3   5.1   4.9   4.7   4.5   4.5   4.4   4.3   4.3   4.2   4.2   4.2   4.2   4.1
 104 12 2020   5.9   5.7   5.6   5.6   5.6   5.7   6.4   8.4   9.6   9.9   9.9   9.5   9.1   8.6   8.1   7.6   7.1   6.7   6.3   5.9   5.6   5.4   5.1   5.0   4.7   4.6   4.5   4.4   4.4   4.3   4.3   4.2   4.2   4.2   4.1
 104 24 2020  12.9  12.8  12.9  12.9  12.9  12.9  12.3  10.6   9.8   9.4   9.3   9.1   8.8   8.5   8.1   7.7   7.2   6.8   6.4   6.0   5.7   5.5   5.2   5.0   4.8   4.6   4.5   4.5   4.4   4.3   4.3   4.2   4.2   4.2   4.1
 105 12 2020   8.4   8.0   7.7   7.5   7.3   7.2   7.4   8.6   9.3   9.4   9.3   9.0   8.7   8.4   8.0   7.6   7.2   6.8   6.5   6.1   5.8   5.5   5.3   5.1   4.8   4.7   4.6   4.5   4.4   4.3   4.3   4.2   4.2   4.2   4.1
 105 24 2020  14.4  14.3  14.4  14.4  14.4  14.3  13.6  11.5  10.1   9.4   9.0   8.8   8.6   8.3   8.0   7.6   7.3   6.9   6.5   6.2   5.9   5.6   5.4   5.2   4.9   4.7   4.6   4.5   4.4   4.4   4.3   4.3   4.2   4.2   4.1
 106 12 2020   8.7   8.3   8.0   7.9   7.7   7.7   7.8   9.0   9.6   9.6   9.3   8.9   8.6   8.3   7.9   7.6   7.3   6.9   6.6   6.3   6.0   5.7   5.4   5.2   4.9   4.8   4.7   4.6   4.5   4.4   4.3   4.3   4.2   4.2   4.1
 106 24 2020  14.6  14.4  14.5  14.5  14.6  14.5  13.8  11.7  10.3   9.5   9.1   8.8   8.5   8.2   7.9   7.6   7.3   6.9   6.6   6.3   6.0   5.7   5.5   5.3   5.0   4.8   4.7   4.6   4.5   4.4   4.4   4.3   4.2   4.2   4.1
 107 12 2020   8.8   8.4   8.1   8.0   7.8   7.8   8.0   9.2   9.8   9.7   9.4   9.0   8.6   8.3   7.9   7.6   7.3   7.0   6.6   6.3   6.1   5.8   5.6   5.3   5.0   4.9   4.8   4.6   4.5   4.5   4.4   4.3   4.2   4.2   4.1
 107 24 2020  14.6  14.5  14.6  14.6  14.6  14.6  13.9  11.8  10.4   9.6   9.2   8.9   8.6   8.3   8.0   7.6   7.3   7.0   6.7   6.4   6.1   5.8   5.6   5.4   5.1   4.9   4.8   4.7   4.6   4.5   4.4   4.3   4.3   4.2   4.1
 108 12 2020   8.9   8.5   8.2   8.0   7.9   7.8   8.1   9.3   9.8   9.8   9.4   9.0   8.6   8.3   8.0   7.6   7.3   7.0   6.7   6.4   6.1   5.9   5.7   5.4   5.1   5.0   4.8   4.7   4.6   4.5   4.4   4.3   4.3   4.2   4.1
 108 24 2020  14.7  14.6  14.6  14.7  14.7  14.7  14.0  11.9  10.5   9.7   9.3   9.0   8.6   8.3   8.0   7.7   7.4   7.0   6.7   6.5   6.2   5.9   5.7   5.5   5.2   5.0   4.9   4.7   4.6   4.5   4.4   4.4   4.3   4.2   4.1
 109 12 2020   8.9   8.5   8.3   8.1   8.0   7.9   8.1   9.3   9.9   9.8   9.5   9.1   8.7   8.4   8.0   7.7   7.4   7.1   6.8   6.5   6.2   6.0   5.7   5.5   5.2   5.1   4.9   4.8   4.7   4.6   4.5   4.4   4.3   4.2   4.1
 109 24 2020  14.7  14.6  14.7  14.7  14.7  14.7  14.0  11.9  10.5   9.8   9.3   9.0   8.7   8.4   8.1   7.7   7.4   7.1   6.8   6.5   6.3   6.0   5.8   5.6   5.3   5.1   4.9   4.8   4.7   4.6   4.5   4.4   4.3   4.2   4.1
 110 12 2020   9.0   8.6   8.3   8.1   8.0   7.9   8.2   9.4  10.0   9.9   9.6   9.2   8.8   8.4   8.1   7.8   7.4   7.1   6.8   6.6   6.3   6.0   5.8   5.6   5.3   5.1   5.0   4.8   4.7   4.6   4.5   4.4   4.3   4.2   4.1
 110 24 2020  14.7  14.6  14.7  14.8  14.8  14.8  14.1  12.0  10.6   9.8   9.4   9.1   8.8   8.4   8.1   7.8   7.5   7.2   6.9   6.6   6.3   6.1   5.8   5.6   5.3   5.2   5.0   4.9   4.7   4.6   4.5   4.4   4.3   4.2   4.1
 111 12 2020   9.0   8.6   8.4   8.2   8.1   8.0   8.2   9.4  10.0  10.0   9.6   9.2   8.8   8.5   8.1   7.8   7.5   7.2   6.9   6.6   6.4   6.1   5.9   5.7   5.4   5.2   5.0   4.9   4.8   4.6   4.5   4.4   4.3   4.2   4.1
 111 24 2020  14.9  14.8  14.8  14.9  14.9  14.8  14.2  12.0  10.6   9.9   9.4   9.1   8.8   8.5   8.2   7.9   7.5   7.2   6.9   6.7   6.4   6.1   5.9   5.7   5.4   5.2   5.1   4.9   4.8   4.7   4.5   4.4   4.3   4.2   4.1
 112 12 2020   9.2   8.9   8.7   8.5   8.5   8.4   8.6   9.7  10.2  10.1   9.7   9.3   8.9   8.5   8.2   7.9   7.6   7.3   7.0   6.7   6.4   6.2   5.9   5.7   5.4   5.2   5.1   4.9   4.8   4.7   4.6   4.4   4.3   4.2   4.1
 112 24 2020  13.0  13.1  13.2  13.2  13.2  13.2  12.8  11.3  10.4   9.8   9.5   9.2   8.9   8.6   8.2   7.9   7.6   7.3   7.0   6.7   6.5   6.2   6.0   5.8   5.4   5.3   5.1   5.0   4.8   4.7   4.6   4.5   4.3   4.2   4.1
 113 12 2020  11.4  10.8  10.4  10.0   9.8   9.6   9.3   9.8  10.0   9.9   9.6   9.2   8.9   8.6   8.3   7.9   7.6   7.3   7.0   6.8   6.5   6.2   6.0   5.8   5.5   5.3   5.1   5.0   4.8   4.7   4.6   4.5   4.3   4.2   4.1
 113 24 2020  19.7  19.2  19.1  18.9  18.7  18.5  16.9  13.5  11.4  10.2   9.6   9.2   8.9   8.6   8.3   8.0   7.7   7.4   7.1   6.8   6.5   6.3   6.0   5.8   5.5   5.3   5.2   5.0   4.9   4.7   4.6   4.5   4.4   4.2   4.1
 114 12 2020  13.6  13.0  12.7  12.4  12.3  12.1  11.8  12.0  11.6  11.0  10.2   9.6   9.1   8.7   8.3   8.0   7.7   7.4   7.1   6.8   6.6   6.3   6.1   5.8   5.5   5.3   5.2   5.0   4.9   4.7   4.6   4.5   4.4   4.2   4.1
 114 24 2020  19.5  19.1  19.0  18.9  18.7  18.6  17.3  14.5  12.5  11.3  10.4   9.8   9.3   8.8   8.4   8.1   7.7   7.4   7.1   6.8   6.6   6.3   6.1   5.9   5.6   5.4   5.2   5.0   4.9   4.8   4.6   4.5   4.4   4.2   4.1
 115 12 2020  14.5  13.9  13.7  13.5  13.3  13.2  12.8  12.8  12.5  11.8  10.9  10.2   9.6   9.0   8.6   8.2   7.8   7.5   7.2   6.9   6.6   6.4   6.1   5.9   5.6   5.4   5.2   5.1   4.9   4.8   4.6   4.5   4.4   4.2   4.1
 115 24 2020  17.1  17.2  17.4  17.5  17.5  17.6  17.1  15.0  13.2  12.0  11.1  10.4   9.8   9.2   8.7   8.3   7.9   7.5   7.2   6.9   6.7   6.4   6.2   5.9   5.6   5.4   5.2   5.1   4.9   4.8   4.6   4.5   4.4   4.2   4.1
 116 12 2020  11.7  11.2  10.9  10.7  10.6  10.5  10.6  11.8  12.3  12.0  11.3  10.6  10.0   9.4   8.9   8.4   8.0   7.6   7.3   7.0   6.7   6.4   6.2   6.0   5.6   5.4   5.3   5.1   4.9   4.8   4.7   4.5   4.4   4.2   4.1
 116 24 2020  17.7  17.6  17.7  17.8  17.8  17.7  17.0  14.5  12.8  11.8  11.1  10.6  10.1   9.5   9.0   8.6   8.1   7.7   7.4   7.0   6.7   6.5   6.2   6.0   5.7   5.5   5.3   5.1   5.0   4.8   4.7   4.5   4.4   4.2   4.1
 117 12 2020  12.4  11.7  11.3  11.0  10.8  10.7  10.6  11.7  12.2  11.9  11.4  10.8  10.2   9.6   9.1   8.7   8.2   7.8   7.4   7.1   6.8   6.5   6.3   6.0   5.7   5.5   5.3   5.1   5.0   4.8   4.7   4.5   4.4   4.2   4.1
 117 24 2020  21.7  21.3  21.2  21.1  21.0  20.8  19.3  15.7  13.3  12.0  11.3  10.7  10.2   9.7   9.2   8.8   8.3   7.9   7.5   7.2   6.9   6.6   6.3   6.1   5.7   5.5   5.3   5.2   5.0   4.8   4.7   4.5   4.4   4.2   4.1
 118 12 2020  14.9  14.0  13.6  13.3  13.0  12.8  12.5  13.1  13.2  12.6  11.8  11.0  10.4   9.8   9.3   8.9   8.4   8.0   7.6   7.2   6.9   6.6   6.3   6.1   5.7   5.5   5.3   5.2   5.0   4.8   4.7   4.5   4.4   4.3   4.1
 118 24 2020  25.6  24.9  24.7  24.5  24.2  23.9  21.9  17.5  14.6  12.9  11.9  11.2  10.5  10.0   9.5   9.0   8.5   8.1   7.7   7.3   7.0   6.7   6.4   6.1   5.8   5.6   5.4   5.2   5.0   4.9   4.7   4.5   4.4   4.3   4.1
 119 12 2020  19.2  17.9  17.4  17.0  16.6  16.3  15.5  15.3  14.8  13.8  12.7  11.7  10.9  10.2   9.6   9.1   8.6   8.2   7.7   7.4   7.0   6.7   6.4   6.2   5.8   5.6   5.4   5.2   5.0   4.9   4.7   4.6   4.4   4.3   4.1
 119 24 2020  26.0  25.5  25.5  25.4  25.2  25.0  23.5  19.4  16.3  14.3  13.0  12.0  11.2  10.4   9.8   9.2   8.7   8.3   7.8   7.5   7.1   6.8   6.5   6.2   5.8   5.6   5.4   5.2   5.1   4.9   4.7   4.6   4.4   4.3   4.1
 120 12 2020  18.1  17.5  17.3  17.1  16.9  16.8  16.5  16.7  16.2  15.1  13.8  12.6  11.6  10.8  10.1   9.4   8.9   8.4   7.9   7.5   7.2   6.8   6.5   6.3   5.9   5.6   5.4   5.3   5.1   4.9   4.7   4.6   4.4   4.3   4.1
 120 24 2020  21.4  21.5  21.7  21.8  21.9  22.0  21.5  18.9  16.7  15.1  13.9  12.8  11.9  11.1  10.3   9.7   9.1   8.5   8.0   7.6   7.3   6.9   6.6   6.3   5.9   5.7   5.5   5.3   5.1   4.9   4.7   4.6   4.4   4.3   4.1
