
                                                               SUMMARY OF SURFACE ENERGY BALANCE


              INCOMING                NET SOLAR RADIATION BY MATERIAL                               NET LONG-WAVE RADIATION BY MATERIAL
               SOLAR   REFLECTED ------------------------------------------  INCOMING OUTGOING   -----------------------------------------
 DAY HR  YR   ON SLOPE   SOLAR   CANOPY     SNOW   RESIDUE    SOIL    TOTAL  LONGWAVE LONGWAVE   CANOPY    SNOW   RESIDUE    SOIL    TOTAL  SENSIBLE  LATENT    SOIL
                 W/M2     W/M2     W/M2     W/M2     W/M2     W/M2     W/M2     W/M2     W/M2     W/M2     W/M2     W/M2     W/M2     W/M2     W/M2     W/M2     W/M2
 306 12 2019    133.4     14.9      0.0      0.0      0.0    118.4    118.4    310.9    360.8      0.0      0.0      0.0    -49.9    -49.9      3.8    -15.7     56.5
 306 24 2019    109.6     12.4      0.0      0.0      0.0     97.2     97.2    326.5    381.9      0.0      0.0      0.0    -55.4    -55.4     16.2    -74.2    -16.2
 307 12 2019    109.5     12.6      0.0      0.0      0.0     96.9     96.9    302.2    358.2      0.0      0.0      0.0    -56.0    -56.0      0.5    -13.2     28.3
 307 24 2019    106.9     12.4      0.0      0.0      0.0     94.5     94.5    306.7    379.1      0.0      0.0      0.0    -72.4    -72.4      0.1    -46.9    -24.6
 308 12 2019    108.4     12.6      0.0      0.0      0.0     95.8     95.8    307.4    360.6      0.0      0.0      0.0    -53.3    -53.3      0.9    -10.2     33.1
 308 24 2019    101.6     12.0      0.0      0.0      0.0     89.6     89.6    319.1    380.9      0.0      0.0      0.0    -61.8    -61.8      1.5    -41.8    -12.5
 309 12 2019    101.4     12.0      0.0      0.0      0.0     89.5     89.5    306.5    363.8      0.0      0.0      0.0    -57.2    -57.2     -4.8    -11.9     15.6
 309 24 2019     98.8     12.5      0.0      0.0      0.0     86.3     86.3    290.2    362.8      0.0      0.0      0.0    -72.7    -72.7    -10.2    -48.4    -44.9
 310 12 2019     91.0     11.7      0.0      0.0      0.0     79.4     79.4    304.8    352.7      0.0      0.0      0.0    -47.8    -47.8     -1.5    -16.4     13.6
 310 24 2019     85.2     16.4      0.0      0.0      0.0     68.7     68.7    311.0    365.9      0.0      0.0      0.0    -54.9    -54.9      5.5    -46.6    -27.2
 311 12 2019     98.8     19.7      0.0      0.0      0.0     79.1     79.1    303.1    353.0      0.0      0.0      0.0    -49.8    -49.8      8.2    -15.0     22.5
 311 24 2019     91.7     24.0      0.0      0.0      0.0     67.6     67.6    318.1    373.7      0.0      0.0      0.0    -55.6    -55.6     14.5    -36.8    -10.2
 312 12 2019    101.7     23.2      0.0      0.0      0.0     78.5     78.5    311.0    359.9      0.0      0.0      0.0    -48.9    -48.9      6.2     -8.8     26.9
 312 24 2019    100.1     27.8      0.0      0.0      0.0     72.2     72.2    319.5    381.2      0.0      0.0      0.0    -61.8    -61.8      2.8    -19.5     -6.2
 313 12 2019     98.8     21.4      0.0      0.0      0.0     77.4     77.4    305.0    360.6      0.0      0.0      0.0    -55.5    -55.5     -3.4     -8.5     10.1
 313 24 2019     95.3     25.5      0.0      0.0      0.0     69.8     69.8    297.0    369.1      0.0      0.0      0.0    -72.0    -72.0     -4.1    -18.4    -24.7
 314 12 2019     96.4     22.5      0.0      0.0      0.0     74.0     74.0    297.9    352.7      0.0      0.0      0.0    -54.8    -54.8     -2.6     -8.8      7.7
 314 24 2019     86.8     23.9      0.0      0.0      0.0     62.8     62.8    296.6    364.1      0.0      0.0      0.0    -67.5    -67.5     -3.3    -22.1    -30.1
 315 12 2019     89.0     21.1      0.0      0.0      0.0     67.9     67.9    294.2    345.6      0.0      0.0      0.0    -51.5    -51.5     -6.7     -2.5      7.3
 315 24 2019     86.1     22.1      0.0      0.0      0.0     64.0     64.0    316.5    371.9      0.0      0.0      0.0    -55.5    -55.5     -4.3    -13.8     -9.5
 316 12 2019     77.6     18.3      0.0      0.0      0.0     59.2     59.2    305.6    349.1      0.0      0.0      0.0    -43.5    -43.5     -2.3     -4.8      8.6
 316 24 2019     83.2     20.8      0.0      0.0      0.0     62.4     62.4    322.4    374.2      0.0      0.0      0.0    -51.8    -51.8      0.7    -17.4     -6.1
 317 12 2019     96.9     25.2      0.0      0.0      0.0     71.6     71.6    287.8    347.5      0.0      0.0      0.0    -59.7    -59.7     -2.0    -10.5     -0.5
 317 24 2019     95.3     28.9      0.0      0.0      0.0     66.4     66.4    284.2    359.1      0.0      0.0      0.0    -74.9    -74.9     -4.7    -22.5    -35.8
 318 12 2019     80.1     23.9      0.0      0.0      0.0     56.2     56.2    283.7    336.2      0.0      0.0      0.0    -52.5    -52.5     -6.4     -7.0     -9.6
 318 24 2019     73.9     23.5      0.0      0.0      0.0     50.4     50.4    294.4    350.8      0.0      0.0      0.0    -56.4    -56.4     -5.6    -18.9    -30.6
 319 12 2019     64.7     19.7      0.0      0.0      0.0     45.1     45.1    301.2    336.0      0.0      0.0      0.0    -34.8    -34.8     -2.0     -6.0      2.2
 319 24 2019     67.8     21.8      0.0      0.0      0.0     46.0     46.0    314.4    356.9      0.0      0.0      0.0    -42.5    -42.5      0.3    -14.4    -10.6
 320 12 2019     69.1     19.8      0.0      0.0      0.0     49.4     49.4    317.6    347.9      0.0      0.0      0.0    -30.2    -30.2      3.1     -3.2     19.1
 320 24 2019     70.0     21.2      0.0      0.0      0.0     48.8     48.8    327.3    367.2      0.0      0.0      0.0    -39.8    -39.8      3.2    -14.0     -1.8
 321 12 2019     62.7     21.1      0.0      0.0      0.0     41.6     41.6    297.4    335.9      0.0      0.0      0.0    -38.4    -38.4    -24.5    -15.3    -36.7
 321 24 2019     38.5     14.1      0.0      0.0      0.0     24.4     24.4    293.8    333.5      0.0      0.0      0.0    -39.7    -39.7    -11.8    -20.2    -47.4
 322 12 2019      4.6      1.5      0.0      0.0      0.0      3.0      3.0    304.2    321.8      0.0      0.0      0.0    -17.6    -17.6     -9.6     -0.9    -25.0
 322 24 2019      5.4      1.6      0.0      0.0      0.0      3.8      3.8    328.0    337.7      0.0      0.0      0.0     -9.6     -9.6     -7.5     -1.6    -15.0
 323 12 2019     74.5     22.9      0.0      0.0      0.0     51.6     51.6    265.0    316.3      0.0      0.0      0.0    -51.4    -51.4     -2.5    -13.3    -15.6
 323 24 2019     78.6     27.0      0.0      0.0      0.0     51.6     51.6    296.1    343.9      0.0      0.0      0.0    -47.8    -47.8      6.2    -16.0     -6.1
 324 12 2019     88.2     27.8      0.0      0.0      0.0     60.3     60.3    269.4    325.7      0.0      0.0      0.0    -56.2    -56.2      3.5     -5.5      2.1
 324 24 2019     96.6     35.0      0.0      0.0      0.0     61.5     61.5    289.4    350.7      0.0      0.0      0.0    -61.3    -61.3     10.8    -19.3     -8.3
 325 12 2019     86.8     29.4      0.0      0.0      0.0     57.4     57.4    276.5    328.8      0.0      0.0      0.0    -52.2    -52.2      1.4     -4.2      2.4
 325 24 2019     92.1     34.1      0.0      0.0      0.0     58.0     58.0    303.8    354.1      0.0      0.0      0.0    -50.4    -50.4      6.3    -10.9      3.0
 326 12 2019     87.2     25.9      0.0      0.0      0.0     61.2     61.2    297.3    343.2      0.0      0.0      0.0    -45.9    -45.9      1.6     -5.1     11.9
 326 24 2019     92.8     33.1      0.0      0.0      0.0     59.7     59.7    277.6    344.1      0.0      0.0      0.0    -66.6    -66.6     -8.3    -15.0    -30.1
 327 12 2019     56.7     19.7      0.0      0.0      0.0     37.0     37.0    284.4    326.4      0.0      0.0      0.0    -41.9    -41.9     -3.0     -5.4    -13.4
 327 24 2019     71.7     25.7      0.0      0.0      0.0     45.9     45.9    303.2    343.5      0.0      0.0      0.0    -40.3    -40.3    -12.9    -10.0    -17.3
 328 12 2019     79.7     26.8      0.0      0.0      0.0     52.8     52.8    272.0    325.1      0.0      0.0      0.0    -53.2    -53.2     15.5     -6.0      9.1
 328 24 2019     96.8     35.8      0.0      0.0      0.0     61.0     61.0    303.0    357.2      0.0      0.0      0.0    -54.3    -54.3     11.8    -15.9      2.7
 329 12 2019     88.5     30.5      0.0      0.0      0.0     58.0     58.0    281.6    333.7      0.0      0.0      0.0    -52.0    -52.0      1.1     -1.1      5.9
 329 24 2019     95.0     33.0      0.0      0.0      0.0     62.0     62.0    299.6    358.6      0.0      0.0      0.0    -59.0    -59.0     -0.6     -6.4     -4.0
 330 12 2019     67.5     21.6      0.0      0.0      0.0     45.9     45.9    288.3    332.1      0.0      0.0      0.0    -43.8    -43.8     -3.8     -3.2     -4.9
 330 24 2019     71.7     23.0      0.0      0.0      0.0     48.6     48.6    322.8    360.1      0.0      0.0      0.0    -37.3    -37.3      1.5     -3.5      9.5
 331 12 2019     84.2     21.2      0.0      0.0      0.0     63.1     63.1    292.5    342.9      0.0      0.0      0.0    -50.4    -50.4      2.6      0.2     15.5
 331 24 2019     92.6     26.2      0.0      0.0      0.0     66.4     66.4    302.8    363.6      0.0      0.0      0.0    -60.9    -60.9     -4.9     -8.4     -7.8
 332 12 2019     83.7     23.6      0.0      0.0      0.0     60.1     60.1    270.6    331.8      0.0      0.0      0.0    -61.2    -61.2     -4.7     -7.1    -12.9
 332 24 2019     91.7     31.3      0.0      0.0      0.0     60.5     60.5    278.1    344.3      0.0      0.0      0.0    -66.1    -66.1     -7.3    -17.4    -30.3
 333 12 2019     81.4     26.4      0.0      0.0      0.0     55.0     55.0    277.2    328.7      0.0      0.0      0.0    -51.5    -51.5      3.7     -1.4      5.8
 333 24 2019     85.7     28.6      0.0      0.0      0.0     57.2     57.2    299.2    353.1      0.0      0.0      0.0    -53.8    -53.8     -1.9     -7.9     -6.4
 334 12 2019     73.3     22.0      0.0      0.0      0.0     51.3     51.3    284.3    332.7      0.0      0.0      0.0    -48.4    -48.4     -3.8     -1.7     -2.6
 334 24 2019     70.0     21.9      0.0      0.0      0.0     48.1     48.1    270.0    333.1      0.0      0.0      0.0    -63.0    -63.0    -27.8    -11.8    -54.6
 335 12 2019     86.2     30.8      0.0      0.0      0.0     55.5     55.5    236.0    303.7      0.0      0.0      0.0    -67.7    -67.7     -6.3     -9.5    -28.0
 335 24 2019     96.3     36.5      0.0      0.0      0.0     59.8     59.8    263.5    330.1      0.0      0.0      0.0    -66.6    -66.6     -1.6    -14.3    -22.7
 336 12 2019     86.4     29.6      0.0      0.0      0.0     56.8     56.8    256.2    311.4      0.0      0.0      0.0    -55.2    -55.2     -2.8      0.9     -0.2
 336 24 2019     95.7     31.1      0.0      0.0      0.0     64.6     64.6    276.4    340.5      0.0      0.0      0.0    -64.1    -64.1     -2.1     -5.9     -7.6
 337 12 2019     83.1     25.0      0.0      0.0      0.0     58.1     58.1    259.0    317.2      0.0      0.0      0.0    -58.2    -58.2      3.4     -1.0      2.3
 337 24 2019     94.1     29.2      0.0      0.0      0.0     64.8     64.8    281.4    343.2      0.0      0.0      0.0    -61.9    -61.9     -0.3    -10.0     -7.3
 338 12 2019     86.8     24.4      0.0      0.0      0.0     62.4     62.4    275.9    325.9      0.0      0.0      0.0    -50.0    -50.0      0.9      2.9     16.2
 338 24 2019     92.1     25.5      0.0      0.0      0.0     66.6     66.6    270.9    343.2      0.0      0.0      0.0    -72.3    -72.3     -8.4     -8.5    -22.6
 339 12 2019     87.2     25.2      0.0      0.0      0.0     61.9     61.9    233.0    308.0      0.0      0.0      0.0    -75.0    -75.0    -21.6     -3.6    -38.3
 339 24 2019     92.8     28.8      0.0      0.0      0.0     64.0     64.0    227.2    309.6      0.0      0.0      0.0    -82.4    -82.4    -28.0     -8.9    -55.3
 340 12 2019     56.7     16.2      0.0      0.0      0.0     40.5     40.5    250.0    297.3      0.0      0.0      0.0    -47.3    -47.3    -14.6     -0.2    -21.7
 340 24 2019     71.7     20.2      0.0      0.0      0.0     51.5     51.5    257.3    312.0      0.0      0.0      0.0    -54.7    -54.7    -19.1     -4.9    -27.2
 341 12 2019     79.7     20.6      0.0      0.0      0.0     59.0     59.0    231.6    295.7      0.0      0.0      0.0    -64.1    -64.1    -11.7     -1.3    -18.1
 341 24 2019     96.8     27.2      0.0      0.0      0.0     69.6     69.6    236.7    308.2      0.0      0.0      0.0    -71.4    -71.4    -20.2    -10.7    -32.7
 342 12 2019     88.5     23.9      0.0      0.0      0.0     64.6     64.6    238.3    299.0      0.0      0.0      0.0    -60.7    -60.7     -2.1      0.4      2.2
 342 24 2019     95.0     26.4      0.0      0.0      0.0     68.6     68.6    247.8    318.7      0.0      0.0      0.0    -70.8    -70.8     -6.8     -6.5    -15.5
 343 12 2019     67.5     16.2      0.0      0.0      0.0     51.3     51.3    271.4    310.1      0.0      0.0      0.0    -38.7    -38.7      1.1      2.4     16.1
 343 24 2019     71.7     17.2      0.0      0.0      0.0     54.5     54.5    277.6    329.4      0.0      0.0      0.0    -51.8    -51.8     -4.7     -5.4     -7.4
 344 12 2019     84.2     18.8      0.0      0.0      0.0     65.4     65.4    251.9    310.3      0.0      0.0      0.0    -58.4    -58.4     -5.2     -0.2      1.6
 344 24 2019     92.6     23.7      0.0      0.0      0.0     68.9     68.9    259.2    325.5      0.0      0.0      0.0    -66.3    -66.3     -1.6    -16.4    -15.4
 345 12 2019     83.7     23.6      0.0      0.0      0.0     60.0     60.0    256.6    311.8      0.0      0.0      0.0    -55.3    -55.3     -0.8     -0.5      3.5
 345 24 2019     91.7     27.2      0.0      0.0      0.0     64.5     64.5    250.7    322.2      0.0      0.0      0.0    -71.4    -71.4     -5.3    -11.9    -24.1
 346 12 2019     81.4     24.2      0.0      0.0      0.0     57.2     57.2    243.6    304.9      0.0      0.0      0.0    -61.3    -61.3     -6.1     -2.5    -12.8
 346 24 2019     85.7     27.9      0.0      0.0      0.0     57.8     57.8    227.4    300.7      0.0      0.0      0.0    -73.3    -73.3    -23.6    -17.3    -56.3
 347 12 2019     73.3     25.7      0.0      0.0      0.0     47.6     47.6    243.2    293.7      0.0      0.0      0.0    -50.5    -50.5     -5.1     -4.9    -12.9
 347 24 2019     70.0     26.2      0.0      0.0      0.0     43.8     43.8    243.3    302.5      0.0      0.0      0.0    -59.2    -59.2      3.5    -19.6    -31.4
 348 12 2019     86.2     34.1      0.0      0.0      0.0     52.2     52.2    226.9    290.6      0.0      0.0      0.0    -63.6    -63.6      2.1     -3.0    -12.4
 348 24 2019     96.3     38.0      0.0      0.0      0.0     58.3     58.3    228.8    303.5      0.0      0.0      0.0    -74.6    -74.6     -1.4     -9.7    -27.5
 349 12 2019     86.4     31.3      0.0      0.0      0.0     55.1     55.1    226.8    289.6      0.0      0.0      0.0    -62.7    -62.7     -0.4     -1.0     -9.0
 349 24 2019     95.7     35.0      0.0      0.0      0.0     60.7     60.7    226.8    303.6      0.0      0.0      0.0    -76.8    -76.8     -5.8     -7.3    -29.2
 350 12 2019     83.1     30.0      0.0      0.0      0.0     53.1     53.1    187.2    269.3      0.0      0.0      0.0    -82.1    -82.1    -28.2     -4.8    -62.0
 350 24 2019     94.1     34.1      0.0      0.0      0.0     60.0     60.0    198.3    280.9      0.0      0.0      0.0    -82.6    -82.6    -13.6     -7.5    -43.8
 351 12 2019     83.4     29.2      0.0      0.0      0.0     54.2     54.2    188.0    265.2      0.0      0.0      0.0    -77.2    -77.2    -21.6     -3.4    -48.0
 351 24 2019     94.2     32.1      0.0      0.0      0.0     62.2     62.2    200.9    277.7      0.0      0.0      0.0    -76.8    -76.8     -9.2     -6.7    -30.5
 352 12 2019     81.8     25.9      0.0      0.0      0.0     56.0     56.0    194.6    266.4      0.0      0.0      0.0    -71.8    -71.8    -17.3     -3.4    -36.5
 352 24 2019     93.2     28.9      0.0      0.0      0.0     64.3     64.3    206.3    279.9      0.0      0.0      0.0    -73.6    -73.6     -6.5     -5.4    -21.2
 353 12 2019     80.0     22.2      0.0      0.0      0.0     57.8     57.8    197.1    267.6      0.0      0.0      0.0    -70.5    -70.5    -13.2     -2.7    -28.5
 353 24 2019     92.2     25.5      0.0      0.0      0.0     66.7     66.7    206.9    279.2      0.0      0.0      0.0    -72.4    -72.4    -10.1     -7.3    -23.1
 354 12 2019     81.4     21.3      0.0      0.0      0.0     60.1     60.1    196.7    267.1      0.0      0.0      0.0    -70.3    -70.3    -16.2     -2.6    -29.6
 354 24 2019     93.2     23.6      0.0      0.0      0.0     69.6     69.6    211.0    281.8      0.0      0.0      0.0    -70.9    -70.9     -6.3     -5.2    -12.8
 355 12 2019     79.1     18.5      0.0      0.0      0.0     60.6     60.6    199.6    268.0      0.0      0.0      0.0    -68.4    -68.4    -15.3     -2.8    -27.1
 355 24 2019     87.4     19.9      0.0      0.0      0.0     67.5     67.5    216.3    282.0      0.0      0.0      0.0    -65.8    -65.8     -7.4     -4.9    -10.6
 356 12 2019     76.0     16.1      0.0      0.0      0.0     59.9     59.9    207.7    269.8      0.0      0.0      0.0    -62.1    -62.1    -14.2     -2.7    -20.3
 356 24 2019     85.0     17.9      0.0      0.0      0.0     67.1     67.1    218.0    282.7      0.0      0.0      0.0    -64.7    -64.7     -8.9     -6.1    -12.5
 357 12 2019     62.6     12.9      0.0      0.0      0.0     49.7     49.7    219.0    270.3      0.0      0.0      0.0    -51.3    -51.3    -14.3     -2.8    -18.6
 357 24 2019     61.0     12.4      0.0      0.0      0.0     48.6     48.6    239.3    283.8      0.0      0.0      0.0    -44.4    -44.4      1.4    -10.6     -5.0
 358 12 2019     77.2     18.4      0.0      0.0      0.0     58.7     58.7    202.9    269.1      0.0      0.0      0.0    -66.2    -66.2    -11.6     -5.2    -24.7
 358 24 2019     88.0     20.8      0.0      0.0      0.0     67.2     67.2    210.2    280.3      0.0      0.0      0.0    -70.1    -70.1     -4.5    -12.7    -20.1
 359 12 2019     80.2     20.0      0.0      0.0      0.0     60.2     60.2    194.8    266.4      0.0      0.0      0.0    -71.6    -71.6    -14.0     -3.8    -29.2
 359 24 2019     95.3     22.4      0.0      0.0      0.0     72.9     72.9    209.1    280.9      0.0      0.0      0.0    -71.8    -71.8     -0.7    -11.0    -10.6
 360 12 2019     78.3     18.1      0.0      0.0      0.0     60.2     60.2    203.6    269.3      0.0      0.0      0.0    -65.7    -65.7     -7.1     -2.3    -14.8
 360 24 2019     93.2     20.5      0.0      0.0      0.0     72.6     72.6    217.8    284.9      0.0      0.0      0.0    -67.1    -67.1     -2.3     -4.9     -1.6
 361 12 2019     74.9     14.3      0.0      0.0      0.0     60.6     60.6    209.6    271.0      0.0      0.0      0.0    -61.4    -61.4     -8.0     -2.3    -12.1
 361 24 2019     89.9     17.0      0.0      0.0      0.0     72.9     72.9    223.4    287.7      0.0      0.0      0.0    -64.2    -64.2     -2.6     -6.6     -0.3
 362 12 2019     73.7     13.0      0.0      0.0      0.0     60.7     60.7    215.8    273.1      0.0      0.0      0.0    -57.3    -57.3     -8.1     -2.5     -8.4
 362 24 2019     80.8     14.1      0.0      0.0      0.0     66.7     66.7    235.9    291.5      0.0      0.0      0.0    -55.6    -55.6     -0.6     -4.4      6.0
 363 12 2019     68.7     12.0      0.0      0.0      0.0     56.6     56.6    218.1    272.3      0.0      0.0      0.0    -54.2    -54.2    -24.0     -5.9    -27.8
 363 24 2019     79.6     15.6      0.0      0.0      0.0     64.0     64.0    195.0    266.5      0.0      0.0      0.0    -71.6    -71.6    -64.6    -12.5    -85.5
 364 12 2019     79.5     29.2      0.0      0.0      0.0     50.3     50.3    168.6    252.7      0.0      0.0      0.0    -84.0    -84.0    -43.1     -5.5    -82.3
 364 24 2019     99.0     27.9      0.0      0.0      0.0     71.1     71.1    176.1    257.7      0.0      0.0      0.0    -81.6    -81.6    -51.0     -9.0    -70.5
 365 12 2019     79.9     34.0      0.0      0.0      0.0     45.9     45.9    171.0    247.7      0.0      0.0      0.0    -76.7    -76.7    -34.8     -4.2    -69.8
 365 24 2019    100.2     34.4      0.0      0.0      0.0     65.9     65.9    180.0    258.1      0.0      0.0      0.0    -78.0    -78.0    -26.1     -7.7    -46.0
   1 12 2020     80.2     35.1      0.0      0.0      0.0     45.2     45.2    175.9    247.8      0.0      0.0      0.0    -71.9    -71.9    -25.5     -3.6    -55.8
   1 24 2020     92.1     33.8      0.0      0.0      0.0     58.3     58.3    191.2    260.5      0.0      0.0      0.0    -69.3    -69.3    -12.9     -5.4    -29.4
   2 12 2020     75.7     33.0      0.0      0.0      0.0     42.7     42.7    174.1    245.9      0.0      0.0      0.0    -71.8    -71.8    -32.4     -3.0    -64.5
   2 24 2020     89.9     33.7      0.0      0.0      0.0     56.2     56.2    179.2    254.4      0.0      0.0      0.0    -75.1    -75.1    -26.4     -5.3    -50.6
   3 12 2020     76.2     33.8      0.0      0.0      0.0     42.3     42.3    177.2    245.0      0.0      0.0      0.0    -67.9    -67.9    -19.9     -2.1    -47.5
   3 24 2020     96.0     37.7      0.0      0.0      0.0     58.3     58.3    183.1    256.2      0.0      0.0      0.0    -73.1    -73.1    -18.7     -5.0    -38.6
   4 12 2020     62.2     27.3      0.0      0.0      0.0     34.9     34.9    203.3    249.4      0.0      0.0      0.0    -46.2    -46.2    -16.1     -2.0    -29.4
   4 24 2020     54.6     21.6      0.0      0.0      0.0     33.0     33.0    215.9    260.3      0.0      0.0      0.0    -44.4    -44.4    -10.0     -3.1    -24.5
   5 12 2020     75.0     33.9      0.0      0.0      0.0     41.1     41.1    182.3    247.9      0.0      0.0      0.0    -65.6    -65.6    -25.5     -2.9    -52.9
   5 24 2020     87.1     35.7      0.0      0.0      0.0     51.3     51.3    198.4    258.8      0.0      0.0      0.0    -60.5    -60.5     -5.6     -4.0    -18.7
   6 12 2020     78.9     33.3      0.0      0.0      0.0     45.6     45.6    193.0    251.9      0.0      0.0      0.0    -58.9    -58.9     -3.3     -1.8    -18.3
   6 24 2020     99.5     37.3      0.0      0.0      0.0     62.2     62.2    197.8    264.9      0.0      0.0      0.0    -67.0    -67.0     -0.5    -10.1    -15.4
   7 12 2020     80.7     36.1      0.0      0.0      0.0     44.5     44.5    179.4    248.7      0.0      0.0      0.0    -69.3    -69.3    -15.1     -4.9    -44.7
   7 24 2020    105.8     44.4      0.0      0.0      0.0     61.3     61.3    184.9    258.5      0.0      0.0      0.0    -73.6    -73.6    -14.6     -7.7    -34.6
   8 12 2020     79.5     35.9      0.0      0.0      0.0     43.6     43.6    183.7    247.5      0.0      0.0      0.0    -63.8    -63.8     -9.0     -4.0    -33.2
   8 24 2020    102.6     44.6      0.0      0.0      0.0     58.0     58.0    194.6    261.7      0.0      0.0      0.0    -67.1    -67.1      1.3     -7.8    -15.6
   9 12 2020     79.8     35.8      0.0      0.0      0.0     44.0     44.0    188.7    250.7      0.0      0.0      0.0    -62.0    -62.0     -3.5     -3.9    -25.5
   9 24 2020    104.6     44.7      0.0      0.0      0.0     59.9     59.9    201.7    265.7      0.0      0.0      0.0    -64.0    -64.0     11.0     -7.8     -1.0
  10 12 2020     81.1     35.0      0.0      0.0      0.0     46.1     46.1    195.9    254.8      0.0      0.0      0.0    -58.8    -58.8     -4.7     -2.8    -20.2
  10 24 2020    105.6     41.3      0.0      0.0      0.0     64.2     64.2    206.3    269.1      0.0      0.0      0.0    -62.8    -62.8      6.4     -6.0      1.9
  11 12 2020     49.7     18.9      0.0      0.0      0.0     30.9     30.9    219.0    259.1      0.0      0.0      0.0    -40.1    -40.1     -4.9     -2.1    -16.2
  11 24 2020     86.8     29.8      0.0      0.0      0.0     57.1     57.1    228.8    273.5      0.0      0.0      0.0    -44.8    -44.8      6.3     -9.8      8.9
  12 12 2020     77.4     29.3      0.0      0.0      0.0     48.1     48.1    209.5    260.2      0.0      0.0      0.0    -50.8    -50.8     -6.5     -4.2    -13.3
  12 24 2020     77.9     26.9      0.0      0.0      0.0     51.0     51.0    218.9    273.6      0.0      0.0      0.0    -54.7    -54.7     11.3    -12.8     -5.3
  13 12 2020     69.3     28.8      0.0      0.0      0.0     40.5     40.5    203.3    258.8      0.0      0.0      0.0    -55.5    -55.5     -7.1     -5.1    -27.2
  13 24 2020     86.8     34.2      0.0      0.0      0.0     52.6     52.6    208.3    267.5      0.0      0.0      0.0    -59.2    -59.2      2.6    -13.2    -17.2
  14 12 2020     55.1     23.3      0.0      0.0      0.0     31.8     31.8    219.3    260.7      0.0      0.0      0.0    -41.4    -41.4     -1.3     -2.9    -13.8
  14 24 2020     79.7     31.0      0.0      0.0      0.0     48.7     48.7    229.7    273.6      0.0      0.0      0.0    -43.8    -43.8     10.8     -8.9      6.7
  15 12 2020     49.0     18.1      0.0      0.0      0.0     30.9     30.9    228.6    263.6      0.0      0.0      0.0    -35.0    -35.0     -4.6     -4.3    -13.0
  15 24 2020     62.8     22.9      0.0      0.0      0.0     39.9     39.9    236.6    274.3      0.0      0.0      0.0    -37.7    -37.7      5.5    -13.1     -5.4
  16 12 2020     73.4     29.7      0.0      0.0      0.0     43.8     43.8    203.6    260.2      0.0      0.0      0.0    -56.6    -56.6     -6.7     -2.1    -21.7
  16 24 2020     99.9     36.5      0.0      0.0      0.0     63.5     63.5    221.1    275.1      0.0      0.0      0.0    -54.0    -54.0      0.4     -3.7      6.2
  17 12 2020     77.7     25.1      0.0      0.0      0.0     52.6     52.6    207.8    263.9      0.0      0.0      0.0    -56.1    -56.1     -2.9     -0.9     -7.3
  17 24 2020    112.7     35.3      0.0      0.0      0.0     77.4     77.4    213.8    278.1      0.0      0.0      0.0    -64.4    -64.4     -3.0     -8.4      1.6
  18 12 2020     76.0     26.3      0.0      0.0      0.0     49.7     49.7    204.6    261.9      0.0      0.0      0.0    -57.3    -57.3     -4.9     -4.2    -16.6
  18 24 2020    109.7     37.7      0.0      0.0      0.0     72.0     72.0    226.6    280.2      0.0      0.0      0.0    -53.7    -53.7     10.0     -9.4     19.0
  19 12 2020     75.3     23.2      0.0      0.0      0.0     52.2     52.2    235.3    273.6      0.0      0.0      0.0    -38.3    -38.3      4.4     -0.5     17.7
  19 24 2020    106.0     32.8      0.0      0.0      0.0     73.2     73.2    227.4    285.9      0.0      0.0      0.0    -58.5    -58.5      1.6     -3.9     12.5
  20 12 2020     75.2     19.8      0.0      0.0      0.0     55.4     55.4    214.9    269.7      0.0      0.0      0.0    -54.9    -54.9     -1.6     -2.2     -3.3
  20 24 2020    105.1     28.1      0.0      0.0      0.0     77.0     77.0    220.9    284.4      0.0      0.0      0.0    -63.4    -63.4     -1.5     -8.2      3.9
  21 12 2020     76.8     19.3      0.0      0.0      0.0     57.6     57.6    214.5    269.0      0.0      0.0      0.0    -54.5    -54.5     -4.7     -1.5     -3.1
  21 24 2020    104.8     26.4      0.0      0.0      0.0     78.5     78.5    225.3    286.2      0.0      0.0      0.0    -60.9    -60.9     -2.0     -7.1      8.4
  22 12 2020     72.9     16.8      0.0      0.0      0.0     56.1     56.1    218.7    270.3      0.0      0.0      0.0    -51.6    -51.6     -3.5     -1.2     -0.1
  22 24 2020    105.7     24.5      0.0      0.0      0.0     81.1     81.1    224.2    286.8      0.0      0.0      0.0    -62.6    -62.6     -6.0     -9.3      3.2
  23 12 2020     75.7     18.3      0.0      0.0      0.0     57.4     57.4    212.5    268.3      0.0      0.0      0.0    -55.7    -55.7     -7.9     -3.5     -9.8
  23 24 2020    104.3     26.3      0.0      0.0      0.0     78.0     78.0    228.8    286.5      0.0      0.0      0.0    -57.6    -57.6     -3.4     -9.2      7.8
  24 12 2020     71.9     17.8      0.0      0.0      0.0     54.1     54.1    218.9    269.4      0.0      0.0      0.0    -50.6    -50.6     -6.1     -3.1     -5.7
  24 24 2020    106.6     25.5      0.0      0.0      0.0     81.1     81.1    238.7    293.7      0.0      0.0      0.0    -55.0    -55.0      0.4     -3.5     22.9
  25 12 2020     72.3     15.1      0.0      0.0      0.0     57.3     57.3    235.6    275.5      0.0      0.0      0.0    -39.9    -39.9     -2.8     -1.5     13.0
  25 24 2020     77.2     16.2      0.0      0.0      0.0     61.0     61.0    251.9    296.1      0.0      0.0      0.0    -44.3    -44.3     -0.2     -6.0     10.6
  26 12 2020     80.0     18.3      0.0      0.0      0.0     61.7     61.7    214.3    271.0      0.0      0.0      0.0    -56.7    -56.7     -0.4     -7.3     -4.6
  26 24 2020    116.8     30.2      0.0      0.0      0.0     86.6     86.6    227.2    293.4      0.0      0.0      0.0    -66.3    -66.3      6.4    -17.4      9.3
  27 12 2020     76.7     22.1      0.0      0.0      0.0     54.6     54.6    221.7    273.2      0.0      0.0      0.0    -51.5    -51.5      7.3     -5.2      5.1
  27 24 2020    117.4     35.0      0.0      0.0      0.0     82.4     82.4    237.3    297.2      0.0      0.0      0.0    -59.8    -59.8      8.0    -14.7     16.0
  28 12 2020     71.9     20.8      0.0      0.0      0.0     51.1     51.1    247.5    280.7      0.0      0.0      0.0    -33.2    -33.2      9.8     -4.4     23.3
  28 24 2020     69.3     22.6      0.0      0.0      0.0     46.7     46.7    263.1    301.7      0.0      0.0      0.0    -38.5    -38.5     25.3    -19.9     13.6
  29 12 2020     84.4     27.7      0.0      0.0      0.0     56.7     56.7    226.7    278.1      0.0      0.0      0.0    -51.4    -51.4      5.1     -2.6      7.8
  29 24 2020    124.6     43.1      0.0      0.0      0.0     81.5     81.5    242.0    304.4      0.0      0.0      0.0    -62.4    -62.4     13.3    -15.7     16.6
  30 12 2020     86.8     29.1      0.0      0.0      0.0     57.7     57.7    238.5    283.6      0.0      0.0      0.0    -45.1    -45.1      7.7     -2.5     17.7
  30 24 2020    124.6     45.4      0.0      0.0      0.0     79.2     79.2    222.7    295.4      0.0      0.0      0.0    -72.8    -72.8     -5.6    -18.5    -17.8
  31 12 2020     91.0     35.2      0.0      0.0      0.0     55.8     55.8    205.1    268.3      0.0      0.0      0.0    -63.2    -63.2     -8.8     -5.1    -21.2
  31 24 2020    124.4     48.7      0.0      0.0      0.0     75.7     75.7    214.4    283.4      0.0      0.0      0.0    -69.1    -69.1     -3.0    -14.8    -11.2
  32 12 2020     89.3     36.7      0.0      0.0      0.0     52.6     52.6    210.0    268.5      0.0      0.0      0.0    -58.6    -58.6     -0.2     -8.1    -14.3
  32 24 2020    115.2     48.1      0.0      0.0      0.0     67.1     67.1    227.3    288.2      0.0      0.0      0.0    -61.0    -61.0     14.7    -15.2      5.6
  33 12 2020     98.5     40.4      0.0      0.0      0.0     58.1     58.1    213.9    273.1      0.0      0.0      0.0    -59.2    -59.2      9.5     -4.4      4.0
  33 24 2020    132.9     55.7      0.0      0.0      0.0     77.2     77.2    217.0    290.5      0.0      0.0      0.0    -73.5    -73.5      5.4    -14.4     -5.3
  34 12 2020    100.2     41.0      0.0      0.0      0.0     59.3     59.3    197.6    266.9      0.0      0.0      0.0    -69.3    -69.3     -7.7     -3.5    -21.2
  34 24 2020    129.2     52.0      0.0      0.0      0.0     77.3     77.3    217.9    285.7      0.0      0.0      0.0    -67.8    -67.8     -1.1     -6.2      2.2
  35 12 2020    102.1     36.8      0.0      0.0      0.0     65.3     65.3    213.3    273.1      0.0      0.0      0.0    -59.8    -59.8      4.0     -3.6      5.9
  35 24 2020    132.1     49.9      0.0      0.0      0.0     82.2     82.2    223.8    294.0      0.0      0.0      0.0    -70.2    -70.2      3.4    -10.4      4.9
  36 12 2020     99.7     35.6      0.0      0.0      0.0     64.1     64.1    212.9    272.7      0.0      0.0      0.0    -59.8    -59.8     -4.4     -3.3     -3.4
  36 24 2020    124.3     47.2      0.0      0.0      0.0     77.1     77.1    201.6    278.3      0.0      0.0      0.0    -76.7    -76.7    -23.4    -13.8    -36.8
  37 12 2020     93.9     40.0      0.0      0.0      0.0     53.9     53.9    202.2    263.1      0.0      0.0      0.0    -60.9    -60.9    -15.2     -7.7    -29.9
  37 24 2020    124.2     52.8      0.0      0.0      0.0     71.5     71.5    208.7    273.6      0.0      0.0      0.0    -64.8    -64.8    -13.3    -10.7    -17.4
  38 12 2020    100.2     40.4      0.0      0.0      0.0     59.8     59.8    212.6    268.5      0.0      0.0      0.0    -55.9    -55.9     -3.1     -3.0     -2.3
  38 24 2020    127.7     51.7      0.0      0.0      0.0     76.0     76.0    227.2    287.5      0.0      0.0      0.0    -60.3    -60.3     10.6    -12.0     14.2
  39 12 2020    105.6     39.4      0.0      0.0      0.0     66.2     66.2    216.1    273.5      0.0      0.0      0.0    -57.5    -57.5     -2.4     -1.9      4.4
  39 24 2020    135.2     51.8      0.0      0.0      0.0     83.5     83.5    218.5    289.7      0.0      0.0      0.0    -71.1    -71.1     -4.0     -7.2      1.1
  40 12 2020     93.3     33.3      0.0      0.0      0.0     60.0     60.0    214.5    271.5      0.0      0.0      0.0    -56.9    -56.9     -6.5     -3.3     -6.8
  40 24 2020    126.8     47.5      0.0      0.0      0.0     79.3     79.3    222.1    287.7      0.0      0.0      0.0    -65.6    -65.6     -7.4     -8.2     -1.8
  41 12 2020    103.4     36.3      0.0      0.0      0.0     67.1     67.1    216.3    272.6      0.0      0.0      0.0    -56.3    -56.3     -4.5     -2.4      3.9
  41 24 2020    121.9     44.2      0.0      0.0      0.0     77.7     77.7    218.4    287.8      0.0      0.0      0.0    -69.5    -69.5     -9.3     -8.2     -9.3
  42 12 2020    104.2     33.8      0.0      0.0      0.0     70.4     70.4    213.3    270.6      0.0      0.0      0.0    -57.3    -57.3    -13.8     -0.8     -2.3
  42 24 2020    125.3     41.1      0.0      0.0      0.0     84.1     84.1    232.2    292.5      0.0      0.0      0.0    -60.3    -60.3    -11.0     -7.7      5.1
  43 12 2020    100.7     31.4      0.0      0.0      0.0     69.3     69.3    218.1    272.6      0.0      0.0      0.0    -54.5    -54.5    -10.8     -1.3      2.8
  43 24 2020    136.0     43.8      0.0      0.0      0.0     92.2     92.2    231.5    296.2      0.0      0.0      0.0    -64.7    -64.7    -12.1     -8.0      7.4
  44 12 2020     52.3     16.0      0.0      0.0      0.0     36.3     36.3    236.4    274.2      0.0      0.0      0.0    -37.8    -37.8     -8.5     -0.2    -10.2
  44 24 2020    107.1     33.1      0.0      0.0      0.0     74.0     74.0    234.8    286.9      0.0      0.0      0.0    -52.2    -52.2    -24.7     -6.5     -9.3
  45 12 2020    110.0     33.6      0.0      0.0      0.0     76.4     76.4    205.6    268.6      0.0      0.0      0.0    -63.1    -63.1    -19.4     -1.9     -8.6
  45 24 2020    133.7     41.5      0.0      0.0      0.0     92.1     92.1    220.8    289.7      0.0      0.0      0.0    -68.9    -68.9    -19.1     -9.5     -5.4
  46 12 2020    104.2     31.7      0.0      0.0      0.0     72.5     72.5    214.2    271.1      0.0      0.0      0.0    -56.9    -56.9    -11.2     -0.8      3.6
  46 24 2020    143.9     43.8      0.0      0.0      0.0    100.1    100.1    239.7    300.4      0.0      0.0      0.0    -60.7    -60.7     -9.4     -7.1     23.0
  47 12 2020    114.0     32.9      0.0      0.0      0.0     81.1     81.1    215.6    276.3      0.0      0.0      0.0    -60.7    -60.7    -11.4     -1.5      7.4
  47 24 2020    143.2     44.8      0.0      0.0      0.0     98.4     98.4    217.1    290.3      0.0      0.0      0.0    -73.2    -73.2    -37.1    -11.1    -23.0
  48 12 2020    115.1     37.1      0.0      0.0      0.0     78.0     78.0    194.6    264.4      0.0      0.0      0.0    -69.9    -69.9    -23.8     -3.7    -19.6
  48 24 2020    146.8     48.5      0.0      0.0      0.0     98.3     98.3    199.6    276.5      0.0      0.0      0.0    -76.9    -76.9    -44.5     -8.8    -31.8
  49 12 2020    117.0     42.1      0.0      0.0      0.0     74.9     74.9    183.7    259.0      0.0      0.0      0.0    -75.3    -75.3    -30.4     -2.7    -34.1
  49 24 2020    149.7     48.8      0.0      0.0      0.0    100.9    100.9    224.7    286.4      0.0      0.0      0.0    -61.7    -61.7     -7.7     -4.6     26.8
  50 12 2020    118.8     33.0      0.0      0.0      0.0     85.8     85.8    211.3    272.2      0.0      0.0      0.0    -60.9    -60.9    -12.1     -1.8     11.1
  50 24 2020    149.3     44.1      0.0      0.0      0.0    105.2    105.2    230.5    295.2      0.0      0.0      0.0    -64.7    -64.7    -13.1    -10.8     16.6
  51 12 2020    110.1     30.7      0.0      0.0      0.0     79.4     79.4    246.7    287.4      0.0      0.0      0.0    -40.7    -40.7      2.9     -0.7     40.8
  51 24 2020    134.2     41.9      0.0      0.0      0.0     92.3     92.3    226.3    299.1      0.0      0.0      0.0    -72.8    -72.8    -29.2    -13.5    -23.2
  52 12 2020    111.3     36.7      0.0      0.0      0.0     74.7     74.7    211.8    270.0      0.0      0.0      0.0    -58.1    -58.1    -20.1     -3.0     -6.5
  52 24 2020    103.3     34.9      0.0      0.0      0.0     68.4     68.4    239.8    291.1      0.0      0.0      0.0    -51.3    -51.3    -10.4    -10.7     -4.1
  53 12 2020    112.2     37.6      0.0      0.0      0.0     74.7     74.7    225.0    274.5      0.0      0.0      0.0    -49.4    -49.4     -8.1     -2.8     14.4
  53 24 2020    111.5     38.1      0.0      0.0      0.0     73.4     73.4    251.9    301.1      0.0      0.0      0.0    -49.3    -49.3     -2.9     -7.5     13.7
  54 12 2020    118.8     35.0      0.0      0.0      0.0     83.8     83.8    237.2    285.2      0.0      0.0      0.0    -48.0    -48.0     -0.3      2.3     37.8
  54 24 2020    145.0     43.3      0.0      0.0      0.0    101.7    101.7    267.5    323.2      0.0      0.0      0.0    -55.7    -55.7     -4.0     -5.6     36.4
  55 12 2020     66.7     19.2      0.0      0.0      0.0     47.6     47.6    276.0    299.0      0.0      0.0      0.0    -23.0    -23.0     -2.0      0.2     22.8
  55 24 2020     84.5     24.0      0.0      0.0      0.0     60.5     60.5    290.4    321.5      0.0      0.0      0.0    -31.0    -31.0     -4.3     -3.7     21.3
  56 12 2020    113.6     31.2      0.0      0.0      0.0     82.4     82.4    253.9    301.2      0.0      0.0      0.0    -47.3    -47.3     -3.2     -0.5     31.4
  56 24 2020    130.2     38.7      0.0      0.0      0.0     91.6     91.6    269.9    329.8      0.0      0.0      0.0    -59.9    -59.9     -7.3    -10.2     14.1
  57 12 2020    127.6     40.5      0.0      0.0      0.0     87.1     87.1    240.4    300.2      0.0      0.0      0.0    -59.8    -59.8     -6.0     -3.2     18.1
  57 24 2020    158.3     56.5      0.0      0.0      0.0    101.8    101.8    261.3    328.4      0.0      0.0      0.0    -67.1    -67.1    -10.4    -12.5     11.9
  58 12 2020     88.5     33.1      0.0      0.0      0.0     55.4     55.4    258.9    298.1      0.0      0.0      0.0    -39.2    -39.2    -27.0     -5.1    -15.9
  58 24 2020     55.8     21.4      0.0      0.0      0.0     34.3     34.3    248.5    292.0      0.0      0.0      0.0    -43.6    -43.6    -33.7     -7.7    -50.6
  59 12 2020     13.1      4.8      0.0      0.0      0.0      8.3      8.3    247.6    271.9      0.0      0.0      0.0    -24.4    -24.4    -25.7     -1.2    -43.0
  59 24 2020     14.8      5.1      0.0      0.0      0.0      9.7      9.7    269.4    285.0      0.0      0.0      0.0    -15.6    -15.6     -6.3      0.9    -11.3
  60 12 2020     71.8     20.7      0.0      0.0      0.0     51.1     51.1    261.4    284.6      0.0      0.0      0.0    -23.3    -23.3     -9.9      1.6     19.4
  60 24 2020     61.9     10.9      0.0      0.0      0.0     51.0     51.0    284.3    310.2      0.0      0.0      0.0    -25.8    -25.8     -9.3     -2.1     13.8
  61 12 2020    146.7     19.7      0.0      0.0      0.0    127.0    127.0    235.3    296.7      0.0      0.0      0.0    -61.5    -61.5    -12.9     -0.8     51.8
  61 24 2020    166.3     32.2      0.0      0.0      0.0    134.1    134.1    257.2    334.4      0.0      0.0      0.0    -77.1    -77.1    -29.0    -17.8     10.2
  62 12 2020    133.6     35.2      0.0      0.0      0.0     98.4     98.4    239.3    300.9      0.0      0.0      0.0    -61.6    -61.6    -15.6     -1.9     19.3
  62 24 2020    156.6     46.2      0.0      0.0      0.0    110.4    110.4    267.9    331.7      0.0      0.0      0.0    -63.7    -63.7    -21.3    -11.7     13.7
  63 12 2020    129.2     37.6      0.0      0.0      0.0     91.6     91.6    252.5    308.0      0.0      0.0      0.0    -55.4    -55.4     -8.9     -1.7     25.6
  63 24 2020    162.8     55.7      0.0      0.0      0.0    107.0    107.0    273.7    336.7      0.0      0.0      0.0    -63.0    -63.0    -13.7    -18.9     11.5
  64 12 2020    118.5     43.0      0.0      0.0      0.0     75.5     75.5    251.3    307.1      0.0      0.0      0.0    -55.8    -55.8     -6.4     -1.1     12.2
  64 24 2020    165.8     64.1      0.0      0.0      0.0    101.7    101.7    281.4    341.2      0.0      0.0      0.0    -59.8    -59.8     -4.4    -16.1     21.3
  65 12 2020    113.6     44.3      0.0      0.0      0.0     69.3     69.3    253.0    308.6      0.0      0.0      0.0    -55.5    -55.5    -14.6     -0.4     -1.2
  65 24 2020    166.6     67.1      0.0      0.0      0.0     99.5     99.5    260.4    325.8      0.0      0.0      0.0    -65.4    -65.4    -30.5    -11.4     -7.7
  66 12 2020    147.1     60.2      0.0      0.0      0.0     86.9     86.9    230.2    298.9      0.0      0.0      0.0    -68.7    -68.7    -16.0     -3.6     -1.4
  66 24 2020    176.0     74.6      0.0      0.0      0.0    101.4    101.4    244.6    323.1      0.0      0.0      0.0    -78.5    -78.5    -16.6    -10.7     -4.5
  67 12 2020    126.7     53.2      0.0      0.0      0.0     73.5     73.5    248.5    301.7      0.0      0.0      0.0    -53.2    -53.2    -12.2     -2.2      6.0
  67 24 2020    125.2     53.2      0.0      0.0      0.0     72.0     72.0    277.4    326.0      0.0      0.0      0.0    -48.6    -48.6     -8.2     -6.5      8.6
  68 12 2020    129.7     48.7      0.0      0.0      0.0     80.9     80.9    264.8    313.1      0.0      0.0      0.0    -48.4    -48.4     -4.6      2.3     30.3
  68 24 2020    160.4     61.9      0.0      0.0      0.0     98.5     98.5    287.7    346.8      0.0      0.0      0.0    -59.1    -59.1    -10.1     -6.1     23.2
  69 12 2020    131.8     48.6      0.0      0.0      0.0     83.3     83.3    269.4    318.1      0.0      0.0      0.0    -48.7    -48.7    -13.9      1.0     21.6
  69 24 2020    127.8     48.6      0.0      0.0      0.0     79.3     79.3    299.3    347.9      0.0      0.0      0.0    -48.6    -48.6     -9.0     -6.0     15.7
  70 12 2020    132.9     46.3      0.0      0.0      0.0     86.7     86.7    273.2    325.3      0.0      0.0      0.0    -52.0    -52.0     -6.2      0.9     29.4
  70 24 2020    169.8     65.6      0.0      0.0      0.0    104.2    104.2    298.5    359.9      0.0      0.0      0.0    -61.3    -61.3     -8.4    -10.6     23.9
  71 12 2020    123.2     47.4      0.0      0.0      0.0     75.8     75.8    275.7    326.7      0.0      0.0      0.0    -51.0    -51.0    -13.2      0.3     12.0
  71 24 2020    156.1     62.7      0.0      0.0      0.0     93.3     93.3    310.7    360.0      0.0      0.0      0.0    -49.2    -49.2     -7.6     -7.5     29.0
  72 12 2020    133.7     51.5      0.0      0.0      0.0     82.2     82.2    281.6    332.9      0.0      0.0      0.0    -51.3    -51.3    -12.0      0.1     18.8
  72 24 2020    136.4     55.1      0.0      0.0      0.0     81.3     81.3    302.6    356.9      0.0      0.0      0.0    -54.2    -54.2    -10.8    -11.3      5.0
  73 12 2020    137.0     56.8      0.0      0.0      0.0     80.2     80.2    270.0    326.0      0.0      0.0      0.0    -56.0    -56.0    -14.4     -1.3      8.4
  73 24 2020    161.6     68.5      0.0      0.0      0.0     93.1     93.1    311.9    363.4      0.0      0.0      0.0    -51.5    -51.5     -3.8     -9.7     28.1
  74 12 2020    100.7     41.4      0.0      0.0      0.0     59.3     59.3    290.2    334.8      0.0      0.0      0.0    -44.7    -44.7     -5.3      1.4     10.8
  74 24 2020    170.3     71.0      0.0      0.0      0.0     99.3     99.3    315.9    369.0      0.0      0.0      0.0    -53.1    -53.1     -6.1    -13.6     26.4
  75 12 2020    126.0     53.6      0.0      0.0      0.0     72.4     72.4    240.9    313.7      0.0      0.0      0.0    -72.8    -72.8    -33.8    -11.4    -45.6
  75 24 2020    144.9     61.7      0.0      0.0      0.0     83.2     83.2    262.1    327.0      0.0      0.0      0.0    -64.9    -64.9    -29.1    -14.9    -25.8
  76 12 2020     68.2     29.0      0.0      0.0      0.0     39.2     39.2    272.6    309.2      0.0      0.0      0.0    -36.7    -36.7    -11.6     -4.1    -13.2
  76 24 2020    107.7     45.8      0.0      0.0      0.0     61.8     61.8    289.5    329.4      0.0      0.0      0.0    -39.9    -39.9    -14.5     -9.0     -1.6
  77 12 2020     79.6     33.9      0.0      0.0      0.0     45.7     45.7    287.3    314.1      0.0      0.0      0.0    -26.9    -26.9    -14.0     -6.3     -1.4
  77 24 2020     59.3     25.3      0.0      0.0      0.0     34.1     34.1    307.1    329.8      0.0      0.0      0.0    -22.7    -22.7     -4.5     -6.5      0.4
  78 12 2020     65.1     27.7      0.0      0.0      0.0     37.4     37.4    295.0    319.7      0.0      0.0      0.0    -24.7    -24.7     -7.1      0.6      6.3
  78 24 2020     86.4     36.8      0.0      0.0      0.0     49.7     49.7    315.0    339.1      0.0      0.0      0.0    -24.1    -24.1     -8.3     -2.4     14.8
  79 12 2020     22.7      9.7      0.0      0.0      0.0     13.1     13.1    317.5    328.4      0.0      0.0      0.0    -11.0    -11.0      1.5     -0.2      3.4
  79 24 2020     51.5     21.9      0.0      0.0      0.0     29.6     29.6    316.9    332.6      0.0      0.0      0.0    -15.7    -15.7      0.8    -17.1     -2.4
  80 12 2020    146.7     62.5      0.0      0.0      0.0     84.2     84.2    256.0    314.8      0.0      0.0      0.0    -58.8    -58.8    -21.8     -9.2     -5.6
  80 24 2020    162.0     69.1      0.0      0.0      0.0     92.9     92.9    256.2    320.9      0.0      0.0      0.0    -64.7    -64.7    -40.1    -18.2    -30.0
  81 12 2020    153.8     65.5      0.0      0.0      0.0     88.2     88.2    245.9    306.8      0.0      0.0      0.0    -61.0    -61.0    -13.8     -5.8      7.7
  81 24 2020    180.7     77.1      0.0      0.0      0.0    103.6    103.6    265.4    332.7      0.0      0.0      0.0    -67.3    -67.3    -19.7    -19.1     -2.5
  82 12 2020    157.1     66.9      0.0      0.0      0.0     90.1     90.1    252.7    312.2      0.0      0.0      0.0    -59.5    -59.5     -9.0     -4.9     16.7
  82 24 2020    179.0     76.4      0.0      0.0      0.0    102.6    102.6    283.1    347.0      0.0      0.0      0.0    -63.9    -63.9     -0.4    -22.8     15.5
  83 12 2020    152.7     65.1      0.0      0.0      0.0     87.6     87.6    270.9    324.0      0.0      0.0      0.0    -53.1    -53.1     -4.2     -3.3     27.0
  83 24 2020    169.2     72.2      0.0      0.0      0.0     97.0     97.0    306.3    361.8      0.0      0.0      0.0    -55.5    -55.5      7.9    -22.0     27.4
  84 12 2020    159.7     68.1      0.0      0.0      0.0     91.5     91.5    275.6    333.5      0.0      0.0      0.0    -57.9    -57.9     -2.1     -7.0     24.6
  84 24 2020    179.8     76.8      0.0      0.0      0.0    103.0    103.0    302.4    366.2      0.0      0.0      0.0    -63.8    -63.8     -2.5    -18.4     18.2
  85 12 2020    142.7     60.9      0.0      0.0      0.0     81.8     81.8    299.3    340.9      0.0      0.0      0.0    -41.6    -41.6     -2.0     -7.4     30.7
  85 24 2020    124.3     53.1      0.0      0.0      0.0     71.2     71.2    342.0    375.7      0.0      0.0      0.0    -33.6    -33.6      6.2    -15.4     28.3
  86 12 2020    138.6     59.2      0.0      0.0      0.0     79.4     79.4    297.8    348.1      0.0      0.0      0.0    -50.3    -50.3      4.1    -10.3     23.0
  86 24 2020    183.0     78.3      0.0      0.0      0.0    104.7    104.7    310.4    373.4      0.0      0.0      0.0    -63.0    -63.0     -7.8    -29.5      4.4
  87 12 2020    132.5     56.6      0.0      0.0      0.0     75.9     75.9    297.2    342.1      0.0      0.0      0.0    -44.8    -44.8     -5.3     -9.5     16.2
  87 24 2020    124.2     53.2      0.0      0.0      0.0     71.1     71.1    330.8    372.4      0.0      0.0      0.0    -41.6    -41.6     17.8    -35.0     12.2
  88 12 2020    156.8     67.1      0.0      0.0      0.0     89.7     89.7    275.7    338.3      0.0      0.0      0.0    -62.6    -62.6    -15.6    -10.0      1.6
  88 24 2020    147.8     63.3      0.0      0.0      0.0     84.5     84.5    294.7    356.5      0.0      0.0      0.0    -61.8    -61.8    -12.7    -18.3     -8.4
  89 12 2020    137.2     58.7      0.0      0.0      0.0     78.6     78.6    293.7    340.6      0.0      0.0      0.0    -47.0    -47.0     -3.4     -4.9     23.3
  89 24 2020    166.0     71.1      0.0      0.0      0.0     94.9     94.9    314.5    370.1      0.0      0.0      0.0    -55.6    -55.6     -7.1    -18.9     13.4
  90 12 2020    100.7     43.0      0.0      0.0      0.0     57.6     57.6    313.1    346.6      0.0      0.0      0.0    -33.4    -33.4     -3.4     -5.5     15.3
  90 24 2020    121.9     52.2      0.0      0.0      0.0     69.7     69.7    346.5    375.6      0.0      0.0      0.0    -29.2    -29.2      4.6    -18.6     26.6
  91 12 2020     14.0      6.0      0.0      0.0      0.0      8.0      8.0    338.9    351.5      0.0      0.0      0.0    -12.6    -12.6      3.5     -8.6     -9.6
  91 24 2020     14.2      5.0      0.0      0.0      0.0      9.2      9.2    329.4    347.0      0.0      0.0      0.0    -17.6    -17.6     -6.6      1.6    -13.4
  92 12 2020    120.2     15.9      0.0      0.0      0.0    104.4    104.4    308.6    350.0      0.0      0.0      0.0    -41.4    -41.4    -16.0     -0.2     46.8
  92 24 2020    145.3     38.6      0.0      0.0      0.0    106.8    106.8    332.9    380.8      0.0      0.0      0.0    -47.9    -47.9    -22.0    -19.8     17.0
  93 12 2020    172.2     69.3      0.0      0.0      0.0    102.9    102.9    302.6    356.9      0.0      0.0      0.0    -54.3    -54.3    -15.3     -9.4     24.0
  93 24 2020    173.8     74.3      0.0      0.0      0.0     99.6     99.6    304.4    367.8      0.0      0.0      0.0    -63.5    -63.5    -23.2    -26.4    -13.6
  94 12 2020    200.5     85.6      0.0      0.0      0.0    114.9    114.9    272.0    342.2      0.0      0.0      0.0    -70.2    -70.2    -24.5     -8.0     12.2
  94 24 2020    218.8     93.5      0.0      0.0      0.0    125.2    125.2    285.9    367.5      0.0      0.0      0.0    -81.6    -81.6    -22.8    -24.1     -3.3
  95 12 2020    187.8     80.2      0.0      0.0      0.0    107.6    107.6    281.3    345.3      0.0      0.0      0.0    -63.9    -63.9    -13.9     -6.3     23.5
  95 24 2020    208.9     89.4      0.0      0.0      0.0    119.5    119.5    308.6    377.0      0.0      0.0      0.0    -68.4    -68.4    -15.5    -22.5     13.0
  96 12 2020     46.8     10.4      0.0      0.0      0.0     36.4     36.4    331.7    353.0      0.0      0.0      0.0    -21.3    -21.3    -18.6      0.8     -2.8
  96 24 2020     45.7     12.2      0.0      0.0      0.0     33.5     33.5    331.2    353.7      0.0      0.0      0.0    -22.5    -22.5    -18.9     -2.1    -10.1
  97 12 2020    186.6     56.8      0.0      0.0      0.0    129.8    129.8    294.3    356.1      0.0      0.0      0.0    -61.8    -61.8    -11.1     -2.3     54.5
  97 24 2020    225.7     91.6      0.0      0.0      0.0    134.2    134.2    309.6    388.3      0.0      0.0      0.0    -78.6    -78.6    -21.4    -24.7      9.3
  98 12 2020    215.5     91.9      0.0      0.0      0.0    123.6    123.6    281.0    354.8      0.0      0.0      0.0    -73.9    -73.9    -16.0     -4.1     29.6
  98 24 2020    246.7    105.5      0.0      0.0      0.0    141.2    141.2    295.3    387.6      0.0      0.0      0.0    -92.3    -92.3    -13.4    -32.7      2.7
  99 12 2020    219.8     93.9      0.0      0.0      0.0    125.9    125.9    286.4    357.8      0.0      0.0      0.0    -71.5    -71.5    -12.5     -7.2     34.7
  99 24 2020    221.9     95.1      0.0      0.0      0.0    126.9    126.9    307.6    390.4      0.0      0.0      0.0    -82.8    -82.8    -11.0    -28.7      4.4
 100 12 2020    214.1     91.5      0.0      0.0      0.0    122.6    122.6    297.1    364.1      0.0      0.0      0.0    -67.0    -67.0    -10.9     -4.3     40.4
 100 24 2020    212.6     91.1      0.0      0.0      0.0    121.5    121.5    316.1    394.7      0.0      0.0      0.0    -78.5    -78.5     -9.8    -30.3      2.9
 101 12 2020    165.1     70.6      0.0      0.0      0.0     94.5     94.5    331.9    372.0      0.0      0.0      0.0    -40.1    -40.1    -19.2     -1.4     33.8
 101 24 2020     90.7     38.8      0.0      0.0      0.0     51.9     51.9    352.8    388.8      0.0      0.0      0.0    -36.1    -36.1     -7.1     -8.3      0.5
 102 12 2020    200.9     85.8      0.0      0.0      0.0    115.1    115.1    315.4    373.5      0.0      0.0      0.0    -58.1    -58.1    -16.3     -2.4     38.3
 102 24 2020    210.2     90.1      0.0      0.0      0.0    120.2    120.2    326.9    396.1      0.0      0.0      0.0    -69.2    -69.2    -25.4    -32.4     -6.9
 103 12 2020    173.6     74.3      0.0      0.0      0.0     99.3     99.3    275.9    345.0      0.0      0.0      0.0    -69.1    -69.1    -55.4     -9.7    -34.9
 103 24 2020    228.5     97.9      0.0      0.0      0.0    130.6    130.6    270.1    354.2      0.0      0.0      0.0    -84.2    -84.2    -58.4    -25.3    -37.3
 104 12 2020    234.2    100.3      0.0      0.0      0.0    133.9    133.9    244.6    332.0      0.0      0.0      0.0    -87.5    -87.5    -30.2    -11.7      4.5
 104 24 2020    236.0    101.3      0.0      0.0      0.0    134.7    134.7    272.3    361.2      0.0      0.0      0.0    -88.9    -88.9    -32.0    -29.7    -15.9
 105 12 2020    223.7     95.8      0.0      0.0      0.0    127.8    127.8    273.0    343.6      0.0      0.0      0.0    -70.5    -70.5    -15.2     -8.8     33.3
 105 24 2020    232.2     99.7      0.0      0.0      0.0    132.4    132.4    287.5    371.2      0.0      0.0      0.0    -83.7    -83.7    -31.3    -33.5    -16.1
 106 12 2020    223.7     95.9      0.0      0.0      0.0    127.8    127.8    273.5    345.3      0.0      0.0      0.0    -71.8    -71.8    -17.6     -9.0     29.3
 106 24 2020    232.2     99.8      0.0      0.0      0.0    132.4    132.4    288.1    372.0      0.0      0.0      0.0    -83.9    -83.9    -33.3    -33.0    -17.8
 107 12 2020    223.7     96.0      0.0      0.0      0.0    127.7    127.7    274.0    345.8      0.0      0.0      0.0    -71.8    -71.8    -18.3     -8.9     28.7
 107 24 2020    232.2     99.9      0.0      0.0      0.0    132.3    132.3    288.7    372.3      0.0      0.0      0.0    -83.6    -83.6    -34.3    -32.5    -18.1
 108 12 2020    223.7     96.0      0.0      0.0      0.0    127.7    127.7    274.5    346.1      0.0      0.0      0.0    -71.6    -71.6    -18.7     -8.7     28.6
 108 24 2020    232.2     99.9      0.0      0.0      0.0    132.3    132.3    289.3    372.6      0.0      0.0      0.0    -83.4    -83.4    -35.0    -32.1    -18.2
 109 12 2020    223.7     96.1      0.0      0.0      0.0    127.6    127.6    275.0    346.4      0.0      0.0      0.0    -71.4    -71.4    -19.1     -8.6     28.6
 109 24 2020    232.2    100.0      0.0      0.0      0.0    132.2    132.2    289.8    372.9      0.0      0.0      0.0    -83.1    -83.1    -35.7    -31.7    -18.2
 110 12 2020    223.7     96.1      0.0      0.0      0.0    127.6    127.6    275.4    346.6      0.0      0.0      0.0    -71.1    -71.1    -19.4     -8.4     28.6
 110 24 2020    232.2    100.0      0.0      0.0      0.0    132.2    132.2    290.3    373.1      0.0      0.0      0.0    -82.8    -82.8    -36.3    -31.3    -18.2
 111 12 2020    223.7     96.1      0.0      0.0      0.0    127.5    127.5    275.9    346.8      0.0      0.0      0.0    -70.9    -70.9    -19.7     -8.3     28.6
 111 24 2020    232.2    100.0      0.0      0.0      0.0    132.1    132.1    292.2    373.8      0.0      0.0      0.0    -81.6    -81.6    -35.9    -30.3    -15.5
 112 12 2020    165.1     70.9      0.0      0.0      0.0     94.1     94.1    308.4    351.6      0.0      0.0      0.0    -43.2    -43.2    -19.4     -5.3     26.2
 112 24 2020     90.7     39.1      0.0      0.0      0.0     51.7     51.7    330.9    369.8      0.0      0.0      0.0    -38.9    -38.9     -6.4    -18.0    -11.6
 113 12 2020    200.9     86.3      0.0      0.0      0.0    114.6    114.6    304.5    359.7      0.0      0.0      0.0    -55.3    -55.3     -5.2     -7.0     47.1
 113 24 2020    210.2     90.6      0.0      0.0      0.0    119.7    119.7    326.8    395.1      0.0      0.0      0.0    -68.3    -68.3     -7.6    -31.7     12.0
 114 12 2020    173.6     74.7      0.0      0.0      0.0     98.9     98.9    318.9    370.6      0.0      0.0      0.0    -51.7    -51.7      8.8    -14.9     41.1
 114 24 2020    228.5     98.7      0.0      0.0      0.0    129.8    129.8    329.4    398.1      0.0      0.0      0.0    -68.8    -68.8     -9.0    -44.1      7.9
 115 12 2020    234.2    101.0      0.0      0.0      0.0    133.1    133.1    298.1    371.9      0.0      0.0      0.0    -73.8    -73.8     -7.3    -22.1     30.0
 115 24 2020    236.0    102.1      0.0      0.0      0.0    133.9    133.9    294.1    384.4      0.0      0.0      0.0    -90.3    -90.3    -36.7    -33.7    -26.9
 116 12 2020    223.7     96.5      0.0      0.0      0.0    127.2    127.2    286.6    358.1      0.0      0.0      0.0    -71.6    -71.6    -14.6    -13.4     27.6
 116 24 2020    232.1    100.4      0.0      0.0      0.0    131.7    131.7    300.7    386.4      0.0      0.0      0.0    -85.8    -85.8    -24.7    -35.2    -13.9
 117 12 2020    272.9    117.8      0.0      0.0      0.0    155.1    155.1    266.3    358.7      0.0      0.0      0.0    -92.4    -92.4    -10.4    -12.4     39.9
 117 24 2020    305.7    132.4      0.0      0.0      0.0    173.3    173.3    290.2    400.4      0.0      0.0      0.0   -110.2   -110.2    -20.1    -42.8      0.1
 118 12 2020    240.6    104.0      0.0      0.0      0.0    136.7    136.7    292.2    368.3      0.0      0.0      0.0    -76.1    -76.1      0.2    -14.2     46.6
 118 24 2020    271.5    117.8      0.0      0.0      0.0    153.6    153.6    330.9    420.2      0.0      0.0      0.0    -89.3    -89.3      3.6    -43.2     24.7
 119 12 2020    287.8    124.6      0.0      0.0      0.0    163.2    163.2    308.8    387.9      0.0      0.0      0.0    -79.2    -79.2     -0.5    -20.0     63.5
 119 24 2020    224.7     97.8      0.0      0.0      0.0    126.9    126.9    341.3    426.4      0.0      0.0      0.0    -85.0    -85.0     14.9    -47.9      8.9
 120 12 2020    282.8    122.5      0.0      0.0      0.0    160.3    160.3    299.0    387.6      0.0      0.0      0.0    -88.5    -88.5    -23.8    -16.8     31.2
 120 24 2020    279.7    121.7      0.0      0.0      0.0    158.0    158.0    292.5    403.3      0.0      0.0      0.0   -110.8   -110.8    -40.1    -37.3    -30.2
