
                     FROST AND SNOW DEPTH


 DAY HR  YR     THAW   FROST    SNOW     SWE      ICE CONTENT OF EACH NODE (M3/M3)
                 CM      CM      CM       MM        0.00  0.01  0.02  0.03  0.04  0.05  0.10  0.20  0.30  0.40  0.50  0.60  0.70  0.80  0.90  1.00  1.10  1.20  1.30  1.40  1.50  1.60  1.70  1.80  1.95  2.05  2.15  2.25  2.35  2.45  2.55  2.65  2.75  2.85  2.95
 350 12 2019     0.0     0.0     0.0     0.0       0.000 0.000 0.000 0.000 0.000 0.000 0.000 0.000 0.000 0.000 0.000 0.000 0.000 0.000 0.000 0.000 0.000 0.000 0.000 0.000 0.000 0.000 0.000 0.000 0.000 0.000 0.000 0.000 0.000 0.000 0.000 0.000 0.000 0.000 0.000
 350 24 2019     7.4     7.5     0.0     0.0       0.000 0.000 0.000 0.000 0.000 0.007 0.000 0.000 0.000 0.000 0.000 0.000 0.000 0.000 0.000 0.000 0.000 0.000 0.000 0.000 0.000 0.000 0.000 0.000 0.000 0.000 0.000 0.000 0.000 0.000 0.000 0.000 0.000 0.000 0.000
 351 12 2019     8.2     8.3     0.0     0.0       0.000 0.000 0.000 0.000 0.000 0.000 0.035 0.000 0.000 0.000 0.000 0.000 0.000 0.000 0.000 0.000 0.000 0.000 0.000 0.000 0.000 0.000 0.000 0.000 0.000 0.000 0.000 0.000 0.000 0.000 0.000 0.000 0.000 0.000 0.000
 351 24 2019     4.5     7.8     0.0     0.0       0.000 0.000 0.000 0.000 0.005 0.018 0.013 0.000 0.000 0.000 0.000 0.000 0.000 0.000 0.000 0.000 0.000 0.000 0.000 0.000 0.000 0.000 0.000 0.000 0.000 0.000 0.000 0.000 0.000 0.000 0.000 0.000 0.000 0.000 0.000
 352 12 2019     8.4     8.6     0.0     0.0       0.000 0.000 0.000 0.000 0.000 0.000 0.046 0.000 0.000 0.000 0.000 0.000 0.000 0.000 0.000 0.000 0.000 0.000 0.000 0.000 0.000 0.000 0.000 0.000 0.000 0.000 0.000 0.000 0.000 0.000 0.000 0.000 0.000 0.000 0.000
 352 24 2019     3.5     7.9     0.0     0.0       0.000 0.000 0.000 0.004 0.009 0.019 0.016 0.000 0.000 0.000 0.000 0.000 0.000 0.000 0.000 0.000 0.000 0.000 0.000 0.000 0.000 0.000 0.000 0.000 0.000 0.000 0.000 0.000 0.000 0.000 0.000 0.000 0.000 0.000 0.000
 353 12 2019    13.9    15.0     0.0     0.0       0.000 0.000 0.000 0.000 0.000 0.000 0.046 0.000 0.000 0.000 0.000 0.000 0.000 0.000 0.000 0.000 0.000 0.000 0.000 0.000 0.000 0.000 0.000 0.000 0.000 0.000 0.000 0.000 0.000 0.000 0.000 0.000 0.000 0.000 0.000
 353 24 2019     3.5     8.0     0.0     0.0       0.000 0.000 0.000 0.005 0.010 0.019 0.019 0.000 0.000 0.000 0.000 0.000 0.000 0.000 0.000 0.000 0.000 0.000 0.000 0.000 0.000 0.000 0.000 0.000 0.000 0.000 0.000 0.000 0.000 0.000 0.000 0.000 0.000 0.000 0.000
 354 12 2019    13.8    15.3     0.0     0.0       0.000 0.000 0.000 0.000 0.000 0.000 0.052 0.008 0.000 0.000 0.000 0.000 0.000 0.000 0.000 0.000 0.000 0.000 0.000 0.000 0.000 0.000 0.000 0.000 0.000 0.000 0.000 0.000 0.000 0.000 0.000 0.000 0.000 0.000 0.000
 354 24 2019     3.5     8.0     0.0     0.0       0.000 0.000 0.000 0.004 0.009 0.018 0.019 0.000 0.000 0.000 0.000 0.000 0.000 0.000 0.000 0.000 0.000 0.000 0.000 0.000 0.000 0.000 0.000 0.000 0.000 0.000 0.000 0.000 0.000 0.000 0.000 0.000 0.000 0.000 0.000
 355 12 2019    13.9    15.3     0.0     0.0       0.000 0.000 0.000 0.000 0.000 0.000 0.049 0.009 0.000 0.000 0.000 0.000 0.000 0.000 0.000 0.000 0.000 0.000 0.000 0.000 0.000 0.000 0.000 0.000 0.000 0.000 0.000 0.000 0.000 0.000 0.000 0.000 0.000 0.000 0.000
 355 24 2019     4.5     8.0     0.0     0.0       0.000 0.000 0.000 0.000 0.006 0.014 0.018 0.000 0.000 0.000 0.000 0.000 0.000 0.000 0.000 0.000 0.000 0.000 0.000 0.000 0.000 0.000 0.000 0.000 0.000 0.000 0.000 0.000 0.000 0.000 0.000 0.000 0.000 0.000 0.000
 356 12 2019    14.0    15.4     0.0     0.0       0.000 0.000 0.000 0.000 0.000 0.000 0.043 0.011 0.000 0.000 0.000 0.000 0.000 0.000 0.000 0.000 0.000 0.000 0.000 0.000 0.000 0.000 0.000 0.000 0.000 0.000 0.000 0.000 0.000 0.000 0.000 0.000 0.000 0.000 0.000
 356 24 2019     2.5     7.9     0.0     0.0       0.000 0.000 0.006 0.007 0.014 0.017 0.016 0.000 0.000 0.000 0.000 0.000 0.000 0.000 0.000 0.000 0.000 0.000 0.000 0.000 0.000 0.000 0.000 0.000 0.000 0.000 0.000 0.000 0.000 0.000 0.000 0.000 0.000 0.000 0.000
 357 12 2019    14.0    15.4     0.0     0.0       0.000 0.000 0.000 0.000 0.000 0.000 0.043 0.011 0.000 0.000 0.000 0.000 0.000 0.000 0.000 0.000 0.000 0.000 0.000 0.000 0.000 0.000 0.000 0.000 0.000 0.000 0.000 0.000 0.000 0.000 0.000 0.000 0.000 0.000 0.000
 357 24 2019     7.5    15.1     0.0     0.0       0.000 0.000 0.000 0.000 0.000 0.002 0.012 0.003 0.000 0.000 0.000 0.000 0.000 0.000 0.000 0.000 0.000 0.000 0.000 0.000 0.000 0.000 0.000 0.000 0.000 0.000 0.000 0.000 0.000 0.000 0.000 0.000 0.000 0.000 0.000
 358 12 2019    14.0    15.4     0.0     0.0       0.000 0.000 0.000 0.000 0.000 0.000 0.042 0.010 0.000 0.000 0.000 0.000 0.000 0.000 0.000 0.000 0.000 0.000 0.000 0.000 0.000 0.000 0.000 0.000 0.000 0.000 0.000 0.000 0.000 0.000 0.000 0.000 0.000 0.000 0.000
 358 24 2019     2.5    15.1     0.0     0.0       0.000 0.000 0.011 0.016 0.020 0.024 0.019 0.004 0.000 0.000 0.000 0.000 0.000 0.000 0.000 0.000 0.000 0.000 0.000 0.000 0.000 0.000 0.000 0.000 0.000 0.000 0.000 0.000 0.000 0.000 0.000 0.000 0.000 0.000 0.000
 359 12 2019    13.7    15.5     0.0     0.0       0.000 0.000 0.000 0.000 0.000 0.000 0.056 0.016 0.000 0.000 0.000 0.000 0.000 0.000 0.000 0.000 0.000 0.000 0.000 0.000 0.000 0.000 0.000 0.000 0.000 0.000 0.000 0.000 0.000 0.000 0.000 0.000 0.000 0.000 0.000
 359 24 2019     2.5    15.4     0.0     0.0       0.000 0.000 0.008 0.015 0.020 0.026 0.022 0.011 0.000 0.000 0.000 0.000 0.000 0.000 0.000 0.000 0.000 0.000 0.000 0.000 0.000 0.000 0.000 0.000 0.000 0.000 0.000 0.000 0.000 0.000 0.000 0.000 0.000 0.000 0.000
 360 12 2019    13.9    15.7     0.0     0.0       0.000 0.000 0.000 0.000 0.000 0.000 0.048 0.020 0.000 0.000 0.000 0.000 0.000 0.000 0.000 0.000 0.000 0.000 0.000 0.000 0.000 0.000 0.000 0.000 0.000 0.000 0.000 0.000 0.000 0.000 0.000 0.000 0.000 0.000 0.000
 360 24 2019     2.5    15.3     0.0     0.0       0.000 0.000 0.007 0.009 0.013 0.015 0.013 0.008 0.000 0.000 0.000 0.000 0.000 0.000 0.000 0.000 0.000 0.000 0.000 0.000 0.000 0.000 0.000 0.000 0.000 0.000 0.000 0.000 0.000 0.000 0.000 0.000 0.000 0.000 0.000
 361 12 2019    14.1    15.6     0.0     0.0       0.000 0.000 0.000 0.000 0.000 0.000 0.037 0.016 0.000 0.000 0.000 0.000 0.000 0.000 0.000 0.000 0.000 0.000 0.000 0.000 0.000 0.000 0.000 0.000 0.000 0.000 0.000 0.000 0.000 0.000 0.000 0.000 0.000 0.000 0.000
 361 24 2019     4.5     7.7     0.0     0.0       0.000 0.000 0.000 0.000 0.005 0.009 0.007 0.000 0.000 0.000 0.000 0.000 0.000 0.000 0.000 0.000 0.000 0.000 0.000 0.000 0.000 0.000 0.000 0.000 0.000 0.000 0.000 0.000 0.000 0.000 0.000 0.000 0.000 0.000 0.000
 362 12 2019    14.4    15.4     0.0     0.0       0.000 0.000 0.000 0.000 0.000 0.000 0.024 0.011 0.000 0.000 0.000 0.000 0.000 0.000 0.000 0.000 0.000 0.000 0.000 0.000 0.000 0.000 0.000 0.000 0.000 0.000 0.000 0.000 0.000 0.000 0.000 0.000 0.000 0.000 0.000
 362 24 2019    15.1    15.1     0.0     0.0       0.000 0.000 0.000 0.000 0.000 0.000 0.000 0.000 0.000 0.000 0.000 0.000 0.000 0.000 0.000 0.000 0.000 0.000 0.000 0.000 0.000 0.000 0.000 0.000 0.000 0.000 0.000 0.000 0.000 0.000 0.000 0.000 0.000 0.000 0.000
 
 362 24 2019     0.0     0.0     0.0     0.0       0.000 0.000 0.000 0.000 0.000 0.000 0.000 0.000 0.000 0.000 0.000 0.000 0.000 0.000 0.000 0.000 0.000 0.000 0.000 0.000 0.000 0.000 0.000 0.000 0.000 0.000 0.000 0.000 0.000 0.000 0.000 0.000 0.000 0.000 0.000
 363 12 2019    14.5    15.2     0.0     0.0       0.000 0.000 0.000 0.000 0.000 0.000 0.022 0.007 0.000 0.000 0.000 0.000 0.000 0.000 0.000 0.000 0.000 0.000 0.000 0.000 0.000 0.000 0.000 0.000 0.000 0.000 0.000 0.000 0.000 0.000 0.000 0.000 0.000 0.000 0.000
 363 24 2019     0.0    15.4     0.0     0.0       0.032 0.057 0.063 0.066 0.065 0.069 0.045 0.013 0.000 0.000 0.000 0.000 0.000 0.000 0.000 0.000 0.000 0.000 0.000 0.000 0.000 0.000 0.000 0.000 0.000 0.000 0.000 0.000 0.000 0.000 0.000 0.000 0.000 0.000 0.000
 364 12 2019     1.4    16.3     0.0     0.0       0.000 0.015 0.045 0.066 0.079 0.099 0.100 0.038 0.000 0.000 0.000 0.000 0.000 0.000 0.000 0.000 0.000 0.000 0.000 0.000 0.000 0.000 0.000 0.000 0.000 0.000 0.000 0.000 0.000 0.000 0.000 0.000 0.000 0.000 0.000
 364 24 2019     0.0    25.4     0.0     0.0       0.040 0.077 0.095 0.102 0.105 0.118 0.107 0.055 0.011 0.000 0.000 0.000 0.000 0.000 0.000 0.000 0.000 0.000 0.000 0.000 0.000 0.000 0.000 0.000 0.000 0.000 0.000 0.000 0.000 0.000 0.000 0.000 0.000 0.000 0.000
 365 12 2019     1.4    25.8     0.0     0.0       0.000 0.026 0.066 0.089 0.104 0.128 0.140 0.083 0.022 0.000 0.000 0.000 0.000 0.000 0.000 0.000 0.000 0.000 0.000 0.000 0.000 0.000 0.000 0.000 0.000 0.000 0.000 0.000 0.000 0.000 0.000 0.000 0.000 0.000 0.000
 365 24 2019     0.0    26.2     0.0     0.0       0.042 0.074 0.102 0.111 0.115 0.129 0.128 0.092 0.036 0.000 0.000 0.000 0.000 0.000 0.000 0.000 0.000 0.000 0.000 0.000 0.000 0.000 0.000 0.000 0.000 0.000 0.000 0.000 0.000 0.000 0.000 0.000 0.000 0.000 0.000
   1 12 2020     1.4    35.2     0.0     0.0       0.000 0.013 0.066 0.091 0.107 0.133 0.152 0.111 0.050 0.005 0.000 0.000 0.000 0.000 0.000 0.000 0.000 0.000 0.000 0.000 0.000 0.000 0.000 0.000 0.000 0.000 0.000 0.000 0.000 0.000 0.000 0.000 0.000 0.000 0.000
   1 24 2020     0.0    35.3     0.0     0.0       0.040 0.063 0.090 0.105 0.110 0.126 0.132 0.111 0.063 0.009 0.000 0.000 0.000 0.000 0.000 0.000 0.000 0.000 0.000 0.000 0.000 0.000 0.000 0.000 0.000 0.000 0.000 0.000 0.000 0.000 0.000 0.000 0.000 0.000 0.000
   2 12 2020     1.4    35.5     0.0     0.0       0.000 0.014 0.066 0.097 0.114 0.140 0.160 0.127 0.074 0.014 0.000 0.000 0.000 0.000 0.000 0.000 0.000 0.000 0.000 0.000 0.000 0.000 0.000 0.000 0.000 0.000 0.000 0.000 0.000 0.000 0.000 0.000 0.000 0.000 0.000
   2 24 2020     0.0    35.8     0.0     0.0       0.045 0.069 0.107 0.124 0.131 0.148 0.152 0.129 0.084 0.022 0.000 0.000 0.000 0.000 0.000 0.000 0.000 0.000 0.000 0.000 0.000 0.000 0.000 0.000 0.000 0.000 0.000 0.000 0.000 0.000 0.000 0.000 0.000 0.000 0.000
   3 12 2020     1.5    36.1     0.0     0.0       0.000 0.004 0.065 0.098 0.117 0.144 0.170 0.145 0.095 0.031 0.000 0.000 0.000 0.000 0.000 0.000 0.000 0.000 0.000 0.000 0.000 0.000 0.000 0.000 0.000 0.000 0.000 0.000 0.000 0.000 0.000 0.000 0.000 0.000 0.000
   3 24 2020     0.0    36.4     0.0     0.0       0.042 0.066 0.099 0.123 0.131 0.149 0.155 0.141 0.103 0.041 0.000 0.000 0.000 0.000 0.000 0.000 0.000 0.000 0.000 0.000 0.000 0.000 0.000 0.000 0.000 0.000 0.000 0.000 0.000 0.000 0.000 0.000 0.000 0.000 0.000
   4 12 2020     2.3    45.2     0.0     0.0       0.000 0.000 0.044 0.086 0.107 0.135 0.167 0.151 0.111 0.050 0.005 0.000 0.000 0.000 0.000 0.000 0.000 0.000 0.000 0.000 0.000 0.000 0.000 0.000 0.000 0.000 0.000 0.000 0.000 0.000 0.000 0.000 0.000 0.000 0.000
   4 24 2020     0.0    45.2     0.0     0.0       0.022 0.040 0.076 0.106 0.115 0.135 0.148 0.144 0.116 0.060 0.007 0.000 0.000 0.000 0.000 0.000 0.000 0.000 0.000 0.000 0.000 0.000 0.000 0.000 0.000 0.000 0.000 0.000 0.000 0.000 0.000 0.000 0.000 0.000 0.000
   5 12 2020     1.4    45.4     0.0     0.0       0.000 0.014 0.064 0.104 0.120 0.145 0.168 0.153 0.120 0.066 0.010 0.000 0.000 0.000 0.000 0.000 0.000 0.000 0.000 0.000 0.000 0.000 0.000 0.000 0.000 0.000 0.000 0.000 0.000 0.000 0.000 0.000 0.000 0.000 0.000
   5 24 2020     0.0    45.5     0.0     0.0       0.022 0.043 0.071 0.109 0.119 0.138 0.152 0.149 0.124 0.073 0.015 0.000 0.000 0.000 0.000 0.000 0.000 0.000 0.000 0.000 0.000 0.000 0.000 0.000 0.000 0.000 0.000 0.000 0.000 0.000 0.000 0.000 0.000 0.000 0.000
   6 12 2020     3.3    45.7     0.0     0.0       0.000 0.000 0.000 0.056 0.090 0.123 0.163 0.156 0.128 0.078 0.020 0.000 0.000 0.000 0.000 0.000 0.000 0.000 0.000 0.000 0.000 0.000 0.000 0.000 0.000 0.000 0.000 0.000 0.000 0.000 0.000 0.000 0.000 0.000 0.000
   6 24 2020     0.0    45.9     0.0     0.0       0.021 0.049 0.064 0.077 0.106 0.125 0.138 0.144 0.129 0.084 0.025 0.000 0.000 0.000 0.000 0.000 0.000 0.000 0.000 0.000 0.000 0.000 0.000 0.000 0.000 0.000 0.000 0.000 0.000 0.000 0.000 0.000 0.000 0.000 0.000
   7 12 2020     2.4    46.0     0.0     0.0       0.000 0.000 0.021 0.057 0.101 0.132 0.165 0.154 0.130 0.087 0.030 0.000 0.000 0.000 0.000 0.000 0.000 0.000 0.000 0.000 0.000 0.000 0.000 0.000 0.000 0.000 0.000 0.000 0.000 0.000 0.000 0.000 0.000 0.000 0.000
   7 24 2020     0.0    46.2     0.0     0.0       0.028 0.058 0.071 0.091 0.122 0.140 0.152 0.149 0.133 0.091 0.035 0.000 0.000 0.000 0.000 0.000 0.000 0.000 0.000 0.000 0.000 0.000 0.000 0.000 0.000 0.000 0.000 0.000 0.000 0.000 0.000 0.000 0.000 0.000 0.000
   8 12 2020     2.5    46.3     0.0     0.0       0.000 0.000 0.005 0.052 0.102 0.134 0.172 0.162 0.137 0.095 0.040 0.000 0.000 0.000 0.000 0.000 0.000 0.000 0.000 0.000 0.000 0.000 0.000 0.000 0.000 0.000 0.000 0.000 0.000 0.000 0.000 0.000 0.000 0.000 0.000
   8 24 2020     0.0    55.1     0.0     0.0       0.014 0.042 0.057 0.069 0.113 0.132 0.149 0.153 0.139 0.100 0.046 0.004 0.000 0.000 0.000 0.000 0.000 0.000 0.000 0.000 0.000 0.000 0.000 0.000 0.000 0.000 0.000 0.000 0.000 0.000 0.000 0.000 0.000 0.000 0.000
   9 12 2020     3.4    55.2     0.0     0.0       0.000 0.000 0.000 0.025 0.091 0.124 0.167 0.161 0.141 0.104 0.051 0.004 0.000 0.000 0.000 0.000 0.000 0.000 0.000 0.000 0.000 0.000 0.000 0.000 0.000 0.000 0.000 0.000 0.000 0.000 0.000 0.000 0.000 0.000 0.000
   9 24 2020     0.0    55.2     0.0     0.0       0.006 0.024 0.039 0.047 0.087 0.116 0.139 0.150 0.141 0.107 0.056 0.007 0.000 0.000 0.000 0.000 0.000 0.000 0.000 0.000 0.000 0.000 0.000 0.000 0.000 0.000 0.000 0.000 0.000 0.000 0.000 0.000 0.000 0.000 0.000
  10 12 2020     4.3    55.3     0.0     0.0       0.000 0.000 0.000 0.000 0.063 0.109 0.156 0.155 0.140 0.109 0.060 0.009 0.000 0.000 0.000 0.000 0.000 0.000 0.000 0.000 0.000 0.000 0.000 0.000 0.000 0.000 0.000 0.000 0.000 0.000 0.000 0.000 0.000 0.000 0.000
  10 24 2020     0.0    55.4     0.0     0.0       0.007 0.020 0.031 0.042 0.050 0.101 0.128 0.143 0.138 0.110 0.063 0.012 0.000 0.000 0.000 0.000 0.000 0.000 0.000 0.000 0.000 0.000 0.000 0.000 0.000 0.000 0.000 0.000 0.000 0.000 0.000 0.000 0.000 0.000 0.000
  11 12 2020     4.4    55.5     0.0     0.0       0.000 0.000 0.000 0.000 0.024 0.094 0.145 0.147 0.136 0.110 0.065 0.015 0.000 0.000 0.000 0.000 0.000 0.000 0.000 0.000 0.000 0.000 0.000 0.000 0.000 0.000 0.000 0.000 0.000 0.000 0.000 0.000 0.000 0.000 0.000
  11 24 2020     1.5    55.6     0.0     0.0       0.000 0.011 0.021 0.030 0.037 0.074 0.114 0.134 0.133 0.110 0.068 0.018 0.000 0.000 0.000 0.000 0.000 0.000 0.000 0.000 0.000 0.000 0.000 0.000 0.000 0.000 0.000 0.000 0.000 0.000 0.000 0.000 0.000 0.000 0.000
  12 12 2020     7.0    55.7     0.0     0.0       0.000 0.000 0.000 0.000 0.000 0.055 0.137 0.140 0.131 0.109 0.069 0.020 0.000 0.000 0.000 0.000 0.000 0.000 0.000 0.000 0.000 0.000 0.000 0.000 0.000 0.000 0.000 0.000 0.000 0.000 0.000 0.000 0.000 0.000 0.000
  12 24 2020     1.4    55.8     0.0     0.0       0.000 0.019 0.031 0.035 0.042 0.063 0.109 0.128 0.129 0.108 0.070 0.022 0.000 0.000 0.000 0.000 0.000 0.000 0.000 0.000 0.000 0.000 0.000 0.000 0.000 0.000 0.000 0.000 0.000 0.000 0.000 0.000 0.000 0.000 0.000
  13 12 2020     4.4    55.8     0.0     0.0       0.000 0.000 0.000 0.000 0.027 0.067 0.135 0.135 0.127 0.106 0.071 0.025 0.000 0.000 0.000 0.000 0.000 0.000 0.000 0.000 0.000 0.000 0.000 0.000 0.000 0.000 0.000 0.000 0.000 0.000 0.000 0.000 0.000 0.000 0.000
  13 24 2020     1.4    55.9     0.0     0.0       0.000 0.019 0.035 0.043 0.048 0.072 0.121 0.130 0.127 0.106 0.071 0.027 0.000 0.000 0.000 0.000 0.000 0.000 0.000 0.000 0.000 0.000 0.000 0.000 0.000 0.000 0.000 0.000 0.000 0.000 0.000 0.000 0.000 0.000 0.000
  14 12 2020     4.4    56.0     0.0     0.0       0.000 0.000 0.000 0.000 0.016 0.059 0.136 0.137 0.128 0.106 0.072 0.029 0.000 0.000 0.000 0.000 0.000 0.000 0.000 0.000 0.000 0.000 0.000 0.000 0.000 0.000 0.000 0.000 0.000 0.000 0.000 0.000 0.000 0.000 0.000
  14 24 2020     2.5    56.0     0.0     0.0       0.000 0.000 0.012 0.021 0.026 0.044 0.108 0.128 0.127 0.107 0.073 0.030 0.000 0.000 0.000 0.000 0.000 0.000 0.000 0.000 0.000 0.000 0.000 0.000 0.000 0.000 0.000 0.000 0.000 0.000 0.000 0.000 0.000 0.000 0.000
  15 12 2020     7.2    56.1     0.0     0.0       0.000 0.000 0.000 0.000 0.000 0.031 0.126 0.132 0.126 0.106 0.074 0.032 0.000 0.000 0.000 0.000 0.000 0.000 0.000 0.000 0.000 0.000 0.000 0.000 0.000 0.000 0.000 0.000 0.000 0.000 0.000 0.000 0.000 0.000 0.000
  15 24 2020     1.5    56.1     0.0     0.0       0.000 0.005 0.017 0.025 0.031 0.041 0.104 0.122 0.124 0.106 0.075 0.034 0.000 0.000 0.000 0.000 0.000 0.000 0.000 0.000 0.000 0.000 0.000 0.000 0.000 0.000 0.000 0.000 0.000 0.000 0.000 0.000 0.000 0.000 0.000
  16 12 2020     7.2    56.2     0.0     0.0       0.000 0.000 0.000 0.000 0.000 0.033 0.129 0.130 0.123 0.105 0.075 0.035 0.000 0.000 0.000 0.000 0.000 0.000 0.000 0.000 0.000 0.000 0.000 0.000 0.000 0.000 0.000 0.000 0.000 0.000 0.000 0.000 0.000 0.000 0.000
  16 24 2020     2.5    65.1     0.0     0.0       0.000 0.000 0.005 0.015 0.021 0.030 0.100 0.121 0.122 0.105 0.075 0.037 0.004 0.000 0.000 0.000 0.000 0.000 0.000 0.000 0.000 0.000 0.000 0.000 0.000 0.000 0.000 0.000 0.000 0.000 0.000 0.000 0.000 0.000 0.000
  17 12 2020     7.5    65.1     0.0     0.0       0.000 0.000 0.000 0.000 0.000 0.001 0.116 0.126 0.122 0.104 0.076 0.039 0.003 0.000 0.000 0.000 0.000 0.000 0.000 0.000 0.000 0.000 0.000 0.000 0.000 0.000 0.000 0.000 0.000 0.000 0.000 0.000 0.000 0.000 0.000
  17 24 2020     1.5    65.1     0.0     0.0       0.000 0.011 0.017 0.023 0.025 0.028 0.085 0.112 0.119 0.104 0.076 0.040 0.004 0.000 0.000 0.000 0.000 0.000 0.000 0.000 0.000 0.000 0.000 0.000 0.000 0.000 0.000 0.000 0.000 0.000 0.000 0.000 0.000 0.000 0.000
  18 12 2020     7.4    65.1     0.0     0.0       0.000 0.000 0.000 0.000 0.000 0.008 0.114 0.122 0.118 0.102 0.076 0.040 0.004 0.000 0.000 0.000 0.000 0.000 0.000 0.000 0.000 0.000 0.000 0.000 0.000 0.000 0.000 0.000 0.000 0.000 0.000 0.000 0.000 0.000 0.000
  18 24 2020     4.5    65.2     0.0     0.0       0.000 0.000 0.000 0.000 0.004 0.008 0.075 0.110 0.116 0.102 0.076 0.041 0.005 0.000 0.000 0.000 0.000 0.000 0.000 0.000 0.000 0.000 0.000 0.000 0.000 0.000 0.000 0.000 0.000 0.000 0.000 0.000 0.000 0.000 0.000
  19 12 2020    13.5    65.2     0.0     0.0       0.000 0.000 0.000 0.000 0.000 0.000 0.071 0.110 0.114 0.100 0.076 0.042 0.005 0.000 0.000 0.000 0.000 0.000 0.000 0.000 0.000 0.000 0.000 0.000 0.000 0.000 0.000 0.000 0.000 0.000 0.000 0.000 0.000 0.000 0.000
  19 24 2020     7.5    65.2     0.0     0.0       0.000 0.000 0.000 0.000 0.000 0.004 0.036 0.092 0.108 0.098 0.075 0.042 0.006 0.000 0.000 0.000 0.000 0.000 0.000 0.000 0.000 0.000 0.000 0.000 0.000 0.000 0.000 0.000 0.000 0.000 0.000 0.000 0.000 0.000 0.000
  20 12 2020    13.7    65.2     0.0     0.0       0.000 0.000 0.000 0.000 0.000 0.000 0.060 0.097 0.104 0.095 0.074 0.042 0.007 0.000 0.000 0.000 0.000 0.000 0.000 0.000 0.000 0.000 0.000 0.000 0.000 0.000 0.000 0.000 0.000 0.000 0.000 0.000 0.000 0.000 0.000
  20 24 2020     3.5    65.2     0.0     0.0       0.000 0.000 0.000 0.006 0.010 0.016 0.028 0.083 0.100 0.093 0.072 0.042 0.007 0.000 0.000 0.000 0.000 0.000 0.000 0.000 0.000 0.000 0.000 0.000 0.000 0.000 0.000 0.000 0.000 0.000 0.000 0.000 0.000 0.000 0.000
  21 12 2020    13.8    65.2     0.0     0.0       0.000 0.000 0.000 0.000 0.000 0.000 0.054 0.093 0.098 0.090 0.070 0.041 0.007 0.000 0.000 0.000 0.000 0.000 0.000 0.000 0.000 0.000 0.000 0.000 0.000 0.000 0.000 0.000 0.000 0.000 0.000 0.000 0.000 0.000 0.000
  21 24 2020     3.5    65.2     0.0     0.0       0.000 0.000 0.000 0.005 0.009 0.013 0.018 0.077 0.094 0.088 0.069 0.040 0.007 0.000 0.000 0.000 0.000 0.000 0.000 0.000 0.000 0.000 0.000 0.000 0.000 0.000 0.000 0.000 0.000 0.000 0.000 0.000 0.000 0.000 0.000
  22 12 2020    14.1    65.2     0.0     0.0       0.000 0.000 0.000 0.000 0.000 0.000 0.041 0.087 0.093 0.085 0.067 0.040 0.007 0.000 0.000 0.000 0.000 0.000 0.000 0.000 0.000 0.000 0.000 0.000 0.000 0.000 0.000 0.000 0.000 0.000 0.000 0.000 0.000 0.000 0.000
  22 24 2020     2.5    65.2     0.0     0.0       0.000 0.000 0.006 0.009 0.013 0.016 0.013 0.069 0.089 0.084 0.066 0.039 0.007 0.000 0.000 0.000 0.000 0.000 0.000 0.000 0.000 0.000 0.000 0.000 0.000 0.000 0.000 0.000 0.000 0.000 0.000 0.000 0.000 0.000 0.000
  23 12 2020    14.0    65.2     0.0     0.0       0.000 0.000 0.000 0.000 0.000 0.000 0.042 0.083 0.088 0.081 0.064 0.038 0.006 0.000 0.000 0.000 0.000 0.000 0.000 0.000 0.000 0.000 0.000 0.000 0.000 0.000 0.000 0.000 0.000 0.000 0.000 0.000 0.000 0.000 0.000
  23 24 2020     2.5    65.2     0.0     0.0       0.000 0.000 0.006 0.009 0.009 0.010 0.008 0.068 0.086 0.080 0.063 0.037 0.006 0.000 0.000 0.000 0.000 0.000 0.000 0.000 0.000 0.000 0.000 0.000 0.000 0.000 0.000 0.000 0.000 0.000 0.000 0.000 0.000 0.000 0.000
  24 12 2020    14.2    65.2     0.0     0.0       0.000 0.000 0.000 0.000 0.000 0.000 0.035 0.081 0.086 0.078 0.061 0.036 0.005 0.000 0.000 0.000 0.000 0.000 0.000 0.000 0.000 0.000 0.000 0.000 0.000 0.000 0.000 0.000 0.000 0.000 0.000 0.000 0.000 0.000 0.000
  24 24 2020    15.0    65.2     0.0     0.0       0.000 0.000 0.000 0.000 0.000 0.000 0.000 0.056 0.081 0.077 0.060 0.035 0.004 0.000 0.000 0.000 0.000 0.000 0.000 0.000 0.000 0.000 0.000 0.000 0.000 0.000 0.000 0.000 0.000 0.000 0.000 0.000 0.000 0.000 0.000
  25 12 2020    14.8    65.1     0.0     0.0       0.000 0.000 0.000 0.000 0.000 0.000 0.007 0.068 0.079 0.074 0.059 0.034 0.004 0.000 0.000 0.000 0.000 0.000 0.000 0.000 0.000 0.000 0.000 0.000 0.000 0.000 0.000 0.000 0.000 0.000 0.000 0.000 0.000 0.000 0.000
  25 24 2020    23.9    65.1     0.0     0.0       0.000 0.000 0.000 0.000 0.000 0.000 0.000 0.036 0.072 0.072 0.057 0.033 0.003 0.000 0.000 0.000 0.000 0.000 0.000 0.000 0.000 0.000 0.000 0.000 0.000 0.000 0.000 0.000 0.000 0.000 0.000 0.000 0.000 0.000 0.000
  26 12 2020    14.5    65.1     0.0     0.0       0.000 0.000 0.000 0.000 0.000 0.000 0.019 0.059 0.071 0.068 0.054 0.031 0.002 0.000 0.000 0.000 0.000 0.000 0.000 0.000 0.000 0.000 0.000 0.000 0.000 0.000 0.000 0.000 0.000 0.000 0.000 0.000 0.000 0.000 0.000
  26 24 2020    24.0    65.0     0.0     0.0       0.000 0.000 0.000 0.000 0.000 0.002 0.000 0.033 0.067 0.066 0.052 0.030 0.001 0.000 0.000 0.000 0.000 0.000 0.000 0.000 0.000 0.000 0.000 0.000 0.000 0.000 0.000 0.000 0.000 0.000 0.000 0.000 0.000 0.000 0.000
  27 12 2020    14.8    55.9     0.0     0.0       0.000 0.000 0.000 0.000 0.000 0.000 0.008 0.052 0.067 0.064 0.050 0.028 0.000 0.000 0.000 0.000 0.000 0.000 0.000 0.000 0.000 0.000 0.000 0.000 0.000 0.000 0.000 0.000 0.000 0.000 0.000 0.000 0.000 0.000 0.000
  27 24 2020    24.4    55.8     0.0     0.0       0.000 0.000 0.000 0.000 0.000 0.000 0.000 0.020 0.061 0.062 0.048 0.026 0.000 0.000 0.000 0.000 0.000 0.000 0.000 0.000 0.000 0.000 0.000 0.000 0.000 0.000 0.000 0.000 0.000 0.000 0.000 0.000 0.000 0.000 0.000
  28 12 2020    24.0    55.7     0.0     0.0       0.000 0.000 0.000 0.000 0.000 0.000 0.000 0.034 0.060 0.059 0.046 0.024 0.000 0.000 0.000 0.000 0.000 0.000 0.000 0.000 0.000 0.000 0.000 0.000 0.000 0.000 0.000 0.000 0.000 0.000 0.000 0.000 0.000 0.000 0.000
  28 24 2020    33.6    55.7     0.0     0.0       0.000 0.000 0.000 0.000 0.000 0.000 0.000 0.000 0.051 0.055 0.044 0.021 0.000 0.000 0.000 0.000 0.000 0.000 0.000 0.000 0.000 0.000 0.000 0.000 0.000 0.000 0.000 0.000 0.000 0.000 0.000 0.000 0.000 0.000 0.000
  29 12 2020    24.5    55.6     0.0     0.0       0.000 0.000 0.000 0.000 0.000 0.000 0.000 0.016 0.050 0.052 0.041 0.019 0.000 0.000 0.000 0.000 0.000 0.000 0.000 0.000 0.000 0.000 0.000 0.000 0.000 0.000 0.000 0.000 0.000 0.000 0.000 0.000 0.000 0.000 0.000
  29 24 2020    34.0    55.5     0.0     0.0       0.000 0.000 0.000 0.000 0.000 0.000 0.000 0.000 0.032 0.047 0.038 0.016 0.000 0.000 0.000 0.000 0.000 0.000 0.000 0.000 0.000 0.000 0.000 0.000 0.000 0.000 0.000 0.000 0.000 0.000 0.000 0.000 0.000 0.000 0.000
  30 12 2020    24.9    55.4     0.0     0.0       0.000 0.000 0.000 0.000 0.000 0.000 0.000 0.002 0.035 0.046 0.036 0.014 0.000 0.000 0.000 0.000 0.000 0.000 0.000 0.000 0.000 0.000 0.000 0.000 0.000 0.000 0.000 0.000 0.000 0.000 0.000 0.000 0.000 0.000 0.000
  30 24 2020    34.4    55.4     0.0     0.0       0.000 0.000 0.000 0.000 0.000 0.000 0.000 0.000 0.019 0.039 0.033 0.012 0.000 0.000 0.000 0.000 0.000 0.000 0.000 0.000 0.000 0.000 0.000 0.000 0.000 0.000 0.000 0.000 0.000 0.000 0.000 0.000 0.000 0.000 0.000
  31 12 2020    14.5    55.3     0.0     0.0       0.000 0.000 0.000 0.000 0.000 0.000 0.021 0.023 0.031 0.037 0.030 0.009 0.000 0.000 0.000 0.000 0.000 0.000 0.000 0.000 0.000 0.000 0.000 0.000 0.000 0.000 0.000 0.000 0.000 0.000 0.000 0.000 0.000 0.000 0.000
  31 24 2020     4.5    55.2     0.0     0.0       0.000 0.000 0.000 0.000 0.007 0.015 0.005 0.014 0.036 0.037 0.027 0.006 0.000 0.000 0.000 0.000 0.000 0.000 0.000 0.000 0.000 0.000 0.000 0.000 0.000 0.000 0.000 0.000 0.000 0.000 0.000 0.000 0.000 0.000 0.000
  32 12 2020    14.4    55.1     0.0     0.0       0.000 0.000 0.000 0.000 0.000 0.000 0.024 0.033 0.042 0.038 0.026 0.004 0.000 0.000 0.000 0.000 0.000 0.000 0.000 0.000 0.000 0.000 0.000 0.000 0.000 0.000 0.000 0.000 0.000 0.000 0.000 0.000 0.000 0.000 0.000
  32 24 2020    24.5    55.1     0.0     0.0       0.000 0.000 0.000 0.000 0.000 0.000 0.000 0.017 0.043 0.038 0.025 0.002 0.000 0.000 0.000 0.000 0.000 0.000 0.000 0.000 0.000 0.000 0.000 0.000 0.000 0.000 0.000 0.000 0.000 0.000 0.000 0.000 0.000 0.000 0.000
  33 12 2020    14.9    55.0     0.0     0.0       0.000 0.000 0.000 0.000 0.000 0.000 0.006 0.030 0.047 0.040 0.024 0.000 0.000 0.000 0.000 0.000 0.000 0.000 0.000 0.000 0.000 0.000 0.000 0.000 0.000 0.000 0.000 0.000 0.000 0.000 0.000 0.000 0.000 0.000 0.000
  33 24 2020     7.5    45.7     0.0     0.0       0.000 0.000 0.000 0.000 0.000 0.005 0.000 0.006 0.043 0.039 0.023 0.000 0.000 0.000 0.000 0.000 0.000 0.000 0.000 0.000 0.000 0.000 0.000 0.000 0.000 0.000 0.000 0.000 0.000 0.000 0.000 0.000 0.000 0.000 0.000
  34 12 2020    14.4    45.7     0.0     0.0       0.000 0.000 0.000 0.000 0.000 0.000 0.025 0.028 0.046 0.039 0.021 0.000 0.000 0.000 0.000 0.000 0.000 0.000 0.000 0.000 0.000 0.000 0.000 0.000 0.000 0.000 0.000 0.000 0.000 0.000 0.000 0.000 0.000 0.000 0.000
  34 24 2020     7.5    45.6     0.0     0.0       0.000 0.000 0.000 0.000 0.000 0.002 0.002 0.018 0.045 0.039 0.020 0.000 0.000 0.000 0.000 0.000 0.000 0.000 0.000 0.000 0.000 0.000 0.000 0.000 0.000 0.000 0.000 0.000 0.000 0.000 0.000 0.000 0.000 0.000 0.000
  35 12 2020    14.9    45.6     0.0     0.0       0.000 0.000 0.000 0.000 0.000 0.000 0.004 0.030 0.048 0.039 0.019 0.000 0.000 0.000 0.000 0.000 0.000 0.000 0.000 0.000 0.000 0.000 0.000 0.000 0.000 0.000 0.000 0.000 0.000 0.000 0.000 0.000 0.000 0.000 0.000
  35 24 2020    25.0    45.6     0.0     0.0       0.000 0.000 0.000 0.000 0.000 0.000 0.000 0.001 0.044 0.036 0.017 0.000 0.000 0.000 0.000 0.000 0.000 0.000 0.000 0.000 0.000 0.000 0.000 0.000 0.000 0.000 0.000 0.000 0.000 0.000 0.000 0.000 0.000 0.000 0.000
  36 12 2020    24.3    45.5     0.0     0.0       0.000 0.000 0.000 0.000 0.000 0.000 0.000 0.020 0.044 0.036 0.016 0.000 0.000 0.000 0.000 0.000 0.000 0.000 0.000 0.000 0.000 0.000 0.000 0.000 0.000 0.000 0.000 0.000 0.000 0.000 0.000 0.000 0.000 0.000 0.000
  36 24 2020     2.5    45.5     0.0     0.0       0.000 0.000 0.006 0.016 0.021 0.029 0.017 0.013 0.043 0.035 0.015 0.000 0.000 0.000 0.000 0.000 0.000 0.000 0.000 0.000 0.000 0.000 0.000 0.000 0.000 0.000 0.000 0.000 0.000 0.000 0.000 0.000 0.000 0.000 0.000
  37 12 2020    13.9    45.5     0.0     0.0       0.000 0.000 0.000 0.000 0.000 0.000 0.048 0.036 0.048 0.037 0.015 0.000 0.000 0.000 0.000 0.000 0.000 0.000 0.000 0.000 0.000 0.000 0.000 0.000 0.000 0.000 0.000 0.000 0.000 0.000 0.000 0.000 0.000 0.000 0.000
  37 24 2020     3.5    45.5     0.0     0.0       0.000 0.000 0.000 0.005 0.013 0.023 0.027 0.038 0.053 0.038 0.015 0.000 0.000 0.000 0.000 0.000 0.000 0.000 0.000 0.000 0.000 0.000 0.000 0.000 0.000 0.000 0.000 0.000 0.000 0.000 0.000 0.000 0.000 0.000 0.000
  38 12 2020    14.1    45.5     0.0     0.0       0.000 0.000 0.000 0.000 0.000 0.000 0.036 0.049 0.059 0.041 0.015 0.000 0.000 0.000 0.000 0.000 0.000 0.000 0.000 0.000 0.000 0.000 0.000 0.000 0.000 0.000 0.000 0.000 0.000 0.000 0.000 0.000 0.000 0.000 0.000
  38 24 2020    15.0    45.5     0.0     0.0       0.000 0.000 0.000 0.000 0.000 0.000 0.001 0.030 0.059 0.043 0.016 0.000 0.000 0.000 0.000 0.000 0.000 0.000 0.000 0.000 0.000 0.000 0.000 0.000 0.000 0.000 0.000 0.000 0.000 0.000 0.000 0.000 0.000 0.000 0.000
  39 12 2020    14.9    45.5     0.0     0.0       0.000 0.000 0.000 0.000 0.000 0.000 0.004 0.038 0.059 0.043 0.017 0.000 0.000 0.000 0.000 0.000 0.000 0.000 0.000 0.000 0.000 0.000 0.000 0.000 0.000 0.000 0.000 0.000 0.000 0.000 0.000 0.000 0.000 0.000 0.000
  39 24 2020    24.6    45.5     0.0     0.0       0.000 0.000 0.000 0.000 0.000 0.000 0.000 0.012 0.054 0.043 0.017 0.000 0.000 0.000 0.000 0.000 0.000 0.000 0.000 0.000 0.000 0.000 0.000 0.000 0.000 0.000 0.000 0.000 0.000 0.000 0.000 0.000 0.000 0.000 0.000
  40 12 2020    14.8    45.5     0.0     0.0       0.000 0.000 0.000 0.000 0.000 0.000 0.007 0.027 0.054 0.042 0.016 0.000 0.000 0.000 0.000 0.000 0.000 0.000 0.000 0.000 0.000 0.000 0.000 0.000 0.000 0.000 0.000 0.000 0.000 0.000 0.000 0.000 0.000 0.000 0.000
  40 24 2020    15.0    45.5     0.0     0.0       0.000 0.000 0.000 0.000 0.000 0.000 0.001 0.008 0.051 0.041 0.016 0.000 0.000 0.000 0.000 0.000 0.000 0.000 0.000 0.000 0.000 0.000 0.000 0.000 0.000 0.000 0.000 0.000 0.000 0.000 0.000 0.000 0.000 0.000 0.000
  41 12 2020    15.0    45.5     0.0     0.0       0.000 0.000 0.000 0.000 0.000 0.000 0.002 0.025 0.051 0.040 0.016 0.000 0.000 0.000 0.000 0.000 0.000 0.000 0.000 0.000 0.000 0.000 0.000 0.000 0.000 0.000 0.000 0.000 0.000 0.000 0.000 0.000 0.000 0.000 0.000
  41 24 2020     7.5    45.5     0.0     0.0       0.000 0.000 0.000 0.000 0.000 0.001 0.001 0.004 0.048 0.039 0.015 0.000 0.000 0.000 0.000 0.000 0.000 0.000 0.000 0.000 0.000 0.000 0.000 0.000 0.000 0.000 0.000 0.000 0.000 0.000 0.000 0.000 0.000 0.000 0.000
  42 12 2020    14.8    45.5     0.0     0.0       0.000 0.000 0.000 0.000 0.000 0.000 0.010 0.024 0.049 0.038 0.014 0.000 0.000 0.000 0.000 0.000 0.000 0.000 0.000 0.000 0.000 0.000 0.000 0.000 0.000 0.000 0.000 0.000 0.000 0.000 0.000 0.000 0.000 0.000 0.000
  42 24 2020    33.7    45.4     0.0     0.0       0.000 0.000 0.000 0.000 0.000 0.000 0.000 0.000 0.045 0.036 0.013 0.000 0.000 0.000 0.000 0.000 0.000 0.000 0.000 0.000 0.000 0.000 0.000 0.000 0.000 0.000 0.000 0.000 0.000 0.000 0.000 0.000 0.000 0.000 0.000
  43 12 2020    24.4    45.4     0.0     0.0       0.000 0.000 0.000 0.000 0.000 0.000 0.000 0.018 0.046 0.036 0.012 0.000 0.000 0.000 0.000 0.000 0.000 0.000 0.000 0.000 0.000 0.000 0.000 0.000 0.000 0.000 0.000 0.000 0.000 0.000 0.000 0.000 0.000 0.000 0.000
  43 24 2020    33.9    45.4     0.0     0.0       0.000 0.000 0.000 0.000 0.000 0.000 0.000 0.000 0.035 0.033 0.011 0.000 0.000 0.000 0.000 0.000 0.000 0.000 0.000 0.000 0.000 0.000 0.000 0.000 0.000 0.000 0.000 0.000 0.000 0.000 0.000 0.000 0.000 0.000 0.000
  44 12 2020    24.7    45.3     0.0     0.0       0.000 0.000 0.000 0.000 0.000 0.000 0.000 0.009 0.039 0.032 0.010 0.000 0.000 0.000 0.000 0.000 0.000 0.000 0.000 0.000 0.000 0.000 0.000 0.000 0.000 0.000 0.000 0.000 0.000 0.000 0.000 0.000 0.000 0.000 0.000
  44 24 2020    33.9    45.3     0.0     0.0       0.000 0.000 0.000 0.000 0.000 0.000 0.000 0.000 0.035 0.030 0.009 0.000 0.000 0.000 0.000 0.000 0.000 0.000 0.000 0.000 0.000 0.000 0.000 0.000 0.000 0.000 0.000 0.000 0.000 0.000 0.000 0.000 0.000 0.000 0.000
  45 12 2020    14.7    45.3     0.0     0.0       0.000 0.000 0.000 0.000 0.000 0.000 0.013 0.022 0.043 0.031 0.008 0.000 0.000 0.000 0.000 0.000 0.000 0.000 0.000 0.000 0.000 0.000 0.000 0.000 0.000 0.000 0.000 0.000 0.000 0.000 0.000 0.000 0.000 0.000 0.000
  45 24 2020     3.5    45.2     0.0     0.0       0.000 0.000 0.000 0.004 0.007 0.008 0.001 0.007 0.039 0.030 0.007 0.000 0.000 0.000 0.000 0.000 0.000 0.000 0.000 0.000 0.000 0.000 0.000 0.000 0.000 0.000 0.000 0.000 0.000 0.000 0.000 0.000 0.000 0.000 0.000
  46 12 2020    14.8    45.2     0.0     0.0       0.000 0.000 0.000 0.000 0.000 0.000 0.007 0.020 0.045 0.031 0.007 0.000 0.000 0.000 0.000 0.000 0.000 0.000 0.000 0.000 0.000 0.000 0.000 0.000 0.000 0.000 0.000 0.000 0.000 0.000 0.000 0.000 0.000 0.000 0.000
  46 24 2020    34.0    45.2     0.0     0.0       0.000 0.000 0.000 0.000 0.000 0.000 0.000 0.000 0.033 0.029 0.006 0.000 0.000 0.000 0.000 0.000 0.000 0.000 0.000 0.000 0.000 0.000 0.000 0.000 0.000 0.000 0.000 0.000 0.000 0.000 0.000 0.000 0.000 0.000 0.000
  47 12 2020    24.6    45.1     0.0     0.0       0.000 0.000 0.000 0.000 0.000 0.000 0.000 0.011 0.037 0.028 0.004 0.000 0.000 0.000 0.000 0.000 0.000 0.000 0.000 0.000 0.000 0.000 0.000 0.000 0.000 0.000 0.000 0.000 0.000 0.000 0.000 0.000 0.000 0.000 0.000
  47 24 2020    34.2    45.1     0.0     0.0       0.023 0.024 0.025 0.020 0.015 0.010 0.000 0.000 0.026 0.025 0.003 0.000 0.000 0.000 0.000 0.000 0.000 0.000 0.000 0.000 0.000 0.000 0.000 0.000 0.000 0.000 0.000 0.000 0.000 0.000 0.000 0.000 0.000 0.000 0.000
  48 12 2020    14.3    45.1     0.0     0.0       0.000 0.000 0.000 0.000 0.000 0.000 0.027 0.020 0.036 0.026 0.002 0.000 0.000 0.000 0.000 0.000 0.000 0.000 0.000 0.000 0.000 0.000 0.000 0.000 0.000 0.000 0.000 0.000 0.000 0.000 0.000 0.000 0.000 0.000 0.000
  48 24 2020     1.4    45.1     0.0     0.0       0.000 0.016 0.027 0.028 0.032 0.035 0.020 0.017 0.038 0.026 0.002 0.000 0.000 0.000 0.000 0.000 0.000 0.000 0.000 0.000 0.000 0.000 0.000 0.000 0.000 0.000 0.000 0.000 0.000 0.000 0.000 0.000 0.000 0.000 0.000
  49 12 2020     7.3    45.1     0.0     0.0       0.000 0.000 0.000 0.000 0.000 0.017 0.058 0.037 0.048 0.030 0.002 0.000 0.000 0.000 0.000 0.000 0.000 0.000 0.000 0.000 0.000 0.000 0.000 0.000 0.000 0.000 0.000 0.000 0.000 0.000 0.000 0.000 0.000 0.000 0.000
  49 24 2020     7.5    45.1     0.0     0.0       0.000 0.000 0.000 0.000 0.000 0.004 0.004 0.025 0.048 0.032 0.003 0.000 0.000 0.000 0.000 0.000 0.000 0.000 0.000 0.000 0.000 0.000 0.000 0.000 0.000 0.000 0.000 0.000 0.000 0.000 0.000 0.000 0.000 0.000 0.000
  50 12 2020    14.8    45.1     0.0     0.0       0.000 0.000 0.000 0.000 0.000 0.000 0.006 0.031 0.052 0.034 0.003 0.000 0.000 0.000 0.000 0.000 0.000 0.000 0.000 0.000 0.000 0.000 0.000 0.000 0.000 0.000 0.000 0.000 0.000 0.000 0.000 0.000 0.000 0.000 0.000
  50 24 2020    33.6    45.1     0.0     0.0       0.000 0.000 0.000 0.000 0.000 0.000 0.000 0.000 0.046 0.032 0.002 0.000 0.000 0.000 0.000 0.000 0.000 0.000 0.000 0.000 0.000 0.000 0.000 0.000 0.000 0.000 0.000 0.000 0.000 0.000 0.000 0.000 0.000 0.000 0.000
  51 12 2020    33.7    45.1     0.0     0.0       0.000 0.000 0.000 0.000 0.000 0.000 0.000 0.000 0.044 0.031 0.002 0.000 0.000 0.000 0.000 0.000 0.000 0.000 0.000 0.000 0.000 0.000 0.000 0.000 0.000 0.000 0.000 0.000 0.000 0.000 0.000 0.000 0.000 0.000 0.000
  51 24 2020    34.6    45.0     0.0     0.0       0.000 0.000 0.000 0.000 0.000 0.000 0.000 0.000 0.014 0.027 0.001 0.000 0.000 0.000 0.000 0.000 0.000 0.000 0.000 0.000 0.000 0.000 0.000 0.000 0.000 0.000 0.000 0.000 0.000 0.000 0.000 0.000 0.000 0.000 0.000
  52 12 2020    14.8    35.7     0.0     0.0       0.000 0.000 0.000 0.000 0.000 0.000 0.006 0.012 0.026 0.023 0.000 0.000 0.000 0.000 0.000 0.000 0.000 0.000 0.000 0.000 0.000 0.000 0.000 0.000 0.000 0.000 0.000 0.000 0.000 0.000 0.000 0.000 0.000 0.000 0.000
  52 24 2020    34.2    35.6     0.0     0.0       0.000 0.000 0.000 0.000 0.000 0.000 0.000 0.000 0.024 0.020 0.000 0.000 0.000 0.000 0.000 0.000 0.000 0.000 0.000 0.000 0.000 0.000 0.000 0.000 0.000 0.000 0.000 0.000 0.000 0.000 0.000 0.000 0.000 0.000 0.000
  53 12 2020    24.5    35.7     0.0     0.0       0.000 0.000 0.000 0.000 0.000 0.000 0.000 0.014 0.032 0.021 0.000 0.000 0.000 0.000 0.000 0.000 0.000 0.000 0.000 0.000 0.000 0.000 0.000 0.000 0.000 0.000 0.000 0.000 0.000 0.000 0.000 0.000 0.000 0.000 0.000
  53 24 2020    34.5    35.6     0.0     0.0       0.000 0.000 0.000 0.000 0.000 0.000 0.000 0.000 0.016 0.020 0.000 0.000 0.000 0.000 0.000 0.000 0.000 0.000 0.000 0.000 0.000 0.000 0.000 0.000 0.000 0.000 0.000 0.000 0.000 0.000 0.000 0.000 0.000 0.000 0.000
  54 12 2020    34.3    35.5     0.0     0.0       0.000 0.000 0.000 0.000 0.000 0.000 0.000 0.000 0.022 0.017 0.000 0.000 0.000 0.000 0.000 0.000 0.000 0.000 0.000 0.000 0.000 0.000 0.000 0.000 0.000 0.000 0.000 0.000 0.000 0.000 0.000 0.000 0.000 0.000 0.000
  54 24 2020    35.1    35.1     0.0     0.0       0.000 0.000 0.000 0.000 0.000 0.000 0.000 0.000 0.000 0.004 0.000 0.000 0.000 0.000 0.000 0.000 0.000 0.000 0.000 0.000 0.000 0.000 0.000 0.000 0.000 0.000 0.000 0.000 0.000 0.000 0.000 0.000 0.000 0.000 0.000
  55 12 2020    35.1    35.1     0.0     0.0       0.000 0.000 0.000 0.000 0.000 0.000 0.000 0.000 0.000 0.000 0.000 0.000 0.000 0.000 0.000 0.000 0.000 0.000 0.000 0.000 0.000 0.000 0.000 0.000 0.000 0.000 0.000 0.000 0.000 0.000 0.000 0.000 0.000 0.000 0.000
 
