 TOTAL WATER FLUX BETWEEN SOIL NODES (MM; DOWNWARD POSITIVE)
  DY HR  YR 0.0  0.01  0.02  0.03  0.04  0.05  0.10  0.20  0.30  0.40  0.50  0.60  0.70  0.80  0.90  1.00  1.10  1.20  1.30  1.40  1.50  1.60  1.70  1.80  1.95  2.05  2.15  2.25  2.35  2.45  2.55  2.65  2.75  2.85  2.95
 306 12 2019 -0.17 -0.06  0.05  0.15  0.25  0.51  1.03  1.45  1.71  1.87  1.95  1.98  1.98  1.94  1.86  1.74  1.59  1.40  3.21  3.04  2.93  2.94  3.11  3.56  4.31 -3.81 -2.43 -1.34 -0.56 -0.06  0.20  0.28  0.19  0.00
 306 24 2019 -1.25 -1.19 -1.12 -1.05 -0.98 -0.76 -0.19  0.49  1.02  1.43  1.73  1.94  2.09  2.20  2.29  2.38  2.49  2.61  2.74  2.86  2.94  2.93  2.77  2.29  1.37  0.83  0.38  0.08 -0.08 -0.13 -0.12 -0.09 -0.04  0.00
 307 12 2019 -0.21 -0.18 -0.15 -0.12 -0.09 -0.02  0.13  0.36  0.64  0.93  1.21  1.47  1.70  1.89  2.06  2.20  2.32  2.41  2.46  2.48  2.44  2.34  2.16  1.84  1.40  1.16  0.94  0.73  0.54  0.39  0.26  0.15  0.06  0.00
 307 24 2019 -0.80 -0.77 -0.73 -0.70 -0.66 -0.54 -0.22  0.16  0.48  0.76  1.01  1.23  1.43  1.62  1.78  1.92  2.03  2.11  2.15  2.16  2.11  2.02  1.88  1.65  1.33  1.16  0.98  0.80  0.63  0.46  0.30  0.17  0.07  0.00
 308 12 2019 -0.17 -0.15 -0.13 -0.11 -0.10 -0.06  0.03  0.18  0.38  0.59  0.81  1.02  1.21  1.38  1.53  1.66  1.76  1.83  1.87  1.87  1.84  1.76  1.64  1.43  1.15  1.00  0.84  0.67  0.50  0.34  0.20  0.08  0.01  0.00
 308 24 2019 -0.71 -0.69 -0.66 -0.64 -0.61 -0.51 -0.26  0.04  0.29  0.51  0.70  0.88  1.05  1.20  1.33  1.44  1.53  1.59  1.62  1.62  1.58  1.49  1.37  1.16  0.88  0.74  0.59  0.44  0.29  0.16  0.06  0.00  0.00  0.00
 309 12 2019 -0.19 -0.17 -0.15 -0.13 -0.12 -0.08 -0.01  0.10  0.25  0.42  0.59  0.75  0.90  1.04  1.16  1.26  1.33  1.38  1.39  1.37  1.32  1.22  1.09  0.88  0.61  0.48  0.35  0.23  0.13  0.05  0.00  0.00  0.00  0.00
 309 24 2019 -0.82 -0.80 -0.77 -0.74 -0.71 -0.61 -0.35 -0.05  0.17  0.35  0.51  0.66  0.79  0.91  1.01  1.09  1.14  1.17  1.17  1.14  1.07  0.97  0.84  0.63  0.39  0.29  0.19  0.11  0.04  0.00  0.00  0.00  0.00  0.00
 310 12 2019 -0.27 -0.25 -0.23 -0.22 -0.20 -0.17 -0.12 -0.03  0.11  0.26  0.41  0.55  0.67  0.78  0.87  0.93  0.97  0.99  0.97  0.93  0.86  0.76  0.63  0.45  0.25  0.17  0.10  0.05  0.01  0.00  0.00  0.00  0.00  0.00
 310 24 2019 -0.80 -0.77 -0.75 -0.72 -0.70 -0.61 -0.37 -0.12  0.06  0.22  0.35  0.47  0.57  0.66  0.74  0.79  0.82  0.82  0.80  0.75  0.68  0.59  0.48  0.33  0.16  0.11  0.06  0.02  0.00  0.00  0.00  0.00  0.00  0.00
 311 12 2019 -0.25 -0.24 -0.23 -0.23 -0.22 -0.21 -0.20 -0.12  0.00  0.14  0.26  0.38  0.48  0.56  0.62  0.66  0.68  0.68  0.65  0.61  0.54  0.46  0.37  0.24  0.11  0.07  0.03  0.01  0.00  0.00  0.00  0.00  0.00  0.00
 311 24 2019 -0.63 -0.62 -0.61 -0.60 -0.58 -0.52 -0.35 -0.16 -0.02  0.10  0.21  0.31  0.39  0.46  0.51  0.55  0.56  0.55  0.53  0.49  0.43  0.36  0.28  0.18  0.08  0.04  0.02  0.00  0.00  0.00  0.00  0.00  0.00  0.00
 312 12 2019 -0.15 -0.14 -0.14 -0.14 -0.14 -0.15 -0.17 -0.13 -0.04  0.06  0.15  0.24  0.32  0.38  0.42  0.45  0.46  0.45  0.43  0.39  0.34  0.28  0.22  0.14  0.06  0.03  0.01  0.00  0.00  0.00  0.00  0.00  0.00  0.00
 312 24 2019 -0.34 -0.34 -0.34 -0.34 -0.33 -0.31 -0.22 -0.12 -0.03  0.05  0.12  0.19  0.25  0.30  0.34  0.36  0.37  0.36  0.34  0.31  0.27  0.22  0.17  0.11  0.04  0.02  0.01  0.00  0.00  0.00  0.00  0.00 -0.00  0.00
 313 12 2019 -0.14 -0.13 -0.12 -0.11 -0.10 -0.09 -0.10 -0.08 -0.03  0.03  0.10  0.15  0.20  0.25  0.27  0.29  0.30  0.29  0.27  0.25  0.22  0.18  0.13  0.08  0.03  0.02  0.00  0.00  0.00  0.00  0.00  0.00  0.00  0.00
 313 24 2019 -0.32 -0.32 -0.32 -0.31 -0.31 -0.28 -0.20 -0.10 -0.03  0.03  0.08  0.12  0.17  0.20  0.22  0.23  0.24  0.23  0.22  0.20  0.17  0.14  0.11  0.06  0.02  0.01  0.00  0.00  0.00  0.00  0.00  0.00  0.00  0.00
 314 12 2019 -0.15 -0.14 -0.13 -0.12 -0.12 -0.11 -0.11 -0.09 -0.05  0.00  0.05  0.09  0.13  0.16  0.18  0.19  0.19  0.19  0.17  0.16  0.13  0.11  0.08  0.05  0.02  0.01  0.00  0.00  0.00  0.00  0.00  0.00  0.00  0.00
 314 24 2019 -0.38 -0.37 -0.36 -0.35 -0.34 -0.31 -0.21 -0.12 -0.05 -0.01  0.03  0.07  0.10  0.12  0.14  0.15  0.15  0.15  0.14  0.12  0.11  0.09  0.07  0.04  0.01  0.01  0.00  0.00  0.00  0.00  0.00  0.00  0.00  0.00
 315 12 2019 -0.04 -0.05 -0.06 -0.06 -0.07 -0.09 -0.13 -0.12 -0.08 -0.03  0.01  0.04  0.07  0.09  0.11  0.12  0.12  0.12  0.11  0.10  0.08  0.07  0.05  0.03  0.01  0.00  0.00  0.00  0.00  0.00  0.00  0.00  0.00  0.00
 315 24 2019 -0.24 -0.23 -0.22 -0.22 -0.21 -0.19 -0.14 -0.09 -0.06 -0.03 -0.00  0.02  0.05  0.07  0.08  0.09  0.09  0.09  0.08  0.08  0.06  0.05  0.04  0.02  0.01  0.00  0.00  0.00  0.00  0.00  0.00  0.00  0.00  0.00
 316 12 2019 -0.08 -0.09 -0.09 -0.09 -0.09 -0.10 -0.11 -0.10 -0.07 -0.04 -0.02  0.01  0.03  0.05  0.06  0.06  0.07  0.07  0.06  0.06  0.05  0.04  0.03  0.02  0.01  0.00  0.00  0.00  0.00  0.00  0.00  0.00  0.00  0.00
 316 24 2019 -0.30 -0.28 -0.27 -0.26 -0.25 -0.22 -0.15 -0.10 -0.07 -0.04 -0.02 -0.00  0.01  0.03  0.04  0.04  0.05  0.05  0.05  0.04  0.04  0.03  0.02  0.01  0.00  0.00  0.00  0.00 -0.00  0.00  0.00  0.00  0.00  0.00
 317 12 2019 -0.17 -0.17 -0.16 -0.15 -0.15 -0.14 -0.14 -0.12 -0.09 -0.06 -0.04 -0.02  0.00  0.01  0.02  0.03  0.03  0.03  0.03  0.03  0.03  0.02  0.02  0.01  0.00  0.00  0.00  0.00  0.00  0.00  0.00  0.00  0.00  0.00
 317 24 2019 -0.39 -0.38 -0.38 -0.37 -0.36 -0.32 -0.23 -0.15 -0.10 -0.07 -0.05 -0.03 -0.01 -0.00  0.01  0.02  0.02  0.02  0.02  0.02  0.02  0.01  0.01  0.01  0.00  0.00  0.00  0.00  0.00 -0.00  0.00  0.00  0.00  0.00
 318 12 2019 -0.12 -0.12 -0.13 -0.13 -0.14 -0.15 -0.17 -0.16 -0.13 -0.10 -0.07 -0.05 -0.03 -0.01 -0.00  0.00  0.01  0.01  0.01  0.01  0.01  0.01  0.01  0.00  0.00  0.00  0.00  0.00  0.00  0.00  0.00  0.00  0.00  0.00
 318 24 2019 -0.32 -0.32 -0.31 -0.30 -0.29 -0.26 -0.20 -0.16 -0.13 -0.10 -0.08 -0.06 -0.04 -0.03 -0.02 -0.01 -0.00 -0.00  0.00  0.00  0.00  0.00  0.00  0.00  0.00  0.00  0.00  0.00  0.00  0.00  0.00  0.00  0.00  0.00
 319 12 2019 -0.10 -0.11 -0.11 -0.12 -0.12 -0.14 -0.16 -0.16 -0.14 -0.12 -0.09 -0.07 -0.06 -0.04 -0.03 -0.02 -0.02 -0.01 -0.01 -0.00 -0.00 -0.00 -0.00 -0.00 -0.00 -0.00  0.00  0.00  0.00  0.00  0.00  0.00  0.00  0.00
 319 24 2019 -0.25 -0.24 -0.24 -0.23 -0.23 -0.21 -0.17 -0.15 -0.13 -0.11 -0.10 -0.08 -0.07 -0.05 -0.04 -0.03 -0.02 -0.02 -0.01 -0.01 -0.01 -0.01 -0.00 -0.00 -0.00 -0.00  0.00  0.00  0.00  0.00  0.00  0.00  0.00  0.00
 320 12 2019 -0.06 -0.06 -0.07 -0.07 -0.08 -0.10 -0.13 -0.14 -0.13 -0.12 -0.10 -0.09 -0.07 -0.06 -0.05 -0.04 -0.03 -0.03 -0.02 -0.02 -0.01 -0.01 -0.01 -0.00 -0.00 -0.00  0.00  0.00  0.00  0.00  0.00  0.00  0.00  0.00
 320 24 2019 -0.24 -0.23 -0.23 -0.22 -0.21 -0.19 -0.15 -0.13 -0.12 -0.11 -0.10 -0.09 -0.08 -0.07 -0.06 -0.05 -0.04 -0.03 -0.03 -0.02 -0.02 -0.01 -0.01 -0.01 -0.00 -0.00  0.00  0.00  0.00 -0.00  0.00  0.00  0.00  0.00
 321 12 2019 -0.26 -0.25 -0.24 -0.23 -0.22 -0.20 -0.17 -0.15 -0.13 -0.11 -0.10 -0.09 -0.08 -0.07 -0.06 -0.05 -0.04 -0.04 -0.03 -0.03 -0.02 -0.02 -0.01 -0.01 -0.00 -0.00  0.00  0.00  0.00  0.00  0.00  0.00  0.00  0.00
 321 24 2019 -0.35 -0.35 -0.35 -0.34 -0.34 -0.32 -0.25 -0.19 -0.15 -0.13 -0.11 -0.10 -0.08 -0.07 -0.06 -0.06 -0.05 -0.04 -0.04 -0.03 -0.02 -0.02 -0.01 -0.01 -0.00 -0.00  0.00  0.00  0.00 -0.00  0.00  0.00  0.00  0.00
 322 12 2019 -0.02 -0.04 -0.06 -0.07 -0.08 -0.12 -0.18 -0.18 -0.17 -0.15 -0.12 -0.11 -0.09 -0.08 -0.07 -0.06 -0.05 -0.05 -0.04 -0.03 -0.03 -0.02 -0.01 -0.01 -0.00 -0.00 -0.00  0.00  0.00  0.00  0.00  0.00  0.00  0.00
 322 24 2019 -0.03 -0.02 -0.02 -0.03 -0.03 -0.04 -0.08 -0.12 -0.13 -0.13 -0.12 -0.11 -0.10 -0.09 -0.08 -0.07 -0.06 -0.05 -0.04 -0.03 -0.03 -0.02 -0.02 -0.01 -0.00 -0.00 -0.00  0.00  0.00  0.00  0.00  0.00 -0.00  0.00
 323 12 2019 -0.22 -0.21 -0.20 -0.20 -0.19 -0.17 -0.13 -0.12 -0.12 -0.12 -0.11 -0.11 -0.10 -0.09 -0.08 -0.07 -0.06 -0.05 -0.05 -0.04 -0.03 -0.02 -0.02 -0.01 -0.00 -0.00 -0.00  0.00  0.00  0.00  0.00  0.00 -0.00  0.00
 323 24 2019 -0.28 -0.28 -0.28 -0.28 -0.28 -0.26 -0.21 -0.16 -0.13 -0.12 -0.11 -0.10 -0.10 -0.09 -0.08 -0.07 -0.06 -0.06 -0.05 -0.04 -0.03 -0.03 -0.02 -0.01 -0.00 -0.00 -0.00  0.00  0.00  0.00  0.00  0.00  0.00  0.00
 324 12 2019 -0.09 -0.09 -0.09 -0.09 -0.09 -0.10 -0.14 -0.15 -0.14 -0.13 -0.12 -0.11 -0.10 -0.09 -0.08 -0.07 -0.07 -0.06 -0.05 -0.04 -0.03 -0.03 -0.02 -0.01 -0.00 -0.00 -0.00  0.00  0.00  0.00  0.00  0.00  0.00  0.00
 324 24 2019 -0.33 -0.33 -0.33 -0.32 -0.32 -0.29 -0.22 -0.17 -0.14 -0.13 -0.12 -0.11 -0.10 -0.09 -0.08 -0.07 -0.07 -0.06 -0.05 -0.04 -0.03 -0.03 -0.02 -0.01 -0.00 -0.00 -0.00  0.00  0.00  0.00  0.00  0.00 -0.00  0.00
 325 12 2019 -0.07 -0.07 -0.07 -0.08 -0.08 -0.10 -0.15 -0.16 -0.16 -0.14 -0.13 -0.11 -0.10 -0.09 -0.08 -0.08 -0.07 -0.06 -0.05 -0.04 -0.04 -0.03 -0.02 -0.01 -0.00 -0.00 -0.00  0.00 -0.00  0.00  0.00  0.00  0.00  0.00
 325 24 2019 -0.19 -0.20 -0.20 -0.20 -0.20 -0.20 -0.17 -0.15 -0.14 -0.13 -0.13 -0.12 -0.11 -0.10 -0.09 -0.08 -0.07 -0.06 -0.05 -0.04 -0.04 -0.03 -0.02 -0.01 -0.00 -0.00 -0.00  0.00  0.00  0.00  0.00  0.00 -0.00  0.00
 326 12 2019 -0.08 -0.07 -0.07 -0.06 -0.06 -0.06 -0.09 -0.13 -0.13 -0.13 -0.12 -0.12 -0.11 -0.10 -0.09 -0.08 -0.07 -0.06 -0.05 -0.05 -0.04 -0.03 -0.02 -0.01 -0.00 -0.00 -0.00  0.00  0.00  0.00  0.00  0.00  0.00  0.00
 326 24 2019 -0.26 -0.27 -0.27 -0.27 -0.26 -0.25 -0.20 -0.15 -0.13 -0.12 -0.12 -0.11 -0.11 -0.10 -0.09 -0.08 -0.07 -0.06 -0.05 -0.05 -0.04 -0.03 -0.02 -0.01 -0.00 -0.00 -0.00  0.00  0.00  0.00  0.00  0.00 -0.00  0.00
 327 12 2019 -0.09 -0.10 -0.10 -0.10 -0.10 -0.11 -0.14 -0.15 -0.14 -0.13 -0.12 -0.11 -0.10 -0.10 -0.09 -0.08 -0.07 -0.06 -0.06 -0.05 -0.04 -0.03 -0.02 -0.01 -0.00 -0.00 -0.00  0.00  0.00  0.00  0.00  0.00  0.00  0.00
 327 24 2019 -0.17 -0.17 -0.17 -0.17 -0.17 -0.16 -0.15 -0.14 -0.13 -0.13 -0.12 -0.11 -0.11 -0.10 -0.09 -0.08 -0.07 -0.06 -0.06 -0.05 -0.04 -0.03 -0.02 -0.01 -0.00 -0.00 -0.00  0.00  0.00  0.00  0.00  0.00  0.00  0.00
 328 12 2019 -0.10 -0.10 -0.10 -0.10 -0.10 -0.11 -0.13 -0.14 -0.14 -0.13 -0.12 -0.11 -0.11 -0.10 -0.09 -0.08 -0.07 -0.06 -0.06 -0.05 -0.04 -0.03 -0.02 -0.01 -0.00 -0.00 -0.00  0.00  0.00  0.00  0.00  0.00 -0.00  0.00
 328 24 2019 -0.28 -0.27 -0.27 -0.26 -0.26 -0.24 -0.18 -0.14 -0.13 -0.12 -0.12 -0.11 -0.11 -0.10 -0.09 -0.08 -0.07 -0.06 -0.06 -0.05 -0.04 -0.03 -0.02 -0.01 -0.00 -0.00 -0.00  0.00  0.00  0.00  0.00  0.00 -0.00  0.00
 329 12 2019 -0.02 -0.03 -0.04 -0.05 -0.06 -0.08 -0.13 -0.15 -0.14 -0.13 -0.12 -0.11 -0.10 -0.10 -0.09 -0.08 -0.07 -0.06 -0.06 -0.05 -0.04 -0.03 -0.02 -0.01 -0.00 -0.00 -0.00  0.00  0.00  0.00  0.00  0.00  0.00  0.00
 329 24 2019 -0.11 -0.11 -0.11 -0.11 -0.11 -0.11 -0.10 -0.11 -0.12 -0.12 -0.12 -0.11 -0.11 -0.10 -0.09 -0.08 -0.07 -0.06 -0.06 -0.05 -0.04 -0.03 -0.02 -0.01 -0.00 -0.00 -0.00  0.00  0.00  0.00  0.00  0.00 -0.00  0.00
 330 12 2019 -0.06 -0.06 -0.06 -0.06 -0.07 -0.08 -0.10 -0.11 -0.11 -0.11 -0.11 -0.11 -0.10 -0.10 -0.09 -0.08 -0.07 -0.06 -0.06 -0.05 -0.04 -0.03 -0.02 -0.01 -0.00 -0.00 -0.00  0.00  0.00 -0.00  0.00  0.00  0.00  0.00
 330 24 2019 -0.06 -0.06 -0.07 -0.07 -0.07 -0.08 -0.08 -0.09 -0.10 -0.10 -0.11 -0.10 -0.10 -0.09 -0.09 -0.08 -0.07 -0.06 -0.06 -0.05 -0.04 -0.03 -0.02 -0.01 -0.00 -0.00 -0.00  0.00 -0.00  0.00  0.00  0.00  0.00  0.00
 331 12 2019  0.00  0.00  0.00 -0.00 -0.00 -0.02 -0.05 -0.08 -0.09 -0.10 -0.10 -0.10 -0.09 -0.09 -0.08 -0.08 -0.07 -0.06 -0.05 -0.05 -0.04 -0.03 -0.02 -0.01 -0.00 -0.00 -0.00  0.00  0.00  0.00  0.00  0.00 -0.00  0.00
 331 24 2019 -0.14 -0.14 -0.14 -0.14 -0.13 -0.12 -0.09 -0.08 -0.08 -0.08 -0.09 -0.09 -0.09 -0.08 -0.08 -0.07 -0.07 -0.06 -0.05 -0.05 -0.04 -0.03 -0.02 -0.01 -0.00 -0.00 -0.00  0.00  0.00  0.00  0.00  0.00 -0.00  0.00
 332 12 2019 -0.12 -0.11 -0.10 -0.09 -0.09 -0.08 -0.09 -0.09 -0.09 -0.09 -0.09 -0.08 -0.08 -0.08 -0.08 -0.07 -0.07 -0.06 -0.05 -0.04 -0.04 -0.03 -0.02 -0.01 -0.00 -0.00 -0.00  0.00  0.00  0.00  0.00  0.00  0.00  0.00
 332 24 2019 -0.30 -0.30 -0.30 -0.29 -0.28 -0.26 -0.18 -0.13 -0.10 -0.09 -0.09 -0.08 -0.08 -0.08 -0.07 -0.07 -0.06 -0.06 -0.05 -0.04 -0.04 -0.03 -0.02 -0.01 -0.00 -0.00 -0.00  0.00  0.00  0.00  0.00  0.00 -0.00  0.00
 333 12 2019 -0.03 -0.03 -0.04 -0.05 -0.05 -0.08 -0.12 -0.13 -0.12 -0.11 -0.10 -0.09 -0.08 -0.08 -0.07 -0.07 -0.06 -0.05 -0.05 -0.04 -0.03 -0.03 -0.02 -0.01 -0.00 -0.00 -0.00  0.00  0.00 -0.00  0.00  0.00  0.00  0.00
 333 24 2019 -0.14 -0.14 -0.14 -0.14 -0.13 -0.13 -0.11 -0.10 -0.11 -0.10 -0.10 -0.09 -0.09 -0.08 -0.07 -0.07 -0.06 -0.05 -0.05 -0.04 -0.03 -0.03 -0.02 -0.01 -0.00 -0.00 -0.00  0.00  0.00 -0.00  0.00  0.00 -0.00  0.00
 334 12 2019 -0.03 -0.03 -0.03 -0.04 -0.04 -0.06 -0.09 -0.10 -0.10 -0.10 -0.10 -0.09 -0.08 -0.08 -0.07 -0.07 -0.06 -0.05 -0.05 -0.04 -0.03 -0.03 -0.02 -0.01 -0.00 -0.00 -0.00  0.00  0.00  0.00  0.00  0.00  0.00  0.00
 334 24 2019 -0.20 -0.19 -0.19 -0.18 -0.17 -0.15 -0.11 -0.10 -0.10 -0.09 -0.09 -0.09 -0.08 -0.08 -0.07 -0.07 -0.06 -0.05 -0.05 -0.04 -0.03 -0.03 -0.02 -0.01 -0.00 -0.00 -0.00  0.00  0.00  0.00 -0.00  0.00  0.00  0.00
 335 12 2019 -0.16 -0.16 -0.16 -0.15 -0.15 -0.15 -0.14 -0.13 -0.11 -0.10 -0.09 -0.09 -0.08 -0.08 -0.07 -0.07 -0.06 -0.05 -0.05 -0.04 -0.03 -0.03 -0.02 -0.01 -0.00 -0.00 -0.00  0.00  0.00  0.00  0.00  0.00 -0.00  0.00
 335 24 2019 -0.25 -0.24 -0.24 -0.23 -0.23 -0.21 -0.17 -0.14 -0.12 -0.11 -0.10 -0.09 -0.08 -0.08 -0.07 -0.07 -0.06 -0.05 -0.05 -0.04 -0.03 -0.03 -0.02 -0.01 -0.00 -0.00 -0.00  0.00  0.00  0.00  0.00  0.00  0.00  0.00
 336 12 2019  0.01 -0.01 -0.02 -0.03 -0.04 -0.08 -0.12 -0.14 -0.13 -0.12 -0.10 -0.10 -0.09 -0.08 -0.07 -0.07 -0.06 -0.05 -0.05 -0.04 -0.03 -0.03 -0.02 -0.01 -0.00 -0.00 -0.00  0.00  0.00  0.00  0.00  0.00  0.00  0.00
 336 24 2019 -0.10 -0.09 -0.09 -0.09 -0.08 -0.08 -0.07 -0.09 -0.10 -0.11 -0.10 -0.10 -0.09 -0.08 -0.07 -0.07 -0.06 -0.05 -0.05 -0.04 -0.03 -0.03 -0.02 -0.01 -0.00 -0.00 -0.00  0.00  0.00  0.00  0.00  0.00  0.00  0.00
 337 12 2019 -0.02 -0.03 -0.03 -0.04 -0.04 -0.06 -0.08 -0.09 -0.10 -0.10 -0.10 -0.09 -0.09 -0.08 -0.07 -0.07 -0.06 -0.05 -0.05 -0.04 -0.03 -0.03 -0.02 -0.01 -0.00 -0.00 -0.00  0.00  0.00  0.00  0.00  0.00  0.00  0.00
 337 24 2019 -0.17 -0.17 -0.16 -0.16 -0.15 -0.13 -0.10 -0.09 -0.09 -0.09 -0.09 -0.09 -0.08 -0.08 -0.07 -0.07 -0.06 -0.05 -0.05 -0.04 -0.03 -0.03 -0.02 -0.01 -0.00 -0.00 -0.00  0.00  0.00  0.00  0.00  0.00 -0.00  0.00
 338 12 2019  0.05  0.04  0.03  0.02  0.01 -0.02 -0.07 -0.09 -0.09 -0.09 -0.09 -0.08 -0.08 -0.08 -0.07 -0.07 -0.06 -0.05 -0.05 -0.04 -0.03 -0.03 -0.02 -0.01 -0.00 -0.00 -0.00  0.00  0.00  0.00  0.00  0.00  0.00  0.00
 338 24 2019 -0.14 -0.14 -0.13 -0.12 -0.12 -0.10 -0.07 -0.07 -0.07 -0.08 -0.08 -0.08 -0.08 -0.07 -0.07 -0.06 -0.06 -0.05 -0.05 -0.04 -0.03 -0.03 -0.02 -0.01 -0.00 -0.00 -0.00  0.00  0.00  0.00  0.00  0.00  0.00  0.00
 339 12 2019 -0.06 -0.06 -0.06 -0.06 -0.06 -0.06 -0.08 -0.08 -0.08 -0.08 -0.08 -0.08 -0.07 -0.07 -0.07 -0.06 -0.06 -0.05 -0.04 -0.04 -0.03 -0.03 -0.02 -0.01 -0.00 -0.00 -0.00  0.00  0.00  0.00  0.00  0.00  0.00  0.00
 339 24 2019 -0.15 -0.15 -0.15 -0.15 -0.15 -0.14 -0.11 -0.09 -0.08 -0.08 -0.08 -0.08 -0.07 -0.07 -0.06 -0.06 -0.05 -0.05 -0.04 -0.04 -0.03 -0.03 -0.02 -0.01 -0.00 -0.00 -0.00  0.00  0.00  0.00  0.00  0.00 -0.00  0.00
 340 12 2019 -0.01 -0.01 -0.02 -0.02 -0.03 -0.05 -0.08 -0.09 -0.09 -0.09 -0.08 -0.08 -0.07 -0.07 -0.06 -0.06 -0.05 -0.05 -0.04 -0.04 -0.03 -0.02 -0.02 -0.01 -0.00 -0.00 -0.00  0.00  0.00  0.00  0.00  0.00  0.00  0.00
 340 24 2019 -0.08 -0.08 -0.08 -0.08 -0.08 -0.07 -0.07 -0.07 -0.08 -0.08 -0.08 -0.08 -0.07 -0.07 -0.06 -0.06 -0.05 -0.05 -0.04 -0.04 -0.03 -0.02 -0.02 -0.01 -0.00 -0.00 -0.00  0.00  0.00  0.00  0.00  0.00  0.00  0.00
 341 12 2019 -0.02 -0.02 -0.02 -0.03 -0.03 -0.04 -0.06 -0.07 -0.07 -0.07 -0.07 -0.07 -0.07 -0.07 -0.06 -0.06 -0.05 -0.05 -0.04 -0.04 -0.03 -0.02 -0.02 -0.01 -0.00 -0.00 -0.00  0.00  0.00  0.00 -0.00  0.00  0.00  0.00
 341 24 2019 -0.18 -0.18 -0.18 -0.17 -0.17 -0.15 -0.11 -0.08 -0.07 -0.07 -0.07 -0.07 -0.07 -0.06 -0.06 -0.06 -0.05 -0.05 -0.04 -0.03 -0.03 -0.02 -0.02 -0.01 -0.00 -0.00 -0.00  0.00  0.00  0.00  0.00  0.00  0.00  0.00
 342 12 2019  0.01  0.00 -0.00 -0.01 -0.01 -0.03 -0.06 -0.08 -0.08 -0.08 -0.07 -0.07 -0.07 -0.06 -0.06 -0.05 -0.05 -0.04 -0.04 -0.03 -0.03 -0.02 -0.02 -0.01 -0.00 -0.00 -0.00  0.00  0.00  0.00 -0.00  0.00  0.00  0.00
 342 24 2019 -0.11 -0.11 -0.11 -0.11 -0.10 -0.10 -0.08 -0.07 -0.07 -0.07 -0.07 -0.07 -0.06 -0.06 -0.06 -0.05 -0.05 -0.04 -0.04 -0.03 -0.03 -0.02 -0.02 -0.01 -0.00 -0.00 -0.00  0.00  0.00  0.00  0.00  0.00  0.00  0.00
 343 12 2019  0.04  0.03  0.03  0.02  0.01 -0.00 -0.04 -0.06 -0.07 -0.07 -0.07 -0.07 -0.06 -0.06 -0.06 -0.05 -0.05 -0.04 -0.04 -0.03 -0.03 -0.02 -0.02 -0.01 -0.00 -0.00 -0.00  0.00  0.00  0.00 -0.00  0.00  0.00  0.00
 343 24 2019 -0.09 -0.09 -0.09 -0.08 -0.08 -0.07 -0.05 -0.05 -0.05 -0.06 -0.06 -0.06 -0.06 -0.06 -0.05 -0.05 -0.05 -0.04 -0.04 -0.03 -0.03 -0.02 -0.02 -0.01 -0.00 -0.00 -0.00  0.00  0.00  0.00  0.00  0.00  0.00  0.00
 344 12 2019 -0.00 -0.00 -0.00 -0.00 -0.01 -0.01 -0.04 -0.05 -0.06 -0.06 -0.06 -0.06 -0.06 -0.05 -0.05 -0.05 -0.04 -0.04 -0.04 -0.03 -0.03 -0.02 -0.02 -0.01 -0.00 -0.00 -0.00  0.00  0.00  0.00  0.00  0.00 -0.00  0.00
 344 24 2019 -0.28 -0.27 -0.26 -0.25 -0.24 -0.20 -0.12 -0.08 -0.06 -0.06 -0.06 -0.06 -0.05 -0.05 -0.05 -0.05 -0.04 -0.04 -0.03 -0.03 -0.03 -0.02 -0.02 -0.01 -0.00 -0.00 -0.00  0.00  0.00  0.00  0.00  0.00  0.00  0.00
 345 12 2019 -0.01 -0.02 -0.02 -0.03 -0.03 -0.05 -0.09 -0.09 -0.08 -0.07 -0.06 -0.06 -0.05 -0.05 -0.05 -0.04 -0.04 -0.04 -0.03 -0.03 -0.02 -0.02 -0.01 -0.01 -0.00 -0.00 -0.00  0.00  0.00  0.00  0.00  0.00  0.00  0.00
 345 24 2019 -0.20 -0.20 -0.19 -0.19 -0.18 -0.16 -0.12 -0.09 -0.08 -0.07 -0.07 -0.06 -0.06 -0.05 -0.05 -0.04 -0.04 -0.04 -0.03 -0.03 -0.02 -0.02 -0.01 -0.01 -0.00 -0.00 -0.00  0.00  0.00  0.00  0.00  0.00  0.00  0.00
 346 12 2019 -0.04 -0.04 -0.05 -0.05 -0.05 -0.06 -0.08 -0.09 -0.09 -0.08 -0.07 -0.06 -0.06 -0.05 -0.05 -0.04 -0.04 -0.04 -0.03 -0.03 -0.02 -0.02 -0.01 -0.01 -0.00 -0.00 -0.00  0.00  0.00  0.00  0.00  0.00  0.00  0.00
 346 24 2019 -0.29 -0.28 -0.27 -0.26 -0.25 -0.22 -0.15 -0.11 -0.09 -0.08 -0.07 -0.07 -0.06 -0.06 -0.05 -0.05 -0.04 -0.04 -0.03 -0.03 -0.02 -0.02 -0.01 -0.01 -0.00 -0.00 -0.00  0.00  0.00  0.00  0.00  0.00 -0.00  0.00
 347 12 2019 -0.08 -0.08 -0.09 -0.09 -0.09 -0.10 -0.12 -0.12 -0.11 -0.09 -0.08 -0.07 -0.06 -0.06 -0.05 -0.05 -0.04 -0.04 -0.03 -0.03 -0.02 -0.02 -0.01 -0.01 -0.00 -0.00 -0.00  0.00  0.00  0.00  0.00  0.00  0.00  0.00
 347 24 2019 -0.33 -0.32 -0.31 -0.30 -0.29 -0.26 -0.18 -0.13 -0.11 -0.10 -0.09 -0.08 -0.07 -0.06 -0.05 -0.05 -0.04 -0.04 -0.03 -0.03 -0.02 -0.02 -0.01 -0.01 -0.00 -0.00 -0.00  0.00  0.00  0.00  0.00  0.00  0.00  0.00
 348 12 2019 -0.06 -0.07 -0.07 -0.08 -0.09 -0.11 -0.15 -0.15 -0.13 -0.11 -0.09 -0.08 -0.07 -0.06 -0.06 -0.05 -0.05 -0.04 -0.03 -0.03 -0.02 -0.02 -0.01 -0.01 -0.00 -0.00 -0.00  0.00  0.00  0.00  0.00  0.00  0.00  0.00
 348 24 2019 -0.17 -0.17 -0.16 -0.16 -0.16 -0.15 -0.13 -0.12 -0.12 -0.11 -0.10 -0.09 -0.08 -0.07 -0.06 -0.05 -0.05 -0.04 -0.04 -0.03 -0.03 -0.02 -0.02 -0.01 -0.00 -0.00 -0.00  0.00  0.00  0.00 -0.00  0.00  0.00  0.00
 349 12 2019 -0.02 -0.03 -0.03 -0.04 -0.04 -0.06 -0.10 -0.11 -0.11 -0.11 -0.10 -0.09 -0.08 -0.07 -0.06 -0.06 -0.05 -0.04 -0.04 -0.03 -0.03 -0.02 -0.02 -0.01 -0.00 -0.00 -0.00  0.00  0.00  0.00 -0.00  0.00  0.00  0.00
 349 24 2019 -0.13 -0.12 -0.12 -0.12 -0.12 -0.11 -0.10 -0.10 -0.10 -0.10 -0.09 -0.09 -0.08 -0.07 -0.07 -0.06 -0.05 -0.05 -0.04 -0.03 -0.03 -0.02 -0.02 -0.01 -0.00 -0.00 -0.00  0.00  0.00  0.00  0.00  0.00  0.00  0.00
 350 12 2019 -0.09 -0.09 -0.10 -0.10 -0.12 -0.14 -0.26 -0.17 -0.12 -0.10 -0.09 -0.09 -0.08 -0.07 -0.07 -0.06 -0.05 -0.05 -0.04 -0.04 -0.03 -0.02 -0.02 -0.01 -0.00 -0.00 -0.00  0.00  0.00 -0.00  0.00  0.00 -0.00  0.00
 350 24 2019 -0.12 -0.11 -0.09 -0.07 -0.05 -0.13  0.01 -0.08 -0.11 -0.11 -0.10 -0.09 -0.08 -0.08 -0.07 -0.06 -0.06 -0.05 -0.04 -0.04 -0.03 -0.02 -0.02 -0.01 -0.00 -0.00 -0.00 -0.00  0.00  0.00 -0.00  0.00  0.00  0.00
 351 12 2019 -0.04  0.01  0.04  0.08  0.08  0.30 -1.41 -0.64 -0.30 -0.17 -0.12 -0.10 -0.09 -0.08 -0.07 -0.06 -0.06 -0.05 -0.04 -0.04 -0.03 -0.02 -0.02 -0.01 -0.00 -0.00 -0.00 -0.00  0.00  0.00 -0.00  0.00  0.00  0.00
 351 24 2019 -0.12 -0.13 -0.14 -0.13 -0.18 -0.59  0.66  0.02 -0.22 -0.24 -0.20 -0.15 -0.12 -0.10 -0.08 -0.07 -0.06 -0.05 -0.05 -0.04 -0.03 -0.03 -0.02 -0.01 -0.00 -0.00 -0.00 -0.00  0.00  0.00  0.00  0.00  0.00  0.00
 352 12 2019 -0.05 -0.03 -0.01  0.01  0.04  0.51 -1.49 -0.72 -0.35 -0.22 -0.17 -0.15 -0.13 -0.11 -0.10 -0.08 -0.07 -0.06 -0.05 -0.04 -0.03 -0.03 -0.02 -0.01 -0.01 -0.00 -0.00 -0.00  0.00  0.00  0.00  0.00  0.00  0.00
 352 24 2019 -0.11 -0.13 -0.16 -0.20 -0.30 -0.76  1.03  0.19 -0.17 -0.25 -0.23 -0.19 -0.16 -0.13 -0.11 -0.09 -0.08 -0.07 -0.06 -0.05 -0.04 -0.03 -0.02 -0.01 -0.01 -0.00 -0.00 -0.00  0.00 -0.00  0.00  0.00  0.00  0.00
 353 12 2019 -0.04 -0.03 -0.02  0.02  0.09  0.55 -1.42 -0.65 -0.28 -0.18 -0.16 -0.16 -0.15 -0.14 -0.12 -0.10 -0.09 -0.08 -0.06 -0.05 -0.04 -0.03 -0.03 -0.02 -0.01 -0.00 -0.00 -0.00  0.00  0.00 -0.00  0.00  0.00  0.00
 353 24 2019 -0.13 -0.14 -0.15 -0.19 -0.28 -0.77  1.02  0.26 -0.12 -0.22 -0.21 -0.18 -0.16 -0.14 -0.12 -0.11 -0.09 -0.08 -0.07 -0.06 -0.05 -0.04 -0.03 -0.02 -0.01 -0.00 -0.00 -0.00  0.00  0.00  0.00  0.00  0.00  0.00
 354 12 2019 -0.03 -0.03 -0.02  0.02  0.09  0.53 -1.35 -0.83 -0.32 -0.17 -0.15 -0.15 -0.15 -0.14 -0.13 -0.11 -0.10 -0.09 -0.08 -0.06 -0.05 -0.04 -0.03 -0.02 -0.01 -0.01 -0.00 -0.00  0.00  0.00 -0.00  0.00  0.00  0.00
 354 24 2019 -0.10 -0.13 -0.15 -0.19 -0.28 -0.70  1.08  0.45 -0.10 -0.24 -0.23 -0.19 -0.16 -0.14 -0.13 -0.11 -0.10 -0.09 -0.08 -0.07 -0.06 -0.04 -0.03 -0.02 -0.01 -0.01 -0.00 -0.00  0.00  0.00  0.00  0.00  0.00  0.00
 355 12 2019 -0.04 -0.03 -0.01  0.02  0.11  0.54 -1.23 -0.84 -0.29 -0.14 -0.13 -0.14 -0.15 -0.14 -0.13 -0.12 -0.11 -0.09 -0.08 -0.07 -0.06 -0.05 -0.04 -0.02 -0.01 -0.01 -0.00 -0.00  0.00  0.00 -0.00  0.00  0.00  0.00
 355 24 2019 -0.10 -0.14 -0.17 -0.19 -0.26 -0.63  1.03  0.54 -0.06 -0.22 -0.22 -0.19 -0.16 -0.14 -0.13 -0.12 -0.11 -0.09 -0.08 -0.07 -0.06 -0.05 -0.04 -0.02 -0.01 -0.01 -0.00 -0.00  0.00  0.00  0.00  0.00  0.00  0.00
 356 12 2019 -0.03 -0.01  0.02  0.04  0.11  0.49 -1.03 -0.81 -0.26 -0.11 -0.11 -0.13 -0.14 -0.14 -0.13 -0.12 -0.11 -0.10 -0.08 -0.07 -0.06 -0.05 -0.04 -0.02 -0.01 -0.01 -0.00 -0.00  0.00 -0.00  0.00  0.00  0.00  0.00
 356 24 2019 -0.11 -0.12 -0.17 -0.25 -0.35 -0.78  0.95  0.66  0.03 -0.16 -0.18 -0.16 -0.15 -0.13 -0.12 -0.11 -0.10 -0.09 -0.08 -0.07 -0.06 -0.05 -0.04 -0.02 -0.01 -0.01 -0.00 -0.00  0.00  0.00 -0.00  0.00  0.00  0.00
 357 12 2019 -0.05 -0.04  0.01  0.07  0.19  0.60 -1.07 -0.84 -0.24 -0.08 -0.07 -0.10 -0.12 -0.12 -0.12 -0.11 -0.10 -0.09 -0.08 -0.07 -0.06 -0.05 -0.04 -0.02 -0.01 -0.01 -0.00 -0.00  0.00  0.00  0.00  0.00  0.00  0.00
 357 24 2019 -0.21 -0.28 -0.34 -0.39 -0.44 -0.63  1.06  0.52 -0.04 -0.18 -0.17 -0.15 -0.13 -0.12 -0.11 -0.10 -0.10 -0.09 -0.08 -0.07 -0.06 -0.05 -0.04 -0.02 -0.01 -0.01 -0.00 -0.00  0.00  0.00 -0.00  0.00  0.00  0.00
 358 12 2019 -0.06 -0.01  0.04  0.08  0.13  0.27 -1.25 -0.64 -0.14 -0.04 -0.06 -0.09 -0.11 -0.11 -0.11 -0.10 -0.09 -0.09 -0.08 -0.07 -0.06 -0.05 -0.04 -0.02 -0.01 -0.01 -0.00 -0.00  0.00 -0.00  0.00  0.00  0.00  0.00
 358 24 2019 -0.19 -0.15 -0.19 -0.27 -0.37 -0.80  0.79  0.41 -0.04 -0.15 -0.15 -0.13 -0.11 -0.10 -0.10 -0.09 -0.09 -0.08 -0.07 -0.06 -0.05 -0.04 -0.03 -0.02 -0.01 -0.01 -0.00 -0.00  0.00  0.00  0.00  0.00  0.00  0.00
 359 12 2019 -0.09 -0.14 -0.11 -0.03  0.06  0.40 -1.53 -1.09 -0.39 -0.15 -0.10 -0.10 -0.10 -0.10 -0.10 -0.09 -0.09 -0.08 -0.07 -0.06 -0.05 -0.04 -0.03 -0.02 -0.01 -0.01 -0.00 -0.00  0.00  0.00  0.00  0.00  0.00  0.00
 359 24 2019 -0.17 -0.11 -0.12 -0.18 -0.27 -0.65  1.17  0.24 -0.26 -0.32 -0.26 -0.19 -0.14 -0.12 -0.10 -0.09 -0.08 -0.08 -0.07 -0.06 -0.05 -0.04 -0.03 -0.02 -0.01 -0.01 -0.00 -0.00  0.00  0.00 -0.00  0.00  0.00  0.00
 360 12 2019 -0.07 -0.11 -0.10 -0.02  0.09  0.54 -1.23 -0.87 -0.35 -0.21 -0.18 -0.17 -0.16 -0.14 -0.12 -0.10 -0.09 -0.08 -0.07 -0.06 -0.05 -0.04 -0.03 -0.02 -0.01 -0.01 -0.00 -0.00  0.00  0.00  0.00  0.00  0.00  0.00
 360 24 2019 -0.09 -0.10 -0.15 -0.22 -0.31 -0.67  1.22  0.69 -0.02 -0.22 -0.24 -0.20 -0.17 -0.15 -0.13 -0.11 -0.10 -0.09 -0.07 -0.06 -0.05 -0.04 -0.03 -0.02 -0.01 -0.01 -0.00 -0.00  0.00  0.00  0.00  0.00  0.00  0.00
 361 12 2019 -0.05 -0.06 -0.03  0.02  0.11  0.44 -1.11 -0.65 -0.14 -0.05 -0.08 -0.13 -0.14 -0.14 -0.13 -0.12 -0.10 -0.09 -0.08 -0.07 -0.06 -0.04 -0.03 -0.02 -0.01 -0.01 -0.00 -0.00  0.00 -0.00  0.00 -0.00  0.00  0.00
 361 24 2019 -0.14 -0.19 -0.23 -0.28 -0.35 -0.66  0.95  0.95  0.20 -0.06 -0.12 -0.13 -0.13 -0.12 -0.12 -0.11 -0.10 -0.09 -0.08 -0.07 -0.06 -0.05 -0.04 -0.02 -0.01 -0.01 -0.00 -0.00  0.00  0.00  0.00  0.00  0.00  0.00
 362 12 2019 -0.02  0.02  0.05  0.09  0.15  0.43 -0.69 -0.60 -0.06  0.06  0.03 -0.03 -0.08 -0.10 -0.10 -0.10 -0.10 -0.09 -0.08 -0.07 -0.06 -0.05 -0.04 -0.02 -0.01 -0.01 -0.00 -0.00  0.00  0.00  0.00  0.00  0.00  0.00
 362 24 2019 -0.11 -0.17 -0.23 -0.29 -0.35 -0.50  0.82  0.76  0.21  0.02 -0.03 -0.05 -0.06 -0.07 -0.08 -0.08 -0.08 -0.08 -0.07 -0.06 -0.05 -0.05 -0.04 -0.02 -0.01 -0.01 -0.00 -0.00  0.00  0.00  0.00  0.00  0.00  0.00
 363 12 2019 -0.06  0.00  0.07  0.14  0.20  0.37 -0.41 -0.10  0.17  0.16  0.09  0.02 -0.02 -0.04 -0.06 -0.07 -0.07 -0.07 -0.06 -0.06 -0.05 -0.04 -0.03 -0.02 -0.01 -0.01 -0.00 -0.00  0.00 -0.00  0.00 -0.00  0.00  0.00
 363 24 2019 -0.14 -0.22 -0.35 -0.50 -0.65 -1.23 -0.68 -0.54 -0.23 -0.08 -0.01  0.01 -0.00 -0.02 -0.03 -0.04 -0.05 -0.05 -0.05 -0.05 -0.04 -0.03 -0.03 -0.02 -0.01 -0.01 -0.00 -0.00  0.00  0.00  0.00  0.00  0.00  0.00
 364 12 2019 -0.01  0.24  0.28  0.21  0.05 -0.63 -1.94 -2.00 -0.99 -0.48 -0.23 -0.11 -0.06 -0.04 -0.03 -0.03 -0.04 -0.04 -0.04 -0.04 -0.03 -0.03 -0.02 -0.01 -0.01 -0.00 -0.00 -0.00 -0.00  0.00  0.00 -0.00  0.00  0.00
 364 24 2019 -0.11 -0.21 -0.21 -0.13 -0.02  0.28 -0.67 -1.66 -1.66 -1.02 -0.61 -0.36 -0.21 -0.13 -0.08 -0.06 -0.05 -0.04 -0.03 -0.03 -0.03 -0.02 -0.02 -0.01 -0.01 -0.00 -0.00 -0.00 -0.00  0.00  0.00  0.00  0.00  0.00
 365 12 2019 -0.02  0.16  0.16  0.08 -0.03 -0.36 -0.79 -1.54 -1.67 -1.18 -0.83 -0.58 -0.39 -0.27 -0.18 -0.13 -0.09 -0.07 -0.05 -0.04 -0.03 -0.02 -0.02 -0.01 -0.01 -0.00 -0.00 -0.00  0.00  0.00  0.00 -0.00  0.00  0.00
 365 24 2019 -0.13 -0.16 -0.12 -0.02  0.09  0.32 -0.17 -1.18 -1.82 -1.33 -0.98 -0.72 -0.53 -0.39 -0.29 -0.21 -0.16 -0.12 -0.09 -0.07 -0.05 -0.04 -0.03 -0.02 -0.01 -0.01 -0.00 -0.00  0.00  0.00  0.00  0.00  0.00  0.00
   1 12 2020 -0.04  0.15  0.15  0.07 -0.03 -0.29 -0.41 -0.97 -1.61 -1.39 -1.06 -0.83 -0.64 -0.49 -0.38 -0.29 -0.23 -0.18 -0.14 -0.11 -0.08 -0.06 -0.05 -0.03 -0.01 -0.01 -0.00 -0.00 -0.00 -0.00  0.00  0.00  0.00  0.00
   1 24 2020 -0.10 -0.19 -0.10  0.00  0.10  0.33  0.02 -0.66 -1.46 -1.54 -1.19 -0.93 -0.73 -0.58 -0.46 -0.37 -0.29 -0.24 -0.19 -0.15 -0.12 -0.09 -0.07 -0.04 -0.02 -0.01 -0.01 -0.00  0.00  0.00 -0.00  0.00  0.00  0.00
   2 12 2020 -0.02  0.11  0.07 -0.02 -0.12 -0.32 -0.29 -0.60 -1.24 -1.44 -1.20 -0.99 -0.81 -0.66 -0.54 -0.44 -0.36 -0.29 -0.24 -0.19 -0.16 -0.12 -0.09 -0.06 -0.03 -0.02 -0.01 -0.00  0.00  0.00  0.00  0.00  0.00  0.00
   2 24 2020 -0.09 -0.16 -0.13 -0.05  0.02  0.10 -0.09 -0.52 -1.14 -1.48 -1.22 -1.01 -0.85 -0.71 -0.59 -0.50 -0.41 -0.34 -0.28 -0.23 -0.19 -0.15 -0.11 -0.07 -0.04 -0.02 -0.01 -0.00  0.00  0.00  0.00  0.00  0.00  0.00
   3 12 2020 -0.03  0.15  0.15  0.07 -0.01 -0.16 -0.22 -0.49 -1.01 -1.44 -1.22 -1.04 -0.88 -0.75 -0.64 -0.54 -0.46 -0.39 -0.33 -0.27 -0.22 -0.18 -0.14 -0.09 -0.04 -0.03 -0.02 -0.01 -0.00  0.00  0.00  0.00  0.00  0.00
   3 24 2020 -0.09 -0.25 -0.18 -0.11 -0.03  0.11 -0.00 -0.36 -0.91 -1.50 -1.25 -1.06 -0.91 -0.78 -0.67 -0.58 -0.50 -0.42 -0.36 -0.30 -0.25 -0.20 -0.15 -0.10 -0.05 -0.03 -0.02 -0.01 -0.00  0.00  0.00  0.00  0.00  0.00
   4 12 2020 -0.05  0.14  0.22  0.18  0.09 -0.15 -0.13 -0.34 -0.79 -1.37 -1.27 -1.08 -0.93 -0.81 -0.70 -0.61 -0.53 -0.46 -0.39 -0.33 -0.27 -0.22 -0.17 -0.11 -0.06 -0.04 -0.02 -0.01 -0.00  0.00  0.00 -0.00  0.00  0.00
   4 24 2020 -0.03 -0.16 -0.19 -0.16 -0.08  0.11  0.03 -0.25 -0.65 -1.23 -1.37 -1.15 -0.98 -0.84 -0.73 -0.64 -0.56 -0.48 -0.41 -0.35 -0.29 -0.24 -0.19 -0.12 -0.07 -0.05 -0.03 -0.01 -0.00  0.00  0.00  0.00  0.00  0.00
   5 12 2020 -0.02  0.06  0.04 -0.02 -0.07 -0.18 -0.11 -0.17 -0.58 -1.13 -1.27 -1.13 -0.99 -0.87 -0.76 -0.67 -0.58 -0.51 -0.44 -0.37 -0.31 -0.25 -0.20 -0.13 -0.07 -0.05 -0.03 -0.02 -0.01  0.00  0.00  0.00  0.00  0.00
   5 24 2020 -0.10 -0.19 -0.11 -0.06 -0.02  0.05 -0.01 -0.01 -0.52 -1.03 -1.27 -1.12 -0.99 -0.88 -0.78 -0.69 -0.60 -0.53 -0.46 -0.39 -0.33 -0.27 -0.21 -0.14 -0.08 -0.06 -0.03 -0.02 -0.01  0.00 -0.00  0.00  0.00  0.00
   6 12 2020 -0.11 -0.08  0.20  0.28  0.20 -0.13 -0.08 -0.08 -0.45 -0.92 -1.22 -1.11 -0.99 -0.89 -0.79 -0.70 -0.62 -0.54 -0.47 -0.41 -0.34 -0.28 -0.22 -0.15 -0.09 -0.06 -0.04 -0.02 -0.01  0.00  0.00  0.00  0.00  0.00
   6 24 2020 -0.13 -0.30 -0.58 -0.46 -0.35  0.09 -0.00 -0.03 -0.39 -0.83 -1.23 -1.10 -0.99 -0.89 -0.80 -0.71 -0.63 -0.56 -0.49 -0.42 -0.35 -0.29 -0.23 -0.16 -0.09 -0.06 -0.04 -0.02 -0.01  0.00  0.00  0.00 -0.00  0.00
   7 12 2020 -0.10  0.11  0.25  0.21  0.10 -0.23 -0.11 -0.11 -0.28 -0.73 -1.13 -1.07 -0.98 -0.89 -0.80 -0.72 -0.64 -0.57 -0.50 -0.43 -0.36 -0.30 -0.24 -0.17 -0.10 -0.07 -0.05 -0.03 -0.01 -0.00  0.00  0.00 -0.00  0.00
   7 24 2020 -0.08 -0.25 -0.33 -0.30 -0.21  0.06 -0.01 -0.01 -0.01 -0.61 -1.10 -1.03 -0.96 -0.88 -0.80 -0.72 -0.64 -0.57 -0.50 -0.44 -0.37 -0.31 -0.25 -0.17 -0.10 -0.07 -0.05 -0.03 -0.01 -0.00  0.00  0.00  0.00  0.00
   8 12 2020 -0.12  0.06  0.27  0.27  0.16 -0.14 -0.09 -0.09 -0.09 -0.54 -0.99 -0.98 -0.93 -0.86 -0.79 -0.72 -0.64 -0.58 -0.51 -0.44 -0.38 -0.32 -0.25 -0.18 -0.11 -0.08 -0.05 -0.03 -0.02 -0.00  0.00  0.00  0.00  0.00
   8 24 2020 -0.08 -0.22 -0.41 -0.30 -0.21  0.09 -0.00 -0.00 -0.00 -0.48 -0.94 -1.02 -0.91 -0.84 -0.77 -0.71 -0.64 -0.58 -0.51 -0.45 -0.38 -0.32 -0.26 -0.18 -0.11 -0.08 -0.06 -0.04 -0.02 -0.01  0.00  0.00 -0.00  0.00
   9 12 2020 -0.14 -0.02  0.21  0.31  0.24 -0.12 -0.05 -0.05 -0.05 -0.40 -0.88 -0.98 -0.93 -0.85 -0.78 -0.71 -0.64 -0.57 -0.51 -0.45 -0.38 -0.32 -0.26 -0.19 -0.12 -0.09 -0.06 -0.04 -0.02 -0.01  0.00  0.00  0.00  0.00
   9 24 2020 -0.10 -0.18 -0.39 -0.41 -0.24  0.15 -0.00 -0.00 -0.00 -0.38 -0.84 -0.97 -0.90 -0.84 -0.77 -0.70 -0.64 -0.57 -0.51 -0.45 -0.39 -0.33 -0.27 -0.19 -0.12 -0.09 -0.06 -0.04 -0.02 -0.01  0.00  0.00  0.00  0.00
  10 12 2020 -0.11 -0.07  0.08  0.28  0.26 -0.14 -0.02 -0.02 -0.02 -0.33 -0.73 -0.93 -0.88 -0.82 -0.76 -0.70 -0.63 -0.57 -0.51 -0.45 -0.39 -0.33 -0.27 -0.19 -0.12 -0.09 -0.07 -0.04 -0.02 -0.01 -0.00  0.00  0.00  0.00
  10 24 2020 -0.10 -0.19 -0.38 -0.62 -0.37  0.18 -0.00 -0.00 -0.00 -0.28 -0.66 -0.92 -0.87 -0.81 -0.75 -0.69 -0.63 -0.57 -0.51 -0.45 -0.39 -0.33 -0.27 -0.20 -0.13 -0.10 -0.07 -0.05 -0.03 -0.01 -0.00 -0.00 -0.00  0.00
  11 12 2020 -0.08 -0.04  0.08  0.27  0.30 -0.13 -0.00 -0.01 -0.01 -0.11 -0.54 -0.83 -0.83 -0.79 -0.74 -0.68 -0.62 -0.56 -0.50 -0.45 -0.39 -0.33 -0.27 -0.20 -0.13 -0.10 -0.07 -0.05 -0.03 -0.01 -0.00 -0.00  0.00  0.00
  11 24 2020 -0.16 -0.25 -0.41 -0.63 -0.65  0.19  0.04 -0.02 -0.02 -0.02 -0.41 -0.78 -0.78 -0.75 -0.71 -0.67 -0.61 -0.56 -0.50 -0.44 -0.39 -0.33 -0.27 -0.20 -0.13 -0.10 -0.08 -0.05 -0.03 -0.02 -0.00  0.00  0.00  0.00
  12 12 2020 -0.12 -0.14 -0.08  0.02  0.15 -0.14 -0.04 -0.04 -0.04 -0.05 -0.34 -0.66 -0.71 -0.71 -0.69 -0.65 -0.60 -0.55 -0.49 -0.44 -0.38 -0.33 -0.27 -0.20 -0.14 -0.11 -0.08 -0.05 -0.03 -0.02 -0.01  0.00  0.00  0.00
  12 24 2020 -0.17 -0.21 -0.34 -0.48 -0.66 -0.06  0.05 -0.00 -0.00 -0.01 -0.29 -0.61 -0.66 -0.67 -0.65 -0.62 -0.58 -0.54 -0.49 -0.43 -0.38 -0.33 -0.27 -0.20 -0.14 -0.11 -0.08 -0.06 -0.04 -0.02 -0.01  0.00  0.00  0.00
  13 12 2020 -0.12 -0.02  0.16  0.37  0.38 -0.04 -0.06 -0.05 -0.06 -0.08 -0.25 -0.55 -0.60 -0.62 -0.62 -0.59 -0.56 -0.52 -0.47 -0.42 -0.37 -0.32 -0.27 -0.20 -0.14 -0.11 -0.08 -0.06 -0.04 -0.02 -0.01  0.00  0.00  0.00
  13 24 2020 -0.15 -0.16 -0.29 -0.48 -0.47  0.02 -0.00 -0.00 -0.00 -0.00 -0.22 -0.52 -0.57 -0.58 -0.58 -0.56 -0.54 -0.50 -0.46 -0.41 -0.37 -0.32 -0.27 -0.20 -0.14 -0.11 -0.08 -0.06 -0.04 -0.02 -0.01 -0.00  0.00  0.00
  14 12 2020 -0.12 -0.09  0.07  0.28  0.36  0.04 -0.03 -0.03 -0.03 -0.03 -0.20 -0.46 -0.52 -0.55 -0.55 -0.54 -0.51 -0.48 -0.44 -0.40 -0.36 -0.31 -0.26 -0.20 -0.14 -0.11 -0.08 -0.06 -0.04 -0.02 -0.01 -0.00  0.00  0.00
  14 24 2020 -0.16 -0.20 -0.30 -0.47 -0.52  0.09  0.01 -0.00 -0.00 -0.00 -0.19 -0.43 -0.48 -0.51 -0.52 -0.51 -0.49 -0.46 -0.43 -0.39 -0.35 -0.30 -0.25 -0.20 -0.14 -0.11 -0.08 -0.06 -0.04 -0.02 -0.01 -0.00  0.00  0.00
  15 12 2020 -0.08 -0.12 -0.07  0.05  0.16 -0.02  0.00 -0.00 -0.01 -0.01 -0.17 -0.39 -0.44 -0.47 -0.49 -0.48 -0.46 -0.44 -0.41 -0.37 -0.33 -0.29 -0.25 -0.19 -0.14 -0.11 -0.08 -0.06 -0.04 -0.03 -0.01 -0.00  0.00  0.00
  15 24 2020 -0.21 -0.20 -0.29 -0.43 -0.57 -0.30  0.04 -0.00 -0.02 -0.02 -0.15 -0.38 -0.42 -0.45 -0.46 -0.45 -0.44 -0.42 -0.39 -0.36 -0.32 -0.28 -0.24 -0.19 -0.13 -0.11 -0.08 -0.06 -0.04 -0.03 -0.01 -0.00  0.00  0.00
  16 12 2020 -0.06 -0.07  0.01  0.14  0.30  0.05 -0.09 -0.04 -0.05 -0.06 -0.15 -0.35 -0.39 -0.42 -0.43 -0.43 -0.42 -0.40 -0.37 -0.34 -0.31 -0.27 -0.23 -0.18 -0.13 -0.11 -0.08 -0.06 -0.04 -0.03 -0.01 -0.00  0.00  0.00
  16 24 2020 -0.08 -0.10 -0.14 -0.26 -0.39 -0.04  0.05 -0.00 -0.01 -0.01 -0.10 -0.22 -0.50 -0.44 -0.42 -0.41 -0.40 -0.38 -0.36 -0.33 -0.30 -0.26 -0.23 -0.18 -0.13 -0.10 -0.08 -0.06 -0.04 -0.03 -0.01 -0.01  0.00  0.00
  17 12 2020 -0.04 -0.10 -0.12 -0.09 -0.02  0.31 -0.02 -0.01 -0.02 -0.03 -0.10 -0.32 -0.36 -0.41 -0.42 -0.41 -0.39 -0.37 -0.34 -0.32 -0.29 -0.25 -0.22 -0.17 -0.13 -0.10 -0.08 -0.06 -0.04 -0.03 -0.01 -0.01  0.00  0.00
  17 24 2020 -0.13 -0.20 -0.32 -0.46 -0.59 -0.97  0.07 -0.00 -0.02 -0.03 -0.12 -0.28 -0.34 -0.37 -0.38 -0.38 -0.37 -0.36 -0.33 -0.31 -0.28 -0.24 -0.21 -0.17 -0.12 -0.10 -0.08 -0.06 -0.04 -0.03 -0.02 -0.01  0.00  0.00
  18 12 2020 -0.09 -0.03  0.08  0.20  0.33  0.45 -0.16 -0.02 -0.04 -0.05 -0.11 -0.24 -0.32 -0.35 -0.36 -0.36 -0.35 -0.34 -0.32 -0.29 -0.27 -0.24 -0.20 -0.16 -0.12 -0.10 -0.08 -0.06 -0.04 -0.03 -0.02 -0.01 -0.00 -0.00
  18 24 2020 -0.22 -0.32 -0.41 -0.46 -0.53 -0.46  0.13 -0.02 -0.03 -0.03 -0.09 -0.21 -0.31 -0.33 -0.34 -0.34 -0.34 -0.32 -0.31 -0.28 -0.26 -0.23 -0.20 -0.16 -0.12 -0.10 -0.08 -0.06 -0.04 -0.03 -0.02 -0.01 -0.00 -0.00
  19 12 2020  0.01  0.05  0.08  0.10  0.15  0.36  0.00 -0.00 -0.02 -0.03 -0.08 -0.18 -0.28 -0.31 -0.32 -0.32 -0.32 -0.31 -0.29 -0.27 -0.25 -0.22 -0.19 -0.15 -0.11 -0.09 -0.07 -0.06 -0.04 -0.03 -0.02 -0.01 -0.00 -0.00
  19 24 2020 -0.18 -0.41 -0.63 -0.84 -1.05 -1.72  0.14 -0.00 -0.04 -0.06 -0.06 -0.15 -0.26 -0.29 -0.30 -0.31 -0.30 -0.29 -0.28 -0.26 -0.24 -0.21 -0.18 -0.15 -0.11 -0.09 -0.07 -0.06 -0.04 -0.03 -0.02 -0.01 -0.00 -0.00
  20 12 2020  0.03  0.17  0.31  0.44  0.58  1.05 -0.03 -0.00 -0.04 -0.06 -0.05 -0.13 -0.23 -0.26 -0.28 -0.29 -0.29 -0.28 -0.26 -0.25 -0.23 -0.20 -0.18 -0.14 -0.11 -0.09 -0.07 -0.06 -0.04 -0.03 -0.02 -0.01 -0.00 -0.00
  20 24 2020 -0.20 -0.32 -0.44 -0.60 -0.79 -1.56  0.10  0.00 -0.03 -0.06 -0.02 -0.09 -0.19 -0.23 -0.26 -0.27 -0.27 -0.26 -0.25 -0.23 -0.22 -0.19 -0.17 -0.14 -0.10 -0.09 -0.07 -0.05 -0.04 -0.03 -0.02 -0.01 -0.00 -0.00
  21 12 2020  0.01  0.08  0.15  0.27  0.43  1.09 -0.19 -0.00 -0.02 -0.04 -0.01 -0.05 -0.14 -0.19 -0.23 -0.24 -0.25 -0.25 -0.24 -0.22 -0.21 -0.18 -0.16 -0.13 -0.10 -0.08 -0.07 -0.05 -0.04 -0.03 -0.02 -0.01 -0.00 -0.00
  21 24 2020 -0.17 -0.27 -0.37 -0.52 -0.70 -1.37  0.24 -0.00 -0.03 -0.04  0.01 -0.02 -0.09 -0.15 -0.19 -0.22 -0.23 -0.23 -0.22 -0.21 -0.19 -0.18 -0.15 -0.13 -0.10 -0.08 -0.07 -0.05 -0.04 -0.03 -0.02 -0.01 -0.00 -0.00
  22 12 2020  0.02  0.09  0.15  0.27  0.42  0.98 -0.18 -0.00 -0.01 -0.03  0.01  0.00 -0.06 -0.12 -0.16 -0.19 -0.20 -0.21 -0.20 -0.19 -0.18 -0.17 -0.15 -0.12 -0.09 -0.08 -0.06 -0.05 -0.04 -0.03 -0.02 -0.01 -0.00 -0.00
  22 24 2020 -0.19 -0.24 -0.34 -0.48 -0.65 -1.27  0.26  0.00 -0.03 -0.04  0.02  0.02 -0.02 -0.08 -0.13 -0.16 -0.18 -0.18 -0.18 -0.18 -0.17 -0.15 -0.14 -0.11 -0.09 -0.07 -0.06 -0.05 -0.04 -0.03 -0.02 -0.01 -0.00 -0.00
  23 12 2020 -0.05 -0.02  0.05  0.16  0.30  0.85 -0.65 -0.00 -0.01 -0.01  0.04  0.04 -0.00 -0.05 -0.10 -0.13 -0.15 -0.16 -0.16 -0.16 -0.15 -0.14 -0.13 -0.11 -0.08 -0.07 -0.06 -0.05 -0.03 -0.02 -0.02 -0.01 -0.00 -0.00
  23 24 2020 -0.18 -0.22 -0.31 -0.43 -0.55 -0.95  0.65 -0.00 -0.01  0.02  0.06  0.07  0.04 -0.02 -0.07 -0.10 -0.13 -0.14 -0.14 -0.14 -0.14 -0.13 -0.12 -0.10 -0.08 -0.07 -0.05 -0.04 -0.03 -0.02 -0.01 -0.01 -0.00 -0.00
  24 12 2020 -0.04 -0.01  0.08  0.19  0.30  0.70 -0.62 -0.00 -0.01  0.04  0.08  0.09  0.07  0.01 -0.04 -0.08 -0.10 -0.12 -0.12 -0.13 -0.12 -0.12 -0.11 -0.09 -0.07 -0.06 -0.05 -0.04 -0.03 -0.02 -0.01 -0.01 -0.00 -0.00
  24 24 2020 -0.11 -0.21 -0.30 -0.40 -0.51 -0.89  0.45  0.01 -0.02  0.04  0.08  0.10  0.09  0.04 -0.01 -0.05 -0.08 -0.09 -0.10 -0.11 -0.11 -0.10 -0.09 -0.08 -0.06 -0.05 -0.05 -0.04 -0.03 -0.02 -0.01 -0.01 -0.00 -0.00
  25 12 2020  0.00  0.05  0.11  0.16  0.20  0.33 -0.18  0.10  0.08  0.12  0.12  0.13  0.11  0.06  0.01 -0.02 -0.05 -0.07 -0.08 -0.09 -0.09 -0.09 -0.08 -0.07 -0.06 -0.05 -0.04 -0.03 -0.03 -0.02 -0.01 -0.01 -0.00 -0.00
  25 24 2020 -0.15 -0.26 -0.36 -0.46 -0.55 -0.82 -0.70  0.32  0.27  0.19  0.19  0.18  0.16  0.09  0.04  0.00 -0.03 -0.05 -0.06 -0.07 -0.08 -0.07 -0.07 -0.06 -0.05 -0.04 -0.04 -0.03 -0.02 -0.02 -0.01 -0.01 -0.00 -0.00
  26 12 2020 -0.09 -0.01  0.07  0.15  0.23  0.50 -0.24  0.19  0.44  0.47  0.39  0.30  0.25  0.15  0.08  0.03 -0.00 -0.03 -0.04 -0.05 -0.06 -0.06 -0.06 -0.05 -0.04 -0.04 -0.03 -0.03 -0.02 -0.01 -0.01 -0.01 -0.00 -0.00
  26 24 2020 -0.32 -0.36 -0.40 -0.44 -0.49 -0.68  0.35  0.70  0.41  0.38  0.41  0.40  0.35  0.23  0.14  0.08  0.03  0.00 -0.02 -0.03 -0.04 -0.05 -0.05 -0.04 -0.04 -0.03 -0.03 -0.02 -0.02 -0.01 -0.01 -0.00 -0.00 -0.00
  27 12 2020 -0.06  0.01  0.08  0.15  0.21  0.43  0.09  0.02  0.41  0.55  0.54  0.50  0.44  0.31  0.21  0.13  0.08  0.04  0.01 -0.01 -0.02 -0.03 -0.03 -0.03 -0.03 -0.02 -0.02 -0.02 -0.01 -0.01 -0.01 -0.00 -0.00 -0.00
  27 24 2020 -0.28 -0.34 -0.40 -0.46 -0.51 -0.66 -0.25  1.10  0.67  0.49  0.51  0.57  0.47  0.36  0.27  0.19  0.13  0.08  0.04  0.02  0.00 -0.01 -0.02 -0.02 -0.02 -0.02 -0.02 -0.01 -0.01 -0.01 -0.01 -0.00 -0.00 -0.00
  28 12 2020 -0.05 -0.01  0.04  0.08  0.12  0.24  0.57 -0.00  0.55  0.77  0.75  0.73  0.55  0.42  0.32  0.24  0.17  0.12  0.08  0.05  0.03  0.01  0.00 -0.01 -0.01 -0.01 -0.01 -0.01 -0.01 -0.00 -0.00 -0.00 -0.00 -0.00
  28 24 2020 -0.37 -0.41 -0.45 -0.49 -0.53 -0.64 -0.96  1.31  1.12  0.86  0.79  0.80  0.65  0.51  0.40  0.30  0.22  0.16  0.12  0.08  0.06  0.04  0.02  0.01  0.00  0.00 -0.00 -0.00 -0.00 -0.00 -0.00 -0.00 -0.00 -0.00
  29 12 2020 -0.03 -0.00  0.02  0.05  0.07  0.15  0.39 -0.31  0.47  0.93  1.04  1.05  0.82  0.63  0.48  0.37  0.28  0.22  0.16  0.12  0.09  0.06  0.05  0.03  0.02  0.01  0.01  0.00  0.00  0.00  0.00  0.00  0.00 -0.00
  29 24 2020 -0.28 -0.30 -0.31 -0.32 -0.34 -0.38 -0.54  0.22  0.99  0.91  0.91  0.99  0.86  0.72  0.58  0.46  0.36  0.28  0.21  0.16  0.12  0.09  0.07  0.05  0.03  0.02  0.02  0.01  0.01  0.01  0.00  0.00  0.00 -0.00
  30 12 2020 -0.04 -0.04 -0.04 -0.03 -0.03 -0.02  0.02  0.03  0.40  0.88  1.08  1.17  0.99  0.81  0.66  0.54  0.43  0.34  0.27  0.21  0.17  0.13  0.10  0.07  0.05  0.04  0.03  0.02  0.02  0.01  0.01  0.00  0.00 -0.00
  30 24 2020 -0.32 -0.31 -0.31 -0.30 -0.30 -0.29 -0.30 -0.24  0.77  0.91  0.96  1.05  0.95  0.84  0.73  0.61  0.51  0.41  0.33  0.27  0.21  0.17  0.13  0.10  0.06  0.05  0.04  0.03  0.02  0.02  0.01  0.01  0.00 -0.00
  31 12 2020 -0.06 -0.01  0.04  0.10  0.17  0.36 -0.51 -0.85 -0.60  0.35  0.87  1.13  1.03  0.91  0.78  0.67  0.56  0.47  0.39  0.32  0.26  0.21  0.17  0.12  0.09  0.07  0.05  0.04  0.03  0.02  0.01  0.01  0.00 -0.00
  31 24 2020 -0.25 -0.23 -0.21 -0.19 -0.23 -0.58  0.61  0.58 -0.31 -0.17  0.30  0.72  0.81  0.82  0.78  0.70  0.61  0.53  0.45  0.37  0.31  0.25  0.21  0.15  0.11  0.09  0.07  0.05  0.04  0.03  0.02  0.01  0.00 -0.00
  32 12 2020 -0.12 -0.10 -0.07 -0.04  0.05  0.54 -0.62 -0.87 -0.51 -0.16  0.20  0.53  0.62  0.67  0.68  0.65  0.61  0.54  0.48  0.41  0.35  0.29  0.24  0.18  0.13  0.11  0.08  0.07  0.05  0.03  0.02  0.01  0.00 -0.00
  32 24 2020 -0.29 -0.33 -0.38 -0.42 -0.47 -0.63  0.68  0.68 -0.16 -0.30 -0.04  0.33  0.46  0.54  0.57  0.58  0.56  0.53  0.48  0.43  0.37  0.32  0.27  0.21  0.15  0.12  0.10  0.08  0.06  0.04  0.03  0.01  0.01 -0.00
  33 12 2020 -0.04  0.02  0.07  0.13  0.17  0.31 -0.17 -0.48 -0.14 -0.03  0.11  0.33  0.38  0.44  0.48  0.50  0.50  0.49  0.46  0.42  0.38  0.33  0.28  0.22  0.17  0.14  0.11  0.09  0.06  0.05  0.03  0.02  0.01 -0.00
  33 24 2020 -0.28 -0.34 -0.40 -0.45 -0.49 -0.70 -0.27  0.95  0.36  0.04  0.13  0.23  0.32  0.38  0.42  0.44  0.45  0.45  0.43  0.40  0.37  0.33  0.29  0.23  0.17  0.14  0.12  0.09  0.07  0.05  0.03  0.02  0.01 -0.00
  34 12 2020 -0.03  0.03  0.09  0.14  0.20  0.50 -0.54 -0.91 -0.16  0.16  0.35  0.34  0.34  0.35  0.38  0.40  0.41  0.41  0.40  0.38  0.35  0.32  0.28  0.23  0.17  0.14  0.12  0.09  0.07  0.05  0.03  0.01  0.00 -0.00
  34 24 2020 -0.13 -0.17 -0.21 -0.25 -0.30 -0.48  0.72  0.36 -0.13 -0.10  0.12  0.22  0.29  0.34  0.36  0.37  0.38  0.38  0.37  0.35  0.33  0.30  0.26  0.22  0.17  0.14  0.11  0.09  0.07  0.04  0.03  0.01  0.00 -0.00
  35 12 2020 -0.03  0.03  0.08  0.13  0.17  0.31 -0.18 -0.51 -0.18  0.02  0.18  0.22  0.25  0.29  0.32  0.34  0.35  0.35  0.34  0.33  0.31  0.28  0.25  0.20  0.16  0.13  0.11  0.08  0.06  0.04  0.02  0.01  0.00 -0.00
  35 24 2020 -0.22 -0.30 -0.37 -0.44 -0.51 -0.69 -0.34  1.02  0.40  0.14  0.15  0.17  0.21  0.26  0.29  0.31  0.32  0.32  0.31  0.30  0.28  0.26  0.23  0.19  0.14  0.12  0.10  0.08  0.05  0.04  0.02  0.01  0.00 -0.00
  36 12 2020 -0.04  0.00  0.03  0.08  0.08  0.17  0.08 -0.60  0.06  0.31  0.42  0.35  0.29  0.27  0.28  0.28  0.29  0.29  0.29  0.28  0.26  0.24  0.21  0.17  0.13  0.11  0.09  0.07  0.05  0.03  0.02  0.01  0.00  0.00
  36 24 2020 -0.18 -0.07  0.01 -0.00 -0.05 -0.40 -0.27  0.31  0.17  0.17  0.27  0.29  0.30  0.30  0.29  0.29  0.28  0.28  0.27  0.26  0.24  0.22  0.20  0.16  0.12  0.10  0.08  0.06  0.04  0.03  0.02  0.01  0.00  0.00
  37 12 2020 -0.16 -0.18 -0.17 -0.07  0.05  0.58 -1.02 -1.29 -0.59 -0.13  0.14  0.24  0.27  0.28  0.29  0.28  0.28  0.27  0.26  0.24  0.23  0.21  0.18  0.15  0.11  0.09  0.07  0.06  0.04  0.03  0.01  0.00  0.00  0.00
  37 24 2020 -0.16 -0.10 -0.03  0.01 -0.01 -0.28  0.99 -0.25 -0.71 -0.53 -0.21  0.00  0.14  0.21  0.24  0.26  0.26  0.26  0.25  0.23  0.21  0.19  0.17  0.14  0.10  0.08  0.07  0.05  0.04  0.02  0.01  0.00  0.00  0.00
  38 12 2020 -0.07 -0.08 -0.11 -0.10 -0.04  0.43 -0.54 -0.59 -0.58 -0.50 -0.32 -0.14 -0.00  0.10  0.16  0.20  0.22  0.23  0.23  0.22  0.20  0.18  0.16  0.13  0.09  0.08  0.06  0.05  0.03  0.02  0.01  0.00  0.00  0.00
  38 24 2020 -0.26 -0.35 -0.45 -0.53 -0.62 -0.85  0.92  0.77 -0.11 -0.43 -0.37 -0.22 -0.10  0.01  0.08  0.13  0.17  0.19  0.19  0.19  0.18  0.16  0.14  0.12  0.09  0.07  0.06  0.04  0.03  0.02  0.01  0.00  0.00  0.00
  39 12 2020 -0.01  0.04  0.08  0.14  0.16  0.26 -0.18 -0.10  0.10 -0.07 -0.18 -0.17 -0.11 -0.04  0.02  0.08  0.11  0.14  0.15  0.16  0.15  0.14  0.13  0.10  0.08  0.06  0.05  0.04  0.03  0.02  0.01  0.00  0.00  0.00
  39 24 2020 -0.16 -0.23 -0.30 -0.36 -0.42 -0.58 -0.31  0.96  0.50  0.12 -0.06 -0.09 -0.07 -0.04  0.00  0.04  0.07  0.10  0.11  0.12  0.12  0.12  0.11  0.09  0.07  0.05  0.04  0.03  0.02  0.01  0.01  0.00  0.00  0.00
  40 12 2020 -0.03  0.03  0.08  0.15  0.18  0.32 -0.07 -0.44  0.14  0.27  0.19  0.08  0.02  0.00  0.01  0.03  0.05  0.07  0.09  0.09  0.09  0.09  0.08  0.07  0.05  0.04  0.04  0.03  0.02  0.01  0.01  0.00  0.00  0.00
  40 24 2020 -0.17 -0.23 -0.28 -0.33 -0.38 -0.51 -0.13  0.61  0.33  0.21  0.14  0.10  0.07  0.05  0.04  0.04  0.05  0.06  0.07  0.07  0.07  0.07  0.07  0.06  0.04  0.04  0.03  0.02  0.01  0.01  0.00  0.00  0.00  0.00
  41 12 2020 -0.02  0.03  0.06  0.11  0.13  0.21 -0.12 -0.63 -0.04  0.20  0.24  0.18  0.12  0.09  0.07  0.06  0.06  0.06  0.06  0.06  0.06  0.06  0.05  0.04  0.03  0.03  0.02  0.02  0.01  0.01  0.00  0.00  0.00  0.00
  41 24 2020 -0.17 -0.22 -0.27 -0.31 -0.35 -0.46 -0.17  0.72  0.31  0.17  0.15  0.13  0.12  0.11  0.09  0.08  0.07  0.07  0.06  0.06  0.05  0.05  0.04  0.04  0.03  0.02  0.02  0.01  0.01  0.01  0.00  0.00  0.00  0.00
  42 12 2020  0.01  0.05  0.09  0.13  0.17  0.28 -0.36 -0.81 -0.13  0.17  0.25  0.20  0.16  0.13  0.10  0.09  0.08  0.07  0.06  0.06  0.05  0.05  0.04  0.03  0.02  0.02  0.01  0.01  0.01  0.00  0.00  0.00  0.00  0.00
  42 24 2020 -0.16 -0.21 -0.26 -0.30 -0.35 -0.47  0.11  0.71  0.22  0.12  0.14  0.14  0.14  0.13  0.12  0.10  0.09  0.08  0.07  0.06  0.05  0.05  0.04  0.03  0.02  0.02  0.01  0.01  0.01  0.00  0.00  0.00  0.00  0.00
  43 12 2020 -0.01  0.02  0.05  0.07  0.09  0.13 -0.11 -0.60 -0.03  0.21  0.30  0.23  0.18  0.14  0.12  0.11  0.10  0.08  0.07  0.07  0.06  0.05  0.04  0.03  0.02  0.02  0.01  0.01  0.01  0.00  0.00  0.00  0.00  0.00
  43 24 2020 -0.15 -0.19 -0.21 -0.24 -0.26 -0.31 -0.06  0.38  0.44  0.26  0.23  0.19  0.18  0.16  0.14  0.12  0.11  0.09  0.08  0.07  0.06  0.05  0.04  0.03  0.02  0.02  0.01  0.01  0.01  0.00  0.00  0.00  0.00  0.00
  44 12 2020  0.00  0.02  0.04  0.06  0.06  0.11  0.09 -0.16  0.09  0.35  0.43  0.33  0.25  0.19  0.16  0.13  0.11  0.10  0.09  0.08  0.06  0.05  0.05  0.03  0.02  0.02  0.01  0.01  0.01  0.00  0.00  0.00  0.00  0.00
  44 24 2020 -0.12 -0.13 -0.14 -0.15 -0.16 -0.18 -0.12  0.25  0.23  0.27  0.32  0.29  0.26  0.22  0.19  0.16  0.13  0.11  0.10  0.08  0.07  0.06  0.05  0.04  0.02  0.02  0.01  0.01  0.01  0.00  0.00  0.00  0.00  0.00
  45 12 2020 -0.02  0.03  0.07  0.11  0.13  0.24 -0.49 -0.85 -0.44 -0.03  0.21  0.27  0.26  0.23  0.20  0.17  0.15  0.13  0.11  0.09  0.08  0.07  0.05  0.04  0.03  0.02  0.02  0.01  0.01  0.00  0.00  0.00  0.00  0.00
  45 24 2020 -0.17 -0.19 -0.20 -0.25 -0.30 -0.48  0.33  0.67  0.07 -0.08  0.01  0.09  0.15  0.18  0.18  0.17  0.16  0.14  0.12  0.10  0.09  0.07  0.06  0.04  0.03  0.02  0.02  0.01  0.01  0.00  0.00  0.00  0.00  0.00
  46 12 2020 -0.00  0.02  0.04  0.10  0.16  0.35 -0.25 -0.70 -0.31 -0.05  0.11  0.13  0.14  0.15  0.15  0.15  0.14  0.13  0.12  0.11  0.09  0.08  0.06  0.05  0.03  0.03  0.02  0.01  0.01  0.00  0.00  0.00  0.00  0.00
  46 24 2020 -0.15 -0.19 -0.24 -0.28 -0.32 -0.43  0.09  0.53  0.36  0.07  0.04  0.06  0.09  0.12  0.13  0.13  0.13  0.13  0.12  0.11  0.09  0.08  0.07  0.05  0.03  0.03  0.02  0.01  0.01  0.01  0.00  0.00  0.00  0.00
  47 12 2020 -0.01  0.01  0.03  0.06  0.07  0.12  0.08 -0.35  0.05  0.30  0.34  0.23  0.16  0.13  0.12  0.12  0.12  0.12  0.11  0.10  0.09  0.08  0.07  0.05  0.03  0.03  0.02  0.01  0.01  0.01  0.00  0.00  0.00  0.00
  47 24 2020 -0.22 -0.29 -0.38 -0.43 -0.45 -0.42 -0.24  0.18  0.41  0.28  0.27  0.23  0.20  0.17  0.15  0.13  0.12  0.11  0.10  0.10  0.09  0.08  0.06  0.05  0.03  0.03  0.02  0.01  0.01  0.01  0.00  0.00  0.00  0.00
  48 12 2020 -0.03  0.07  0.18  0.26  0.31  0.35 -0.92 -0.89 -0.48  0.04  0.29  0.28  0.24  0.20  0.17  0.15  0.13  0.12  0.11  0.10  0.08  0.07  0.06  0.05  0.03  0.03  0.02  0.01  0.01  0.00  0.00  0.00  0.00  0.00
  48 24 2020 -0.07 -0.04 -0.11 -0.19 -0.29 -0.69  0.57  0.20 -0.34 -0.30 -0.09  0.06  0.14  0.17  0.17  0.16  0.14  0.13  0.11  0.10  0.09  0.07  0.06  0.05  0.03  0.03  0.02  0.01  0.01  0.00  0.00  0.00  0.00  0.00
  49 12 2020 -0.10 -0.05  0.07  0.19  0.32  0.24 -1.25 -1.00 -0.70 -0.44 -0.19 -0.05  0.04  0.09  0.12  0.13  0.13  0.12  0.11  0.10  0.09  0.08  0.06  0.05  0.03  0.03  0.02  0.01  0.01  0.00  0.00  0.00  0.00  0.00
  49 24 2020 -0.12 -0.20 -0.27 -0.32 -0.34  0.05  1.63  0.29 -0.51 -0.63 -0.44 -0.24 -0.09 -0.00  0.05  0.09  0.10  0.10  0.10  0.10  0.09  0.08  0.06  0.05  0.03  0.03  0.02  0.01  0.01  0.00  0.00  0.00  0.00  0.00
  50 12 2020 -0.01  0.03  0.05  0.08  0.09  0.22 -0.34 -0.09 -0.16 -0.31 -0.30 -0.25 -0.16 -0.08 -0.02  0.03  0.06  0.07  0.08  0.08  0.08  0.07  0.06  0.05  0.03  0.03  0.02  0.01  0.01  0.00  0.00  0.00  0.00  0.00
  50 24 2020 -0.22 -0.27 -0.33 -0.38 -0.43 -0.56 -0.16  1.18  0.46 -0.03 -0.18 -0.21 -0.16 -0.11 -0.06 -0.02  0.01  0.04  0.05  0.06  0.06  0.05  0.05  0.04  0.03  0.02  0.02  0.01  0.01  0.00  0.00  0.00  0.00  0.00
  51 12 2020 -0.00  0.01  0.02  0.04  0.05  0.08  0.17  0.08  0.37  0.31  0.20  0.04 -0.04 -0.07 -0.06 -0.04 -0.01  0.01  0.02  0.03  0.04  0.04  0.03  0.03  0.02  0.02  0.01  0.01  0.01  0.00  0.00  0.00  0.00  0.00
  51 24 2020 -0.24 -0.25 -0.26 -0.28 -0.29 -0.33 -0.46 -0.68  1.19  0.81  0.42  0.19  0.08  0.02 -0.01 -0.01 -0.01 -0.00  0.01  0.01  0.02  0.02  0.02  0.02  0.01  0.01  0.01  0.01  0.00  0.00  0.00  0.00  0.00  0.00
  52 12 2020 -0.05 -0.04 -0.02 -0.02 -0.01 -0.00 -0.51 -0.48 -0.34  0.51  0.61  0.45  0.27  0.15  0.07  0.03  0.02  0.01  0.01  0.01  0.01  0.01  0.01  0.01  0.01  0.01  0.01  0.00  0.00  0.00  0.00  0.00  0.00  0.00
  52 24 2020 -0.20 -0.22 -0.24 -0.26 -0.27 -0.30  0.20  0.45  0.00  0.16  0.21  0.25  0.25  0.20  0.15  0.10  0.07  0.04  0.03  0.02  0.01  0.01  0.01  0.01  0.01  0.00  0.00  0.00  0.00  0.00  0.00  0.00  0.00  0.00
  53 12 2020 -0.03 -0.01  0.03  0.05  0.06  0.11 -0.10 -0.46 -0.34  0.04  0.18  0.21  0.21  0.18  0.15  0.12  0.09  0.07  0.05  0.04  0.03  0.02  0.02  0.01  0.01  0.01  0.00  0.00  0.00  0.00  0.00  0.00  0.00  0.00
  53 24 2020 -0.14 -0.17 -0.20 -0.22 -0.23 -0.27 -0.04  0.25  0.50  0.15  0.07  0.09  0.13  0.14  0.14  0.12  0.11  0.09  0.07  0.06  0.04  0.03  0.03  0.02  0.01  0.01  0.01  0.00  0.00  0.00  0.00  0.00  0.00  0.00
  54 12 2020  0.04  0.03  0.03  0.02  0.02  0.01  0.00  0.01  0.09  0.43  0.34  0.24  0.17  0.14  0.13  0.11  0.10  0.09  0.08  0.06  0.05  0.04  0.03  0.02  0.02  0.01  0.01  0.01  0.00  0.00  0.00  0.00  0.00  0.00
  54 24 2020 -0.10 -0.11 -0.12 -0.13 -0.14 -0.18 -0.31 -0.57  0.58  0.92  0.51  0.32  0.24  0.19  0.15  0.13  0.11  0.09  0.08  0.07  0.06  0.05  0.04  0.03  0.02  0.01  0.01  0.01  0.00  0.00  0.00  0.00  0.00  0.00
  55 12 2020 -0.01 -0.02 -0.04 -0.05 -0.07 -0.12 -0.21 -0.20  0.00  0.76  0.75  0.59  0.43  0.31  0.22  0.17  0.14  0.11  0.09  0.08  0.07  0.05  0.04  0.03  0.02  0.02  0.01  0.01  0.01  0.00  0.00  0.00  0.00  0.00
  55 24 2020 -0.06 -0.06 -0.06 -0.06 -0.05 -0.05 -0.02  0.06  0.19  0.32  0.41  0.44  0.41  0.36  0.29  0.23  0.18  0.15  0.12  0.10  0.08  0.06  0.05  0.04  0.02  0.02  0.01  0.01  0.01  0.00  0.00  0.00  0.00  0.00
  56 12 2020 -0.01 -0.00  0.00  0.00  0.01  0.01  0.04  0.10  0.17  0.25  0.31  0.34  0.34  0.32  0.29  0.25  0.21  0.18  0.15  0.12  0.10  0.08  0.06  0.05  0.03  0.02  0.02  0.01  0.01  0.00  0.00  0.00  0.00  0.00
  56 24 2020 -0.17 -0.16 -0.15 -0.13 -0.12 -0.08  0.01  0.09  0.16  0.21  0.25  0.28  0.29  0.29  0.27  0.25  0.22  0.19  0.17  0.14  0.12  0.10  0.08  0.06  0.04  0.03  0.02  0.01  0.01  0.00  0.00  0.00  0.00  0.00
  57 12 2020 -0.05 -0.04 -0.04 -0.03 -0.03 -0.02  0.01  0.06  0.12  0.17  0.21  0.24  0.25  0.26  0.25  0.24  0.22  0.20  0.17  0.15  0.13  0.11  0.09  0.06  0.04  0.03  0.02  0.02  0.01  0.00  0.00  0.00  0.00  0.00
  57 24 2020 -0.21 -0.21 -0.20 -0.19 -0.18 -0.14 -0.05  0.04  0.10  0.15  0.18  0.21  0.22  0.23  0.23  0.22  0.21  0.19  0.17  0.15  0.13  0.11  0.09  0.07  0.04  0.03  0.03  0.02  0.01  0.01  0.00  0.00  0.00  0.00
  58 12 2020 -0.08 -0.08 -0.07 -0.07 -0.06 -0.05 -0.03  0.01  0.07  0.12  0.15  0.18  0.20  0.21  0.21  0.21  0.20  0.18  0.17  0.15  0.13  0.11  0.10  0.07  0.05  0.04  0.03  0.02  0.01  0.01  0.00  0.00  0.00  0.00
  58 24 2020 -0.13 -0.13 -0.12 -0.12 -0.11 -0.09 -0.05  0.01  0.05  0.09  0.13  0.16  0.17  0.19  0.19  0.19  0.18  0.17  0.16  0.15  0.13  0.11  0.09  0.07  0.05  0.04  0.03  0.02  0.01  0.01  0.00  0.00  0.00  0.00
  59 12 2020 -0.02 -0.03 -0.03 -0.03 -0.03 -0.04 -0.03  0.00  0.04  0.08  0.11  0.13  0.15  0.17  0.17  0.17  0.17  0.16  0.15  0.14  0.12  0.11  0.09  0.07  0.04  0.03  0.03  0.02  0.01  0.00  0.00  0.00  0.00  0.00
  59 24 2020  0.02  0.02  0.02  0.02  0.02  0.02  0.02  0.02  0.04  0.07  0.09  0.12  0.13  0.15  0.16  0.16  0.16  0.15  0.14  0.13  0.12  0.10  0.09  0.06  0.04  0.03  0.02  0.02  0.01  0.00  0.00  0.00  0.00  0.00
  60 12 2020  0.03  0.02  0.02  0.02  0.02  0.02  0.02  0.03  0.05  0.07  0.09  0.11  0.12  0.13  0.14  0.14  0.14  0.14  0.13  0.12  0.11  0.10  0.08  0.06  0.04  0.03  0.02  0.01  0.01  0.00  0.00  0.00  0.00  0.00
  60 24 2020  0.36  0.35  0.34  0.32  0.31  0.28  0.19  0.12  0.09  0.08  0.09  0.10  0.11  0.12  0.13  0.13  0.13  0.13  0.12  0.11  0.10  0.09  0.07  0.06  0.04  0.03  0.02  0.01  0.01  0.00  0.00  0.00  0.00  0.00
  61 12 2020 -0.01  0.00  0.01  0.02  0.03  0.04  0.08  0.10  0.10  0.10  0.10  0.10  0.11  0.11  0.12  0.12  0.12  0.12  0.11  0.10  0.09  0.08  0.07  0.05  0.03  0.03  0.02  0.01  0.01  0.00  0.00  0.00  0.00  0.00
  61 24 2020 -0.30 -0.28 -0.27 -0.25 -0.23 -0.17 -0.04  0.04  0.08  0.10  0.10  0.11  0.11  0.11  0.11  0.11  0.11  0.11  0.10  0.09  0.09  0.07  0.06  0.05  0.03  0.02  0.02  0.01  0.01  0.00  0.00  0.00  0.00  0.00
  62 12 2020 -0.03 -0.03 -0.03 -0.03 -0.03 -0.03 -0.04 -0.01  0.03  0.07  0.09  0.10  0.10  0.11  0.11  0.11  0.10  0.10  0.09  0.09  0.08  0.07  0.06  0.04  0.03  0.02  0.02  0.01  0.01  0.00  0.00  0.00  0.00  0.00
  62 24 2020 -0.20 -0.19 -0.19 -0.18 -0.17 -0.14 -0.07 -0.01  0.02  0.05  0.07  0.08  0.09  0.10  0.10  0.10  0.10  0.09  0.09  0.08  0.07  0.06  0.05  0.04  0.03  0.02  0.01  0.01  0.01  0.00  0.00  0.00  0.00  0.00
  63 12 2020 -0.03 -0.02 -0.02 -0.02 -0.02 -0.03 -0.04 -0.03  0.00  0.03  0.05  0.07  0.08  0.09  0.09  0.09  0.09  0.09  0.08  0.08  0.07  0.06  0.05  0.04  0.02  0.02  0.01  0.01  0.00  0.00  0.00  0.00  0.00  0.00
  63 24 2020 -0.32 -0.31 -0.30 -0.28 -0.27 -0.22 -0.12 -0.04 -0.00  0.02  0.04  0.06  0.07  0.08  0.08  0.08  0.08  0.08  0.08  0.07  0.06  0.06  0.05  0.03  0.02  0.02  0.01  0.01  0.00  0.00  0.00  0.00  0.00  0.00
  64 12 2020 -0.02 -0.03 -0.03 -0.04 -0.04 -0.06 -0.09 -0.07 -0.03  0.00  0.03  0.04  0.06  0.07  0.07  0.08  0.08  0.07  0.07  0.06  0.06  0.05  0.04  0.03  0.02  0.02  0.01  0.01  0.00  0.00  0.00  0.00  0.00  0.00
  64 24 2020 -0.27 -0.26 -0.25 -0.24 -0.22 -0.19 -0.11 -0.06 -0.03 -0.01  0.01  0.03  0.05  0.06  0.06  0.07  0.07  0.07  0.06  0.06  0.05  0.05  0.04  0.03  0.02  0.01  0.01  0.01  0.00  0.00  0.00  0.00  0.00  0.00
  65 12 2020 -0.01 -0.02 -0.02 -0.03 -0.04 -0.06 -0.09 -0.08 -0.05 -0.02  0.00  0.02  0.04  0.05  0.05  0.06  0.06  0.06  0.06  0.05  0.05  0.04  0.04  0.03  0.02  0.01  0.01  0.01  0.00  0.00  0.00  0.00  0.00  0.00
  65 24 2020 -0.19 -0.18 -0.18 -0.17 -0.16 -0.14 -0.09 -0.06 -0.04 -0.02 -0.01  0.01  0.02  0.04  0.04  0.05  0.05  0.05  0.05  0.05  0.04  0.04  0.03  0.02  0.02  0.01  0.01  0.01  0.00  0.00  0.00 -0.00  0.00  0.00
  66 12 2020 -0.06 -0.06 -0.06 -0.06 -0.07 -0.07 -0.08 -0.07 -0.05 -0.03 -0.01  0.00  0.02  0.03  0.03  0.04  0.04  0.04  0.04  0.04  0.04  0.03  0.03  0.02  0.01  0.01  0.01  0.00  0.00  0.00  0.00  0.00  0.00  0.00
  66 24 2020 -0.19 -0.18 -0.18 -0.17 -0.17 -0.15 -0.11 -0.07 -0.05 -0.03 -0.02 -0.00  0.01  0.02  0.03  0.03  0.04  0.04  0.04  0.03  0.03  0.03  0.02  0.02  0.01  0.01  0.01  0.00  0.00  0.00  0.00  0.00  0.00  0.00
  67 12 2020 -0.04 -0.04 -0.04 -0.04 -0.05 -0.06 -0.08 -0.08 -0.06 -0.04 -0.02 -0.01  0.00  0.01  0.02  0.02  0.03  0.03  0.03  0.03  0.03  0.02  0.02  0.02  0.01  0.01  0.01  0.00  0.00  0.00  0.00  0.00  0.00  0.00
  67 24 2020 -0.11 -0.12 -0.12 -0.11 -0.11 -0.11 -0.08 -0.06 -0.05 -0.04 -0.03 -0.02 -0.00  0.00  0.01  0.02  0.02  0.02  0.02  0.02  0.02  0.02  0.02  0.01  0.01  0.01  0.00  0.00  0.00  0.00  0.00  0.00  0.00  0.00
  68 12 2020  0.04  0.03  0.03  0.02  0.01 -0.01 -0.04 -0.06 -0.05 -0.04 -0.03 -0.02 -0.01 -0.00  0.01  0.01  0.02  0.02  0.02  0.02  0.02  0.02  0.01  0.01  0.01  0.01  0.00  0.00  0.00  0.00  0.00  0.00  0.00  0.00
  68 24 2020 -0.10 -0.10 -0.09 -0.09 -0.08 -0.07 -0.04 -0.04 -0.04 -0.03 -0.03 -0.02 -0.01 -0.00  0.00  0.01  0.01  0.01  0.01  0.01  0.01  0.01  0.01  0.01  0.01  0.00  0.00  0.00  0.00  0.00  0.00  0.00  0.00  0.00
  69 12 2020  0.01  0.01  0.01  0.00 -0.00 -0.02 -0.04 -0.05 -0.04 -0.03 -0.03 -0.02 -0.01 -0.01 -0.00  0.00  0.01  0.01  0.01  0.01  0.01  0.01  0.01  0.01  0.00  0.00  0.00  0.00  0.00  0.00  0.00 -0.00  0.00  0.00
  69 24 2020 -0.10 -0.10 -0.09 -0.09 -0.08 -0.07 -0.04 -0.03 -0.03 -0.03 -0.03 -0.02 -0.01 -0.01 -0.00 -0.00  0.00  0.00  0.01  0.01  0.01  0.01  0.01  0.00  0.00  0.00  0.00  0.00  0.00  0.00  0.00  0.00  0.00  0.00
  70 12 2020  0.02  0.02  0.01  0.01  0.01 -0.00 -0.03 -0.04 -0.04 -0.03 -0.02 -0.02 -0.02 -0.01 -0.01 -0.00 -0.00  0.00  0.00  0.00  0.00  0.00  0.00  0.00  0.00  0.00  0.00  0.00  0.00  0.00  0.00  0.00  0.00  0.00
  70 24 2020 -0.18 -0.17 -0.17 -0.16 -0.15 -0.12 -0.07 -0.04 -0.03 -0.03 -0.02 -0.02 -0.02 -0.01 -0.01 -0.01 -0.00 -0.00  0.00  0.00  0.00  0.00  0.00  0.00  0.00  0.00  0.00  0.00  0.00  0.00  0.00  0.00  0.00  0.00
  71 12 2020  0.00  0.00 -0.00 -0.01 -0.01 -0.03 -0.06 -0.06 -0.04 -0.03 -0.03 -0.02 -0.02 -0.01 -0.01 -0.01 -0.01 -0.00 -0.00 -0.00  0.00  0.00  0.00  0.00  0.00  0.00  0.00  0.00  0.00  0.00  0.00  0.00  0.00  0.00
  71 24 2020 -0.13 -0.13 -0.12 -0.12 -0.11 -0.10 -0.06 -0.05 -0.04 -0.03 -0.03 -0.02 -0.02 -0.02 -0.01 -0.01 -0.01 -0.00 -0.00 -0.00 -0.00 -0.00 -0.00 -0.00 -0.00  0.00  0.00  0.00  0.00  0.00  0.00  0.00  0.00  0.00
  72 12 2020  0.00 -0.00 -0.00 -0.01 -0.01 -0.02 -0.05 -0.05 -0.05 -0.04 -0.03 -0.03 -0.02 -0.02 -0.01 -0.01 -0.01 -0.01 -0.01 -0.00 -0.00 -0.00 -0.00 -0.00 -0.00 -0.00 -0.00 -0.00 -0.00 -0.00  0.00  0.00  0.00  0.00
  72 24 2020 -0.19 -0.18 -0.17 -0.16 -0.15 -0.13 -0.07 -0.05 -0.04 -0.04 -0.03 -0.03 -0.02 -0.02 -0.02 -0.01 -0.01 -0.01 -0.01 -0.01 -0.00 -0.00 -0.00 -0.00 -0.00 -0.00 -0.00 -0.00 -0.00 -0.00  0.00  0.00  0.00  0.00
  73 12 2020 -0.02 -0.03 -0.03 -0.03 -0.04 -0.05 -0.07 -0.07 -0.06 -0.04 -0.04 -0.03 -0.02 -0.02 -0.02 -0.01 -0.01 -0.01 -0.01 -0.01 -0.01 -0.00 -0.00 -0.00 -0.00 -0.00 -0.00 -0.00 -0.00 -0.00  0.00  0.00  0.00  0.00
  73 24 2020 -0.17 -0.16 -0.16 -0.15 -0.15 -0.13 -0.08 -0.06 -0.05 -0.05 -0.04 -0.03 -0.03 -0.02 -0.02 -0.02 -0.01 -0.01 -0.01 -0.01 -0.01 -0.01 -0.00 -0.00 -0.00 -0.00 -0.00 -0.00 -0.00 -0.00  0.00  0.00  0.00  0.00
  74 12 2020  0.02  0.02  0.01  0.00 -0.01 -0.03 -0.06 -0.07 -0.06 -0.05 -0.04 -0.04 -0.03 -0.03 -0.02 -0.02 -0.02 -0.01 -0.01 -0.01 -0.01 -0.01 -0.00 -0.00 -0.00 -0.00 -0.00 -0.00 -0.00 -0.00  0.00  0.00  0.00  0.00
  74 24 2020 -0.23 -0.21 -0.19 -0.18 -0.17 -0.13 -0.08 -0.06 -0.05 -0.05 -0.04 -0.04 -0.03 -0.03 -0.02 -0.02 -0.02 -0.01 -0.01 -0.01 -0.01 -0.01 -0.01 -0.00 -0.00 -0.00 -0.00 -0.00 -0.00 -0.00  0.00  0.00  0.00  0.00
  75 12 2020 -0.19 -0.19 -0.18 -0.18 -0.18 -0.16 -0.13 -0.10 -0.07 -0.06 -0.05 -0.04 -0.03 -0.03 -0.03 -0.02 -0.02 -0.02 -0.01 -0.01 -0.01 -0.01 -0.01 -0.00 -0.00 -0.00 -0.00 -0.00 -0.00 -0.00  0.00  0.00  0.00  0.00
  75 24 2020 -0.26 -0.25 -0.25 -0.24 -0.24 -0.22 -0.16 -0.12 -0.09 -0.07 -0.06 -0.05 -0.04 -0.03 -0.03 -0.02 -0.02 -0.02 -0.01 -0.01 -0.01 -0.01 -0.01 -0.00 -0.00 -0.00 -0.00 -0.00 -0.00 -0.00  0.00  0.00  0.00  0.00
  76 12 2020 -0.07 -0.08 -0.09 -0.09 -0.10 -0.11 -0.13 -0.13 -0.10 -0.08 -0.07 -0.05 -0.04 -0.04 -0.03 -0.03 -0.02 -0.02 -0.02 -0.01 -0.01 -0.01 -0.01 -0.01 -0.00 -0.00 -0.00 -0.00 -0.00 -0.00  0.00  0.00  0.00  0.00
  76 24 2020 -0.16 -0.15 -0.15 -0.15 -0.15 -0.14 -0.12 -0.11 -0.10 -0.09 -0.07 -0.06 -0.05 -0.04 -0.04 -0.03 -0.03 -0.02 -0.02 -0.02 -0.01 -0.01 -0.01 -0.01 -0.00 -0.00 -0.00 -0.00 -0.00 -0.00  0.00  0.00  0.00  0.00
  77 12 2020 -0.11 -0.10 -0.10 -0.10 -0.10 -0.10 -0.11 -0.11 -0.10 -0.09 -0.08 -0.06 -0.05 -0.05 -0.04 -0.03 -0.03 -0.02 -0.02 -0.02 -0.01 -0.01 -0.01 -0.01 -0.00 -0.00 -0.00 -0.00 -0.00 -0.00  0.00  0.00  0.00  0.00
  77 24 2020 -0.11 -0.12 -0.12 -0.12 -0.13 -0.13 -0.12 -0.10 -0.09 -0.09 -0.08 -0.07 -0.06 -0.05 -0.04 -0.04 -0.03 -0.03 -0.02 -0.02 -0.02 -0.01 -0.01 -0.01 -0.00 -0.00 -0.00 -0.00 -0.00 -0.00  0.00  0.00  0.00  0.00
  78 12 2020  0.01 -0.00 -0.01 -0.02 -0.02 -0.04 -0.08 -0.09 -0.09 -0.08 -0.08 -0.07 -0.06 -0.05 -0.05 -0.04 -0.03 -0.03 -0.03 -0.02 -0.02 -0.02 -0.01 -0.01 -0.01 -0.00 -0.00 -0.00 -0.00 -0.00  0.00  0.00  0.00  0.00
  78 24 2020 -0.04 -0.04 -0.04 -0.04 -0.04 -0.05 -0.05 -0.07 -0.08 -0.08 -0.07 -0.07 -0.06 -0.05 -0.05 -0.04 -0.04 -0.03 -0.03 -0.02 -0.02 -0.02 -0.01 -0.01 -0.01 -0.00 -0.00 -0.00 -0.00 -0.00  0.00  0.00  0.00  0.00
  79 12 2020 -0.00 -0.00 -0.01 -0.01 -0.01 -0.02 -0.04 -0.06 -0.07 -0.07 -0.07 -0.07 -0.06 -0.06 -0.05 -0.04 -0.04 -0.03 -0.03 -0.03 -0.02 -0.02 -0.01 -0.01 -0.01 -0.00 -0.00 -0.00 -0.00 -0.00  0.00  0.00  0.00  0.00
  79 24 2020 -0.29 -0.27 -0.25 -0.23 -0.22 -0.17 -0.10 -0.07 -0.06 -0.06 -0.06 -0.06 -0.06 -0.05 -0.05 -0.05 -0.04 -0.04 -0.03 -0.03 -0.02 -0.02 -0.02 -0.01 -0.01 -0.01 -0.00 -0.00 -0.00 -0.00  0.00  0.00  0.00  0.00
  80 12 2020 -0.16 -0.15 -0.15 -0.15 -0.14 -0.14 -0.13 -0.11 -0.08 -0.07 -0.07 -0.06 -0.06 -0.05 -0.05 -0.05 -0.04 -0.04 -0.03 -0.03 -0.02 -0.02 -0.02 -0.01 -0.01 -0.01 -0.00 -0.00 -0.00 -0.00  0.00  0.00  0.00  0.00
  80 24 2020 -0.32 -0.31 -0.31 -0.30 -0.29 -0.27 -0.19 -0.13 -0.10 -0.08 -0.07 -0.06 -0.06 -0.05 -0.05 -0.05 -0.04 -0.04 -0.03 -0.03 -0.02 -0.02 -0.02 -0.01 -0.01 -0.01 -0.00 -0.00 -0.00 -0.00  0.00  0.00  0.00  0.00
  81 12 2020 -0.10 -0.10 -0.10 -0.10 -0.10 -0.11 -0.15 -0.14 -0.12 -0.10 -0.08 -0.07 -0.06 -0.06 -0.05 -0.05 -0.04 -0.04 -0.03 -0.03 -0.03 -0.02 -0.02 -0.01 -0.01 -0.01 -0.00 -0.00 -0.00 -0.00  0.00  0.00  0.00  0.00
  81 24 2020 -0.33 -0.32 -0.31 -0.31 -0.30 -0.26 -0.19 -0.14 -0.12 -0.10 -0.09 -0.08 -0.07 -0.06 -0.05 -0.05 -0.04 -0.04 -0.03 -0.03 -0.03 -0.02 -0.02 -0.01 -0.01 -0.01 -0.00 -0.00 -0.00 -0.00  0.00  0.00  0.00  0.00
  82 12 2020 -0.08 -0.09 -0.09 -0.09 -0.10 -0.12 -0.15 -0.15 -0.13 -0.11 -0.10 -0.08 -0.07 -0.06 -0.06 -0.05 -0.05 -0.04 -0.04 -0.03 -0.03 -0.02 -0.02 -0.01 -0.01 -0.01 -0.00 -0.00 -0.00 -0.00  0.00  0.00  0.00  0.00
  82 24 2020 -0.39 -0.38 -0.37 -0.35 -0.34 -0.30 -0.20 -0.15 -0.13 -0.11 -0.10 -0.09 -0.08 -0.07 -0.06 -0.05 -0.05 -0.04 -0.04 -0.03 -0.03 -0.02 -0.02 -0.01 -0.01 -0.01 -0.00 -0.00 -0.00 -0.00  0.00 -0.00  0.00  0.00
  83 12 2020 -0.06 -0.07 -0.07 -0.08 -0.09 -0.12 -0.17 -0.17 -0.15 -0.12 -0.11 -0.09 -0.08 -0.07 -0.06 -0.06 -0.05 -0.04 -0.04 -0.03 -0.03 -0.02 -0.02 -0.01 -0.01 -0.01 -0.00 -0.00 -0.00 -0.00  0.00 -0.00  0.00  0.00
  83 24 2020 -0.37 -0.36 -0.35 -0.33 -0.32 -0.27 -0.19 -0.15 -0.14 -0.12 -0.11 -0.10 -0.09 -0.08 -0.07 -0.06 -0.05 -0.05 -0.04 -0.04 -0.03 -0.03 -0.02 -0.02 -0.01 -0.01 -0.00 -0.00 -0.00 -0.00  0.00  0.00  0.00  0.00
  84 12 2020 -0.12 -0.12 -0.12 -0.13 -0.13 -0.15 -0.19 -0.18 -0.15 -0.13 -0.11 -0.10 -0.09 -0.08 -0.07 -0.06 -0.06 -0.05 -0.04 -0.04 -0.03 -0.03 -0.02 -0.02 -0.01 -0.01 -0.01 -0.00 -0.00 -0.00  0.00  0.00  0.00  0.00
  84 24 2020 -0.32 -0.32 -0.31 -0.31 -0.30 -0.28 -0.21 -0.17 -0.15 -0.13 -0.12 -0.11 -0.09 -0.08 -0.07 -0.07 -0.06 -0.05 -0.05 -0.04 -0.03 -0.03 -0.02 -0.02 -0.01 -0.01 -0.01 -0.00 -0.00 -0.00  0.00 -0.00  0.00  0.00
  85 12 2020 -0.12 -0.12 -0.12 -0.12 -0.13 -0.14 -0.18 -0.18 -0.16 -0.14 -0.12 -0.11 -0.10 -0.09 -0.08 -0.07 -0.06 -0.05 -0.05 -0.04 -0.04 -0.03 -0.02 -0.02 -0.01 -0.01 -0.01 -0.00 -0.00 -0.00  0.00  0.00  0.00  0.00
  85 24 2020 -0.27 -0.27 -0.27 -0.27 -0.26 -0.25 -0.20 -0.17 -0.15 -0.14 -0.13 -0.11 -0.10 -0.09 -0.08 -0.07 -0.06 -0.06 -0.05 -0.04 -0.04 -0.03 -0.03 -0.02 -0.01 -0.01 -0.01 -0.00 -0.00 -0.00  0.00  0.00  0.00  0.00
  86 12 2020 -0.17 -0.16 -0.15 -0.15 -0.15 -0.15 -0.17 -0.17 -0.16 -0.14 -0.13 -0.12 -0.10 -0.09 -0.08 -0.07 -0.07 -0.06 -0.05 -0.05 -0.04 -0.03 -0.03 -0.02 -0.01 -0.01 -0.01 -0.00 -0.00 -0.00  0.00  0.00 -0.00  0.00
  86 24 2020 -0.51 -0.49 -0.48 -0.46 -0.44 -0.38 -0.26 -0.19 -0.16 -0.14 -0.13 -0.12 -0.11 -0.10 -0.09 -0.08 -0.07 -0.06 -0.05 -0.05 -0.04 -0.03 -0.03 -0.02 -0.01 -0.01 -0.01 -0.00 -0.00 -0.00  0.00  0.00  0.00  0.00
  87 12 2020 -0.16 -0.17 -0.17 -0.18 -0.18 -0.20 -0.24 -0.22 -0.19 -0.16 -0.14 -0.12 -0.11 -0.10 -0.09 -0.08 -0.07 -0.06 -0.06 -0.05 -0.04 -0.04 -0.03 -0.02 -0.01 -0.01 -0.01 -0.00 -0.00 -0.00  0.00  0.00  0.00  0.00
  87 24 2020 -0.59 -0.57 -0.55 -0.52 -0.50 -0.42 -0.29 -0.22 -0.19 -0.17 -0.15 -0.13 -0.12 -0.10 -0.09 -0.08 -0.07 -0.07 -0.06 -0.05 -0.04 -0.04 -0.03 -0.02 -0.01 -0.01 -0.01 -0.00 -0.00 -0.00  0.00  0.00  0.00  0.00
  88 12 2020 -0.18 -0.19 -0.20 -0.21 -0.22 -0.25 -0.29 -0.26 -0.22 -0.18 -0.16 -0.14 -0.12 -0.11 -0.10 -0.09 -0.08 -0.07 -0.06 -0.05 -0.05 -0.04 -0.03 -0.02 -0.01 -0.01 -0.01 -0.00 -0.00 -0.00  0.00  0.00  0.00  0.00
  88 24 2020 -0.32 -0.33 -0.33 -0.33 -0.32 -0.31 -0.27 -0.24 -0.22 -0.19 -0.17 -0.15 -0.13 -0.11 -0.10 -0.09 -0.08 -0.07 -0.06 -0.05 -0.05 -0.04 -0.03 -0.02 -0.01 -0.01 -0.01 -0.01 -0.00 -0.00  0.00  0.00  0.00  0.00
  89 12 2020 -0.08 -0.09 -0.09 -0.10 -0.11 -0.14 -0.21 -0.23 -0.22 -0.19 -0.17 -0.15 -0.14 -0.12 -0.11 -0.09 -0.08 -0.07 -0.07 -0.06 -0.05 -0.04 -0.03 -0.02 -0.02 -0.01 -0.01 -0.01 -0.00 -0.00  0.00  0.00  0.00  0.00
  89 24 2020 -0.33 -0.33 -0.32 -0.32 -0.31 -0.28 -0.23 -0.20 -0.20 -0.19 -0.17 -0.16 -0.14 -0.12 -0.11 -0.10 -0.09 -0.08 -0.07 -0.06 -0.05 -0.04 -0.04 -0.03 -0.02 -0.01 -0.01 -0.01 -0.00 -0.00  0.00  0.00  0.00  0.00
  90 12 2020 -0.10 -0.10 -0.10 -0.11 -0.12 -0.14 -0.20 -0.21 -0.20 -0.19 -0.17 -0.16 -0.14 -0.13 -0.12 -0.10 -0.09 -0.08 -0.07 -0.06 -0.05 -0.04 -0.04 -0.03 -0.02 -0.01 -0.01 -0.01 -0.00 -0.00  0.00  0.00  0.00  0.00
  90 24 2020 -0.32 -0.31 -0.30 -0.29 -0.28 -0.25 -0.20 -0.19 -0.18 -0.18 -0.17 -0.16 -0.14 -0.13 -0.12 -0.11 -0.09 -0.08 -0.07 -0.06 -0.06 -0.05 -0.04 -0.03 -0.02 -0.01 -0.01 -0.01 -0.00 -0.00  0.00  0.00  0.00  0.00
  91 12 2020 -0.15 -0.16 -0.17 -0.18 -0.18 -0.20 -0.21 -0.20 -0.19 -0.18 -0.17 -0.15 -0.14 -0.13 -0.12 -0.11 -0.10 -0.09 -0.08 -0.07 -0.06 -0.05 -0.04 -0.03 -0.02 -0.01 -0.01 -0.01 -0.00 -0.00 -0.00  0.00  0.00  0.00
  91 24 2020  1.54  1.38  1.25  1.12  1.01  0.72  0.24 -0.04 -0.14 -0.16 -0.16 -0.15 -0.14 -0.13 -0.12 -0.11 -0.10 -0.09 -0.08 -0.07 -0.06 -0.05 -0.04 -0.03 -0.02 -0.01 -0.01 -0.01 -0.00 -0.00 -0.00  0.00  0.00  0.00
  92 12 2020  0.05  0.13  0.20  0.25  0.28  0.35  0.31  0.14 -0.00 -0.09 -0.12 -0.14 -0.14 -0.13 -0.12 -0.11 -0.10 -0.09 -0.08 -0.07 -0.06 -0.05 -0.04 -0.03 -0.02 -0.02 -0.01 -0.01 -0.00 -0.00 -0.00  0.00  0.00  0.00
  92 24 2020 -0.34 -0.32 -0.30 -0.27 -0.25 -0.18 -0.01  0.06  0.03 -0.03 -0.08 -0.10 -0.12 -0.12 -0.11 -0.11 -0.10 -0.09 -0.08 -0.07 -0.06 -0.05 -0.04 -0.03 -0.02 -0.02 -0.01 -0.01 -0.00 -0.00 -0.00  0.00  0.00  0.00
  93 12 2020 -0.15 -0.12 -0.11 -0.09 -0.08 -0.06 -0.04 -0.03 -0.02 -0.04 -0.06 -0.08 -0.09 -0.10 -0.10 -0.10 -0.10 -0.09 -0.08 -0.07 -0.06 -0.05 -0.04 -0.03 -0.02 -0.02 -0.01 -0.01 -0.00 -0.00 -0.00  0.00  0.00  0.00
  93 24 2020 -0.45 -0.45 -0.43 -0.42 -0.40 -0.34 -0.19 -0.09 -0.06 -0.05 -0.06 -0.07 -0.08 -0.09 -0.09 -0.09 -0.09 -0.08 -0.08 -0.07 -0.06 -0.05 -0.04 -0.03 -0.02 -0.02 -0.01 -0.01 -0.00 -0.00 -0.00  0.00  0.00  0.00
  94 12 2020 -0.13 -0.13 -0.13 -0.13 -0.13 -0.15 -0.17 -0.14 -0.11 -0.08 -0.07 -0.07 -0.08 -0.08 -0.08 -0.08 -0.08 -0.08 -0.07 -0.07 -0.06 -0.05 -0.04 -0.03 -0.02 -0.02 -0.01 -0.01 -0.00 -0.00 -0.00  0.00  0.00  0.00
  94 24 2020 -0.42 -0.41 -0.40 -0.39 -0.38 -0.34 -0.23 -0.15 -0.12 -0.10 -0.09 -0.08 -0.08 -0.08 -0.08 -0.08 -0.08 -0.07 -0.07 -0.06 -0.06 -0.05 -0.04 -0.03 -0.02 -0.02 -0.01 -0.01 -0.00 -0.00 -0.00  0.00  0.00  0.00
  95 12 2020 -0.10 -0.10 -0.10 -0.10 -0.11 -0.12 -0.17 -0.17 -0.15 -0.12 -0.10 -0.09 -0.09 -0.08 -0.08 -0.08 -0.07 -0.07 -0.06 -0.06 -0.05 -0.05 -0.04 -0.03 -0.02 -0.01 -0.01 -0.01 -0.00 -0.00 -0.00  0.00  0.00  0.00
  95 24 2020 -0.39 -0.39 -0.39 -0.38 -0.37 -0.33 -0.23 -0.17 -0.14 -0.13 -0.11 -0.10 -0.09 -0.09 -0.08 -0.08 -0.07 -0.07 -0.06 -0.06 -0.05 -0.04 -0.04 -0.03 -0.02 -0.01 -0.01 -0.01 -0.00 -0.00 -0.00  0.00  0.00  0.00
  96 12 2020  0.79  0.72  0.66  0.60  0.54  0.37  0.03 -0.12 -0.14 -0.13 -0.12 -0.11 -0.10 -0.09 -0.08 -0.08 -0.07 -0.07 -0.06 -0.05 -0.05 -0.04 -0.04 -0.03 -0.02 -0.01 -0.01 -0.01 -0.00 -0.00 -0.00  0.00  0.00  0.00
  96 24 2020 -0.03 -0.02 -0.01  0.00  0.01  0.05  0.08  0.01 -0.06 -0.10 -0.11 -0.11 -0.10 -0.09 -0.09 -0.08 -0.07 -0.07 -0.06 -0.05 -0.05 -0.04 -0.03 -0.03 -0.02 -0.01 -0.01 -0.01 -0.00 -0.00 -0.00  0.00  0.00  0.00
  97 12 2020 -0.03 -0.02 -0.00  0.00  0.01  0.02  0.02 -0.01 -0.04 -0.07 -0.08 -0.09 -0.09 -0.09 -0.08 -0.08 -0.07 -0.07 -0.06 -0.05 -0.05 -0.04 -0.03 -0.03 -0.02 -0.01 -0.01 -0.01 -0.00 -0.00 -0.00  0.00  0.00  0.00
  97 24 2020 -0.42 -0.41 -0.39 -0.37 -0.35 -0.28 -0.13 -0.05 -0.04 -0.05 -0.07 -0.08 -0.08 -0.08 -0.08 -0.08 -0.07 -0.07 -0.06 -0.05 -0.05 -0.04 -0.03 -0.03 -0.02 -0.01 -0.01 -0.01 -0.00 -0.00 -0.00  0.00  0.00  0.00
  98 12 2020 -0.07 -0.06 -0.06 -0.07 -0.07 -0.09 -0.13 -0.11 -0.09 -0.07 -0.07 -0.07 -0.08 -0.08 -0.08 -0.07 -0.07 -0.06 -0.06 -0.05 -0.05 -0.04 -0.03 -0.02 -0.02 -0.01 -0.01 -0.01 -0.00 -0.00 -0.00  0.00  0.00  0.00
  98 24 2020 -0.56 -0.54 -0.52 -0.49 -0.47 -0.39 -0.22 -0.13 -0.10 -0.08 -0.08 -0.08 -0.07 -0.07 -0.07 -0.07 -0.07 -0.06 -0.06 -0.05 -0.05 -0.04 -0.03 -0.02 -0.02 -0.01 -0.01 -0.01 -0.00 -0.00 -0.00  0.00  0.00  0.00
  99 12 2020 -0.12 -0.12 -0.12 -0.12 -0.13 -0.15 -0.20 -0.18 -0.14 -0.11 -0.09 -0.08 -0.08 -0.07 -0.07 -0.07 -0.06 -0.06 -0.06 -0.05 -0.04 -0.04 -0.03 -0.02 -0.02 -0.01 -0.01 -0.01 -0.00 -0.00 -0.00  0.00  0.00  0.00
  99 24 2020 -0.50 -0.49 -0.48 -0.47 -0.45 -0.40 -0.26 -0.18 -0.14 -0.12 -0.10 -0.09 -0.08 -0.08 -0.07 -0.07 -0.06 -0.06 -0.05 -0.05 -0.04 -0.04 -0.03 -0.02 -0.02 -0.01 -0.01 -0.01 -0.00 -0.00 -0.00  0.00  0.00  0.00
 100 12 2020 -0.07 -0.08 -0.09 -0.10 -0.11 -0.14 -0.21 -0.21 -0.17 -0.14 -0.12 -0.10 -0.09 -0.08 -0.07 -0.07 -0.06 -0.06 -0.05 -0.05 -0.04 -0.04 -0.03 -0.02 -0.02 -0.01 -0.01 -0.01 -0.00 -0.00 -0.00  0.00  0.00  0.00
 100 24 2020 -0.52 -0.50 -0.49 -0.47 -0.45 -0.39 -0.26 -0.19 -0.16 -0.14 -0.13 -0.11 -0.10 -0.09 -0.08 -0.07 -0.06 -0.06 -0.05 -0.05 -0.04 -0.04 -0.03 -0.02 -0.01 -0.01 -0.01 -0.01 -0.00 -0.00 -0.00  0.00  0.00  0.00
 101 12 2020 -0.03 -0.04 -0.05 -0.07 -0.08 -0.13 -0.21 -0.22 -0.19 -0.16 -0.13 -0.12 -0.10 -0.09 -0.08 -0.07 -0.07 -0.06 -0.05 -0.05 -0.04 -0.04 -0.03 -0.02 -0.01 -0.01 -0.01 -0.01 -0.00 -0.00 -0.00  0.00  0.00  0.00
 101 24 2020 -0.15 -0.16 -0.17 -0.18 -0.18 -0.18 -0.17 -0.17 -0.17 -0.16 -0.14 -0.12 -0.11 -0.10 -0.09 -0.08 -0.07 -0.06 -0.06 -0.05 -0.04 -0.04 -0.03 -0.02 -0.01 -0.01 -0.01 -0.01 -0.00 -0.00 -0.00  0.00  0.00  0.00
 102 12 2020 -0.04 -0.03 -0.02 -0.03 -0.03 -0.05 -0.12 -0.15 -0.16 -0.15 -0.14 -0.13 -0.11 -0.10 -0.09 -0.08 -0.07 -0.06 -0.06 -0.05 -0.04 -0.04 -0.03 -0.02 -0.02 -0.01 -0.01 -0.01 -0.00 -0.00 -0.00  0.00  0.00  0.00
 102 24 2020 -0.56 -0.54 -0.52 -0.50 -0.47 -0.39 -0.23 -0.16 -0.14 -0.14 -0.13 -0.12 -0.11 -0.10 -0.09 -0.08 -0.08 -0.07 -0.06 -0.05 -0.05 -0.04 -0.03 -0.02 -0.02 -0.01 -0.01 -0.01 -0.00 -0.00 -0.00  0.00  0.00  0.00
 103 12 2020 -0.17 -0.17 -0.17 -0.17 -0.18 -0.20 -0.24 -0.22 -0.18 -0.15 -0.14 -0.12 -0.11 -0.10 -0.09 -0.09 -0.08 -0.07 -0.06 -0.05 -0.05 -0.04 -0.03 -0.02 -0.02 -0.01 -0.01 -0.01 -0.00 -0.00 -0.00  0.00  0.00  0.00
 103 24 2020 -0.43 -0.43 -0.41 -0.40 -0.39 -0.35 -0.26 -0.21 -0.19 -0.16 -0.15 -0.13 -0.12 -0.11 -0.10 -0.09 -0.08 -0.07 -0.06 -0.06 -0.05 -0.04 -0.03 -0.03 -0.02 -0.01 -0.01 -0.01 -0.00 -0.00 -0.00  0.00  0.00  0.00
 104 12 2020 -0.20 -0.19 -0.19 -0.19 -0.19 -0.20 -0.24 -0.23 -0.20 -0.18 -0.16 -0.14 -0.12 -0.11 -0.10 -0.09 -0.08 -0.07 -0.06 -0.06 -0.05 -0.04 -0.03 -0.03 -0.02 -0.01 -0.01 -0.01 -0.00 -0.00 -0.00  0.00  0.00  0.00
 104 24 2020 -0.51 -0.51 -0.50 -0.48 -0.47 -0.42 -0.30 -0.23 -0.20 -0.18 -0.16 -0.14 -0.13 -0.12 -0.10 -0.09 -0.08 -0.08 -0.07 -0.06 -0.05 -0.04 -0.04 -0.03 -0.02 -0.01 -0.01 -0.01 -0.00 -0.00 -0.00  0.00  0.00  0.00
 105 12 2020 -0.15 -0.15 -0.15 -0.16 -0.16 -0.19 -0.26 -0.25 -0.22 -0.19 -0.17 -0.15 -0.13 -0.12 -0.11 -0.10 -0.09 -0.08 -0.07 -0.06 -0.05 -0.04 -0.04 -0.03 -0.02 -0.01 -0.01 -0.01 -0.00 -0.00 -0.00  0.00  0.00  0.00
 105 24 2020 -0.58 -0.56 -0.55 -0.53 -0.51 -0.45 -0.31 -0.24 -0.21 -0.19 -0.17 -0.16 -0.14 -0.12 -0.11 -0.10 -0.09 -0.08 -0.07 -0.06 -0.05 -0.05 -0.04 -0.03 -0.02 -0.01 -0.01 -0.01 -0.00 -0.00 -0.00  0.00  0.00  0.00
 106 12 2020 -0.15 -0.15 -0.16 -0.17 -0.18 -0.21 -0.28 -0.27 -0.24 -0.20 -0.18 -0.16 -0.14 -0.13 -0.12 -0.10 -0.09 -0.08 -0.07 -0.06 -0.06 -0.05 -0.04 -0.03 -0.02 -0.02 -0.01 -0.01 -0.01 -0.00 -0.00  0.00  0.00  0.00
 106 24 2020 -0.57 -0.56 -0.54 -0.53 -0.51 -0.45 -0.32 -0.26 -0.23 -0.21 -0.19 -0.17 -0.15 -0.13 -0.12 -0.11 -0.10 -0.09 -0.08 -0.07 -0.06 -0.05 -0.04 -0.03 -0.02 -0.02 -0.01 -0.01 -0.01 -0.00 -0.00  0.00  0.00  0.00
 107 12 2020 -0.15 -0.15 -0.16 -0.17 -0.18 -0.22 -0.29 -0.28 -0.25 -0.22 -0.19 -0.17 -0.15 -0.14 -0.12 -0.11 -0.10 -0.09 -0.08 -0.07 -0.06 -0.05 -0.04 -0.03 -0.02 -0.02 -0.01 -0.01 -0.01 -0.00 -0.00  0.00 -0.00  0.00
 107 24 2020 -0.56 -0.55 -0.54 -0.52 -0.50 -0.45 -0.32 -0.26 -0.24 -0.22 -0.20 -0.18 -0.16 -0.14 -0.13 -0.12 -0.10 -0.09 -0.08 -0.07 -0.06 -0.05 -0.04 -0.03 -0.02 -0.02 -0.01 -0.01 -0.01 -0.00 -0.00  0.00  0.00  0.00
 108 12 2020 -0.15 -0.15 -0.16 -0.17 -0.18 -0.22 -0.29 -0.29 -0.26 -0.23 -0.20 -0.18 -0.16 -0.15 -0.13 -0.12 -0.11 -0.10 -0.08 -0.07 -0.06 -0.05 -0.05 -0.03 -0.02 -0.02 -0.01 -0.01 -0.01 -0.00 -0.00  0.00  0.00  0.00
 108 24 2020 -0.55 -0.54 -0.53 -0.52 -0.50 -0.44 -0.32 -0.27 -0.24 -0.23 -0.21 -0.19 -0.17 -0.15 -0.14 -0.12 -0.11 -0.10 -0.09 -0.08 -0.07 -0.06 -0.05 -0.04 -0.02 -0.02 -0.01 -0.01 -0.01 -0.00 -0.00  0.00  0.00  0.00
 109 12 2020 -0.15 -0.15 -0.16 -0.17 -0.18 -0.22 -0.29 -0.29 -0.26 -0.23 -0.21 -0.19 -0.17 -0.15 -0.14 -0.13 -0.11 -0.10 -0.09 -0.08 -0.07 -0.06 -0.05 -0.04 -0.02 -0.02 -0.01 -0.01 -0.01 -0.00 -0.00  0.00  0.00  0.00
 109 24 2020 -0.55 -0.54 -0.53 -0.51 -0.49 -0.44 -0.32 -0.27 -0.25 -0.23 -0.21 -0.19 -0.18 -0.16 -0.14 -0.13 -0.12 -0.10 -0.09 -0.08 -0.07 -0.06 -0.05 -0.04 -0.03 -0.02 -0.01 -0.01 -0.01 -0.00 -0.00  0.00  0.00  0.00
 110 12 2020 -0.14 -0.15 -0.15 -0.16 -0.18 -0.22 -0.29 -0.29 -0.27 -0.24 -0.22 -0.20 -0.18 -0.16 -0.15 -0.13 -0.12 -0.11 -0.10 -0.08 -0.07 -0.06 -0.05 -0.04 -0.03 -0.02 -0.02 -0.01 -0.01 -0.00 -0.00  0.00  0.00  0.00
 110 24 2020 -0.54 -0.53 -0.52 -0.50 -0.49 -0.43 -0.32 -0.27 -0.25 -0.24 -0.22 -0.20 -0.18 -0.17 -0.15 -0.14 -0.12 -0.11 -0.10 -0.09 -0.08 -0.06 -0.05 -0.04 -0.03 -0.02 -0.02 -0.01 -0.01 -0.00 -0.00  0.00  0.00  0.00
 111 12 2020 -0.14 -0.15 -0.15 -0.16 -0.18 -0.22 -0.29 -0.29 -0.27 -0.24 -0.22 -0.20 -0.18 -0.17 -0.15 -0.14 -0.13 -0.11 -0.10 -0.09 -0.08 -0.07 -0.05 -0.04 -0.03 -0.02 -0.02 -0.01 -0.01 -0.00 -0.00  0.00  0.00  0.00
 111 24 2020 -0.52 -0.52 -0.51 -0.50 -0.48 -0.43 -0.32 -0.27 -0.25 -0.24 -0.22 -0.20 -0.19 -0.17 -0.16 -0.14 -0.13 -0.12 -0.10 -0.09 -0.08 -0.07 -0.06 -0.04 -0.03 -0.02 -0.02 -0.01 -0.01 -0.00 -0.00  0.00  0.00  0.00
 112 12 2020 -0.09 -0.10 -0.11 -0.12 -0.14 -0.19 -0.28 -0.29 -0.27 -0.24 -0.22 -0.21 -0.19 -0.17 -0.16 -0.14 -0.13 -0.12 -0.11 -0.09 -0.08 -0.07 -0.06 -0.04 -0.03 -0.02 -0.02 -0.01 -0.01 -0.00 -0.00  0.00  0.00  0.00
 112 24 2020 -0.32 -0.32 -0.32 -0.32 -0.32 -0.30 -0.26 -0.26 -0.25 -0.24 -0.23 -0.21 -0.19 -0.18 -0.16 -0.15 -0.13 -0.12 -0.11 -0.09 -0.08 -0.07 -0.06 -0.04 -0.03 -0.02 -0.02 -0.01 -0.01 -0.00 -0.00  0.00  0.00  0.00
 113 12 2020 -0.12 -0.11 -0.12 -0.12 -0.13 -0.16 -0.23 -0.25 -0.25 -0.24 -0.22 -0.21 -0.19 -0.18 -0.16 -0.15 -0.14 -0.12 -0.11 -0.10 -0.08 -0.07 -0.06 -0.05 -0.03 -0.02 -0.02 -0.01 -0.01 -0.00 -0.00  0.00  0.00  0.00
 113 24 2020 -0.54 -0.53 -0.52 -0.50 -0.48 -0.41 -0.28 -0.24 -0.23 -0.23 -0.22 -0.21 -0.19 -0.18 -0.16 -0.15 -0.14 -0.12 -0.11 -0.10 -0.09 -0.07 -0.06 -0.05 -0.03 -0.03 -0.02 -0.01 -0.01 -0.00 -0.00 -0.00  0.00  0.00
 114 12 2020 -0.25 -0.23 -0.22 -0.22 -0.22 -0.23 -0.28 -0.27 -0.25 -0.23 -0.22 -0.20 -0.19 -0.18 -0.16 -0.15 -0.14 -0.13 -0.11 -0.10 -0.09 -0.08 -0.06 -0.05 -0.03 -0.03 -0.02 -0.01 -0.01 -0.01 -0.00 -0.00  0.00  0.00
 114 24 2020 -0.76 -0.74 -0.72 -0.69 -0.66 -0.57 -0.37 -0.28 -0.25 -0.23 -0.22 -0.20 -0.19 -0.18 -0.16 -0.15 -0.14 -0.13 -0.11 -0.10 -0.09 -0.08 -0.06 -0.05 -0.03 -0.03 -0.02 -0.01 -0.01 -0.01 -0.00 -0.00  0.00  0.00
 115 12 2020 -0.37 -0.36 -0.35 -0.35 -0.35 -0.36 -0.38 -0.34 -0.28 -0.25 -0.22 -0.21 -0.19 -0.18 -0.16 -0.15 -0.14 -0.13 -0.11 -0.10 -0.09 -0.08 -0.06 -0.05 -0.03 -0.03 -0.02 -0.01 -0.01 -0.01 -0.00 -0.00  0.00  0.00
 115 24 2020 -0.59 -0.60 -0.59 -0.59 -0.58 -0.54 -0.42 -0.34 -0.29 -0.26 -0.23 -0.21 -0.20 -0.18 -0.17 -0.15 -0.14 -0.13 -0.12 -0.10 -0.09 -0.08 -0.07 -0.05 -0.03 -0.03 -0.02 -0.02 -0.01 -0.01 -0.00 -0.00  0.00  0.00
 116 12 2020 -0.23 -0.22 -0.23 -0.23 -0.25 -0.28 -0.36 -0.36 -0.31 -0.27 -0.24 -0.22 -0.20 -0.18 -0.17 -0.15 -0.14 -0.13 -0.12 -0.10 -0.09 -0.08 -0.07 -0.05 -0.04 -0.03 -0.02 -0.02 -0.01 -0.01 -0.00 -0.00  0.00  0.00
 116 24 2020 -0.61 -0.61 -0.60 -0.58 -0.56 -0.51 -0.38 -0.33 -0.30 -0.28 -0.25 -0.23 -0.21 -0.19 -0.17 -0.16 -0.14 -0.13 -0.12 -0.10 -0.09 -0.08 -0.07 -0.05 -0.04 -0.03 -0.02 -0.02 -0.01 -0.01 -0.00 -0.00  0.00  0.00
 117 12 2020 -0.21 -0.21 -0.21 -0.22 -0.23 -0.27 -0.36 -0.35 -0.32 -0.28 -0.26 -0.23 -0.21 -0.19 -0.18 -0.16 -0.15 -0.13 -0.12 -0.11 -0.09 -0.08 -0.07 -0.05 -0.04 -0.03 -0.02 -0.02 -0.01 -0.01 -0.00 -0.00  0.00  0.00
 117 24 2020 -0.74 -0.72 -0.70 -0.67 -0.65 -0.56 -0.39 -0.32 -0.30 -0.28 -0.26 -0.24 -0.22 -0.20 -0.18 -0.16 -0.15 -0.13 -0.12 -0.11 -0.09 -0.08 -0.07 -0.05 -0.04 -0.03 -0.02 -0.02 -0.01 -0.01 -0.00 -0.00  0.00  0.00
 118 12 2020 -0.24 -0.24 -0.25 -0.26 -0.27 -0.31 -0.39 -0.37 -0.32 -0.29 -0.26 -0.24 -0.22 -0.20 -0.18 -0.17 -0.15 -0.14 -0.12 -0.11 -0.10 -0.08 -0.07 -0.05 -0.04 -0.03 -0.02 -0.02 -0.01 -0.01 -0.00 -0.00  0.00  0.00
 118 24 2020 -0.75 -0.74 -0.72 -0.69 -0.67 -0.58 -0.41 -0.34 -0.31 -0.29 -0.27 -0.24 -0.22 -0.20 -0.19 -0.17 -0.15 -0.14 -0.13 -0.11 -0.10 -0.08 -0.07 -0.05 -0.04 -0.03 -0.02 -0.02 -0.01 -0.01 -0.00 -0.00  0.00  0.00
 119 12 2020 -0.33 -0.30 -0.29 -0.29 -0.30 -0.33 -0.40 -0.38 -0.34 -0.30 -0.27 -0.25 -0.22 -0.21 -0.19 -0.17 -0.16 -0.14 -0.13 -0.11 -0.10 -0.09 -0.07 -0.06 -0.04 -0.03 -0.02 -0.02 -0.01 -0.01 -0.00 -0.00  0.00  0.00
 119 24 2020 -0.83 -0.83 -0.81 -0.78 -0.76 -0.66 -0.45 -0.36 -0.33 -0.30 -0.27 -0.25 -0.23 -0.21 -0.19 -0.17 -0.16 -0.14 -0.13 -0.12 -0.10 -0.09 -0.07 -0.06 -0.04 -0.03 -0.02 -0.02 -0.01 -0.01 -0.00 -0.00  0.00  0.00
 120 12 2020 -0.28 -0.28 -0.29 -0.30 -0.32 -0.37 -0.45 -0.41 -0.36 -0.31 -0.28 -0.25 -0.23 -0.21 -0.19 -0.18 -0.16 -0.15 -0.13 -0.12 -0.10 -0.09 -0.07 -0.06 -0.04 -0.03 -0.03 -0.02 -0.01 -0.01 -0.00 -0.00  0.00  0.00
 120 24 2020 -0.65 -0.66 -0.66 -0.65 -0.63 -0.58 -0.45 -0.39 -0.35 -0.32 -0.29 -0.26 -0.24 -0.22 -0.20 -0.18 -0.16 -0.15 -0.13 -0.12 -0.10 -0.09 -0.08 -0.06 -0.04 -0.03 -0.03 -0.02 -0.01 -0.01 -0.00 -0.00  0.00  0.00
